2023-12-06 13:55:11,121 - Namespace(addition={'embed_dim': 10, 'run_unit': 64, 'num_layers': 2, 'cheb_k': 2, 'lrate': 0.001, 'wdecay': 0.0005, 'clip_grad_value': 5}, batch_size=128, cheb_k=2, clip_grad_value=5, dataset='METRLA', device='cuda:0', embed_dim=10, epochs=10, frozen=False, hidden_dim=8, horizon=12, input_dim=2, lrate=0.001, mode='train', model='agcrn', num_layers=2, output_dim=1, patience=10, pre_train='', run_unit=64, save='agcrn_metrla', seed=998244353, seq_length=12, wdecay=0.0005, years='2012')
2023-12-06 13:55:11,122 - Adj path: /home/yuxuan/rwl/GWN-LoRA/data/metrla/metrla_rn_adj.npy
2023-12-06 13:55:12,109 - Data shape: (34272, 207, 3)
2023-12-06 13:55:12,586 - Sample num: 23974, Batch num: 187
2023-12-06 13:55:13,061 - Sample num: 3425, Batch num: 26
2023-12-06 13:55:13,530 - Sample num: 6850, Batch num: 53
2023-12-06 13:57:02,265 - Namespace(addition={'embed_dim': 10, 'rnn_unit': 64, 'num_layers': 2, 'cheb_k': 2, 'lrate': 0.001, 'wdecay': 0.0005, 'clip_grad_value': 5}, batch_size=128, cheb_k=2, clip_grad_value=5, dataset='METRLA', device='cuda:0', embed_dim=10, epochs=10, frozen=False, hidden_dim=8, horizon=12, input_dim=2, lrate=0.001, mode='train', model='agcrn', num_layers=2, output_dim=1, patience=10, pre_train='', rnn_unit=64, save='agcrn_metrla', seed=998244353, seq_length=12, wdecay=0.0005, years='2012')
2023-12-06 13:57:02,266 - Adj path: /home/yuxuan/rwl/GWN-LoRA/data/metrla/metrla_rn_adj.npy
2023-12-06 13:57:03,150 - Data shape: (34272, 207, 3)
2023-12-06 13:57:03,620 - Sample num: 23974, Batch num: 187
2023-12-06 13:57:04,130 - Sample num: 3425, Batch num: 26
2023-12-06 13:57:04,622 - Sample num: 6850, Batch num: 53
2023-12-06 13:58:15,160 - Namespace(addition={'embed_dim': 10, 'rnn_unit': 64, 'num_layer': 2, 'cheb_k': 2, 'lrate': 0.001, 'wdecay': 0.0005, 'clip_grad_value': 5}, batch_size=128, cheb_k=2, clip_grad_value=5, dataset='METRLA', device='cuda:0', embed_dim=10, epochs=10, frozen=False, hidden_dim=8, horizon=12, input_dim=2, lrate=0.001, mode='train', model='agcrn', num_layer=2, output_dim=1, patience=10, pre_train='', rnn_unit=64, save='agcrn_metrla', seed=998244353, seq_length=12, wdecay=0.0005, years='2012')
2023-12-06 13:58:15,161 - Adj path: /home/yuxuan/rwl/GWN-LoRA/data/metrla/metrla_rn_adj.npy
2023-12-06 13:58:16,115 - Data shape: (34272, 207, 3)
2023-12-06 13:58:16,626 - Sample num: 23974, Batch num: 187
2023-12-06 13:58:17,152 - Sample num: 3425, Batch num: 26
2023-12-06 13:58:17,655 - Sample num: 6850, Batch num: 53
2023-12-06 14:04:11,718 - Namespace(addition={'embed_dim': 10, 'rnn_unit': 64, 'num_layer': 2, 'cheb_k': 2}, batch_size=128, cheb_k=2, clip_grad_value=5, dataset='METRLA', device='cuda:0', dropout=0.3, embed_dim=10, epochs=10, frozen=False, hidden_dim=8, horizon=12, input_dim=2, lrate=0.001, mode='train', model='agcrn', num_layer=2, output_dim=1, patience=10, pre_train='', rnn_unit=64, save='agcrn_metrla', seed=998244353, seq_length=12, wdecay=0.0005, years='2012')
2023-12-06 14:04:11,719 - Adj path: /home/yuxuan/rwl/GWN-LoRA/data/metrla/metrla_rn_adj.npy
2023-12-06 14:04:12,728 - Data shape: (34272, 207, 3)
2023-12-06 14:04:13,205 - Sample num: 23974, Batch num: 187
2023-12-06 14:04:13,693 - Sample num: 3425, Batch num: 26
2023-12-06 14:04:14,200 - Sample num: 6850, Batch num: 53
2023-12-06 14:04:14,511 - The number of parameters: 751650
2023-12-06 14:04:14,515 - Start training!
2023-12-06 14:05:21,190 - Namespace(addition={'embed_dim': 10, 'rnn_unit': 64, 'num_layer': 2, 'cheb_k': 2}, batch_size=128, cheb_k=2, clip_grad_value=5, dataset='METRLA', device='cuda:0', dropout=0.3, embed_dim=10, epochs=10, frozen=False, hidden_dim=8, horizon=12, input_dim=2, lrate=0.001, mode='train', model='agcrn', num_layer=2, output_dim=1, patience=10, pre_train='', rnn_unit=64, save='agcrn_metrla', seed=998244353, seq_length=12, wdecay=0.0005, years='2012')
2023-12-06 14:05:21,191 - Adj path: /home/yuxuan/rwl/GWN-LoRA/data/metrla/metrla_rn_adj.npy
2023-12-06 14:05:22,160 - Data shape: (34272, 207, 3)
2023-12-06 14:05:22,654 - Sample num: 23974, Batch num: 187
2023-12-06 14:05:23,143 - Sample num: 3425, Batch num: 26
2023-12-06 14:05:23,649 - Sample num: 6850, Batch num: 53
2023-12-06 14:05:23,987 - The number of parameters: 751650
2023-12-06 14:05:23,990 - Start training!
2023-12-06 14:05:59,683 - Epoch: 001, Train Loss: 5.8319, Train RMSE: 10.6932, Train MAPE: 0.1930, Valid Loss: 3.9703, Valid RMSE: 8.0997, Valid MAPE: 0.1169, Train Time: 33.7820s/epoch, Valid Time: 1.9108s, LR: 1.0000e-03
2023-12-06 14:05:59,692 - Val loss decrease from inf to 3.9703
2023-12-06 14:06:33,530 - Epoch: 002, Train Loss: 3.9730, Train RMSE: 7.8945, Train MAPE: 0.1107, Valid Loss: 3.8466, Valid RMSE: 7.8761, Valid MAPE: 0.1124, Train Time: 31.8436s/epoch, Valid Time: 1.9935s, LR: 1.0000e-03
2023-12-06 14:06:33,538 - Val loss decrease from 3.9703 to 3.8466
2023-12-06 14:07:07,252 - Epoch: 003, Train Loss: 3.8055, Train RMSE: 7.5625, Train MAPE: 0.1059, Valid Loss: 3.6143, Valid RMSE: 7.4282, Valid MAPE: 0.1061, Train Time: 31.8339s/epoch, Valid Time: 1.8797s, LR: 1.0000e-03
2023-12-06 14:07:07,260 - Val loss decrease from 3.8466 to 3.6143
2023-12-06 14:07:40,873 - Epoch: 004, Train Loss: 3.6733, Train RMSE: 7.3677, Train MAPE: 0.1024, Valid Loss: 3.5403, Valid RMSE: 7.3330, Valid MAPE: 0.1025, Train Time: 31.6379s/epoch, Valid Time: 1.9755s, LR: 1.0000e-03
2023-12-06 14:07:40,882 - Val loss decrease from 3.6143 to 3.5403
2023-12-06 14:08:14,789 - Epoch: 005, Train Loss: 3.6273, Train RMSE: 7.2928, Train MAPE: 0.1014, Valid Loss: 3.4932, Valid RMSE: 7.2830, Valid MAPE: 0.1025, Train Time: 31.9674s/epoch, Valid Time: 1.9392s, LR: 1.0000e-03
2023-12-06 14:08:14,798 - Val loss decrease from 3.5403 to 3.4932
2023-12-06 14:08:48,871 - Epoch: 006, Train Loss: 3.5777, Train RMSE: 7.2007, Train MAPE: 0.1005, Valid Loss: 3.4579, Valid RMSE: 7.1797, Valid MAPE: 0.1009, Train Time: 32.1625s/epoch, Valid Time: 1.9105s, LR: 1.0000e-03
2023-12-06 14:08:48,880 - Val loss decrease from 3.4932 to 3.4579
2023-12-06 14:09:23,206 - Epoch: 007, Train Loss: 3.5245, Train RMSE: 7.0938, Train MAPE: 0.0995, Valid Loss: 3.3811, Valid RMSE: 6.9849, Valid MAPE: 0.1002, Train Time: 32.3064s/epoch, Valid Time: 2.0193s, LR: 1.0000e-03
2023-12-06 14:09:23,214 - Val loss decrease from 3.4579 to 3.3811
2023-12-06 14:09:57,678 - Epoch: 008, Train Loss: 3.4903, Train RMSE: 7.0300, Train MAPE: 0.0989, Valid Loss: 3.3433, Valid RMSE: 6.9751, Valid MAPE: 0.0979, Train Time: 32.4821s/epoch, Valid Time: 1.9815s, LR: 1.0000e-03
2023-12-06 14:09:57,689 - Val loss decrease from 3.3811 to 3.3433
2023-12-06 14:10:31,975 - Epoch: 009, Train Loss: 3.4374, Train RMSE: 6.9394, Train MAPE: 0.0976, Valid Loss: 3.2956, Valid RMSE: 6.8686, Valid MAPE: 0.0991, Train Time: 32.3251s/epoch, Valid Time: 1.9606s, LR: 1.0000e-03
2023-12-06 14:10:31,984 - Val loss decrease from 3.3433 to 3.2956
2023-12-06 14:11:06,406 - Epoch: 010, Train Loss: 3.3984, Train RMSE: 6.8782, Train MAPE: 0.0967, Valid Loss: 3.2735, Valid RMSE: 6.7981, Valid MAPE: 0.0975, Train Time: 32.3987s/epoch, Valid Time: 2.0229s, LR: 1.0000e-03
2023-12-06 14:11:06,415 - Val loss decrease from 3.2956 to 3.2735
2023-12-06 14:11:10,382 - Horizon 1, Test MAE: 2.5128, Test RMSE: 4.4461, Test MAPE: 0.0637
2023-12-06 14:11:10,390 - Horizon 2, Test MAE: 2.8252, Test RMSE: 5.3419, Test MAPE: 0.0744
2023-12-06 14:11:10,397 - Horizon 3, Test MAE: 3.0523, Test RMSE: 5.9334, Test MAPE: 0.0827
2023-12-06 14:11:10,404 - Horizon 4, Test MAE: 3.2503, Test RMSE: 6.3920, Test MAPE: 0.0900
2023-12-06 14:11:10,411 - Horizon 5, Test MAE: 3.4188, Test RMSE: 6.7732, Test MAPE: 0.0966
2023-12-06 14:11:10,418 - Horizon 6, Test MAE: 3.5656, Test RMSE: 7.1083, Test MAPE: 0.1024
2023-12-06 14:11:10,426 - Horizon 7, Test MAE: 3.7026, Test RMSE: 7.3976, Test MAPE: 0.1079
2023-12-06 14:11:10,433 - Horizon 8, Test MAE: 3.8357, Test RMSE: 7.6654, Test MAPE: 0.1128
2023-12-06 14:11:10,441 - Horizon 9, Test MAE: 3.9636, Test RMSE: 7.9101, Test MAPE: 0.1175
2023-12-06 14:11:10,448 - Horizon 10, Test MAE: 4.0900, Test RMSE: 8.1460, Test MAPE: 0.1223
2023-12-06 14:11:10,457 - Horizon 11, Test MAE: 4.2043, Test RMSE: 8.3769, Test MAPE: 0.1267
2023-12-06 14:11:10,464 - Horizon 12, Test MAE: 4.3236, Test RMSE: 8.6162, Test MAPE: 0.1315
2023-12-06 14:11:10,465 - Average Test MAE: 3.5621, Test RMSE: 7.0089, Test MAPE: 0.1024
2023-12-13 10:37:17,170 - Namespace(addition={'embed_dim': 10, 'rnn_unit': 64, 'num_layer': 2, 'cheb_k': 2}, batch_size=128, cheb_k=2, clip_grad_value=5, dataset='METRLA', device='cuda:0', dropout=0.3, embed_dim=10, epochs=10, frozen=True, horizon=12, input_dim=2, lrate=0.001, mode='train', model='agcrn', num_layer=2, output_dim=1, patience=10, pre_train='', rnn_unit=64, save='agcrn_metrla_frozen', seed=998244353, seq_length=12, wdecay=0.0005, years='2012')
2023-12-13 10:37:17,171 - Adj path: /home/yuxuan/rwl/GWN-LoRA/data/metrla/metrla_rn_adj.npy
2023-12-13 10:37:18,019 - Data shape: (34272, 207, 3)
2023-12-13 10:37:18,440 - Sample num: 23974, Batch num: 187
2023-12-13 10:37:18,872 - Sample num: 3425, Batch num: 26
2023-12-13 10:37:19,312 - Sample num: 6850, Batch num: 53
2023-12-13 10:37:19,596 - The number of parameters: 751650
2023-12-13 10:37:19,601 - Start training!
2023-12-13 10:37:37,078 - Epoch: 001, Train Loss: 8.0622, Train RMSE: 13.4934, Train MAPE: 0.2700, Valid Loss: 8.2184, Valid RMSE: 13.8590, Valid MAPE: 0.2891, Train Time: 15.5376s/epoch, Valid Time: 1.9393s, LR: 1.0000e-03
2023-12-13 10:37:37,093 - Val loss decrease from inf to 8.2184
2023-12-13 10:37:52,919 - Epoch: 002, Train Loss: 8.0587, Train RMSE: 13.4877, Train MAPE: 0.2698, Valid Loss: 8.2184, Valid RMSE: 13.8590, Valid MAPE: 0.2891, Train Time: 13.9150s/epoch, Valid Time: 1.9098s, LR: 1.0000e-03
2023-12-13 10:38:08,794 - Epoch: 003, Train Loss: 8.0616, Train RMSE: 13.4936, Train MAPE: 0.2700, Valid Loss: 8.2184, Valid RMSE: 13.8590, Valid MAPE: 0.2891, Train Time: 13.9888s/epoch, Valid Time: 1.8864s, LR: 1.0000e-03
2023-12-13 10:38:24,832 - Epoch: 004, Train Loss: 8.0598, Train RMSE: 13.4878, Train MAPE: 0.2699, Valid Loss: 8.2184, Valid RMSE: 13.8590, Valid MAPE: 0.2891, Train Time: 14.1456s/epoch, Valid Time: 1.8913s, LR: 1.0000e-03
2023-12-13 10:38:40,899 - Epoch: 005, Train Loss: 8.0618, Train RMSE: 13.4924, Train MAPE: 0.2700, Valid Loss: 8.2184, Valid RMSE: 13.8590, Valid MAPE: 0.2891, Train Time: 14.1642s/epoch, Valid Time: 1.9026s, LR: 1.0000e-03
2023-12-13 10:38:56,939 - Epoch: 006, Train Loss: 8.0605, Train RMSE: 13.4894, Train MAPE: 0.2699, Valid Loss: 8.2184, Valid RMSE: 13.8590, Valid MAPE: 0.2891, Train Time: 14.1505s/epoch, Valid Time: 1.8891s, LR: 1.0000e-03
2023-12-13 10:39:12,849 - Epoch: 007, Train Loss: 8.0624, Train RMSE: 13.4901, Train MAPE: 0.2700, Valid Loss: 8.2184, Valid RMSE: 13.8590, Valid MAPE: 0.2891, Train Time: 13.9801s/epoch, Valid Time: 1.9292s, LR: 1.0000e-03
2023-12-13 10:39:28,727 - Epoch: 008, Train Loss: 8.0618, Train RMSE: 13.4913, Train MAPE: 0.2700, Valid Loss: 8.2184, Valid RMSE: 13.8590, Valid MAPE: 0.2891, Train Time: 13.9814s/epoch, Valid Time: 1.8959s, LR: 1.0000e-03
2023-12-13 10:39:44,752 - Epoch: 009, Train Loss: 8.0626, Train RMSE: 13.4943, Train MAPE: 0.2700, Valid Loss: 8.2184, Valid RMSE: 13.8590, Valid MAPE: 0.2891, Train Time: 14.1154s/epoch, Valid Time: 1.9096s, LR: 1.0000e-03
2023-12-13 10:40:00,819 - Epoch: 010, Train Loss: 8.0603, Train RMSE: 13.4928, Train MAPE: 0.2699, Valid Loss: 8.2184, Valid RMSE: 13.8590, Valid MAPE: 0.2891, Train Time: 14.1713s/epoch, Valid Time: 1.8953s, LR: 1.0000e-03
2023-12-13 10:40:00,820 - best valid_loss:8.218375
2023-12-13 10:40:04,564 - Horizon 1, Test MAE: 8.5511, Test RMSE: 14.4559, Test MAPE: 0.3046
2023-12-13 10:40:04,572 - Horizon 2, Test MAE: 8.8189, Test RMSE: 13.9611, Test MAPE: 0.3001
2023-12-13 10:40:04,580 - Horizon 3, Test MAE: 8.6780, Test RMSE: 15.1532, Test MAPE: 0.3156
2023-12-13 10:40:04,588 - Horizon 4, Test MAE: 8.6351, Test RMSE: 14.9612, Test MAPE: 0.3125
2023-12-13 10:40:04,595 - Horizon 5, Test MAE: 8.7748, Test RMSE: 14.0343, Test MAPE: 0.3010
2023-12-13 10:40:04,603 - Horizon 6, Test MAE: 8.7118, Test RMSE: 15.2000, Test MAPE: 0.3168
2023-12-13 10:40:04,611 - Horizon 7, Test MAE: 8.6918, Test RMSE: 14.1158, Test MAPE: 0.3015
2023-12-13 10:40:04,618 - Horizon 8, Test MAE: 8.6397, Test RMSE: 14.8694, Test MAPE: 0.3116
2023-12-13 10:40:04,626 - Horizon 9, Test MAE: 9.0447, Test RMSE: 13.8814, Test MAPE: 0.3010
2023-12-13 10:40:04,633 - Horizon 10, Test MAE: 8.7077, Test RMSE: 15.2128, Test MAPE: 0.3171
2023-12-13 10:40:04,641 - Horizon 11, Test MAE: 8.5911, Test RMSE: 14.4435, Test MAPE: 0.3053
2023-12-13 10:40:04,648 - Horizon 12, Test MAE: 8.5960, Test RMSE: 14.2554, Test MAPE: 0.3027
2023-12-13 10:40:04,649 - Average Test MAE: 8.7034, Test RMSE: 14.5453, Test MAPE: 0.3075
2023-12-18 21:29:58,327 - Namespace(adapter=False, addition={'embed_dim': 10, 'rnn_unit': 64, 'num_layer': 2, 'cheb_k': 2}, batch_size=128, cheb_k=2, clip_grad_value=5, dataset='METRLA', device='cuda:0', dropout=0.3, embed_dim=10, frozen=False, horizon=12, input_dim=2, lrate=0.001, max_epochs=100, mode='train', model='agcrn', num_layer=2, output_dim=1, patience=10, pre_train='', rnn_unit=64, save='agcrn_metrla', seed=998244353, seq_length=12, wdecay=0.0005, years='2012')
2023-12-18 21:29:58,329 - Adj path: /home/yuxuan/rwl/GWN-LoRA/data/metrla/metrla_rn_adj.npy
2023-12-18 21:29:59,219 - Data shape: (34272, 207, 3)
2023-12-18 21:29:59,662 - Sample num: 23974, Batch num: 187
2023-12-18 21:30:00,104 - Sample num: 3425, Batch num: 26
2023-12-18 21:30:00,550 - Sample num: 6850, Batch num: 53
2023-12-18 21:30:00,875 - The number of parameters: 751650
2023-12-18 21:30:00,878 - Start training!
2023-12-18 21:30:35,954 - Epoch: 001, Train Loss: 5.8319, Train RMSE: 10.6932, Train MAPE: 0.1930, Valid Loss: 3.9703, Valid RMSE: 8.0997, Valid MAPE: 0.1169, Train Time: 33.1478s/epoch, Valid Time: 1.9285s, LR: 1.0000e-03
2023-12-18 21:30:35,967 - Val loss decrease from inf to 3.9703
2023-12-18 21:31:08,594 - Epoch: 002, Train Loss: 3.9730, Train RMSE: 7.8945, Train MAPE: 0.1107, Valid Loss: 3.8466, Valid RMSE: 7.8761, Valid MAPE: 0.1124, Train Time: 30.7971s/epoch, Valid Time: 1.8291s, LR: 1.0000e-03
2023-12-18 21:31:08,616 - Val loss decrease from 3.9703 to 3.8466
2023-12-18 21:31:41,680 - Epoch: 003, Train Loss: 3.8055, Train RMSE: 7.5625, Train MAPE: 0.1059, Valid Loss: 3.6143, Valid RMSE: 7.4282, Valid MAPE: 0.1061, Train Time: 31.1894s/epoch, Valid Time: 1.8741s, LR: 1.0000e-03
2023-12-18 21:31:41,689 - Val loss decrease from 3.8466 to 3.6143
2023-12-18 21:32:15,482 - Epoch: 004, Train Loss: 3.6733, Train RMSE: 7.3677, Train MAPE: 0.1024, Valid Loss: 3.5403, Valid RMSE: 7.3330, Valid MAPE: 0.1025, Train Time: 31.8172s/epoch, Valid Time: 1.9755s, LR: 1.0000e-03
2023-12-18 21:32:15,490 - Val loss decrease from 3.6143 to 3.5403
2023-12-18 21:32:48,868 - Epoch: 005, Train Loss: 3.6273, Train RMSE: 7.2928, Train MAPE: 0.1014, Valid Loss: 3.4932, Valid RMSE: 7.2830, Valid MAPE: 0.1025, Train Time: 31.4745s/epoch, Valid Time: 1.9032s, LR: 1.0000e-03
2023-12-18 21:32:48,879 - Val loss decrease from 3.5403 to 3.4932
2023-12-18 21:33:22,227 - Epoch: 006, Train Loss: 3.5777, Train RMSE: 7.2007, Train MAPE: 0.1005, Valid Loss: 3.4579, Valid RMSE: 7.1797, Valid MAPE: 0.1009, Train Time: 31.5059s/epoch, Valid Time: 1.8423s, LR: 1.0000e-03
2023-12-18 21:33:22,235 - Val loss decrease from 3.4932 to 3.4579
2023-12-18 21:33:55,975 - Epoch: 007, Train Loss: 3.5245, Train RMSE: 7.0938, Train MAPE: 0.0995, Valid Loss: 3.3811, Valid RMSE: 6.9849, Valid MAPE: 0.1002, Train Time: 31.8192s/epoch, Valid Time: 1.9209s, LR: 1.0000e-03
2023-12-18 21:33:55,986 - Val loss decrease from 3.4579 to 3.3811
2023-12-18 21:34:29,320 - Epoch: 008, Train Loss: 3.4903, Train RMSE: 7.0300, Train MAPE: 0.0989, Valid Loss: 3.3433, Valid RMSE: 6.9751, Valid MAPE: 0.0979, Train Time: 31.4243s/epoch, Valid Time: 1.9094s, LR: 1.0000e-03
2023-12-18 21:34:29,330 - Val loss decrease from 3.3811 to 3.3433
2023-12-18 21:35:02,992 - Epoch: 009, Train Loss: 3.4374, Train RMSE: 6.9394, Train MAPE: 0.0976, Valid Loss: 3.2956, Valid RMSE: 6.8686, Valid MAPE: 0.0991, Train Time: 31.7207s/epoch, Valid Time: 1.9412s, LR: 1.0000e-03
2023-12-18 21:35:03,000 - Val loss decrease from 3.3433 to 3.2956
2023-12-18 21:35:37,620 - Epoch: 010, Train Loss: 3.3984, Train RMSE: 6.8782, Train MAPE: 0.0967, Valid Loss: 3.2735, Valid RMSE: 6.7981, Valid MAPE: 0.0975, Train Time: 32.6290s/epoch, Valid Time: 1.9914s, LR: 1.0000e-03
2023-12-18 21:35:37,628 - Val loss decrease from 3.2956 to 3.2735
2023-12-18 21:36:13,128 - Epoch: 011, Train Loss: 3.3624, Train RMSE: 6.7955, Train MAPE: 0.0955, Valid Loss: 3.2664, Valid RMSE: 6.8322, Valid MAPE: 0.1010, Train Time: 33.4427s/epoch, Valid Time: 2.0568s, LR: 1.0000e-03
2023-12-18 21:36:13,139 - Val loss decrease from 3.2735 to 3.2664
2023-12-18 21:36:48,335 - Epoch: 012, Train Loss: 3.3164, Train RMSE: 6.7099, Train MAPE: 0.0941, Valid Loss: 3.1869, Valid RMSE: 6.6553, Valid MAPE: 0.0958, Train Time: 33.1355s/epoch, Valid Time: 2.0605s, LR: 1.0000e-03
2023-12-18 21:36:48,347 - Val loss decrease from 3.2664 to 3.1869
2023-12-18 21:37:23,449 - Epoch: 013, Train Loss: 3.2771, Train RMSE: 6.6308, Train MAPE: 0.0927, Valid Loss: 3.1729, Valid RMSE: 6.6292, Valid MAPE: 0.0964, Train Time: 33.0115s/epoch, Valid Time: 2.0893s, LR: 1.0000e-03
2023-12-18 21:37:23,455 - Val loss decrease from 3.1869 to 3.1729
2023-12-18 21:37:58,266 - Epoch: 014, Train Loss: 3.2493, Train RMSE: 6.5673, Train MAPE: 0.0916, Valid Loss: 3.1488, Valid RMSE: 6.5978, Valid MAPE: 0.0949, Train Time: 32.7431s/epoch, Valid Time: 2.0673s, LR: 1.0000e-03
2023-12-18 21:37:58,277 - Val loss decrease from 3.1729 to 3.1488
2023-12-18 21:38:33,120 - Epoch: 015, Train Loss: 3.2160, Train RMSE: 6.5058, Train MAPE: 0.0905, Valid Loss: 3.1186, Valid RMSE: 6.5046, Valid MAPE: 0.0941, Train Time: 32.8087s/epoch, Valid Time: 2.0347s, LR: 1.0000e-03
2023-12-18 21:38:33,129 - Val loss decrease from 3.1488 to 3.1186
2023-12-18 21:39:08,018 - Epoch: 016, Train Loss: 3.1950, Train RMSE: 6.4557, Train MAPE: 0.0896, Valid Loss: 3.0967, Valid RMSE: 6.4438, Valid MAPE: 0.0916, Train Time: 32.9470s/epoch, Valid Time: 1.9412s, LR: 1.0000e-03
2023-12-18 21:39:08,026 - Val loss decrease from 3.1186 to 3.0967
2023-12-18 21:39:42,759 - Epoch: 017, Train Loss: 3.1733, Train RMSE: 6.4094, Train MAPE: 0.0887, Valid Loss: 3.0713, Valid RMSE: 6.4304, Valid MAPE: 0.0899, Train Time: 32.7166s/epoch, Valid Time: 2.0169s, LR: 1.0000e-03
2023-12-18 21:39:42,771 - Val loss decrease from 3.0967 to 3.0713
2023-12-18 21:40:17,530 - Epoch: 018, Train Loss: 3.1543, Train RMSE: 6.3703, Train MAPE: 0.0880, Valid Loss: 3.0688, Valid RMSE: 6.4224, Valid MAPE: 0.0924, Train Time: 32.7778s/epoch, Valid Time: 1.9806s, LR: 1.0000e-03
2023-12-18 21:40:17,537 - Val loss decrease from 3.0713 to 3.0688
2023-12-18 21:40:51,968 - Epoch: 019, Train Loss: 3.1445, Train RMSE: 6.3571, Train MAPE: 0.0877, Valid Loss: 3.0556, Valid RMSE: 6.3861, Valid MAPE: 0.0904, Train Time: 32.4915s/epoch, Valid Time: 1.9390s, LR: 1.0000e-03
2023-12-18 21:40:51,987 - Val loss decrease from 3.0688 to 3.0556
2023-12-18 21:41:27,185 - Epoch: 020, Train Loss: 3.1256, Train RMSE: 6.3196, Train MAPE: 0.0870, Valid Loss: 3.0421, Valid RMSE: 6.3798, Valid MAPE: 0.0904, Train Time: 33.1033s/epoch, Valid Time: 2.0936s, LR: 1.0000e-03
2023-12-18 21:41:27,192 - Val loss decrease from 3.0556 to 3.0421
2023-12-18 21:42:01,773 - Epoch: 021, Train Loss: 3.1089, Train RMSE: 6.2882, Train MAPE: 0.0864, Valid Loss: 3.0438, Valid RMSE: 6.4288, Valid MAPE: 0.0915, Train Time: 32.6195s/epoch, Valid Time: 1.9613s, LR: 1.0000e-03
2023-12-18 21:42:36,208 - Epoch: 022, Train Loss: 3.0960, Train RMSE: 6.2683, Train MAPE: 0.0861, Valid Loss: 3.0246, Valid RMSE: 6.3228, Valid MAPE: 0.0895, Train Time: 32.4942s/epoch, Valid Time: 1.9397s, LR: 1.0000e-03
2023-12-18 21:42:36,216 - Val loss decrease from 3.0421 to 3.0246
2023-12-18 21:43:11,316 - Epoch: 023, Train Loss: 3.0888, Train RMSE: 6.2524, Train MAPE: 0.0858, Valid Loss: 3.0133, Valid RMSE: 6.3096, Valid MAPE: 0.0893, Train Time: 32.9193s/epoch, Valid Time: 2.1798s, LR: 1.0000e-03
2023-12-18 21:43:11,324 - Val loss decrease from 3.0246 to 3.0133
2023-12-18 21:43:45,979 - Epoch: 024, Train Loss: 3.0733, Train RMSE: 6.2216, Train MAPE: 0.0853, Valid Loss: 3.0065, Valid RMSE: 6.2761, Valid MAPE: 0.0893, Train Time: 32.6960s/epoch, Valid Time: 1.9581s, LR: 1.0000e-03
2023-12-18 21:43:45,987 - Val loss decrease from 3.0133 to 3.0065
2023-12-18 21:44:20,770 - Epoch: 025, Train Loss: 3.0666, Train RMSE: 6.2055, Train MAPE: 0.0850, Valid Loss: 3.0020, Valid RMSE: 6.2695, Valid MAPE: 0.0888, Train Time: 32.7895s/epoch, Valid Time: 1.9930s, LR: 1.0000e-03
2023-12-18 21:44:20,778 - Val loss decrease from 3.0065 to 3.0020
2023-12-18 21:44:55,554 - Epoch: 026, Train Loss: 3.0580, Train RMSE: 6.1944, Train MAPE: 0.0847, Valid Loss: 2.9922, Valid RMSE: 6.2950, Valid MAPE: 0.0883, Train Time: 32.8586s/epoch, Valid Time: 1.9172s, LR: 1.0000e-03
2023-12-18 21:44:55,562 - Val loss decrease from 3.0020 to 2.9922
2023-12-18 21:45:30,419 - Epoch: 027, Train Loss: 3.0496, Train RMSE: 6.1766, Train MAPE: 0.0844, Valid Loss: 2.9886, Valid RMSE: 6.2630, Valid MAPE: 0.0880, Train Time: 32.7894s/epoch, Valid Time: 2.0674s, LR: 1.0000e-03
2023-12-18 21:45:30,427 - Val loss decrease from 2.9922 to 2.9886
2023-12-18 21:46:05,329 - Epoch: 028, Train Loss: 3.0415, Train RMSE: 6.1565, Train MAPE: 0.0841, Valid Loss: 2.9774, Valid RMSE: 6.2459, Valid MAPE: 0.0859, Train Time: 32.8764s/epoch, Valid Time: 2.0252s, LR: 1.0000e-03
2023-12-18 21:46:05,337 - Val loss decrease from 2.9886 to 2.9774
2023-12-18 21:46:39,706 - Epoch: 029, Train Loss: 3.0331, Train RMSE: 6.1430, Train MAPE: 0.0838, Valid Loss: 2.9927, Valid RMSE: 6.2882, Valid MAPE: 0.0883, Train Time: 32.3989s/epoch, Valid Time: 1.9700s, LR: 1.0000e-03
2023-12-18 21:47:14,081 - Epoch: 030, Train Loss: 3.0223, Train RMSE: 6.1247, Train MAPE: 0.0835, Valid Loss: 3.0153, Valid RMSE: 6.3429, Valid MAPE: 0.0916, Train Time: 32.3889s/epoch, Valid Time: 1.9855s, LR: 1.0000e-03
2023-12-18 21:47:48,179 - Epoch: 031, Train Loss: 3.0202, Train RMSE: 6.1165, Train MAPE: 0.0834, Valid Loss: 2.9730, Valid RMSE: 6.2739, Valid MAPE: 0.0870, Train Time: 32.1662s/epoch, Valid Time: 1.9317s, LR: 1.0000e-03
2023-12-18 21:47:48,189 - Val loss decrease from 2.9774 to 2.9730
2023-12-18 21:48:22,276 - Epoch: 032, Train Loss: 3.0115, Train RMSE: 6.1044, Train MAPE: 0.0831, Valid Loss: 2.9651, Valid RMSE: 6.2061, Valid MAPE: 0.0852, Train Time: 32.1406s/epoch, Valid Time: 1.9466s, LR: 1.0000e-03
2023-12-18 21:48:22,283 - Val loss decrease from 2.9730 to 2.9651
2023-12-18 21:48:56,401 - Epoch: 033, Train Loss: 3.0062, Train RMSE: 6.0922, Train MAPE: 0.0829, Valid Loss: 2.9621, Valid RMSE: 6.1763, Valid MAPE: 0.0860, Train Time: 32.1300s/epoch, Valid Time: 1.9875s, LR: 1.0000e-03
2023-12-18 21:48:56,409 - Val loss decrease from 2.9651 to 2.9621
2023-12-18 21:49:30,639 - Epoch: 034, Train Loss: 3.0006, Train RMSE: 6.0842, Train MAPE: 0.0828, Valid Loss: 2.9495, Valid RMSE: 6.1539, Valid MAPE: 0.0861, Train Time: 32.2323s/epoch, Valid Time: 1.9971s, LR: 1.0000e-03
2023-12-18 21:49:30,646 - Val loss decrease from 2.9621 to 2.9495
2023-12-18 21:50:04,942 - Epoch: 035, Train Loss: 2.9952, Train RMSE: 6.0718, Train MAPE: 0.0826, Valid Loss: 2.9734, Valid RMSE: 6.1660, Valid MAPE: 0.0827, Train Time: 32.3269s/epoch, Valid Time: 1.9689s, LR: 1.0000e-03
2023-12-18 21:50:39,309 - Epoch: 036, Train Loss: 2.9906, Train RMSE: 6.0617, Train MAPE: 0.0823, Valid Loss: 2.9728, Valid RMSE: 6.2763, Valid MAPE: 0.0895, Train Time: 32.4143s/epoch, Valid Time: 1.9529s, LR: 1.0000e-03
2023-12-18 21:51:13,430 - Epoch: 037, Train Loss: 2.9800, Train RMSE: 6.0423, Train MAPE: 0.0821, Valid Loss: 2.9426, Valid RMSE: 6.1974, Valid MAPE: 0.0857, Train Time: 32.1268s/epoch, Valid Time: 1.9936s, LR: 1.0000e-03
2023-12-18 21:51:13,453 - Val loss decrease from 2.9495 to 2.9426
2023-12-18 21:51:47,810 - Epoch: 038, Train Loss: 2.9795, Train RMSE: 6.0383, Train MAPE: 0.0820, Valid Loss: 2.9302, Valid RMSE: 6.1333, Valid MAPE: 0.0855, Train Time: 32.3856s/epoch, Valid Time: 1.9714s, LR: 1.0000e-03
2023-12-18 21:51:47,818 - Val loss decrease from 2.9426 to 2.9302
2023-12-18 21:52:22,104 - Epoch: 039, Train Loss: 2.9751, Train RMSE: 6.0273, Train MAPE: 0.0819, Valid Loss: 2.9307, Valid RMSE: 6.1633, Valid MAPE: 0.0856, Train Time: 32.1153s/epoch, Valid Time: 2.1702s, LR: 1.0000e-03
2023-12-18 21:52:55,507 - Epoch: 040, Train Loss: 2.9699, Train RMSE: 6.0181, Train MAPE: 0.0817, Valid Loss: 2.9299, Valid RMSE: 6.1265, Valid MAPE: 0.0845, Train Time: 31.5359s/epoch, Valid Time: 1.8671s, LR: 1.0000e-03
2023-12-18 21:52:55,516 - Val loss decrease from 2.9302 to 2.9299
2023-12-18 21:53:28,890 - Epoch: 041, Train Loss: 2.9652, Train RMSE: 6.0102, Train MAPE: 0.0815, Valid Loss: 2.9403, Valid RMSE: 6.1821, Valid MAPE: 0.0871, Train Time: 31.5267s/epoch, Valid Time: 1.8477s, LR: 1.0000e-03
2023-12-18 21:54:02,060 - Epoch: 042, Train Loss: 2.9584, Train RMSE: 6.0017, Train MAPE: 0.0814, Valid Loss: 2.9417, Valid RMSE: 6.1365, Valid MAPE: 0.0848, Train Time: 31.1832s/epoch, Valid Time: 1.9864s, LR: 1.0000e-03
2023-12-18 21:54:35,212 - Epoch: 043, Train Loss: 2.9559, Train RMSE: 5.9896, Train MAPE: 0.0813, Valid Loss: 2.9361, Valid RMSE: 6.1498, Valid MAPE: 0.0853, Train Time: 31.2387s/epoch, Valid Time: 1.9127s, LR: 1.0000e-03
2023-12-18 21:55:08,520 - Epoch: 044, Train Loss: 2.9495, Train RMSE: 5.9759, Train MAPE: 0.0810, Valid Loss: 2.9394, Valid RMSE: 6.1773, Valid MAPE: 0.0867, Train Time: 31.4066s/epoch, Valid Time: 1.9010s, LR: 1.0000e-03
2023-12-18 21:55:41,746 - Epoch: 045, Train Loss: 2.9479, Train RMSE: 5.9748, Train MAPE: 0.0810, Valid Loss: 2.9380, Valid RMSE: 6.1361, Valid MAPE: 0.0849, Train Time: 31.3113s/epoch, Valid Time: 1.9134s, LR: 1.0000e-03
2023-12-18 21:56:14,932 - Epoch: 046, Train Loss: 2.9413, Train RMSE: 5.9606, Train MAPE: 0.0808, Valid Loss: 2.9365, Valid RMSE: 6.1374, Valid MAPE: 0.0839, Train Time: 31.2838s/epoch, Valid Time: 1.9020s, LR: 1.0000e-03
2023-12-18 21:56:48,129 - Epoch: 047, Train Loss: 2.9481, Train RMSE: 5.9721, Train MAPE: 0.0810, Valid Loss: 2.9495, Valid RMSE: 6.1806, Valid MAPE: 0.0856, Train Time: 31.2873s/epoch, Valid Time: 1.9093s, LR: 1.0000e-03
2023-12-18 21:57:21,263 - Epoch: 048, Train Loss: 2.9349, Train RMSE: 5.9474, Train MAPE: 0.0806, Valid Loss: 2.9230, Valid RMSE: 6.1271, Valid MAPE: 0.0851, Train Time: 31.2465s/epoch, Valid Time: 1.8869s, LR: 1.0000e-03
2023-12-18 21:57:21,272 - Val loss decrease from 2.9299 to 2.9230
2023-12-18 21:57:54,445 - Epoch: 049, Train Loss: 2.9314, Train RMSE: 5.9393, Train MAPE: 0.0805, Valid Loss: 2.9459, Valid RMSE: 6.1690, Valid MAPE: 0.0841, Train Time: 31.2787s/epoch, Valid Time: 1.8943s, LR: 1.0000e-03
2023-12-18 21:58:27,793 - Epoch: 050, Train Loss: 2.9327, Train RMSE: 5.9394, Train MAPE: 0.0804, Valid Loss: 2.9202, Valid RMSE: 6.1097, Valid MAPE: 0.0858, Train Time: 31.4280s/epoch, Valid Time: 1.9195s, LR: 1.0000e-03
2023-12-18 21:58:27,800 - Val loss decrease from 2.9230 to 2.9202
2023-12-18 21:59:01,077 - Epoch: 051, Train Loss: 2.9268, Train RMSE: 5.9292, Train MAPE: 0.0803, Valid Loss: 2.9266, Valid RMSE: 6.1630, Valid MAPE: 0.0857, Train Time: 31.3466s/epoch, Valid Time: 1.9300s, LR: 1.0000e-03
2023-12-18 21:59:34,304 - Epoch: 052, Train Loss: 2.9194, Train RMSE: 5.9154, Train MAPE: 0.0801, Valid Loss: 2.9174, Valid RMSE: 6.1278, Valid MAPE: 0.0849, Train Time: 31.3345s/epoch, Valid Time: 1.8924s, LR: 1.0000e-03
2023-12-18 21:59:34,313 - Val loss decrease from 2.9202 to 2.9174
2023-12-18 22:00:07,516 - Epoch: 053, Train Loss: 2.9217, Train RMSE: 5.9157, Train MAPE: 0.0801, Valid Loss: 2.9364, Valid RMSE: 6.1297, Valid MAPE: 0.0845, Train Time: 31.3110s/epoch, Valid Time: 1.8919s, LR: 1.0000e-03
2023-12-18 22:00:40,783 - Epoch: 054, Train Loss: 2.9149, Train RMSE: 5.9019, Train MAPE: 0.0798, Valid Loss: 2.9140, Valid RMSE: 6.1090, Valid MAPE: 0.0845, Train Time: 31.4232s/epoch, Valid Time: 1.8432s, LR: 1.0000e-03
2023-12-18 22:00:40,791 - Val loss decrease from 2.9174 to 2.9140
2023-12-18 22:01:14,323 - Epoch: 055, Train Loss: 2.9128, Train RMSE: 5.8992, Train MAPE: 0.0798, Valid Loss: 2.9347, Valid RMSE: 6.1352, Valid MAPE: 0.0854, Train Time: 31.5737s/epoch, Valid Time: 1.9580s, LR: 1.0000e-03
2023-12-18 22:01:47,593 - Epoch: 056, Train Loss: 2.9127, Train RMSE: 5.8901, Train MAPE: 0.0797, Valid Loss: 2.9386, Valid RMSE: 6.1601, Valid MAPE: 0.0865, Train Time: 31.3508s/epoch, Valid Time: 1.9187s, LR: 1.0000e-03
2023-12-18 22:02:21,517 - Epoch: 057, Train Loss: 2.9087, Train RMSE: 5.8887, Train MAPE: 0.0796, Valid Loss: 2.9132, Valid RMSE: 6.1524, Valid MAPE: 0.0854, Train Time: 31.9768s/epoch, Valid Time: 1.9463s, LR: 1.0000e-03
2023-12-18 22:02:21,523 - Val loss decrease from 2.9140 to 2.9132
2023-12-18 22:02:55,221 - Epoch: 058, Train Loss: 2.9047, Train RMSE: 5.8818, Train MAPE: 0.0795, Valid Loss: 2.9204, Valid RMSE: 6.1341, Valid MAPE: 0.0837, Train Time: 31.7247s/epoch, Valid Time: 1.9725s, LR: 1.0000e-03
2023-12-18 22:03:29,336 - Epoch: 059, Train Loss: 2.8996, Train RMSE: 5.8740, Train MAPE: 0.0793, Valid Loss: 2.9215, Valid RMSE: 6.1312, Valid MAPE: 0.0854, Train Time: 31.9956s/epoch, Valid Time: 2.1194s, LR: 1.0000e-03
2023-12-18 22:04:03,402 - Epoch: 060, Train Loss: 2.8943, Train RMSE: 5.8583, Train MAPE: 0.0792, Valid Loss: 2.9218, Valid RMSE: 6.1165, Valid MAPE: 0.0848, Train Time: 32.0595s/epoch, Valid Time: 2.0056s, LR: 1.0000e-03
2023-12-18 22:04:37,322 - Epoch: 061, Train Loss: 2.8894, Train RMSE: 5.8518, Train MAPE: 0.0790, Valid Loss: 2.9242, Valid RMSE: 6.1449, Valid MAPE: 0.0858, Train Time: 31.8684s/epoch, Valid Time: 2.0520s, LR: 1.0000e-03
2023-12-18 22:05:11,457 - Epoch: 062, Train Loss: 2.8911, Train RMSE: 5.8477, Train MAPE: 0.0790, Valid Loss: 2.9307, Valid RMSE: 6.1439, Valid MAPE: 0.0837, Train Time: 32.1556s/epoch, Valid Time: 1.9788s, LR: 1.0000e-03
2023-12-18 22:05:45,415 - Epoch: 063, Train Loss: 2.8881, Train RMSE: 5.8455, Train MAPE: 0.0789, Valid Loss: 2.9359, Valid RMSE: 6.1712, Valid MAPE: 0.0863, Train Time: 31.9160s/epoch, Valid Time: 2.0413s, LR: 1.0000e-03
2023-12-18 22:06:19,299 - Epoch: 064, Train Loss: 2.8871, Train RMSE: 5.8429, Train MAPE: 0.0789, Valid Loss: 2.9123, Valid RMSE: 6.1000, Valid MAPE: 0.0852, Train Time: 31.8758s/epoch, Valid Time: 2.0078s, LR: 1.0000e-03
2023-12-18 22:06:19,309 - Val loss decrease from 2.9132 to 2.9123
2023-12-18 22:06:53,331 - Epoch: 065, Train Loss: 2.8823, Train RMSE: 5.8308, Train MAPE: 0.0787, Valid Loss: 2.9180, Valid RMSE: 6.1129, Valid MAPE: 0.0830, Train Time: 32.0700s/epoch, Valid Time: 1.9517s, LR: 1.0000e-03
2023-12-18 22:07:27,133 - Epoch: 066, Train Loss: 2.8794, Train RMSE: 5.8249, Train MAPE: 0.0786, Valid Loss: 2.9126, Valid RMSE: 6.1526, Valid MAPE: 0.0852, Train Time: 31.8864s/epoch, Valid Time: 1.9153s, LR: 1.0000e-03
2023-12-18 22:08:01,139 - Epoch: 067, Train Loss: 2.8757, Train RMSE: 5.8170, Train MAPE: 0.0785, Valid Loss: 2.9209, Valid RMSE: 6.1500, Valid MAPE: 0.0841, Train Time: 32.0779s/epoch, Valid Time: 1.9271s, LR: 1.0000e-03
2023-12-18 22:08:35,201 - Epoch: 068, Train Loss: 2.8717, Train RMSE: 5.8070, Train MAPE: 0.0783, Valid Loss: 2.9206, Valid RMSE: 6.1646, Valid MAPE: 0.0860, Train Time: 32.1556s/epoch, Valid Time: 1.9062s, LR: 1.0000e-03
2023-12-18 22:09:09,226 - Epoch: 069, Train Loss: 2.8699, Train RMSE: 5.8017, Train MAPE: 0.0783, Valid Loss: 2.9068, Valid RMSE: 6.1176, Valid MAPE: 0.0831, Train Time: 32.0871s/epoch, Valid Time: 1.9368s, LR: 1.0000e-03
2023-12-18 22:09:09,233 - Val loss decrease from 2.9123 to 2.9068
2023-12-18 22:09:43,214 - Epoch: 070, Train Loss: 2.8655, Train RMSE: 5.7937, Train MAPE: 0.0781, Valid Loss: 2.9356, Valid RMSE: 6.1987, Valid MAPE: 0.0865, Train Time: 31.9704s/epoch, Valid Time: 2.0108s, LR: 1.0000e-03
2023-12-18 22:10:17,194 - Epoch: 071, Train Loss: 2.8644, Train RMSE: 5.7900, Train MAPE: 0.0781, Valid Loss: 2.9223, Valid RMSE: 6.1729, Valid MAPE: 0.0869, Train Time: 31.9769s/epoch, Valid Time: 2.0022s, LR: 1.0000e-03
2023-12-18 22:10:51,441 - Epoch: 072, Train Loss: 2.8604, Train RMSE: 5.7799, Train MAPE: 0.0780, Valid Loss: 2.9251, Valid RMSE: 6.1614, Valid MAPE: 0.0846, Train Time: 32.2684s/epoch, Valid Time: 1.9781s, LR: 1.0000e-03
2023-12-18 22:11:25,166 - Epoch: 073, Train Loss: 2.8565, Train RMSE: 5.7759, Train MAPE: 0.0778, Valid Loss: 2.9277, Valid RMSE: 6.1539, Valid MAPE: 0.0842, Train Time: 31.8015s/epoch, Valid Time: 1.9226s, LR: 1.0000e-03
2023-12-18 22:11:59,156 - Epoch: 074, Train Loss: 2.8509, Train RMSE: 5.7595, Train MAPE: 0.0776, Valid Loss: 2.9246, Valid RMSE: 6.1457, Valid MAPE: 0.0843, Train Time: 32.0582s/epoch, Valid Time: 1.9314s, LR: 1.0000e-03
2023-12-18 22:12:33,396 - Epoch: 075, Train Loss: 2.8514, Train RMSE: 5.7570, Train MAPE: 0.0776, Valid Loss: 2.9216, Valid RMSE: 6.1348, Valid MAPE: 0.0844, Train Time: 32.2793s/epoch, Valid Time: 1.9604s, LR: 1.0000e-03
2023-12-18 22:13:07,349 - Epoch: 076, Train Loss: 2.8463, Train RMSE: 5.7493, Train MAPE: 0.0775, Valid Loss: 2.9381, Valid RMSE: 6.2096, Valid MAPE: 0.0860, Train Time: 31.9327s/epoch, Valid Time: 2.0196s, LR: 1.0000e-03
2023-12-18 22:13:41,281 - Epoch: 077, Train Loss: 2.8439, Train RMSE: 5.7409, Train MAPE: 0.0773, Valid Loss: 2.9319, Valid RMSE: 6.1745, Valid MAPE: 0.0867, Train Time: 31.9930s/epoch, Valid Time: 1.9386s, LR: 1.0000e-03
2023-12-18 22:14:15,198 - Epoch: 078, Train Loss: 2.8439, Train RMSE: 5.7402, Train MAPE: 0.0773, Valid Loss: 2.9356, Valid RMSE: 6.2194, Valid MAPE: 0.0855, Train Time: 31.9834s/epoch, Valid Time: 1.9331s, LR: 1.0000e-03
2023-12-18 22:14:49,276 - Epoch: 079, Train Loss: 2.8408, Train RMSE: 5.7330, Train MAPE: 0.0772, Valid Loss: 2.9084, Valid RMSE: 6.1459, Valid MAPE: 0.0835, Train Time: 32.0811s/epoch, Valid Time: 1.9955s, LR: 1.0000e-03
2023-12-18 22:14:49,276 - Early stop at epoch 79, loss = 2.906845
2023-12-18 22:14:49,276 - best valid_loss:2.906845
2023-12-18 22:14:53,327 - Horizon 1, Test MAE: 2.3564, Test RMSE: 4.1648, Test MAPE: 0.0584
2023-12-18 22:14:53,338 - Horizon 2, Test MAE: 2.6394, Test RMSE: 4.9789, Test MAPE: 0.0680
2023-12-18 22:14:53,348 - Horizon 3, Test MAE: 2.8316, Test RMSE: 5.4948, Test MAPE: 0.0750
2023-12-18 22:14:53,358 - Horizon 4, Test MAE: 2.9861, Test RMSE: 5.8884, Test MAPE: 0.0806
2023-12-18 22:14:53,368 - Horizon 5, Test MAE: 3.1105, Test RMSE: 6.2090, Test MAPE: 0.0850
2023-12-18 22:14:53,378 - Horizon 6, Test MAE: 3.2058, Test RMSE: 6.4693, Test MAPE: 0.0885
2023-12-18 22:14:53,388 - Horizon 7, Test MAE: 3.2876, Test RMSE: 6.6850, Test MAPE: 0.0915
2023-12-18 22:14:53,399 - Horizon 8, Test MAE: 3.3584, Test RMSE: 6.8536, Test MAPE: 0.0940
2023-12-18 22:14:53,409 - Horizon 9, Test MAE: 3.4212, Test RMSE: 7.0009, Test MAPE: 0.0961
2023-12-18 22:14:53,419 - Horizon 10, Test MAE: 3.4773, Test RMSE: 7.1355, Test MAPE: 0.0981
2023-12-18 22:14:53,429 - Horizon 11, Test MAE: 3.5304, Test RMSE: 7.2570, Test MAPE: 0.0998
2023-12-18 22:14:53,439 - Horizon 12, Test MAE: 3.5870, Test RMSE: 7.3733, Test MAPE: 0.1017
2023-12-18 22:14:53,440 - Average Test MAE: 3.1493, Test RMSE: 6.2925, Test MAPE: 0.0864
2023-12-18 22:50:51,854 - Namespace(adapter=True, addition={'embed_dim': 10, 'rnn_unit': 64, 'num_layer': 2, 'cheb_k': 2}, batch_size=128, cheb_k=2, clip_grad_value=5, dataset='METRLA', device='cuda:2', dropout=0.3, embed_dim=10, frozen=False, horizon=12, input_dim=2, lrate=0.001, max_epochs=100, mode='train', model='agcrn', num_layer=2, output_dim=1, patience=10, pre_train='', rnn_unit=64, save='agcrn_metrla_adapter', seed=998244353, seq_length=12, wdecay=0.0005, years='2012')
2023-12-18 22:50:51,855 - Adj path: /home/yuxuan/rwl/GWN-LoRA/data/metrla/metrla_rn_adj.npy
2023-12-18 22:50:52,959 - Data shape: (34272, 207, 3)
2023-12-18 22:50:53,424 - Sample num: 23974, Batch num: 187
2023-12-18 22:50:53,885 - Sample num: 3425, Batch num: 26
2023-12-18 22:50:54,353 - Sample num: 6850, Batch num: 53
2023-12-18 22:50:54,673 - The number of parameters: 751650
2023-12-18 22:50:54,742 - Start training!
