2024-01-09 15:27:38,875 - Namespace(adapter=False, batch_size=128, cheb_k=2, clip_grad_value=5, dataset='PEMS07', device='cuda:0', dropout=0.3, embed_dim=10, frozen=False, horizon=12, input_dim=2, lrate=0.001, max_epochs=100, mode='train', model='agcrn', num_layer=2, num_layers=1, output_dim=1, patience=10, pre_train='', rnn_unit=64, save='test.pth', seed=1, seq_length=12, wdecay=0.0005, years='2017')
2024-01-09 15:27:38,876 - Adj path: /home/yuxuan/rwl/LAST/data/pems07/pems07_rn_adj.npy
2024-01-09 15:27:40,773 - Data shape: (28224, 883, 3)
2024-01-09 15:27:42,234 - Sample num: 16921, Batch num: 132
2024-01-09 15:27:43,693 - Sample num: 5640, Batch num: 44
2024-01-09 15:27:45,154 - Sample num: 5640, Batch num: 44
2024-01-09 15:27:45,432 - The number of parameters: 758410
2024-01-09 15:27:45,435 - Start training!
2024-01-09 15:28:09,658 - Namespace(adapter=False, batch_size=64, cheb_k=2, clip_grad_value=5, dataset='PEMS07', device='cuda:0', dropout=0.3, embed_dim=10, frozen=False, horizon=12, input_dim=2, lrate=0.001, max_epochs=100, mode='train', model='agcrn', num_layer=2, num_layers=1, output_dim=1, patience=10, pre_train='', rnn_unit=64, save='test.pth', seed=1, seq_length=12, wdecay=0.0005, years='2017')
2024-01-09 15:28:09,659 - Adj path: /home/yuxuan/rwl/LAST/data/pems07/pems07_rn_adj.npy
2024-01-09 15:28:11,512 - Data shape: (28224, 883, 3)
2024-01-09 15:28:12,970 - Sample num: 16921, Batch num: 264
2024-01-09 15:28:14,423 - Sample num: 5640, Batch num: 88
2024-01-09 15:28:15,877 - Sample num: 5640, Batch num: 88
2024-01-09 15:28:16,156 - The number of parameters: 758410
2024-01-09 15:28:16,159 - Start training!
2024-01-13 16:56:17,333 - Namespace(adapter=False, batch_size=64, cheb_k=2, clip_grad_value=5, dataset='PEMS07', device='cuda:0', dropout=0.3, embed_dim=10, frozen=False, horizon=12, input_dim=2, lrate=0.001, max_epochs=100, mode='train', model='agcrn', num_layer=2, num_layers=1, output_dim=1, patience=10, pre_train='', rnn_unit=64, save='test.pth', seed=1, seq_length=12, wdecay=0.0005, years='2017')
2024-01-13 16:56:17,335 - Adj path: /home/yuxuan/rwl/LAST/data/pems07/pems07_rn_adj.npy
2024-01-13 16:56:19,181 - Data shape: (28224, 883, 3)
2024-01-13 16:56:20,741 - Sample num: 16921, Batch num: 264
2024-01-13 16:56:22,293 - Sample num: 5640, Batch num: 88
2024-01-13 16:56:23,841 - Sample num: 5640, Batch num: 88
2024-01-13 16:56:24,166 - The number of parameters: 758410
2024-01-13 16:56:24,169 - Start training!
2024-01-13 16:59:05,769 - Epoch: 001, Train Loss: 69.9122, Train RMSE: 93.4211, Train MAPE: 0.7231, Valid Loss: 31.3128, Valid RMSE: 48.4094, Valid MAPE: 0.1576, Train Time: 133.4396s/epoch, Valid Time: 28.1601s, LR: 1.0000e-03
2024-01-13 16:59:05,782 - Val loss decrease from inf to 31.3128
2024-01-13 17:02:06,498 - Epoch: 002, Train Loss: 30.6326, Train RMSE: 46.6824, Train MAPE: 0.1665, Valid Loss: 28.0606, Valid RMSE: 43.0072, Valid MAPE: 0.1403, Train Time: 152.7108s/epoch, Valid Time: 28.0050s, LR: 1.0000e-03
2024-01-13 17:02:06,511 - Val loss decrease from 31.3128 to 28.0606
2024-01-13 17:05:09,281 - Epoch: 003, Train Loss: 28.4652, Train RMSE: 43.3781, Train MAPE: 0.1438, Valid Loss: 27.0311, Valid RMSE: 41.4249, Valid MAPE: 0.1250, Train Time: 154.1940s/epoch, Valid Time: 28.5750s, LR: 1.0000e-03
2024-01-13 17:05:09,292 - Val loss decrease from 28.0606 to 27.0311
2024-01-13 17:08:09,632 - Epoch: 004, Train Loss: 27.8359, Train RMSE: 42.3823, Train MAPE: 0.1353, Valid Loss: 27.3444, Valid RMSE: 40.8525, Valid MAPE: 0.1497, Train Time: 152.6553s/epoch, Valid Time: 27.6834s, LR: 1.0000e-03
2024-01-13 17:11:07,279 - Epoch: 005, Train Loss: 27.3893, Train RMSE: 41.7129, Train MAPE: 0.1314, Valid Loss: 26.4064, Valid RMSE: 40.1489, Valid MAPE: 0.1308, Train Time: 146.6263s/epoch, Valid Time: 31.0206s, LR: 1.0000e-03
2024-01-13 17:11:07,292 - Val loss decrease from 27.0311 to 26.4064
2024-01-13 17:14:12,449 - Epoch: 006, Train Loss: 27.0558, Train RMSE: 41.1519, Train MAPE: 0.1312, Valid Loss: 26.5303, Valid RMSE: 40.0208, Valid MAPE: 0.1372, Train Time: 140.7505s/epoch, Valid Time: 44.4056s, LR: 1.0000e-03
2024-01-13 17:17:07,777 - Epoch: 007, Train Loss: 26.5655, Train RMSE: 40.4928, Train MAPE: 0.1270, Valid Loss: 25.9822, Valid RMSE: 39.4772, Valid MAPE: 0.1334, Train Time: 140.7985s/epoch, Valid Time: 34.5289s, LR: 1.0000e-03
2024-01-13 17:17:07,791 - Val loss decrease from 26.4064 to 25.9822
2024-01-13 17:20:06,694 - Epoch: 008, Train Loss: 26.1772, Train RMSE: 39.9599, Train MAPE: 0.1247, Valid Loss: 25.4613, Valid RMSE: 38.8488, Valid MAPE: 0.1258, Train Time: 150.3028s/epoch, Valid Time: 28.5999s, LR: 1.0000e-03
2024-01-13 17:20:06,710 - Val loss decrease from 25.9822 to 25.4613
2024-01-13 17:23:11,247 - Epoch: 009, Train Loss: 25.8763, Train RMSE: 39.5435, Train MAPE: 0.1229, Valid Loss: 25.6040, Valid RMSE: 38.7146, Valid MAPE: 0.1405, Train Time: 155.8094s/epoch, Valid Time: 28.7271s, LR: 1.0000e-03
2024-01-13 17:26:13,927 - Epoch: 010, Train Loss: 25.5487, Train RMSE: 39.1414, Train MAPE: 0.1197, Valid Loss: 25.5513, Valid RMSE: 38.8604, Valid MAPE: 0.1210, Train Time: 150.4092s/epoch, Valid Time: 32.2701s, LR: 1.0000e-03
2024-01-13 17:29:14,446 - Epoch: 011, Train Loss: 25.2768, Train RMSE: 38.7651, Train MAPE: 0.1194, Valid Loss: 24.7177, Valid RMSE: 38.0372, Valid MAPE: 0.1129, Train Time: 152.1654s/epoch, Valid Time: 28.3529s, LR: 1.0000e-03
2024-01-13 17:29:14,458 - Val loss decrease from 25.4613 to 24.7177
2024-01-13 17:32:17,224 - Epoch: 012, Train Loss: 24.9585, Train RMSE: 38.4008, Train MAPE: 0.1162, Valid Loss: 24.5965, Valid RMSE: 37.8540, Valid MAPE: 0.1128, Train Time: 153.9837s/epoch, Valid Time: 28.7822s, LR: 1.0000e-03
2024-01-13 17:32:17,236 - Val loss decrease from 24.7177 to 24.5965
2024-01-13 17:35:22,255 - Epoch: 013, Train Loss: 24.7305, Train RMSE: 38.1051, Train MAPE: 0.1153, Valid Loss: 24.5513, Valid RMSE: 37.6466, Valid MAPE: 0.1166, Train Time: 147.4315s/epoch, Valid Time: 37.5877s, LR: 1.0000e-03
2024-01-13 17:35:22,270 - Val loss decrease from 24.5965 to 24.5513
2024-01-13 17:38:19,244 - Epoch: 014, Train Loss: 24.4350, Train RMSE: 37.7493, Train MAPE: 0.1134, Valid Loss: 24.0708, Valid RMSE: 37.1697, Valid MAPE: 0.1136, Train Time: 142.4232s/epoch, Valid Time: 34.5502s, LR: 1.0000e-03
2024-01-13 17:38:19,255 - Val loss decrease from 24.5513 to 24.0708
2024-01-13 17:41:21,439 - Epoch: 015, Train Loss: 24.2414, Train RMSE: 37.5050, Train MAPE: 0.1122, Valid Loss: 23.9522, Valid RMSE: 37.1361, Valid MAPE: 0.1078, Train Time: 145.7805s/epoch, Valid Time: 36.4030s, LR: 1.0000e-03
2024-01-13 17:41:21,453 - Val loss decrease from 24.0708 to 23.9522
2024-01-13 17:44:16,284 - Epoch: 016, Train Loss: 24.0723, Train RMSE: 37.2740, Train MAPE: 0.1121, Valid Loss: 23.8214, Valid RMSE: 36.9347, Valid MAPE: 0.1104, Train Time: 146.5408s/epoch, Valid Time: 28.2897s, LR: 1.0000e-03
2024-01-13 17:44:16,299 - Val loss decrease from 23.9522 to 23.8214
2024-01-13 17:47:19,601 - Epoch: 017, Train Loss: 23.9492, Train RMSE: 37.0753, Train MAPE: 0.1131, Valid Loss: 23.7530, Valid RMSE: 36.8288, Valid MAPE: 0.1149, Train Time: 154.8911s/epoch, Valid Time: 28.4107s, LR: 1.0000e-03
2024-01-13 17:47:19,613 - Val loss decrease from 23.8214 to 23.7530
2024-01-13 17:50:23,738 - Epoch: 018, Train Loss: 23.7457, Train RMSE: 36.8357, Train MAPE: 0.1106, Valid Loss: 23.3344, Valid RMSE: 36.4026, Valid MAPE: 0.1039, Train Time: 155.3172s/epoch, Valid Time: 28.8077s, LR: 1.0000e-03
2024-01-13 17:50:23,753 - Val loss decrease from 23.7530 to 23.3344
2024-01-13 17:53:27,435 - Epoch: 019, Train Loss: 23.6309, Train RMSE: 36.6686, Train MAPE: 0.1097, Valid Loss: 24.1739, Valid RMSE: 37.1589, Valid MAPE: 0.1077, Train Time: 155.4080s/epoch, Valid Time: 28.2741s, LR: 1.0000e-03
2024-01-13 17:56:33,098 - Epoch: 020, Train Loss: 23.3778, Train RMSE: 36.3853, Train MAPE: 0.1081, Valid Loss: 23.6785, Valid RMSE: 36.6271, Valid MAPE: 0.1159, Train Time: 145.9569s/epoch, Valid Time: 39.7053s, LR: 1.0000e-03
2024-01-13 17:59:24,668 - Epoch: 021, Train Loss: 23.2878, Train RMSE: 36.2453, Train MAPE: 0.1085, Valid Loss: 23.0641, Valid RMSE: 36.0162, Valid MAPE: 0.1092, Train Time: 139.6138s/epoch, Valid Time: 31.9555s, LR: 1.0000e-03
2024-01-13 17:59:24,681 - Val loss decrease from 23.3344 to 23.0641
2024-01-13 18:02:23,934 - Epoch: 022, Train Loss: 23.1444, Train RMSE: 36.0706, Train MAPE: 0.1081, Valid Loss: 23.3666, Valid RMSE: 36.3296, Valid MAPE: 0.1082, Train Time: 147.7098s/epoch, Valid Time: 31.5426s, LR: 1.0000e-03
2024-01-13 18:05:25,670 - Epoch: 023, Train Loss: 22.9670, Train RMSE: 35.8609, Train MAPE: 0.1067, Valid Loss: 22.9094, Valid RMSE: 35.9084, Valid MAPE: 0.1101, Train Time: 149.9290s/epoch, Valid Time: 31.8067s, LR: 1.0000e-03
2024-01-13 18:05:25,684 - Val loss decrease from 23.0641 to 22.9094
2024-01-13 18:08:26,677 - Epoch: 024, Train Loss: 22.8744, Train RMSE: 35.7374, Train MAPE: 0.1067, Valid Loss: 23.1950, Valid RMSE: 36.0978, Valid MAPE: 0.1105, Train Time: 152.5245s/epoch, Valid Time: 28.4680s, LR: 1.0000e-03
2024-01-13 18:11:30,841 - Epoch: 025, Train Loss: 22.7202, Train RMSE: 35.5688, Train MAPE: 0.1055, Valid Loss: 22.7713, Valid RMSE: 35.8671, Valid MAPE: 0.1039, Train Time: 154.0772s/epoch, Valid Time: 30.0868s, LR: 1.0000e-03
2024-01-13 18:11:30,856 - Val loss decrease from 22.9094 to 22.7713
2024-01-13 18:14:29,803 - Epoch: 026, Train Loss: 22.5426, Train RMSE: 35.3840, Train MAPE: 0.1039, Valid Loss: 22.9699, Valid RMSE: 36.0133, Valid MAPE: 0.1020, Train Time: 150.2478s/epoch, Valid Time: 28.6994s, LR: 1.0000e-03
2024-01-13 18:17:33,580 - Epoch: 027, Train Loss: 22.4987, Train RMSE: 35.3363, Train MAPE: 0.1036, Valid Loss: 22.6633, Valid RMSE: 35.7190, Valid MAPE: 0.1037, Train Time: 150.2061s/epoch, Valid Time: 33.5703s, LR: 1.0000e-03
2024-01-13 18:17:33,598 - Val loss decrease from 22.7713 to 22.6633
2024-01-13 18:20:35,772 - Epoch: 028, Train Loss: 22.4514, Train RMSE: 35.2592, Train MAPE: 0.1044, Valid Loss: 22.5099, Valid RMSE: 35.6028, Valid MAPE: 0.1013, Train Time: 145.5776s/epoch, Valid Time: 36.5963s, LR: 1.0000e-03
2024-01-13 18:20:35,784 - Val loss decrease from 22.6633 to 22.5099
2024-01-13 18:23:35,055 - Epoch: 029, Train Loss: 22.3608, Train RMSE: 35.1547, Train MAPE: 0.1042, Valid Loss: 22.5646, Valid RMSE: 35.5532, Valid MAPE: 0.1033, Train Time: 149.3507s/epoch, Valid Time: 29.9201s, LR: 1.0000e-03
2024-01-13 18:26:40,769 - Epoch: 030, Train Loss: 22.2882, Train RMSE: 35.0796, Train MAPE: 0.1033, Valid Loss: 22.8168, Valid RMSE: 35.8429, Valid MAPE: 0.1034, Train Time: 150.8202s/epoch, Valid Time: 34.8925s, LR: 1.0000e-03
2024-01-13 18:29:39,348 - Epoch: 031, Train Loss: 22.1774, Train RMSE: 34.9714, Train MAPE: 0.1027, Valid Loss: 22.2326, Valid RMSE: 35.2875, Valid MAPE: 0.0992, Train Time: 146.6361s/epoch, Valid Time: 31.9419s, LR: 1.0000e-03
2024-01-13 18:29:39,363 - Val loss decrease from 22.5099 to 22.2326
2024-01-13 18:32:37,819 - Epoch: 032, Train Loss: 22.1050, Train RMSE: 34.8907, Train MAPE: 0.1021, Valid Loss: 22.4333, Valid RMSE: 35.3853, Valid MAPE: 0.1095, Train Time: 150.2250s/epoch, Valid Time: 28.2299s, LR: 1.0000e-03
2024-01-13 18:35:39,613 - Epoch: 033, Train Loss: 22.0252, Train RMSE: 34.8114, Train MAPE: 0.1017, Valid Loss: 22.4699, Valid RMSE: 35.2113, Valid MAPE: 0.1192, Train Time: 154.1466s/epoch, Valid Time: 27.6467s, LR: 1.0000e-03
2024-01-13 18:38:44,437 - Epoch: 034, Train Loss: 22.0165, Train RMSE: 34.7950, Train MAPE: 0.1023, Valid Loss: 22.2256, Valid RMSE: 35.2391, Valid MAPE: 0.1028, Train Time: 155.9423s/epoch, Valid Time: 28.8816s, LR: 1.0000e-03
2024-01-13 18:38:44,450 - Val loss decrease from 22.2326 to 22.2256
2024-01-13 18:41:49,459 - Epoch: 035, Train Loss: 21.9664, Train RMSE: 34.7550, Train MAPE: 0.1008, Valid Loss: 22.3937, Valid RMSE: 35.3259, Valid MAPE: 0.1149, Train Time: 145.7487s/epoch, Valid Time: 39.2605s, LR: 1.0000e-03
2024-01-13 18:44:43,795 - Epoch: 036, Train Loss: 21.8910, Train RMSE: 34.6685, Train MAPE: 0.1013, Valid Loss: 22.2209, Valid RMSE: 35.2505, Valid MAPE: 0.1096, Train Time: 142.0357s/epoch, Valid Time: 32.2990s, LR: 1.0000e-03
2024-01-13 18:44:43,808 - Val loss decrease from 22.2256 to 22.2209
2024-01-13 18:47:42,212 - Epoch: 037, Train Loss: 21.8073, Train RMSE: 34.5973, Train MAPE: 0.1007, Valid Loss: 22.3677, Valid RMSE: 35.3599, Valid MAPE: 0.1079, Train Time: 149.9103s/epoch, Valid Time: 28.4925s, LR: 1.0000e-03
2024-01-13 18:50:46,097 - Epoch: 038, Train Loss: 21.7365, Train RMSE: 34.5258, Train MAPE: 0.1001, Valid Loss: 22.3703, Valid RMSE: 35.5763, Valid MAPE: 0.1028, Train Time: 150.5739s/epoch, Valid Time: 33.3106s, LR: 1.0000e-03
2024-01-13 18:53:44,250 - Epoch: 039, Train Loss: 21.7918, Train RMSE: 34.5687, Train MAPE: 0.1011, Valid Loss: 21.8940, Valid RMSE: 34.9739, Valid MAPE: 0.0982, Train Time: 149.2274s/epoch, Valid Time: 28.9249s, LR: 1.0000e-03
2024-01-13 18:53:44,264 - Val loss decrease from 22.2209 to 21.8940
2024-01-13 18:56:48,630 - Epoch: 040, Train Loss: 21.6845, Train RMSE: 34.4610, Train MAPE: 0.1001, Valid Loss: 21.8954, Valid RMSE: 34.9831, Valid MAPE: 0.0984, Train Time: 153.4037s/epoch, Valid Time: 30.9622s, LR: 1.0000e-03
2024-01-13 18:59:48,427 - Epoch: 041, Train Loss: 21.6813, Train RMSE: 34.4486, Train MAPE: 0.1008, Valid Loss: 21.8932, Valid RMSE: 35.0407, Valid MAPE: 0.0977, Train Time: 152.0075s/epoch, Valid Time: 27.7885s, LR: 1.0000e-03
2024-01-13 18:59:48,440 - Val loss decrease from 21.8940 to 21.8932
2024-01-13 19:02:52,074 - Epoch: 042, Train Loss: 21.5926, Train RMSE: 34.3772, Train MAPE: 0.0999, Valid Loss: 21.7953, Valid RMSE: 34.8790, Valid MAPE: 0.0984, Train Time: 151.1419s/epoch, Valid Time: 32.4917s, LR: 1.0000e-03
2024-01-13 19:02:52,085 - Val loss decrease from 21.8932 to 21.7953
2024-01-13 19:05:53,301 - Epoch: 043, Train Loss: 21.6204, Train RMSE: 34.3995, Train MAPE: 0.0999, Valid Loss: 21.9727, Valid RMSE: 35.0447, Valid MAPE: 0.0983, Train Time: 145.3245s/epoch, Valid Time: 35.8911s, LR: 1.0000e-03
2024-01-13 19:08:48,083 - Epoch: 044, Train Loss: 21.4869, Train RMSE: 34.2798, Train MAPE: 0.0988, Valid Loss: 21.8822, Valid RMSE: 34.8966, Valid MAPE: 0.1010, Train Time: 147.1136s/epoch, Valid Time: 27.6668s, LR: 1.0000e-03
2024-01-13 19:11:50,582 - Epoch: 045, Train Loss: 21.5180, Train RMSE: 34.3033, Train MAPE: 0.0988, Valid Loss: 21.9205, Valid RMSE: 34.9643, Valid MAPE: 0.0998, Train Time: 150.9179s/epoch, Valid Time: 31.5812s, LR: 1.0000e-03
2024-01-13 19:14:47,702 - Epoch: 046, Train Loss: 21.4787, Train RMSE: 34.2564, Train MAPE: 0.0987, Valid Loss: 22.0539, Valid RMSE: 35.1691, Valid MAPE: 0.0983, Train Time: 144.5403s/epoch, Valid Time: 32.5786s, LR: 1.0000e-03
2024-01-13 19:17:45,306 - Epoch: 047, Train Loss: 21.4175, Train RMSE: 34.1982, Train MAPE: 0.0986, Valid Loss: 21.7703, Valid RMSE: 34.8977, Valid MAPE: 0.0966, Train Time: 149.9157s/epoch, Valid Time: 27.6881s, LR: 1.0000e-03
2024-01-13 19:17:45,318 - Val loss decrease from 21.7953 to 21.7703
2024-01-13 19:20:47,578 - Epoch: 048, Train Loss: 21.3505, Train RMSE: 34.1436, Train MAPE: 0.0977, Valid Loss: 21.6463, Valid RMSE: 34.7995, Valid MAPE: 0.0967, Train Time: 154.3506s/epoch, Valid Time: 27.9089s, LR: 1.0000e-03
2024-01-13 19:20:47,592 - Val loss decrease from 21.7703 to 21.6463
2024-01-13 19:23:50,142 - Epoch: 049, Train Loss: 21.3552, Train RMSE: 34.1162, Train MAPE: 0.0989, Valid Loss: 21.6459, Valid RMSE: 34.7787, Valid MAPE: 0.0959, Train Time: 151.6519s/epoch, Valid Time: 30.8984s, LR: 1.0000e-03
2024-01-13 19:23:50,155 - Val loss decrease from 21.6463 to 21.6459
2024-01-13 19:26:55,435 - Epoch: 050, Train Loss: 21.3155, Train RMSE: 34.1062, Train MAPE: 0.0974, Valid Loss: 21.7377, Valid RMSE: 34.8419, Valid MAPE: 0.0985, Train Time: 143.9552s/epoch, Valid Time: 41.3243s, LR: 1.0000e-03
2024-01-13 19:29:47,469 - Epoch: 051, Train Loss: 21.2904, Train RMSE: 34.0524, Train MAPE: 0.0987, Valid Loss: 21.6649, Valid RMSE: 34.7844, Valid MAPE: 0.0988, Train Time: 142.8547s/epoch, Valid Time: 29.1780s, LR: 1.0000e-03
2024-01-13 19:32:50,213 - Epoch: 052, Train Loss: 21.2933, Train RMSE: 34.0502, Train MAPE: 0.0985, Valid Loss: 21.5500, Valid RMSE: 34.6501, Valid MAPE: 0.0969, Train Time: 153.6671s/epoch, Valid Time: 29.0765s, LR: 1.0000e-03
2024-01-13 19:32:50,223 - Val loss decrease from 21.6459 to 21.5500
2024-01-13 19:35:53,294 - Epoch: 053, Train Loss: 21.2063, Train RMSE: 33.9869, Train MAPE: 0.0969, Valid Loss: 21.6729, Valid RMSE: 34.7929, Valid MAPE: 0.0966, Train Time: 152.4431s/epoch, Valid Time: 30.6267s, LR: 1.0000e-03
2024-01-13 19:38:53,791 - Epoch: 054, Train Loss: 21.2038, Train RMSE: 33.9711, Train MAPE: 0.0975, Valid Loss: 21.8828, Valid RMSE: 34.8639, Valid MAPE: 0.1083, Train Time: 149.1801s/epoch, Valid Time: 31.3166s, LR: 1.0000e-03
2024-01-13 19:41:54,986 - Epoch: 055, Train Loss: 21.1850, Train RMSE: 33.9468, Train MAPE: 0.0973, Valid Loss: 21.6929, Valid RMSE: 34.7882, Valid MAPE: 0.1019, Train Time: 149.1166s/epoch, Valid Time: 32.0780s, LR: 1.0000e-03
2024-01-13 19:44:54,216 - Epoch: 056, Train Loss: 21.1418, Train RMSE: 33.9116, Train MAPE: 0.0970, Valid Loss: 21.5027, Valid RMSE: 34.6406, Valid MAPE: 0.0952, Train Time: 150.9568s/epoch, Valid Time: 28.2723s, LR: 1.0000e-03
2024-01-13 19:44:54,226 - Val loss decrease from 21.5500 to 21.5027
2024-01-13 19:47:59,731 - Epoch: 057, Train Loss: 21.0687, Train RMSE: 33.8427, Train MAPE: 0.0961, Valid Loss: 21.6980, Valid RMSE: 34.6789, Valid MAPE: 0.1040, Train Time: 147.5628s/epoch, Valid Time: 37.9423s, LR: 1.0000e-03
2024-01-13 19:50:56,489 - Epoch: 058, Train Loss: 21.0522, Train RMSE: 33.8206, Train MAPE: 0.0968, Valid Loss: 21.6082, Valid RMSE: 34.7463, Valid MAPE: 0.0972, Train Time: 144.4303s/epoch, Valid Time: 32.3263s, LR: 1.0000e-03
2024-01-13 19:53:57,651 - Epoch: 059, Train Loss: 21.0772, Train RMSE: 33.8351, Train MAPE: 0.0966, Valid Loss: 21.7280, Valid RMSE: 34.8153, Valid MAPE: 0.1005, Train Time: 152.2243s/epoch, Valid Time: 28.9365s, LR: 1.0000e-03
2024-01-13 19:57:03,124 - Epoch: 060, Train Loss: 21.0465, Train RMSE: 33.7966, Train MAPE: 0.0972, Valid Loss: 21.5205, Valid RMSE: 34.5671, Valid MAPE: 0.1001, Train Time: 152.8326s/epoch, Valid Time: 32.6395s, LR: 1.0000e-03
2024-01-13 20:00:03,857 - Epoch: 061, Train Loss: 21.0035, Train RMSE: 33.7560, Train MAPE: 0.0961, Valid Loss: 21.3729, Valid RMSE: 34.3957, Valid MAPE: 0.0964, Train Time: 148.3424s/epoch, Valid Time: 32.3905s, LR: 1.0000e-03
2024-01-13 20:00:03,871 - Val loss decrease from 21.5027 to 21.3729
2024-01-13 20:03:05,259 - Epoch: 062, Train Loss: 20.9760, Train RMSE: 33.7341, Train MAPE: 0.0961, Valid Loss: 21.4586, Valid RMSE: 34.5667, Valid MAPE: 0.0965, Train Time: 150.5300s/epoch, Valid Time: 30.8580s, LR: 1.0000e-03
2024-01-13 20:06:06,567 - Epoch: 063, Train Loss: 20.9466, Train RMSE: 33.7076, Train MAPE: 0.0957, Valid Loss: 21.3641, Valid RMSE: 34.4580, Valid MAPE: 0.0959, Train Time: 152.6278s/epoch, Valid Time: 28.6784s, LR: 1.0000e-03
2024-01-13 20:06:06,578 - Val loss decrease from 21.3729 to 21.3641
2024-01-13 20:09:09,700 - Epoch: 064, Train Loss: 20.9400, Train RMSE: 33.6969, Train MAPE: 0.0959, Valid Loss: 21.2617, Valid RMSE: 34.3236, Valid MAPE: 0.0964, Train Time: 152.4497s/epoch, Valid Time: 30.6720s, LR: 1.0000e-03
2024-01-13 20:09:09,711 - Val loss decrease from 21.3641 to 21.2617
2024-01-13 20:12:13,955 - Epoch: 065, Train Loss: 20.8912, Train RMSE: 33.6599, Train MAPE: 0.0951, Valid Loss: 21.2695, Valid RMSE: 34.3516, Valid MAPE: 0.0941, Train Time: 143.0264s/epoch, Valid Time: 41.2163s, LR: 1.0000e-03
2024-01-13 20:15:05,646 - Epoch: 066, Train Loss: 20.9049, Train RMSE: 33.6625, Train MAPE: 0.0955, Valid Loss: 21.3568, Valid RMSE: 34.3721, Valid MAPE: 0.0973, Train Time: 142.9947s/epoch, Valid Time: 28.6956s, LR: 1.0000e-03
2024-01-13 20:18:06,316 - Epoch: 067, Train Loss: 20.8832, Train RMSE: 33.6333, Train MAPE: 0.0959, Valid Loss: 21.5079, Valid RMSE: 34.3976, Valid MAPE: 0.1010, Train Time: 152.6925s/epoch, Valid Time: 27.9770s, LR: 1.0000e-03
2024-01-13 20:21:10,045 - Epoch: 068, Train Loss: 20.8348, Train RMSE: 33.5975, Train MAPE: 0.0948, Valid Loss: 21.3613, Valid RMSE: 34.4228, Valid MAPE: 0.0971, Train Time: 154.5700s/epoch, Valid Time: 29.1584s, LR: 1.0000e-03
2024-01-13 20:24:14,251 - Epoch: 069, Train Loss: 20.8689, Train RMSE: 33.6064, Train MAPE: 0.0960, Valid Loss: 21.2197, Valid RMSE: 34.2143, Valid MAPE: 0.0974, Train Time: 151.9281s/epoch, Valid Time: 32.2767s, LR: 1.0000e-03
2024-01-13 20:24:14,261 - Val loss decrease from 21.2617 to 21.2197
2024-01-13 20:27:18,447 - Epoch: 070, Train Loss: 20.8128, Train RMSE: 33.5753, Train MAPE: 0.0947, Valid Loss: 21.4821, Valid RMSE: 34.4654, Valid MAPE: 0.1013, Train Time: 148.8266s/epoch, Valid Time: 35.3585s, LR: 1.0000e-03
2024-01-13 20:30:14,114 - Epoch: 071, Train Loss: 20.8252, Train RMSE: 33.5754, Train MAPE: 0.0949, Valid Loss: 21.3540, Valid RMSE: 34.4699, Valid MAPE: 0.0979, Train Time: 147.3674s/epoch, Valid Time: 28.2990s, LR: 1.0000e-03
2024-01-13 20:33:19,038 - Epoch: 072, Train Loss: 20.7697, Train RMSE: 33.5225, Train MAPE: 0.0952, Valid Loss: 21.2140, Valid RMSE: 34.3764, Valid MAPE: 0.0945, Train Time: 148.2792s/epoch, Valid Time: 36.6444s, LR: 1.0000e-03
2024-01-13 20:33:19,051 - Val loss decrease from 21.2197 to 21.2140
2024-01-13 20:36:15,445 - Epoch: 073, Train Loss: 20.7481, Train RMSE: 33.4994, Train MAPE: 0.0946, Valid Loss: 21.2630, Valid RMSE: 34.2642, Valid MAPE: 0.0989, Train Time: 143.2126s/epoch, Valid Time: 33.1806s, LR: 1.0000e-03
2024-01-13 20:39:15,756 - Epoch: 074, Train Loss: 20.7358, Train RMSE: 33.4964, Train MAPE: 0.0939, Valid Loss: 21.3725, Valid RMSE: 34.4247, Valid MAPE: 0.0961, Train Time: 151.6673s/epoch, Valid Time: 28.6432s, LR: 1.0000e-03
2024-01-13 20:42:21,508 - Epoch: 075, Train Loss: 20.7273, Train RMSE: 33.4844, Train MAPE: 0.0945, Valid Loss: 21.0380, Valid RMSE: 34.0826, Valid MAPE: 0.0942, Train Time: 154.1284s/epoch, Valid Time: 31.6228s, LR: 1.0000e-03
2024-01-13 20:42:21,524 - Val loss decrease from 21.2140 to 21.0380
2024-01-13 20:45:21,704 - Epoch: 076, Train Loss: 20.6924, Train RMSE: 33.4456, Train MAPE: 0.0941, Valid Loss: 21.1120, Valid RMSE: 34.1429, Valid MAPE: 0.0948, Train Time: 151.3380s/epoch, Valid Time: 28.8414s, LR: 1.0000e-03
2024-01-13 20:48:26,439 - Epoch: 077, Train Loss: 20.6937, Train RMSE: 33.4394, Train MAPE: 0.0945, Valid Loss: 21.0858, Valid RMSE: 34.1115, Valid MAPE: 0.0945, Train Time: 151.1626s/epoch, Valid Time: 33.5721s, LR: 1.0000e-03
2024-01-13 20:51:24,661 - Epoch: 078, Train Loss: 20.6352, Train RMSE: 33.3989, Train MAPE: 0.0938, Valid Loss: 21.1649, Valid RMSE: 34.2667, Valid MAPE: 0.0986, Train Time: 150.1268s/epoch, Valid Time: 28.0935s, LR: 1.0000e-03
2024-01-13 20:54:28,222 - Epoch: 079, Train Loss: 20.6354, Train RMSE: 33.3875, Train MAPE: 0.0942, Valid Loss: 21.1514, Valid RMSE: 34.2323, Valid MAPE: 0.0970, Train Time: 152.4512s/epoch, Valid Time: 31.1086s, LR: 1.0000e-03
2024-01-13 20:57:34,143 - Epoch: 080, Train Loss: 20.6120, Train RMSE: 33.3552, Train MAPE: 0.0937, Valid Loss: 21.1622, Valid RMSE: 34.2418, Valid MAPE: 0.0948, Train Time: 144.1077s/epoch, Valid Time: 41.8115s, LR: 1.0000e-03
2024-01-13 21:00:28,645 - Epoch: 081, Train Loss: 20.6000, Train RMSE: 33.3534, Train MAPE: 0.0936, Valid Loss: 21.1069, Valid RMSE: 34.1574, Valid MAPE: 0.0950, Train Time: 142.7185s/epoch, Valid Time: 31.7831s, LR: 1.0000e-03
2024-01-13 21:03:27,649 - Epoch: 082, Train Loss: 20.5708, Train RMSE: 33.3223, Train MAPE: 0.0936, Valid Loss: 21.0223, Valid RMSE: 34.1503, Valid MAPE: 0.0930, Train Time: 151.4167s/epoch, Valid Time: 27.5859s, LR: 1.0000e-03
2024-01-13 21:03:27,661 - Val loss decrease from 21.0380 to 21.0223
2024-01-13 21:06:30,004 - Epoch: 083, Train Loss: 20.5750, Train RMSE: 33.3250, Train MAPE: 0.0935, Valid Loss: 21.1512, Valid RMSE: 34.1174, Valid MAPE: 0.0976, Train Time: 154.2556s/epoch, Valid Time: 28.0867s, LR: 1.0000e-03
2024-01-13 21:09:34,653 - Epoch: 084, Train Loss: 20.5697, Train RMSE: 33.3088, Train MAPE: 0.0934, Valid Loss: 21.2020, Valid RMSE: 34.2542, Valid MAPE: 0.0959, Train Time: 154.6473s/epoch, Valid Time: 30.0005s, LR: 1.0000e-03
2024-01-13 21:12:38,905 - Epoch: 085, Train Loss: 20.5378, Train RMSE: 33.2887, Train MAPE: 0.0931, Valid Loss: 21.0436, Valid RMSE: 34.1520, Valid MAPE: 0.0945, Train Time: 149.3020s/epoch, Valid Time: 34.9494s, LR: 1.0000e-03
2024-01-13 21:15:35,470 - Epoch: 086, Train Loss: 20.5530, Train RMSE: 33.2935, Train MAPE: 0.0937, Valid Loss: 20.9673, Valid RMSE: 34.0027, Valid MAPE: 0.0975, Train Time: 147.3892s/epoch, Valid Time: 29.1750s, LR: 1.0000e-03
2024-01-13 21:15:35,484 - Val loss decrease from 21.0223 to 20.9673
2024-01-13 21:18:38,176 - Epoch: 087, Train Loss: 20.5065, Train RMSE: 33.2484, Train MAPE: 0.0938, Valid Loss: 21.1322, Valid RMSE: 34.1210, Valid MAPE: 0.0971, Train Time: 146.2136s/epoch, Valid Time: 36.4772s, LR: 1.0000e-03
2024-01-13 21:21:35,213 - Epoch: 088, Train Loss: 20.5041, Train RMSE: 33.2495, Train MAPE: 0.0933, Valid Loss: 21.0190, Valid RMSE: 34.0215, Valid MAPE: 0.0951, Train Time: 144.0915s/epoch, Valid Time: 32.9454s, LR: 1.0000e-03
2024-01-13 21:24:27,731 - Epoch: 089, Train Loss: 20.4685, Train RMSE: 33.2234, Train MAPE: 0.0927, Valid Loss: 20.8804, Valid RMSE: 34.0207, Valid MAPE: 0.0933, Train Time: 151.8265s/epoch, Valid Time: 20.6899s, LR: 1.0000e-03
2024-01-13 21:24:27,741 - Val loss decrease from 20.9673 to 20.8804
2024-01-13 21:26:58,607 - Epoch: 090, Train Loss: 20.4640, Train RMSE: 33.2063, Train MAPE: 0.0931, Valid Loss: 20.9389, Valid RMSE: 33.9475, Valid MAPE: 0.0969, Train Time: 127.4257s/epoch, Valid Time: 23.4398s, LR: 1.0000e-03
2024-01-13 21:29:24,394 - Epoch: 091, Train Loss: 20.4540, Train RMSE: 33.2024, Train MAPE: 0.0927, Valid Loss: 21.2364, Valid RMSE: 34.2944, Valid MAPE: 0.1021, Train Time: 125.7455s/epoch, Valid Time: 20.0411s, LR: 1.0000e-03
2024-01-13 21:31:54,068 - Epoch: 092, Train Loss: 20.4376, Train RMSE: 33.1891, Train MAPE: 0.0925, Valid Loss: 21.0661, Valid RMSE: 34.0268, Valid MAPE: 0.1020, Train Time: 129.2733s/epoch, Valid Time: 20.3995s, LR: 1.0000e-03
2024-01-13 21:34:24,518 - Epoch: 093, Train Loss: 20.4103, Train RMSE: 33.1528, Train MAPE: 0.0927, Valid Loss: 20.9772, Valid RMSE: 33.9832, Valid MAPE: 0.0973, Train Time: 121.8509s/epoch, Valid Time: 28.5981s, LR: 1.0000e-03
2024-01-13 21:36:47,852 - Epoch: 094, Train Loss: 20.4231, Train RMSE: 33.1593, Train MAPE: 0.0929, Valid Loss: 20.8530, Valid RMSE: 33.9035, Valid MAPE: 0.0966, Train Time: 121.3295s/epoch, Valid Time: 22.0034s, LR: 1.0000e-03
2024-01-13 21:36:47,866 - Val loss decrease from 20.8804 to 20.8530
2024-01-13 21:39:13,277 - Epoch: 095, Train Loss: 20.3824, Train RMSE: 33.1320, Train MAPE: 0.0921, Valid Loss: 20.8118, Valid RMSE: 33.8633, Valid MAPE: 0.0951, Train Time: 124.8128s/epoch, Valid Time: 20.5974s, LR: 1.0000e-03
2024-01-13 21:39:13,290 - Val loss decrease from 20.8530 to 20.8118
2024-01-13 21:41:41,990 - Epoch: 096, Train Loss: 20.4061, Train RMSE: 33.1409, Train MAPE: 0.0925, Valid Loss: 20.9262, Valid RMSE: 34.0528, Valid MAPE: 0.0920, Train Time: 127.9663s/epoch, Valid Time: 20.7331s, LR: 1.0000e-03
2024-01-13 21:44:11,252 - Epoch: 097, Train Loss: 20.3698, Train RMSE: 33.1082, Train MAPE: 0.0927, Valid Loss: 20.8526, Valid RMSE: 33.9927, Valid MAPE: 0.0921, Train Time: 128.7035s/epoch, Valid Time: 20.5580s, LR: 1.0000e-03
2024-01-13 21:46:43,158 - Epoch: 098, Train Loss: 20.3597, Train RMSE: 33.0946, Train MAPE: 0.0921, Valid Loss: 20.9029, Valid RMSE: 33.9647, Valid MAPE: 0.0951, Train Time: 123.3283s/epoch, Valid Time: 28.5771s, LR: 1.0000e-03
2024-01-13 21:49:04,006 - Epoch: 099, Train Loss: 20.3421, Train RMSE: 33.0725, Train MAPE: 0.0923, Valid Loss: 20.8310, Valid RMSE: 33.9368, Valid MAPE: 0.0927, Train Time: 117.9753s/epoch, Valid Time: 22.8720s, LR: 1.0000e-03
2024-01-13 21:51:31,440 - Epoch: 100, Train Loss: 20.3448, Train RMSE: 33.0777, Train MAPE: 0.0925, Valid Loss: 20.8031, Valid RMSE: 33.8305, Valid MAPE: 0.0964, Train Time: 126.8029s/epoch, Valid Time: 20.6302s, LR: 1.0000e-03
2024-01-13 21:51:31,452 - Val loss decrease from 20.8118 to 20.8031
2024-01-13 21:51:31,453 - best valid_loss:20.803099
2024-01-13 21:51:50,720 - Horizon 1, Test MAE: 17.5368, Test RMSE: 27.8849, Test MAPE: 0.0746
2024-01-13 21:51:50,807 - Horizon 2, Test MAE: 18.7770, Test RMSE: 30.0047, Test MAPE: 0.0806
2024-01-13 21:51:50,880 - Horizon 3, Test MAE: 19.6464, Test RMSE: 31.4217, Test MAPE: 0.0852
2024-01-13 21:51:50,940 - Horizon 4, Test MAE: 20.2543, Test RMSE: 32.4710, Test MAPE: 0.0891
2024-01-13 21:51:50,989 - Horizon 5, Test MAE: 20.7316, Test RMSE: 33.3065, Test MAPE: 0.0908
2024-01-13 21:51:51,045 - Horizon 6, Test MAE: 21.1497, Test RMSE: 34.0377, Test MAPE: 0.0931
2024-01-13 21:51:51,110 - Horizon 7, Test MAE: 21.5826, Test RMSE: 34.7443, Test MAPE: 0.0954
2024-01-13 21:51:51,159 - Horizon 8, Test MAE: 22.0023, Test RMSE: 35.3968, Test MAPE: 0.0986
2024-01-13 21:51:51,303 - Horizon 9, Test MAE: 22.4302, Test RMSE: 36.0130, Test MAPE: 0.1018
2024-01-13 21:51:51,362 - Horizon 10, Test MAE: 22.7521, Test RMSE: 36.5634, Test MAPE: 0.1044
2024-01-13 21:51:51,412 - Horizon 11, Test MAE: 23.1807, Test RMSE: 37.1376, Test MAPE: 0.1083
2024-01-13 21:51:51,475 - Horizon 12, Test MAE: 23.7466, Test RMSE: 37.8364, Test MAPE: 0.1122
2024-01-13 21:51:51,476 - Average Test MAE: 21.1492, Test RMSE: 33.9015, Test MAPE: 0.0945
2024-01-14 09:33:38,192 - Namespace(adapter=True, batch_size=64, cheb_k=2, clip_grad_value=5, dataset='PEMS07', device='cuda:0', dropout=0.3, embed_dim=10, frozen=False, horizon=12, input_dim=2, lrate=0.001, max_epochs=100, mode='train', model='agcrn', num_layer=2, num_layers=1, output_dim=1, patience=10, pre_train='', rnn_unit=64, save='test.pth', seed=1, seq_length=12, wdecay=0.0005, years='2017')
2024-01-14 09:33:38,193 - Adj path: /home/yuxuan/rwl/LAST/data/pems07/pems07_rn_adj.npy
2024-01-14 09:33:40,087 - Data shape: (28224, 883, 3)
2024-01-14 09:33:41,642 - Sample num: 16921, Batch num: 264
2024-01-14 09:33:43,205 - Sample num: 5640, Batch num: 88
2024-01-14 09:33:44,683 - Sample num: 5640, Batch num: 88
2024-01-14 09:33:45,001 - The number of parameters: 758410
2024-01-14 09:33:45,010 - Start training!
2024-01-14 09:36:27,742 - Epoch: 001, Train Loss: 70.6674, Train RMSE: 95.2037, Train MAPE: 0.7828, Valid Loss: 30.4896, Valid RMSE: 47.1696, Valid MAPE: 0.1665, Train Time: 134.4023s/epoch, Valid Time: 28.3294s, LR: 1.0000e-03
2024-01-14 09:36:27,762 - Val loss decrease from inf to 30.4896
2024-01-14 09:39:28,705 - Epoch: 002, Train Loss: 30.4202, Train RMSE: 46.4143, Train MAPE: 0.1755, Valid Loss: 28.7506, Valid RMSE: 43.3383, Valid MAPE: 0.1746, Train Time: 153.2051s/epoch, Valid Time: 27.7377s, LR: 1.0000e-03
2024-01-14 09:39:28,721 - Val loss decrease from 30.4896 to 28.7506
2024-01-14 09:42:28,940 - Epoch: 003, Train Loss: 29.2338, Train RMSE: 44.3768, Train MAPE: 0.1617, Valid Loss: 29.7592, Valid RMSE: 42.9208, Valid MAPE: 0.2036, Train Time: 152.5084s/epoch, Valid Time: 27.7104s, LR: 1.0000e-03
2024-01-14 09:45:30,440 - Epoch: 004, Train Loss: 28.8103, Train RMSE: 43.6044, Train MAPE: 0.1521, Valid Loss: 27.2633, Valid RMSE: 41.4061, Valid MAPE: 0.1324, Train Time: 153.4197s/epoch, Valid Time: 28.0799s, LR: 1.0000e-03
2024-01-14 09:45:30,457 - Val loss decrease from 28.7506 to 27.2633
2024-01-14 09:48:34,203 - Epoch: 005, Train Loss: 27.9155, Train RMSE: 42.4543, Train MAPE: 0.1371, Valid Loss: 26.6782, Valid RMSE: 40.6574, Valid MAPE: 0.1249, Train Time: 148.7111s/epoch, Valid Time: 35.0337s, LR: 1.0000e-03
2024-01-14 09:48:34,218 - Val loss decrease from 27.2633 to 26.6782
2024-01-14 09:51:35,872 - Epoch: 006, Train Loss: 27.8101, Train RMSE: 42.0573, Train MAPE: 0.1410, Valid Loss: 26.6958, Valid RMSE: 40.2663, Valid MAPE: 0.1339, Train Time: 137.2428s/epoch, Valid Time: 44.4108s, LR: 1.0000e-03
2024-01-14 09:54:25,291 - Epoch: 007, Train Loss: 27.4540, Train RMSE: 41.5435, Train MAPE: 0.1384, Valid Loss: 26.5730, Valid RMSE: 40.1023, Valid MAPE: 0.1442, Train Time: 140.5491s/epoch, Valid Time: 28.8695s, LR: 1.0000e-03
2024-01-14 09:54:25,311 - Val loss decrease from 26.6782 to 26.5730
2024-01-14 09:57:28,587 - Epoch: 008, Train Loss: 27.1880, Train RMSE: 41.1148, Train MAPE: 0.1371, Valid Loss: 26.6915, Valid RMSE: 40.4466, Valid MAPE: 0.1217, Train Time: 155.4940s/epoch, Valid Time: 27.7814s, LR: 1.0000e-03
2024-01-14 10:00:30,788 - Epoch: 009, Train Loss: 26.9056, Train RMSE: 40.7038, Train MAPE: 0.1355, Valid Loss: 25.7740, Valid RMSE: 39.2312, Valid MAPE: 0.1209, Train Time: 153.7938s/epoch, Valid Time: 28.4064s, LR: 1.0000e-03
2024-01-14 10:00:30,806 - Val loss decrease from 26.5730 to 25.7740
2024-01-14 10:03:35,342 - Epoch: 010, Train Loss: 26.5526, Train RMSE: 40.2315, Train MAPE: 0.1326, Valid Loss: 25.5302, Valid RMSE: 38.9099, Valid MAPE: 0.1263, Train Time: 150.2238s/epoch, Valid Time: 34.3114s, LR: 1.0000e-03
2024-01-14 10:03:35,360 - Val loss decrease from 25.7740 to 25.5302
2024-01-14 10:06:41,524 - Epoch: 011, Train Loss: 26.1134, Train RMSE: 39.7084, Train MAPE: 0.1275, Valid Loss: 25.1258, Valid RMSE: 38.4431, Valid MAPE: 0.1170, Train Time: 156.4904s/epoch, Valid Time: 29.6736s, LR: 1.0000e-03
2024-01-14 10:06:41,538 - Val loss decrease from 25.5302 to 25.1258
2024-01-14 10:09:50,582 - Epoch: 012, Train Loss: 25.7251, Train RMSE: 39.2440, Train MAPE: 0.1244, Valid Loss: 25.7337, Valid RMSE: 38.7515, Valid MAPE: 0.1384, Train Time: 155.6177s/epoch, Valid Time: 33.4256s, LR: 1.0000e-03
2024-01-14 10:13:02,870 - Epoch: 013, Train Loss: 25.4921, Train RMSE: 38.9528, Train MAPE: 0.1230, Valid Loss: 25.3169, Valid RMSE: 38.4980, Valid MAPE: 0.1184, Train Time: 146.1338s/epoch, Valid Time: 46.1538s, LR: 1.0000e-03
2024-01-14 10:16:01,084 - Epoch: 014, Train Loss: 25.2397, Train RMSE: 38.6381, Train MAPE: 0.1208, Valid Loss: 24.9101, Valid RMSE: 38.1590, Valid MAPE: 0.1206, Train Time: 147.1595s/epoch, Valid Time: 31.0538s, LR: 1.0000e-03
2024-01-14 10:16:01,109 - Val loss decrease from 25.1258 to 24.9101
2024-01-14 10:19:09,740 - Epoch: 015, Train Loss: 24.9932, Train RMSE: 38.3368, Train MAPE: 0.1184, Valid Loss: 24.6391, Valid RMSE: 37.6661, Valid MAPE: 0.1171, Train Time: 157.0766s/epoch, Valid Time: 31.5541s, LR: 1.0000e-03
2024-01-14 10:19:09,756 - Val loss decrease from 24.9101 to 24.6391
2024-01-14 10:22:17,222 - Epoch: 016, Train Loss: 24.7836, Train RMSE: 38.0497, Train MAPE: 0.1172, Valid Loss: 24.2610, Valid RMSE: 37.3345, Valid MAPE: 0.1120, Train Time: 155.5151s/epoch, Valid Time: 31.9502s, LR: 1.0000e-03
2024-01-14 10:22:17,234 - Val loss decrease from 24.6391 to 24.2610
2024-01-14 10:25:24,938 - Epoch: 017, Train Loss: 24.6367, Train RMSE: 37.8398, Train MAPE: 0.1169, Valid Loss: 24.1431, Valid RMSE: 37.1637, Valid MAPE: 0.1149, Train Time: 157.6095s/epoch, Valid Time: 30.0943s, LR: 1.0000e-03
2024-01-14 10:25:24,956 - Val loss decrease from 24.2610 to 24.1431
2024-01-14 10:28:34,593 - Epoch: 018, Train Loss: 24.4293, Train RMSE: 37.6063, Train MAPE: 0.1154, Valid Loss: 24.1175, Valid RMSE: 36.9996, Valid MAPE: 0.1131, Train Time: 159.0611s/epoch, Valid Time: 30.5757s, LR: 1.0000e-03
2024-01-14 10:28:34,608 - Val loss decrease from 24.1431 to 24.1175
2024-01-14 10:31:45,658 - Epoch: 019, Train Loss: 24.2540, Train RMSE: 37.3778, Train MAPE: 0.1142, Valid Loss: 23.6553, Valid RMSE: 36.6511, Valid MAPE: 0.1072, Train Time: 161.2730s/epoch, Valid Time: 29.7761s, LR: 1.0000e-03
2024-01-14 10:31:45,674 - Val loss decrease from 24.1175 to 23.6553
2024-01-14 10:34:58,450 - Epoch: 020, Train Loss: 24.0671, Train RMSE: 37.1441, Train MAPE: 0.1134, Valid Loss: 23.8046, Valid RMSE: 36.6138, Valid MAPE: 0.1145, Train Time: 149.8266s/epoch, Valid Time: 42.9489s, LR: 1.0000e-03
2024-01-14 10:38:05,367 - Epoch: 021, Train Loss: 23.8393, Train RMSE: 36.8959, Train MAPE: 0.1118, Valid Loss: 23.3873, Valid RMSE: 36.3437, Valid MAPE: 0.1055, Train Time: 142.5350s/epoch, Valid Time: 44.3812s, LR: 1.0000e-03
2024-01-14 10:38:05,382 - Val loss decrease from 23.6553 to 23.3873
2024-01-14 10:41:05,444 - Epoch: 022, Train Loss: 23.6391, Train RMSE: 36.6655, Train MAPE: 0.1106, Valid Loss: 23.8931, Valid RMSE: 36.7901, Valid MAPE: 0.1163, Train Time: 149.6531s/epoch, Valid Time: 30.4088s, LR: 1.0000e-03
2024-01-14 10:44:28,334 - Epoch: 023, Train Loss: 23.3983, Train RMSE: 36.3925, Train MAPE: 0.1086, Valid Loss: 23.3390, Valid RMSE: 36.3156, Valid MAPE: 0.1061, Train Time: 170.2510s/epoch, Valid Time: 32.6378s, LR: 1.0000e-03
2024-01-14 10:44:28,364 - Val loss decrease from 23.3873 to 23.3390
2024-01-14 10:47:39,197 - Epoch: 024, Train Loss: 23.2870, Train RMSE: 36.2120, Train MAPE: 0.1105, Valid Loss: 23.1489, Valid RMSE: 36.0725, Valid MAPE: 0.1094, Train Time: 160.2942s/epoch, Valid Time: 30.5383s, LR: 1.0000e-03
2024-01-14 10:47:39,222 - Val loss decrease from 23.3390 to 23.1489
2024-01-14 10:50:48,855 - Epoch: 025, Train Loss: 23.1269, Train RMSE: 36.0338, Train MAPE: 0.1085, Valid Loss: 23.1162, Valid RMSE: 35.9894, Valid MAPE: 0.1073, Train Time: 160.3141s/epoch, Valid Time: 29.3182s, LR: 1.0000e-03
2024-01-14 10:50:48,870 - Val loss decrease from 23.1489 to 23.1162
2024-01-14 10:53:59,031 - Epoch: 026, Train Loss: 23.0074, Train RMSE: 35.9029, Train MAPE: 0.1069, Valid Loss: 22.7515, Valid RMSE: 35.7230, Valid MAPE: 0.1042, Train Time: 157.2286s/epoch, Valid Time: 32.9316s, LR: 1.0000e-03
2024-01-14 10:53:59,047 - Val loss decrease from 23.1162 to 22.7515
2024-01-14 10:57:03,386 - Epoch: 027, Train Loss: 22.8771, Train RMSE: 35.7327, Train MAPE: 0.1079, Valid Loss: 22.9468, Valid RMSE: 35.8910, Valid MAPE: 0.1077, Train Time: 149.5738s/epoch, Valid Time: 34.7647s, LR: 1.0000e-03
2024-01-14 11:00:04,820 - Epoch: 028, Train Loss: 22.6905, Train RMSE: 35.5486, Train MAPE: 0.1062, Valid Loss: 22.5820, Valid RMSE: 35.4141, Valid MAPE: 0.1051, Train Time: 143.9048s/epoch, Valid Time: 37.5277s, LR: 1.0000e-03
2024-01-14 11:00:04,837 - Val loss decrease from 22.7515 to 22.5820
2024-01-14 11:03:03,941 - Epoch: 029, Train Loss: 22.5977, Train RMSE: 35.4329, Train MAPE: 0.1059, Valid Loss: 22.5624, Valid RMSE: 35.4912, Valid MAPE: 0.1040, Train Time: 144.0768s/epoch, Valid Time: 35.0265s, LR: 1.0000e-03
2024-01-14 11:03:03,958 - Val loss decrease from 22.5820 to 22.5624
2024-01-14 11:06:01,600 - Epoch: 030, Train Loss: 22.4789, Train RMSE: 35.3058, Train MAPE: 0.1053, Valid Loss: 22.8614, Valid RMSE: 35.8745, Valid MAPE: 0.1037, Train Time: 149.8514s/epoch, Valid Time: 27.7903s, LR: 1.0000e-03
2024-01-14 11:09:06,716 - Epoch: 031, Train Loss: 22.4582, Train RMSE: 35.2741, Train MAPE: 0.1060, Valid Loss: 22.6651, Valid RMSE: 35.4895, Valid MAPE: 0.1127, Train Time: 154.9063s/epoch, Valid Time: 30.2092s, LR: 1.0000e-03
2024-01-14 11:12:09,557 - Epoch: 032, Train Loss: 22.3283, Train RMSE: 35.1430, Train MAPE: 0.1041, Valid Loss: 22.6421, Valid RMSE: 35.3520, Valid MAPE: 0.1127, Train Time: 152.2351s/epoch, Valid Time: 30.6044s, LR: 1.0000e-03
2024-01-14 11:15:11,844 - Epoch: 033, Train Loss: 22.2344, Train RMSE: 35.0529, Train MAPE: 0.1039, Valid Loss: 22.3251, Valid RMSE: 35.0972, Valid MAPE: 0.1072, Train Time: 154.3879s/epoch, Valid Time: 27.8980s, LR: 1.0000e-03
2024-01-14 11:15:11,861 - Val loss decrease from 22.5624 to 22.3251
2024-01-14 11:18:15,832 - Epoch: 034, Train Loss: 22.1854, Train RMSE: 34.9950, Train MAPE: 0.1041, Valid Loss: 22.5219, Valid RMSE: 35.4122, Valid MAPE: 0.1060, Train Time: 152.1824s/epoch, Valid Time: 31.7884s, LR: 1.0000e-03
2024-01-14 11:21:18,348 - Epoch: 035, Train Loss: 22.1192, Train RMSE: 34.9255, Train MAPE: 0.1035, Valid Loss: 22.1807, Valid RMSE: 34.9613, Valid MAPE: 0.1013, Train Time: 145.5292s/epoch, Valid Time: 36.9854s, LR: 1.0000e-03
2024-01-14 11:21:18,367 - Val loss decrease from 22.3251 to 22.1807
2024-01-14 11:24:15,513 - Epoch: 036, Train Loss: 22.0938, Train RMSE: 34.8992, Train MAPE: 0.1037, Valid Loss: 22.0979, Valid RMSE: 35.0799, Valid MAPE: 0.0980, Train Time: 146.1438s/epoch, Valid Time: 31.0018s, LR: 1.0000e-03
2024-01-14 11:24:15,527 - Val loss decrease from 22.1807 to 22.0979
2024-01-14 11:27:22,385 - Epoch: 037, Train Loss: 21.9838, Train RMSE: 34.8030, Train MAPE: 0.1021, Valid Loss: 22.1067, Valid RMSE: 35.0728, Valid MAPE: 0.0998, Train Time: 147.9821s/epoch, Valid Time: 38.8755s, LR: 1.0000e-03
2024-01-14 11:30:32,152 - Epoch: 038, Train Loss: 21.9255, Train RMSE: 34.7328, Train MAPE: 0.1022, Valid Loss: 22.2887, Valid RMSE: 35.3072, Valid MAPE: 0.1012, Train Time: 160.5079s/epoch, Valid Time: 29.2579s, LR: 1.0000e-03
2024-01-14 11:33:48,105 - Epoch: 039, Train Loss: 21.8849, Train RMSE: 34.6916, Train MAPE: 0.1023, Valid Loss: 22.1657, Valid RMSE: 35.1927, Valid MAPE: 0.1019, Train Time: 163.3839s/epoch, Valid Time: 32.5692s, LR: 1.0000e-03
2024-01-14 11:37:06,665 - Epoch: 040, Train Loss: 21.8707, Train RMSE: 34.6795, Train MAPE: 0.1020, Valid Loss: 22.0336, Valid RMSE: 34.8951, Valid MAPE: 0.1062, Train Time: 167.0304s/epoch, Valid Time: 31.5289s, LR: 1.0000e-03
2024-01-14 11:37:06,682 - Val loss decrease from 22.0979 to 22.0336
2024-01-14 11:40:20,361 - Epoch: 041, Train Loss: 21.8123, Train RMSE: 34.6204, Train MAPE: 0.1023, Valid Loss: 22.1793, Valid RMSE: 35.2291, Valid MAPE: 0.1007, Train Time: 161.7950s/epoch, Valid Time: 31.8841s, LR: 1.0000e-03
2024-01-14 11:43:29,157 - Epoch: 042, Train Loss: 21.7696, Train RMSE: 34.5723, Train MAPE: 0.1016, Valid Loss: 22.1599, Valid RMSE: 35.0853, Valid MAPE: 0.1021, Train Time: 146.8393s/epoch, Valid Time: 41.9564s, LR: 1.0000e-03
2024-01-14 11:46:21,972 - Epoch: 043, Train Loss: 21.7599, Train RMSE: 34.5691, Train MAPE: 0.1011, Valid Loss: 22.0780, Valid RMSE: 34.9611, Valid MAPE: 0.1012, Train Time: 143.6100s/epoch, Valid Time: 29.2042s, LR: 1.0000e-03
2024-01-14 11:49:25,294 - Epoch: 044, Train Loss: 21.7247, Train RMSE: 34.5333, Train MAPE: 0.1013, Valid Loss: 22.0616, Valid RMSE: 35.0865, Valid MAPE: 0.0987, Train Time: 149.4397s/epoch, Valid Time: 33.8812s, LR: 1.0000e-03
2024-01-14 11:52:26,043 - Epoch: 045, Train Loss: 21.7122, Train RMSE: 34.5236, Train MAPE: 0.1009, Valid Loss: 21.7405, Valid RMSE: 34.7762, Valid MAPE: 0.0975, Train Time: 150.3069s/epoch, Valid Time: 30.4411s, LR: 1.0000e-03
2024-01-14 11:52:26,057 - Val loss decrease from 22.0336 to 21.7405
2024-01-14 11:55:29,172 - Epoch: 046, Train Loss: 21.6655, Train RMSE: 34.4687, Train MAPE: 0.1009, Valid Loss: 21.8548, Valid RMSE: 34.7904, Valid MAPE: 0.1006, Train Time: 154.3552s/epoch, Valid Time: 28.7589s, LR: 1.0000e-03
2024-01-14 11:58:35,853 - Epoch: 047, Train Loss: 21.6210, Train RMSE: 34.4450, Train MAPE: 0.0996, Valid Loss: 21.8384, Valid RMSE: 34.7959, Valid MAPE: 0.0988, Train Time: 154.1652s/epoch, Valid Time: 32.5156s, LR: 1.0000e-03
2024-01-14 12:01:36,878 - Epoch: 048, Train Loss: 21.5572, Train RMSE: 34.3643, Train MAPE: 0.0999, Valid Loss: 21.7313, Valid RMSE: 34.6955, Valid MAPE: 0.0980, Train Time: 149.7159s/epoch, Valid Time: 31.3076s, LR: 1.0000e-03
2024-01-14 12:01:36,894 - Val loss decrease from 21.7405 to 21.7313
2024-01-14 12:04:40,624 - Epoch: 049, Train Loss: 21.5056, Train RMSE: 34.3149, Train MAPE: 0.0992, Valid Loss: 21.8098, Valid RMSE: 34.7068, Valid MAPE: 0.1011, Train Time: 149.2957s/epoch, Valid Time: 34.4340s, LR: 1.0000e-03
2024-01-14 12:07:41,845 - Epoch: 050, Train Loss: 21.4781, Train RMSE: 34.2930, Train MAPE: 0.0988, Valid Loss: 21.7562, Valid RMSE: 34.7101, Valid MAPE: 0.1049, Train Time: 147.4291s/epoch, Valid Time: 33.7915s, LR: 1.0000e-03
2024-01-14 12:10:41,644 - Epoch: 051, Train Loss: 21.4886, Train RMSE: 34.2814, Train MAPE: 0.0999, Valid Loss: 21.7586, Valid RMSE: 34.7550, Valid MAPE: 0.1015, Train Time: 151.7850s/epoch, Valid Time: 28.0127s, LR: 1.0000e-03
2024-01-14 12:13:47,739 - Epoch: 052, Train Loss: 21.4405, Train RMSE: 34.2371, Train MAPE: 0.0994, Valid Loss: 21.7888, Valid RMSE: 34.7283, Valid MAPE: 0.0979, Train Time: 149.3626s/epoch, Valid Time: 36.7320s, LR: 1.0000e-03
2024-01-14 12:16:43,223 - Epoch: 053, Train Loss: 21.3839, Train RMSE: 34.1783, Train MAPE: 0.0991, Valid Loss: 21.7158, Valid RMSE: 34.6716, Valid MAPE: 0.0986, Train Time: 144.9124s/epoch, Valid Time: 30.5711s, LR: 1.0000e-03
2024-01-14 12:16:43,239 - Val loss decrease from 21.7313 to 21.7158
2024-01-14 12:19:45,659 - Epoch: 054, Train Loss: 21.3993, Train RMSE: 34.1918, Train MAPE: 0.0993, Valid Loss: 21.7027, Valid RMSE: 34.7351, Valid MAPE: 0.0966, Train Time: 153.5574s/epoch, Valid Time: 28.8619s, LR: 1.0000e-03
2024-01-14 12:19:45,676 - Val loss decrease from 21.7158 to 21.7027
2024-01-14 12:22:49,619 - Epoch: 055, Train Loss: 21.3690, Train RMSE: 34.1515, Train MAPE: 0.0991, Valid Loss: 21.6959, Valid RMSE: 34.7758, Valid MAPE: 0.1011, Train Time: 154.7514s/epoch, Valid Time: 29.1907s, LR: 1.0000e-03
2024-01-14 12:22:49,636 - Val loss decrease from 21.7027 to 21.6959
2024-01-14 12:25:53,290 - Epoch: 056, Train Loss: 21.3329, Train RMSE: 34.1245, Train MAPE: 0.0986, Valid Loss: 21.4759, Valid RMSE: 34.4430, Valid MAPE: 0.0984, Train Time: 150.4354s/epoch, Valid Time: 33.2176s, LR: 1.0000e-03
2024-01-14 12:25:53,308 - Val loss decrease from 21.6959 to 21.4759
2024-01-14 12:28:55,658 - Epoch: 057, Train Loss: 21.2992, Train RMSE: 34.0872, Train MAPE: 0.0987, Valid Loss: 21.8783, Valid RMSE: 34.8221, Valid MAPE: 0.1035, Train Time: 146.7336s/epoch, Valid Time: 35.6157s, LR: 1.0000e-03
2024-01-14 12:31:55,195 - Epoch: 058, Train Loss: 21.2632, Train RMSE: 34.0603, Train MAPE: 0.0982, Valid Loss: 21.7558, Valid RMSE: 34.8037, Valid MAPE: 0.1076, Train Time: 147.2830s/epoch, Valid Time: 32.2526s, LR: 1.0000e-03
2024-01-14 12:34:58,812 - Epoch: 059, Train Loss: 21.2631, Train RMSE: 34.0483, Train MAPE: 0.0981, Valid Loss: 21.6456, Valid RMSE: 34.5395, Valid MAPE: 0.0976, Train Time: 153.1352s/epoch, Valid Time: 30.4808s, LR: 1.0000e-03
2024-01-14 12:38:04,369 - Epoch: 060, Train Loss: 21.2192, Train RMSE: 34.0027, Train MAPE: 0.0981, Valid Loss: 21.7646, Valid RMSE: 34.7699, Valid MAPE: 0.1026, Train Time: 151.4916s/epoch, Valid Time: 34.0655s, LR: 1.0000e-03
2024-01-14 12:41:08,416 - Epoch: 061, Train Loss: 21.1823, Train RMSE: 33.9689, Train MAPE: 0.0978, Valid Loss: 21.5506, Valid RMSE: 34.4422, Valid MAPE: 0.0986, Train Time: 155.9486s/epoch, Valid Time: 28.0968s, LR: 1.0000e-03
2024-01-14 12:44:11,493 - Epoch: 062, Train Loss: 21.1802, Train RMSE: 33.9656, Train MAPE: 0.0974, Valid Loss: 21.6266, Valid RMSE: 34.6648, Valid MAPE: 0.0992, Train Time: 153.0353s/epoch, Valid Time: 30.0418s, LR: 1.0000e-03
2024-01-14 12:47:18,493 - Epoch: 063, Train Loss: 21.1328, Train RMSE: 33.9150, Train MAPE: 0.0978, Valid Loss: 21.5403, Valid RMSE: 34.5703, Valid MAPE: 0.0964, Train Time: 150.8006s/epoch, Valid Time: 36.1983s, LR: 1.0000e-03
2024-01-14 12:50:16,736 - Epoch: 064, Train Loss: 21.1193, Train RMSE: 33.9046, Train MAPE: 0.0973, Valid Loss: 21.3739, Valid RMSE: 34.3979, Valid MAPE: 0.0965, Train Time: 147.6998s/epoch, Valid Time: 30.5422s, LR: 1.0000e-03
2024-01-14 12:50:16,758 - Val loss decrease from 21.4759 to 21.3739
2024-01-14 12:53:20,342 - Epoch: 065, Train Loss: 21.1009, Train RMSE: 33.8797, Train MAPE: 0.0972, Valid Loss: 21.4803, Valid RMSE: 34.5111, Valid MAPE: 0.0954, Train Time: 150.1550s/epoch, Valid Time: 33.4287s, LR: 1.0000e-03
2024-01-14 12:56:25,318 - Epoch: 066, Train Loss: 21.0953, Train RMSE: 33.8656, Train MAPE: 0.0972, Valid Loss: 21.4960, Valid RMSE: 34.4403, Valid MAPE: 0.0980, Train Time: 156.5271s/epoch, Valid Time: 28.4479s, LR: 1.0000e-03
2024-01-14 12:59:34,547 - Epoch: 067, Train Loss: 21.0481, Train RMSE: 33.8229, Train MAPE: 0.0969, Valid Loss: 21.5483, Valid RMSE: 34.4935, Valid MAPE: 0.0998, Train Time: 153.7149s/epoch, Valid Time: 35.5142s, LR: 1.0000e-03
2024-01-14 13:02:42,666 - Epoch: 068, Train Loss: 21.0500, Train RMSE: 33.8106, Train MAPE: 0.0975, Valid Loss: 21.5293, Valid RMSE: 34.5312, Valid MAPE: 0.0989, Train Time: 151.8425s/epoch, Valid Time: 36.2755s, LR: 1.0000e-03
2024-01-14 13:05:47,498 - Epoch: 069, Train Loss: 21.0225, Train RMSE: 33.7806, Train MAPE: 0.0974, Valid Loss: 21.4834, Valid RMSE: 34.5686, Valid MAPE: 0.0964, Train Time: 155.4533s/epoch, Valid Time: 29.3777s, LR: 1.0000e-03
2024-01-14 13:08:57,404 - Epoch: 070, Train Loss: 21.0347, Train RMSE: 33.8066, Train MAPE: 0.0968, Valid Loss: 21.4849, Valid RMSE: 34.4019, Valid MAPE: 0.1017, Train Time: 156.9271s/epoch, Valid Time: 32.9777s, LR: 1.0000e-03
2024-01-14 13:12:03,619 - Epoch: 071, Train Loss: 20.9776, Train RMSE: 33.7495, Train MAPE: 0.0964, Valid Loss: 21.3466, Valid RMSE: 34.3312, Valid MAPE: 0.0952, Train Time: 154.6046s/epoch, Valid Time: 31.6096s, LR: 1.0000e-03
2024-01-14 13:12:03,642 - Val loss decrease from 21.3739 to 21.3466
2024-01-14 13:15:11,501 - Epoch: 072, Train Loss: 20.9874, Train RMSE: 33.7454, Train MAPE: 0.0973, Valid Loss: 21.4044, Valid RMSE: 34.4513, Valid MAPE: 0.0965, Train Time: 156.9306s/epoch, Valid Time: 30.9284s, LR: 1.0000e-03
2024-01-14 13:18:23,713 - Epoch: 073, Train Loss: 20.9457, Train RMSE: 33.7132, Train MAPE: 0.0965, Valid Loss: 21.3978, Valid RMSE: 34.3173, Valid MAPE: 0.0955, Train Time: 151.7854s/epoch, Valid Time: 40.4252s, LR: 1.0000e-03
2024-01-14 13:21:26,300 - Epoch: 074, Train Loss: 20.9539, Train RMSE: 33.7062, Train MAPE: 0.0964, Valid Loss: 21.4821, Valid RMSE: 34.6254, Valid MAPE: 0.0968, Train Time: 152.1011s/epoch, Valid Time: 30.4854s, LR: 1.0000e-03
2024-01-14 13:24:37,904 - Epoch: 075, Train Loss: 20.8929, Train RMSE: 33.6582, Train MAPE: 0.0961, Valid Loss: 21.2368, Valid RMSE: 34.1785, Valid MAPE: 0.0991, Train Time: 155.1806s/epoch, Valid Time: 36.4226s, LR: 1.0000e-03
2024-01-14 13:24:37,916 - Val loss decrease from 21.3466 to 21.2368
2024-01-14 13:27:42,413 - Epoch: 076, Train Loss: 20.9107, Train RMSE: 33.6577, Train MAPE: 0.0970, Valid Loss: 21.4693, Valid RMSE: 34.4776, Valid MAPE: 0.0989, Train Time: 154.3762s/epoch, Valid Time: 30.1205s, LR: 1.0000e-03
2024-01-14 13:30:52,554 - Epoch: 077, Train Loss: 20.9244, Train RMSE: 33.6678, Train MAPE: 0.0970, Valid Loss: 21.2692, Valid RMSE: 34.2910, Valid MAPE: 0.0958, Train Time: 159.5642s/epoch, Valid Time: 30.5760s, LR: 1.0000e-03
2024-01-14 13:34:05,681 - Epoch: 078, Train Loss: 20.8716, Train RMSE: 33.6208, Train MAPE: 0.0963, Valid Loss: 21.5185, Valid RMSE: 34.6738, Valid MAPE: 0.0971, Train Time: 153.5111s/epoch, Valid Time: 39.6151s, LR: 1.0000e-03
2024-01-14 13:37:06,126 - Epoch: 079, Train Loss: 20.8507, Train RMSE: 33.6075, Train MAPE: 0.0961, Valid Loss: 21.3821, Valid RMSE: 34.3878, Valid MAPE: 0.0958, Train Time: 151.0126s/epoch, Valid Time: 29.4320s, LR: 1.0000e-03
2024-01-14 13:40:15,752 - Epoch: 080, Train Loss: 20.8432, Train RMSE: 33.5865, Train MAPE: 0.0965, Valid Loss: 21.2481, Valid RMSE: 34.2808, Valid MAPE: 0.0953, Train Time: 157.8372s/epoch, Valid Time: 31.7880s, LR: 1.0000e-03
2024-01-14 13:43:21,374 - Epoch: 081, Train Loss: 20.8257, Train RMSE: 33.5822, Train MAPE: 0.0957, Valid Loss: 21.2193, Valid RMSE: 34.3075, Valid MAPE: 0.0972, Train Time: 150.3334s/epoch, Valid Time: 35.2883s, LR: 1.0000e-03
2024-01-14 13:43:21,392 - Val loss decrease from 21.2368 to 21.2193
2024-01-14 13:46:21,115 - Epoch: 082, Train Loss: 20.7795, Train RMSE: 33.5427, Train MAPE: 0.0955, Valid Loss: 21.1315, Valid RMSE: 34.1893, Valid MAPE: 0.0992, Train Time: 150.1059s/epoch, Valid Time: 29.6168s, LR: 1.0000e-03
2024-01-14 13:46:21,137 - Val loss decrease from 21.2193 to 21.1315
2024-01-14 13:49:26,939 - Epoch: 083, Train Loss: 20.7733, Train RMSE: 33.5313, Train MAPE: 0.0953, Valid Loss: 21.4280, Valid RMSE: 34.4182, Valid MAPE: 0.0976, Train Time: 149.8712s/epoch, Valid Time: 35.9304s, LR: 1.0000e-03
2024-01-14 13:52:24,285 - Epoch: 084, Train Loss: 20.7702, Train RMSE: 33.5098, Train MAPE: 0.0959, Valid Loss: 21.2772, Valid RMSE: 34.3546, Valid MAPE: 0.0961, Train Time: 147.3426s/epoch, Valid Time: 30.0023s, LR: 1.0000e-03
2024-01-14 13:55:29,032 - Epoch: 085, Train Loss: 20.7897, Train RMSE: 33.5312, Train MAPE: 0.0962, Valid Loss: 21.2851, Valid RMSE: 34.2253, Valid MAPE: 0.1068, Train Time: 149.9438s/epoch, Valid Time: 34.8016s, LR: 1.0000e-03
2024-01-14 13:58:27,812 - Epoch: 086, Train Loss: 20.7542, Train RMSE: 33.4951, Train MAPE: 0.0961, Valid Loss: 21.1052, Valid RMSE: 34.1551, Valid MAPE: 0.0941, Train Time: 149.9381s/epoch, Valid Time: 28.8410s, LR: 1.0000e-03
2024-01-14 13:58:27,839 - Val loss decrease from 21.1315 to 21.1052
2024-01-14 14:01:30,691 - Epoch: 087, Train Loss: 20.7442, Train RMSE: 33.4908, Train MAPE: 0.0956, Valid Loss: 21.3111, Valid RMSE: 34.2502, Valid MAPE: 0.1005, Train Time: 155.0681s/epoch, Valid Time: 27.7834s, LR: 1.0000e-03
2024-01-14 14:04:35,157 - Epoch: 088, Train Loss: 20.7281, Train RMSE: 33.4736, Train MAPE: 0.0955, Valid Loss: 21.1939, Valid RMSE: 34.2658, Valid MAPE: 0.0953, Train Time: 153.4551s/epoch, Valid Time: 31.0104s, LR: 1.0000e-03
2024-01-14 14:07:38,921 - Epoch: 089, Train Loss: 20.7062, Train RMSE: 33.4601, Train MAPE: 0.0953, Valid Loss: 21.2716, Valid RMSE: 34.1820, Valid MAPE: 0.1018, Train Time: 147.1138s/epoch, Valid Time: 36.6491s, LR: 1.0000e-03
2024-01-14 14:10:38,401 - Epoch: 090, Train Loss: 20.6930, Train RMSE: 33.4385, Train MAPE: 0.0955, Valid Loss: 21.3200, Valid RMSE: 34.2501, Valid MAPE: 0.1033, Train Time: 143.9141s/epoch, Valid Time: 35.5655s, LR: 1.0000e-03
2024-01-14 14:13:37,963 - Epoch: 091, Train Loss: 20.6599, Train RMSE: 33.4109, Train MAPE: 0.0952, Valid Loss: 21.0695, Valid RMSE: 34.1343, Valid MAPE: 0.0962, Train Time: 151.6511s/epoch, Valid Time: 27.9107s, LR: 1.0000e-03
2024-01-14 14:13:37,978 - Val loss decrease from 21.1052 to 21.0695
2024-01-14 14:16:42,341 - Epoch: 092, Train Loss: 20.6718, Train RMSE: 33.4145, Train MAPE: 0.0956, Valid Loss: 21.2096, Valid RMSE: 34.1482, Valid MAPE: 0.1087, Train Time: 151.7849s/epoch, Valid Time: 32.5781s, LR: 1.0000e-03
2024-01-14 14:19:43,236 - Epoch: 093, Train Loss: 20.6436, Train RMSE: 33.3931, Train MAPE: 0.0947, Valid Loss: 21.1926, Valid RMSE: 34.0910, Valid MAPE: 0.1027, Train Time: 150.5150s/epoch, Valid Time: 30.3789s, LR: 1.0000e-03
2024-01-14 14:22:45,278 - Epoch: 094, Train Loss: 20.6316, Train RMSE: 33.3781, Train MAPE: 0.0951, Valid Loss: 21.0335, Valid RMSE: 34.1087, Valid MAPE: 0.0940, Train Time: 149.9845s/epoch, Valid Time: 32.0563s, LR: 1.0000e-03
2024-01-14 14:22:45,296 - Val loss decrease from 21.0695 to 21.0335
2024-01-14 14:25:46,073 - Epoch: 095, Train Loss: 20.6638, Train RMSE: 33.4119, Train MAPE: 0.0949, Valid Loss: 21.0761, Valid RMSE: 34.1287, Valid MAPE: 0.0961, Train Time: 152.2927s/epoch, Valid Time: 28.4835s, LR: 1.0000e-03
2024-01-14 14:28:51,470 - Epoch: 096, Train Loss: 20.6339, Train RMSE: 33.3714, Train MAPE: 0.0949, Valid Loss: 21.1680, Valid RMSE: 34.1977, Valid MAPE: 0.0988, Train Time: 154.1538s/epoch, Valid Time: 31.2430s, LR: 1.0000e-03
2024-01-14 14:31:56,546 - Epoch: 097, Train Loss: 20.6185, Train RMSE: 33.3646, Train MAPE: 0.0950, Valid Loss: 21.1648, Valid RMSE: 34.2075, Valid MAPE: 0.0953, Train Time: 147.5514s/epoch, Valid Time: 37.5232s, LR: 1.0000e-03
2024-01-14 14:34:53,723 - Epoch: 098, Train Loss: 20.6039, Train RMSE: 33.3525, Train MAPE: 0.0944, Valid Loss: 21.0773, Valid RMSE: 34.1198, Valid MAPE: 0.0955, Train Time: 146.0563s/epoch, Valid Time: 31.1206s, LR: 1.0000e-03
2024-01-14 14:37:56,241 - Epoch: 099, Train Loss: 20.5647, Train RMSE: 33.3084, Train MAPE: 0.0946, Valid Loss: 21.1953, Valid RMSE: 34.2279, Valid MAPE: 0.1011, Train Time: 147.0326s/epoch, Valid Time: 35.4851s, LR: 1.0000e-03
2024-01-14 14:40:53,999 - Epoch: 100, Train Loss: 20.5913, Train RMSE: 33.3311, Train MAPE: 0.0947, Valid Loss: 21.0319, Valid RMSE: 34.0228, Valid MAPE: 0.0946, Train Time: 147.5758s/epoch, Valid Time: 30.1812s, LR: 1.0000e-03
2024-01-14 14:40:54,016 - Val loss decrease from 21.0335 to 21.0319
2024-01-14 14:40:54,016 - best valid_loss:21.031895
2024-01-14 14:41:27,916 - Horizon 1, Test MAE: 17.9075, Test RMSE: 28.0623, Test MAPE: 0.0828
2024-01-14 14:41:28,054 - Horizon 2, Test MAE: 19.2245, Test RMSE: 30.2732, Test MAPE: 0.0897
2024-01-14 14:41:28,111 - Horizon 3, Test MAE: 20.0200, Test RMSE: 31.6735, Test MAPE: 0.0890
2024-01-14 14:41:28,297 - Horizon 4, Test MAE: 20.4761, Test RMSE: 32.6428, Test MAPE: 0.0877
2024-01-14 14:41:28,564 - Horizon 5, Test MAE: 20.9488, Test RMSE: 33.5112, Test MAPE: 0.0883
2024-01-14 14:41:28,654 - Horizon 6, Test MAE: 21.3533, Test RMSE: 34.2837, Test MAPE: 0.0899
2024-01-14 14:41:28,776 - Horizon 7, Test MAE: 21.7826, Test RMSE: 34.9928, Test MAPE: 0.0919
2024-01-14 14:41:28,994 - Horizon 8, Test MAE: 22.1632, Test RMSE: 35.6382, Test MAPE: 0.0940
2024-01-14 14:41:29,058 - Horizon 9, Test MAE: 22.5765, Test RMSE: 36.2703, Test MAPE: 0.0959
2024-01-14 14:41:29,303 - Horizon 10, Test MAE: 22.9711, Test RMSE: 36.8484, Test MAPE: 0.1004
2024-01-14 14:41:29,535 - Horizon 11, Test MAE: 23.3327, Test RMSE: 37.4754, Test MAPE: 0.1008
2024-01-14 14:41:29,673 - Horizon 12, Test MAE: 23.8830, Test RMSE: 38.2140, Test MAPE: 0.1037
2024-01-14 14:41:29,674 - Average Test MAE: 21.3866, Test RMSE: 34.1571, Test MAPE: 0.0928
