2023-12-22 00:46:45,399 - Namespace(adapter=True, addition={'init_dim': 32, 'hid_dim': 64, 'end_dim': 512, 'layer': 2}, batch_size=128, clip_grad_value=5, dataset='PEMSBAY', device='cuda:5', dropout=0.3, embed_dim=10, end_dim=512, frozen=False, hid_dim=64, horizon=12, init_dim=32, input_dim=2, layer=2, lrate=0.001, max_epochs=100, mode='train', model='lstm', num_layers=1, output_dim=1, patience=10, pre_train='', save='lstm_adapter_pemsbay_9', seed=9, seq_length=12, wdecay=0.0005, years='2017')
2023-12-22 00:46:45,400 - Adj path: /home/yuxuan/rwl/GWN-LoRA/data/pemsbay/pemsbay_rn_adj.npy
2023-12-22 00:46:47,122 - Data shape: (52116, 325, 3)
2023-12-22 00:46:48,224 - Sample num: 36465, Batch num: 284
2023-12-22 00:46:49,299 - Sample num: 5209, Batch num: 40
2023-12-22 00:46:50,489 - Sample num: 10419, Batch num: 81
2023-12-22 00:46:50,976 - The number of parameters: 97900
2023-12-22 00:46:50,983 - Start training!
2023-12-22 00:47:24,536 - Epoch: 001, Train Loss: 2.3321, Train RMSE: 5.2310, Train MAPE: 0.0548, Valid Loss: 2.2324, Valid RMSE: 5.3496, Valid MAPE: 0.0515, Train Time: 30.4544s/epoch, Valid Time: 3.0987s, LR: 1.0000e-03
2023-12-22 00:47:24,548 - Val loss decrease from inf to 2.2324
2023-12-22 00:47:56,706 - Epoch: 002, Train Loss: 2.0559, Train RMSE: 4.7900, Train MAPE: 0.0461, Valid Loss: 2.2177, Valid RMSE: 5.2656, Valid MAPE: 0.0521, Train Time: 29.0669s/epoch, Valid Time: 3.0910s, LR: 1.0000e-03
2023-12-22 00:47:56,717 - Val loss decrease from 2.2324 to 2.2177
2023-12-22 00:48:29,476 - Epoch: 003, Train Loss: 2.0435, Train RMSE: 4.7624, Train MAPE: 0.0459, Valid Loss: 2.2036, Valid RMSE: 5.2621, Valid MAPE: 0.0515, Train Time: 29.6690s/epoch, Valid Time: 3.0894s, LR: 1.0000e-03
2023-12-22 00:48:29,484 - Val loss decrease from 2.2177 to 2.2036
2023-12-22 00:49:02,439 - Epoch: 004, Train Loss: 2.0298, Train RMSE: 4.7412, Train MAPE: 0.0457, Valid Loss: 2.1970, Valid RMSE: 5.2766, Valid MAPE: 0.0506, Train Time: 29.7415s/epoch, Valid Time: 3.2130s, LR: 1.0000e-03
2023-12-22 00:49:02,445 - Val loss decrease from 2.2036 to 2.1970
2023-12-22 00:49:35,332 - Epoch: 005, Train Loss: 2.0191, Train RMSE: 4.7115, Train MAPE: 0.0455, Valid Loss: 2.1879, Valid RMSE: 5.2710, Valid MAPE: 0.0502, Train Time: 29.7543s/epoch, Valid Time: 3.1325s, LR: 1.0000e-03
2023-12-22 00:49:35,339 - Val loss decrease from 2.1970 to 2.1879
2023-12-22 00:50:08,266 - Epoch: 006, Train Loss: 2.0031, Train RMSE: 4.6722, Train MAPE: 0.0452, Valid Loss: 2.1604, Valid RMSE: 5.2305, Valid MAPE: 0.0496, Train Time: 29.7686s/epoch, Valid Time: 3.1574s, LR: 1.0000e-03
2023-12-22 00:50:08,273 - Val loss decrease from 2.1879 to 2.1604
2023-12-22 00:50:41,124 - Epoch: 007, Train Loss: 1.9930, Train RMSE: 4.6547, Train MAPE: 0.0450, Valid Loss: 2.1388, Valid RMSE: 5.1183, Valid MAPE: 0.0506, Train Time: 29.7346s/epoch, Valid Time: 3.1162s, LR: 1.0000e-03
2023-12-22 00:50:41,131 - Val loss decrease from 2.1604 to 2.1388
2023-12-22 00:51:13,782 - Epoch: 008, Train Loss: 1.9827, Train RMSE: 4.6345, Train MAPE: 0.0448, Valid Loss: 2.1414, Valid RMSE: 5.1249, Valid MAPE: 0.0498, Train Time: 29.6811s/epoch, Valid Time: 2.9692s, LR: 1.0000e-03
2023-12-22 00:51:46,733 - Epoch: 009, Train Loss: 1.9719, Train RMSE: 4.5998, Train MAPE: 0.0447, Valid Loss: 2.1137, Valid RMSE: 5.0924, Valid MAPE: 0.0489, Train Time: 29.8562s/epoch, Valid Time: 3.0946s, LR: 1.0000e-03
2023-12-22 00:51:46,740 - Val loss decrease from 2.1388 to 2.1137
2023-12-22 00:52:19,740 - Epoch: 010, Train Loss: 1.9380, Train RMSE: 4.4768, Train MAPE: 0.0439, Valid Loss: 2.0494, Valid RMSE: 4.7852, Valid MAPE: 0.0486, Train Time: 29.8787s/epoch, Valid Time: 3.1215s, LR: 1.0000e-03
2023-12-22 00:52:19,747 - Val loss decrease from 2.1137 to 2.0494
2023-12-22 00:52:53,046 - Epoch: 011, Train Loss: 1.9226, Train RMSE: 4.4119, Train MAPE: 0.0437, Valid Loss: 2.0539, Valid RMSE: 4.7807, Valid MAPE: 0.0488, Train Time: 30.1067s/epoch, Valid Time: 3.1917s, LR: 1.0000e-03
2023-12-22 00:53:26,293 - Epoch: 012, Train Loss: 1.8981, Train RMSE: 4.3434, Train MAPE: 0.0431, Valid Loss: 2.0247, Valid RMSE: 4.7749, Valid MAPE: 0.0467, Train Time: 30.0450s/epoch, Valid Time: 3.2017s, LR: 1.0000e-03
2023-12-22 00:53:26,300 - Val loss decrease from 2.0494 to 2.0247
2023-12-22 00:53:59,387 - Epoch: 013, Train Loss: 1.8951, Train RMSE: 4.3268, Train MAPE: 0.0431, Valid Loss: 2.0043, Valid RMSE: 4.7140, Valid MAPE: 0.0473, Train Time: 29.9484s/epoch, Valid Time: 3.1387s, LR: 1.0000e-03
2023-12-22 00:53:59,394 - Val loss decrease from 2.0247 to 2.0043
2023-12-22 00:54:32,640 - Epoch: 014, Train Loss: 1.8829, Train RMSE: 4.3062, Train MAPE: 0.0428, Valid Loss: 1.9990, Valid RMSE: 4.6805, Valid MAPE: 0.0475, Train Time: 30.1732s/epoch, Valid Time: 3.0724s, LR: 1.0000e-03
2023-12-22 00:54:32,647 - Val loss decrease from 2.0043 to 1.9990
2023-12-22 00:55:06,029 - Epoch: 015, Train Loss: 1.8754, Train RMSE: 4.2895, Train MAPE: 0.0426, Valid Loss: 2.0309, Valid RMSE: 4.7958, Valid MAPE: 0.0475, Train Time: 30.4100s/epoch, Valid Time: 2.9713s, LR: 1.0000e-03
2023-12-22 00:55:39,214 - Epoch: 016, Train Loss: 1.8730, Train RMSE: 4.2802, Train MAPE: 0.0426, Valid Loss: 2.0151, Valid RMSE: 4.6889, Valid MAPE: 0.0490, Train Time: 30.0696s/epoch, Valid Time: 3.1154s, LR: 1.0000e-03
2023-12-22 00:56:12,568 - Epoch: 017, Train Loss: 1.8702, Train RMSE: 4.2799, Train MAPE: 0.0425, Valid Loss: 2.0055, Valid RMSE: 4.6851, Valid MAPE: 0.0489, Train Time: 30.1751s/epoch, Valid Time: 3.1776s, LR: 1.0000e-03
2023-12-22 00:56:46,033 - Epoch: 018, Train Loss: 1.8688, Train RMSE: 4.2699, Train MAPE: 0.0425, Valid Loss: 2.0127, Valid RMSE: 4.6864, Valid MAPE: 0.0474, Train Time: 30.3466s/epoch, Valid Time: 3.1178s, LR: 1.0000e-03
2023-12-22 00:57:19,481 - Epoch: 019, Train Loss: 1.8585, Train RMSE: 4.2541, Train MAPE: 0.0422, Valid Loss: 1.9833, Valid RMSE: 4.6476, Valid MAPE: 0.0472, Train Time: 30.4083s/epoch, Valid Time: 3.0384s, LR: 1.0000e-03
2023-12-22 00:57:19,488 - Val loss decrease from 1.9990 to 1.9833
2023-12-22 00:57:52,857 - Epoch: 020, Train Loss: 1.8587, Train RMSE: 4.2546, Train MAPE: 0.0422, Valid Loss: 2.0105, Valid RMSE: 4.7122, Valid MAPE: 0.0465, Train Time: 30.3118s/epoch, Valid Time: 3.0570s, LR: 1.0000e-03
2023-12-22 00:58:26,181 - Epoch: 021, Train Loss: 1.8596, Train RMSE: 4.2538, Train MAPE: 0.0423, Valid Loss: 2.0611, Valid RMSE: 4.8221, Valid MAPE: 0.0521, Train Time: 30.2170s/epoch, Valid Time: 3.1058s, LR: 1.0000e-03
2023-12-22 00:58:59,571 - Epoch: 022, Train Loss: 1.8600, Train RMSE: 4.2580, Train MAPE: 0.0423, Valid Loss: 2.0165, Valid RMSE: 4.7180, Valid MAPE: 0.0501, Train Time: 30.3744s/epoch, Valid Time: 3.0145s, LR: 1.0000e-03
2023-12-22 00:59:32,845 - Epoch: 023, Train Loss: 1.8547, Train RMSE: 4.2441, Train MAPE: 0.0421, Valid Loss: 1.9875, Valid RMSE: 4.6147, Valid MAPE: 0.0477, Train Time: 30.1703s/epoch, Valid Time: 3.1037s, LR: 1.0000e-03
2023-12-22 01:00:06,133 - Epoch: 024, Train Loss: 1.8515, Train RMSE: 4.2412, Train MAPE: 0.0421, Valid Loss: 2.0242, Valid RMSE: 4.7946, Valid MAPE: 0.0466, Train Time: 30.2551s/epoch, Valid Time: 3.0316s, LR: 1.0000e-03
2023-12-22 01:00:39,552 - Epoch: 025, Train Loss: 1.8517, Train RMSE: 4.2412, Train MAPE: 0.0421, Valid Loss: 2.0033, Valid RMSE: 4.6605, Valid MAPE: 0.0490, Train Time: 30.4354s/epoch, Valid Time: 2.9832s, LR: 1.0000e-03
2023-12-22 01:01:13,059 - Epoch: 026, Train Loss: 1.8501, Train RMSE: 4.2359, Train MAPE: 0.0420, Valid Loss: 1.9719, Valid RMSE: 4.6285, Valid MAPE: 0.0466, Train Time: 30.3829s/epoch, Valid Time: 3.1234s, LR: 1.0000e-03
2023-12-22 01:01:13,067 - Val loss decrease from 1.9833 to 1.9719
2023-12-22 01:01:46,673 - Epoch: 027, Train Loss: 1.8510, Train RMSE: 4.2386, Train MAPE: 0.0421, Valid Loss: 1.9883, Valid RMSE: 4.6414, Valid MAPE: 0.0483, Train Time: 30.4985s/epoch, Valid Time: 3.1070s, LR: 1.0000e-03
2023-12-22 01:02:20,220 - Epoch: 028, Train Loss: 1.8466, Train RMSE: 4.2318, Train MAPE: 0.0419, Valid Loss: 1.9701, Valid RMSE: 4.6201, Valid MAPE: 0.0466, Train Time: 30.3416s/epoch, Valid Time: 3.2050s, LR: 1.0000e-03
2023-12-22 01:02:20,228 - Val loss decrease from 1.9719 to 1.9701
2023-12-22 01:02:53,508 - Epoch: 029, Train Loss: 1.8468, Train RMSE: 4.2329, Train MAPE: 0.0420, Valid Loss: 1.9926, Valid RMSE: 4.6754, Valid MAPE: 0.0478, Train Time: 30.2614s/epoch, Valid Time: 3.0181s, LR: 1.0000e-03
2023-12-22 01:03:26,988 - Epoch: 030, Train Loss: 1.8480, Train RMSE: 4.2311, Train MAPE: 0.0420, Valid Loss: 1.9780, Valid RMSE: 4.6231, Valid MAPE: 0.0477, Train Time: 30.2989s/epoch, Valid Time: 3.1795s, LR: 1.0000e-03
2023-12-22 01:04:00,257 - Epoch: 031, Train Loss: 1.8425, Train RMSE: 4.2209, Train MAPE: 0.0418, Valid Loss: 1.9877, Valid RMSE: 4.6947, Valid MAPE: 0.0467, Train Time: 30.1743s/epoch, Valid Time: 3.0944s, LR: 1.0000e-03
2023-12-22 01:04:33,465 - Epoch: 032, Train Loss: 1.8442, Train RMSE: 4.2238, Train MAPE: 0.0419, Valid Loss: 1.9740, Valid RMSE: 4.6185, Valid MAPE: 0.0467, Train Time: 30.0941s/epoch, Valid Time: 3.1128s, LR: 1.0000e-03
2023-12-22 01:05:06,887 - Epoch: 033, Train Loss: 1.8448, Train RMSE: 4.2274, Train MAPE: 0.0419, Valid Loss: 1.9720, Valid RMSE: 4.6326, Valid MAPE: 0.0464, Train Time: 30.3588s/epoch, Valid Time: 3.0628s, LR: 1.0000e-03
2023-12-22 01:05:40,157 - Epoch: 034, Train Loss: 1.8405, Train RMSE: 4.2227, Train MAPE: 0.0418, Valid Loss: 1.9691, Valid RMSE: 4.6261, Valid MAPE: 0.0458, Train Time: 30.1343s/epoch, Valid Time: 3.1352s, LR: 1.0000e-03
2023-12-22 01:05:40,164 - Val loss decrease from 1.9701 to 1.9691
2023-12-22 01:06:13,230 - Epoch: 035, Train Loss: 1.8400, Train RMSE: 4.2167, Train MAPE: 0.0417, Valid Loss: 1.9829, Valid RMSE: 4.6526, Valid MAPE: 0.0468, Train Time: 30.0194s/epoch, Valid Time: 3.0468s, LR: 1.0000e-03
2023-12-22 01:06:46,525 - Epoch: 036, Train Loss: 1.8359, Train RMSE: 4.2103, Train MAPE: 0.0417, Valid Loss: 1.9934, Valid RMSE: 4.6650, Valid MAPE: 0.0491, Train Time: 30.2728s/epoch, Valid Time: 3.0215s, LR: 1.0000e-03
2023-12-22 01:07:19,862 - Epoch: 037, Train Loss: 1.8415, Train RMSE: 4.2203, Train MAPE: 0.0418, Valid Loss: 1.9680, Valid RMSE: 4.6375, Valid MAPE: 0.0459, Train Time: 30.2156s/epoch, Valid Time: 3.1205s, LR: 1.0000e-03
2023-12-22 01:07:19,869 - Val loss decrease from 1.9691 to 1.9680
2023-12-22 01:07:53,360 - Epoch: 038, Train Loss: 1.8370, Train RMSE: 4.2131, Train MAPE: 0.0416, Valid Loss: 1.9694, Valid RMSE: 4.6119, Valid MAPE: 0.0469, Train Time: 30.3022s/epoch, Valid Time: 3.1890s, LR: 1.0000e-03
2023-12-22 01:08:26,814 - Epoch: 039, Train Loss: 1.8355, Train RMSE: 4.2105, Train MAPE: 0.0416, Valid Loss: 1.9872, Valid RMSE: 4.6879, Valid MAPE: 0.0465, Train Time: 30.4009s/epoch, Valid Time: 3.0518s, LR: 1.0000e-03
2023-12-22 01:09:00,049 - Epoch: 040, Train Loss: 1.8413, Train RMSE: 4.2224, Train MAPE: 0.0418, Valid Loss: 1.9640, Valid RMSE: 4.6174, Valid MAPE: 0.0462, Train Time: 30.1973s/epoch, Valid Time: 3.0377s, LR: 1.0000e-03
2023-12-22 01:09:00,057 - Val loss decrease from 1.9680 to 1.9640
2023-12-22 01:09:33,468 - Epoch: 041, Train Loss: 1.8384, Train RMSE: 4.2146, Train MAPE: 0.0417, Valid Loss: 1.9683, Valid RMSE: 4.6366, Valid MAPE: 0.0463, Train Time: 30.3331s/epoch, Valid Time: 3.0771s, LR: 1.0000e-03
2023-12-22 01:10:06,924 - Epoch: 042, Train Loss: 1.8349, Train RMSE: 4.2115, Train MAPE: 0.0416, Valid Loss: 1.9943, Valid RMSE: 4.6951, Valid MAPE: 0.0460, Train Time: 30.2924s/epoch, Valid Time: 3.1635s, LR: 1.0000e-03
2023-12-22 01:10:40,299 - Epoch: 043, Train Loss: 1.8346, Train RMSE: 4.2104, Train MAPE: 0.0416, Valid Loss: 1.9804, Valid RMSE: 4.6203, Valid MAPE: 0.0478, Train Time: 30.2975s/epoch, Valid Time: 3.0772s, LR: 1.0000e-03
2023-12-22 01:11:13,795 - Epoch: 044, Train Loss: 1.8367, Train RMSE: 4.2110, Train MAPE: 0.0417, Valid Loss: 1.9753, Valid RMSE: 4.5905, Valid MAPE: 0.0470, Train Time: 30.4343s/epoch, Valid Time: 3.0612s, LR: 1.0000e-03
2023-12-22 01:11:47,131 - Epoch: 045, Train Loss: 1.8342, Train RMSE: 4.2098, Train MAPE: 0.0416, Valid Loss: 1.9983, Valid RMSE: 4.7199, Valid MAPE: 0.0469, Train Time: 30.2626s/epoch, Valid Time: 3.0730s, LR: 1.0000e-03
2023-12-22 01:12:20,491 - Epoch: 046, Train Loss: 1.8349, Train RMSE: 4.2070, Train MAPE: 0.0416, Valid Loss: 1.9837, Valid RMSE: 4.6760, Valid MAPE: 0.0476, Train Time: 30.3091s/epoch, Valid Time: 3.0492s, LR: 1.0000e-03
2023-12-22 01:12:54,218 - Epoch: 047, Train Loss: 1.8323, Train RMSE: 4.2036, Train MAPE: 0.0415, Valid Loss: 1.9777, Valid RMSE: 4.6274, Valid MAPE: 0.0478, Train Time: 30.6982s/epoch, Valid Time: 3.0284s, LR: 1.0000e-03
2023-12-22 01:13:27,110 - Epoch: 048, Train Loss: 1.8348, Train RMSE: 4.2126, Train MAPE: 0.0416, Valid Loss: 2.0212, Valid RMSE: 4.8168, Valid MAPE: 0.0467, Train Time: 29.9296s/epoch, Valid Time: 2.9612s, LR: 1.0000e-03
2023-12-22 01:14:00,224 - Epoch: 049, Train Loss: 1.8345, Train RMSE: 4.2102, Train MAPE: 0.0416, Valid Loss: 1.9697, Valid RMSE: 4.6098, Valid MAPE: 0.0472, Train Time: 30.1189s/epoch, Valid Time: 2.9949s, LR: 1.0000e-03
2023-12-22 01:14:33,225 - Epoch: 050, Train Loss: 1.8295, Train RMSE: 4.1982, Train MAPE: 0.0415, Valid Loss: 1.9615, Valid RMSE: 4.6172, Valid MAPE: 0.0469, Train Time: 29.8318s/epoch, Valid Time: 3.1686s, LR: 1.0000e-03
2023-12-22 01:14:33,231 - Val loss decrease from 1.9640 to 1.9615
2023-12-22 01:15:06,081 - Epoch: 051, Train Loss: 1.8315, Train RMSE: 4.2015, Train MAPE: 0.0415, Valid Loss: 1.9632, Valid RMSE: 4.6031, Valid MAPE: 0.0464, Train Time: 29.8128s/epoch, Valid Time: 3.0371s, LR: 1.0000e-03
2023-12-22 01:15:39,165 - Epoch: 052, Train Loss: 1.8326, Train RMSE: 4.2051, Train MAPE: 0.0416, Valid Loss: 1.9726, Valid RMSE: 4.6122, Valid MAPE: 0.0472, Train Time: 30.1305s/epoch, Valid Time: 2.9526s, LR: 1.0000e-03
2023-12-22 01:16:12,283 - Epoch: 053, Train Loss: 1.8293, Train RMSE: 4.1971, Train MAPE: 0.0415, Valid Loss: 1.9689, Valid RMSE: 4.5990, Valid MAPE: 0.0475, Train Time: 30.1199s/epoch, Valid Time: 2.9978s, LR: 1.0000e-03
2023-12-22 01:16:45,362 - Epoch: 054, Train Loss: 1.8315, Train RMSE: 4.2009, Train MAPE: 0.0416, Valid Loss: 1.9715, Valid RMSE: 4.6328, Valid MAPE: 0.0470, Train Time: 30.0723s/epoch, Valid Time: 3.0059s, LR: 1.0000e-03
2023-12-22 01:17:18,323 - Epoch: 055, Train Loss: 1.8296, Train RMSE: 4.2000, Train MAPE: 0.0415, Valid Loss: 1.9670, Valid RMSE: 4.6112, Valid MAPE: 0.0474, Train Time: 29.9935s/epoch, Valid Time: 2.9663s, LR: 1.0000e-03
2023-12-22 01:17:51,044 - Epoch: 056, Train Loss: 1.8287, Train RMSE: 4.1978, Train MAPE: 0.0414, Valid Loss: 1.9787, Valid RMSE: 4.6368, Valid MAPE: 0.0467, Train Time: 29.7545s/epoch, Valid Time: 2.9663s, LR: 1.0000e-03
2023-12-22 01:18:23,697 - Epoch: 057, Train Loss: 1.8301, Train RMSE: 4.1978, Train MAPE: 0.0415, Valid Loss: 1.9744, Valid RMSE: 4.6523, Valid MAPE: 0.0459, Train Time: 29.6566s/epoch, Valid Time: 2.9961s, LR: 1.0000e-03
2023-12-22 01:18:56,349 - Epoch: 058, Train Loss: 1.8290, Train RMSE: 4.1954, Train MAPE: 0.0415, Valid Loss: 1.9718, Valid RMSE: 4.6420, Valid MAPE: 0.0472, Train Time: 29.5447s/epoch, Valid Time: 3.1063s, LR: 1.0000e-03
2023-12-22 01:19:28,750 - Epoch: 059, Train Loss: 1.8286, Train RMSE: 4.1957, Train MAPE: 0.0414, Valid Loss: 1.9656, Valid RMSE: 4.5934, Valid MAPE: 0.0471, Train Time: 29.5103s/epoch, Valid Time: 2.8906s, LR: 1.0000e-03
2023-12-22 01:20:01,349 - Epoch: 060, Train Loss: 1.8263, Train RMSE: 4.1919, Train MAPE: 0.0414, Valid Loss: 1.9671, Valid RMSE: 4.6327, Valid MAPE: 0.0463, Train Time: 29.6263s/epoch, Valid Time: 2.9722s, LR: 1.0000e-03
2023-12-22 01:20:01,350 - Early stop at epoch 60, loss = 1.961505
2023-12-22 01:20:01,350 - best valid_loss:1.961505
2023-12-22 01:20:06,433 - Horizon 1, Test MAE: 0.8898, Test RMSE: 1.6320, Test MAPE: 0.0173
2023-12-22 01:20:06,461 - Horizon 2, Test MAE: 1.1924, Test RMSE: 2.4174, Test MAPE: 0.0243
2023-12-22 01:20:06,489 - Horizon 3, Test MAE: 1.4163, Test RMSE: 3.0489, Test MAPE: 0.0299
2023-12-22 01:20:06,526 - Horizon 4, Test MAE: 1.5978, Test RMSE: 3.5469, Test MAPE: 0.0349
2023-12-22 01:20:06,554 - Horizon 5, Test MAE: 1.7489, Test RMSE: 3.9488, Test MAPE: 0.0394
2023-12-22 01:20:06,581 - Horizon 6, Test MAE: 1.8786, Test RMSE: 4.2842, Test MAPE: 0.0435
2023-12-22 01:20:06,610 - Horizon 7, Test MAE: 1.9934, Test RMSE: 4.5773, Test MAPE: 0.0472
2023-12-22 01:20:06,638 - Horizon 8, Test MAE: 2.0950, Test RMSE: 4.8313, Test MAPE: 0.0505
2023-12-22 01:20:06,666 - Horizon 9, Test MAE: 2.1881, Test RMSE: 5.0521, Test MAPE: 0.0536
2023-12-22 01:20:06,693 - Horizon 10, Test MAE: 2.2737, Test RMSE: 5.2514, Test MAPE: 0.0565
2023-12-22 01:20:06,721 - Horizon 11, Test MAE: 2.3524, Test RMSE: 5.4283, Test MAPE: 0.0590
2023-12-22 01:20:06,749 - Horizon 12, Test MAE: 2.4283, Test RMSE: 5.5949, Test MAPE: 0.0614
2023-12-22 01:20:06,749 - Average Test MAE: 1.8379, Test RMSE: 4.1345, Test MAPE: 0.0431
2023-12-22 02:04:45,777 - Namespace(adapter=False, addition={'init_dim': 32, 'hid_dim': 64, 'end_dim': 512, 'layer': 2}, batch_size=128, clip_grad_value=5, dataset='PEMSBAY', device='cuda:5', dropout=0.3, embed_dim=10, end_dim=512, frozen=False, hid_dim=64, horizon=12, init_dim=32, input_dim=2, layer=2, lrate=0.001, max_epochs=100, mode='train', model='lstm', num_layers=1, output_dim=1, patience=10, pre_train='', save='lstm_pemsbay_9', seed=9, seq_length=12, wdecay=0.0005, years='2017')
2023-12-22 02:04:45,778 - Adj path: /home/yuxuan/rwl/GWN-LoRA/data/pemsbay/pemsbay_rn_adj.npy
2023-12-22 02:04:47,539 - Data shape: (52116, 325, 3)
2023-12-22 02:04:48,718 - Sample num: 36465, Batch num: 284
2023-12-22 02:04:49,943 - Sample num: 5209, Batch num: 40
2023-12-22 02:04:51,187 - Sample num: 10419, Batch num: 81
2023-12-22 02:04:51,660 - The number of parameters: 97900
2023-12-22 02:04:51,662 - Start training!
2023-12-22 02:05:22,353 - Epoch: 001, Train Loss: 2.3853, Train RMSE: 5.3355, Train MAPE: 0.0567, Valid Loss: 2.2483, Valid RMSE: 5.3027, Valid MAPE: 0.0530, Train Time: 27.7753s/epoch, Valid Time: 2.9154s, LR: 1.0000e-03
2023-12-22 02:05:22,360 - Val loss decrease from inf to 2.2483
2023-12-22 02:05:51,429 - Epoch: 002, Train Loss: 2.0570, Train RMSE: 4.7915, Train MAPE: 0.0461, Valid Loss: 2.2186, Valid RMSE: 5.2890, Valid MAPE: 0.0518, Train Time: 26.2025s/epoch, Valid Time: 2.8660s, LR: 1.0000e-03
2023-12-22 02:05:51,433 - Val loss decrease from 2.2483 to 2.2186
2023-12-22 02:06:21,316 - Epoch: 003, Train Loss: 2.0431, Train RMSE: 4.7620, Train MAPE: 0.0459, Valid Loss: 2.2106, Valid RMSE: 5.2432, Valid MAPE: 0.0521, Train Time: 26.9594s/epoch, Valid Time: 2.9232s, LR: 1.0000e-03
2023-12-22 02:06:21,320 - Val loss decrease from 2.2186 to 2.2106
2023-12-22 02:06:51,388 - Epoch: 004, Train Loss: 2.0322, Train RMSE: 4.7447, Train MAPE: 0.0457, Valid Loss: 2.2060, Valid RMSE: 5.2876, Valid MAPE: 0.0508, Train Time: 27.0771s/epoch, Valid Time: 2.9908s, LR: 1.0000e-03
2023-12-22 02:06:51,393 - Val loss decrease from 2.2106 to 2.2060
2023-12-22 02:07:21,180 - Epoch: 005, Train Loss: 2.0240, Train RMSE: 4.7227, Train MAPE: 0.0456, Valid Loss: 2.2002, Valid RMSE: 5.2834, Valid MAPE: 0.0506, Train Time: 26.8124s/epoch, Valid Time: 2.9744s, LR: 1.0000e-03
2023-12-22 02:07:21,185 - Val loss decrease from 2.2060 to 2.2002
2023-12-22 02:07:50,967 - Epoch: 006, Train Loss: 2.0125, Train RMSE: 4.6950, Train MAPE: 0.0453, Valid Loss: 2.1746, Valid RMSE: 5.2301, Valid MAPE: 0.0502, Train Time: 26.8774s/epoch, Valid Time: 2.9045s, LR: 1.0000e-03
2023-12-22 02:07:50,973 - Val loss decrease from 2.2002 to 2.1746
2023-12-22 02:08:21,001 - Epoch: 007, Train Loss: 2.0049, Train RMSE: 4.6781, Train MAPE: 0.0452, Valid Loss: 2.1628, Valid RMSE: 5.1725, Valid MAPE: 0.0508, Train Time: 27.1217s/epoch, Valid Time: 2.9067s, LR: 1.0000e-03
2023-12-22 02:08:21,005 - Val loss decrease from 2.1746 to 2.1628
2023-12-22 02:08:51,176 - Epoch: 008, Train Loss: 2.0003, Train RMSE: 4.6673, Train MAPE: 0.0452, Valid Loss: 2.1618, Valid RMSE: 5.1733, Valid MAPE: 0.0499, Train Time: 27.1956s/epoch, Valid Time: 2.9749s, LR: 1.0000e-03
2023-12-22 02:08:51,181 - Val loss decrease from 2.1628 to 2.1618
2023-12-22 02:09:21,245 - Epoch: 009, Train Loss: 1.9915, Train RMSE: 4.6497, Train MAPE: 0.0450, Valid Loss: 2.1580, Valid RMSE: 5.1791, Valid MAPE: 0.0503, Train Time: 27.0929s/epoch, Valid Time: 2.9715s, LR: 1.0000e-03
2023-12-22 02:09:21,249 - Val loss decrease from 2.1618 to 2.1580
2023-12-22 02:09:51,351 - Epoch: 010, Train Loss: 1.9743, Train RMSE: 4.5866, Train MAPE: 0.0447, Valid Loss: 2.1268, Valid RMSE: 4.9715, Valid MAPE: 0.0497, Train Time: 27.0513s/epoch, Valid Time: 3.0495s, LR: 1.0000e-03
2023-12-22 02:09:51,356 - Val loss decrease from 2.1580 to 2.1268
2023-12-22 02:10:21,363 - Epoch: 011, Train Loss: 1.9463, Train RMSE: 4.4946, Train MAPE: 0.0441, Valid Loss: 2.0937, Valid RMSE: 4.9132, Valid MAPE: 0.0489, Train Time: 26.9338s/epoch, Valid Time: 3.0735s, LR: 1.0000e-03
2023-12-22 02:10:21,367 - Val loss decrease from 2.1268 to 2.0937
2023-12-22 02:10:51,193 - Epoch: 012, Train Loss: 1.9392, Train RMSE: 4.4733, Train MAPE: 0.0440, Valid Loss: 2.0985, Valid RMSE: 4.8635, Valid MAPE: 0.0510, Train Time: 26.9447s/epoch, Valid Time: 2.8809s, LR: 1.0000e-03
2023-12-22 02:11:21,326 - Epoch: 013, Train Loss: 1.9316, Train RMSE: 4.4487, Train MAPE: 0.0438, Valid Loss: 2.0996, Valid RMSE: 4.9098, Valid MAPE: 0.0506, Train Time: 27.1523s/epoch, Valid Time: 2.9802s, LR: 1.0000e-03
2023-12-22 02:11:51,505 - Epoch: 014, Train Loss: 1.9304, Train RMSE: 4.4394, Train MAPE: 0.0438, Valid Loss: 2.0870, Valid RMSE: 4.8948, Valid MAPE: 0.0495, Train Time: 27.0097s/epoch, Valid Time: 3.1678s, LR: 1.0000e-03
2023-12-22 02:11:51,508 - Val loss decrease from 2.0937 to 2.0870
2023-12-22 02:12:21,663 - Epoch: 015, Train Loss: 1.9145, Train RMSE: 4.3991, Train MAPE: 0.0434, Valid Loss: 2.0846, Valid RMSE: 4.9598, Valid MAPE: 0.0482, Train Time: 27.1498s/epoch, Valid Time: 3.0047s, LR: 1.0000e-03
2023-12-22 02:12:21,667 - Val loss decrease from 2.0870 to 2.0846
2023-12-22 02:12:51,858 - Epoch: 016, Train Loss: 1.9031, Train RMSE: 4.3562, Train MAPE: 0.0432, Valid Loss: 2.0540, Valid RMSE: 4.7811, Valid MAPE: 0.0491, Train Time: 27.1808s/epoch, Valid Time: 3.0093s, LR: 1.0000e-03
2023-12-22 02:12:51,862 - Val loss decrease from 2.0846 to 2.0540
2023-12-22 02:13:22,074 - Epoch: 017, Train Loss: 1.8942, Train RMSE: 4.3311, Train MAPE: 0.0430, Valid Loss: 2.0401, Valid RMSE: 4.7489, Valid MAPE: 0.0500, Train Time: 27.3039s/epoch, Valid Time: 2.9077s, LR: 1.0000e-03
2023-12-22 02:13:22,079 - Val loss decrease from 2.0540 to 2.0401
2023-12-22 02:13:52,479 - Epoch: 018, Train Loss: 1.8905, Train RMSE: 4.3172, Train MAPE: 0.0429, Valid Loss: 2.0536, Valid RMSE: 4.8858, Valid MAPE: 0.0469, Train Time: 27.3040s/epoch, Valid Time: 3.0957s, LR: 1.0000e-03
2023-12-22 02:14:22,764 - Epoch: 019, Train Loss: 1.8759, Train RMSE: 4.2835, Train MAPE: 0.0426, Valid Loss: 2.0069, Valid RMSE: 4.6792, Valid MAPE: 0.0481, Train Time: 27.2820s/epoch, Valid Time: 3.0026s, LR: 1.0000e-03
2023-12-22 02:14:22,769 - Val loss decrease from 2.0401 to 2.0069
2023-12-22 02:14:52,881 - Epoch: 020, Train Loss: 1.8724, Train RMSE: 4.2673, Train MAPE: 0.0424, Valid Loss: 2.0048, Valid RMSE: 4.6869, Valid MAPE: 0.0470, Train Time: 27.1867s/epoch, Valid Time: 2.9257s, LR: 1.0000e-03
2023-12-22 02:14:52,886 - Val loss decrease from 2.0069 to 2.0048
2023-12-22 02:15:23,157 - Epoch: 021, Train Loss: 1.8652, Train RMSE: 4.2557, Train MAPE: 0.0423, Valid Loss: 2.0152, Valid RMSE: 4.7147, Valid MAPE: 0.0468, Train Time: 27.2876s/epoch, Valid Time: 2.9834s, LR: 1.0000e-03
2023-12-22 02:15:53,495 - Epoch: 022, Train Loss: 1.8652, Train RMSE: 4.2587, Train MAPE: 0.0424, Valid Loss: 2.0159, Valid RMSE: 4.7042, Valid MAPE: 0.0481, Train Time: 27.3857s/epoch, Valid Time: 2.9515s, LR: 1.0000e-03
2023-12-22 02:16:23,658 - Epoch: 023, Train Loss: 1.8622, Train RMSE: 4.2521, Train MAPE: 0.0422, Valid Loss: 1.9954, Valid RMSE: 4.6323, Valid MAPE: 0.0480, Train Time: 27.1161s/epoch, Valid Time: 3.0460s, LR: 1.0000e-03
2023-12-22 02:16:23,664 - Val loss decrease from 2.0048 to 1.9954
2023-12-22 02:16:53,837 - Epoch: 024, Train Loss: 1.8560, Train RMSE: 4.2440, Train MAPE: 0.0421, Valid Loss: 2.0001, Valid RMSE: 4.6540, Valid MAPE: 0.0468, Train Time: 27.1992s/epoch, Valid Time: 2.9733s, LR: 1.0000e-03
2023-12-22 02:17:23,916 - Epoch: 025, Train Loss: 1.8575, Train RMSE: 4.2461, Train MAPE: 0.0422, Valid Loss: 2.0177, Valid RMSE: 4.6708, Valid MAPE: 0.0494, Train Time: 27.0789s/epoch, Valid Time: 2.9998s, LR: 1.0000e-03
2023-12-22 02:17:54,223 - Epoch: 026, Train Loss: 1.8567, Train RMSE: 4.2367, Train MAPE: 0.0421, Valid Loss: 1.9841, Valid RMSE: 4.6408, Valid MAPE: 0.0465, Train Time: 27.1237s/epoch, Valid Time: 3.1826s, LR: 1.0000e-03
2023-12-22 02:17:54,228 - Val loss decrease from 1.9954 to 1.9841
2023-12-22 02:18:24,426 - Epoch: 027, Train Loss: 1.8511, Train RMSE: 4.2335, Train MAPE: 0.0420, Valid Loss: 1.9793, Valid RMSE: 4.6193, Valid MAPE: 0.0474, Train Time: 27.1229s/epoch, Valid Time: 3.0751s, LR: 1.0000e-03
2023-12-22 02:18:24,431 - Val loss decrease from 1.9841 to 1.9793
2023-12-22 02:18:54,602 - Epoch: 028, Train Loss: 1.8469, Train RMSE: 4.2275, Train MAPE: 0.0419, Valid Loss: 1.9739, Valid RMSE: 4.6190, Valid MAPE: 0.0470, Train Time: 27.2300s/epoch, Valid Time: 2.9400s, LR: 1.0000e-03
2023-12-22 02:18:54,606 - Val loss decrease from 1.9793 to 1.9739
2023-12-22 02:19:24,853 - Epoch: 029, Train Loss: 1.8499, Train RMSE: 4.2331, Train MAPE: 0.0420, Valid Loss: 1.9802, Valid RMSE: 4.6017, Valid MAPE: 0.0465, Train Time: 27.2521s/epoch, Valid Time: 2.9948s, LR: 1.0000e-03
2023-12-22 02:19:55,250 - Epoch: 030, Train Loss: 1.8481, Train RMSE: 4.2249, Train MAPE: 0.0420, Valid Loss: 2.0189, Valid RMSE: 4.6995, Valid MAPE: 0.0504, Train Time: 27.3760s/epoch, Valid Time: 3.0204s, LR: 1.0000e-03
2023-12-22 02:20:25,790 - Epoch: 031, Train Loss: 1.8466, Train RMSE: 4.2244, Train MAPE: 0.0419, Valid Loss: 2.0261, Valid RMSE: 4.8622, Valid MAPE: 0.0466, Train Time: 27.4647s/epoch, Valid Time: 3.0744s, LR: 1.0000e-03
2023-12-22 02:20:55,667 - Epoch: 032, Train Loss: 1.8433, Train RMSE: 4.2188, Train MAPE: 0.0418, Valid Loss: 1.9727, Valid RMSE: 4.6390, Valid MAPE: 0.0464, Train Time: 26.9875s/epoch, Valid Time: 2.8883s, LR: 1.0000e-03
2023-12-22 02:20:55,670 - Val loss decrease from 1.9739 to 1.9727
2023-12-22 02:21:26,096 - Epoch: 033, Train Loss: 1.8450, Train RMSE: 4.2216, Train MAPE: 0.0419, Valid Loss: 1.9694, Valid RMSE: 4.5993, Valid MAPE: 0.0469, Train Time: 27.4219s/epoch, Valid Time: 3.0026s, LR: 1.0000e-03
2023-12-22 02:21:26,100 - Val loss decrease from 1.9727 to 1.9694
2023-12-22 02:21:56,518 - Epoch: 034, Train Loss: 1.8438, Train RMSE: 4.2210, Train MAPE: 0.0418, Valid Loss: 1.9887, Valid RMSE: 4.6618, Valid MAPE: 0.0462, Train Time: 27.4497s/epoch, Valid Time: 2.9676s, LR: 1.0000e-03
2023-12-22 02:22:26,491 - Epoch: 035, Train Loss: 1.8435, Train RMSE: 4.2177, Train MAPE: 0.0418, Valid Loss: 1.9736, Valid RMSE: 4.6130, Valid MAPE: 0.0474, Train Time: 27.0515s/epoch, Valid Time: 2.9208s, LR: 1.0000e-03
2023-12-22 02:22:56,517 - Epoch: 036, Train Loss: 1.8394, Train RMSE: 4.2104, Train MAPE: 0.0417, Valid Loss: 1.9728, Valid RMSE: 4.6148, Valid MAPE: 0.0468, Train Time: 27.1450s/epoch, Valid Time: 2.8806s, LR: 1.0000e-03
2023-12-22 02:23:26,733 - Epoch: 037, Train Loss: 1.8420, Train RMSE: 4.2175, Train MAPE: 0.0418, Valid Loss: 1.9768, Valid RMSE: 4.6671, Valid MAPE: 0.0458, Train Time: 27.0620s/epoch, Valid Time: 3.1539s, LR: 1.0000e-03
2023-12-22 02:23:56,709 - Epoch: 038, Train Loss: 1.8403, Train RMSE: 4.2112, Train MAPE: 0.0417, Valid Loss: 1.9961, Valid RMSE: 4.6531, Valid MAPE: 0.0487, Train Time: 26.9886s/epoch, Valid Time: 2.9868s, LR: 1.0000e-03
2023-12-22 02:24:26,732 - Epoch: 039, Train Loss: 1.8373, Train RMSE: 4.2086, Train MAPE: 0.0417, Valid Loss: 1.9784, Valid RMSE: 4.7051, Valid MAPE: 0.0461, Train Time: 27.1255s/epoch, Valid Time: 2.8971s, LR: 1.0000e-03
2023-12-22 02:24:56,704 - Epoch: 040, Train Loss: 1.8416, Train RMSE: 4.2187, Train MAPE: 0.0418, Valid Loss: 1.9716, Valid RMSE: 4.6190, Valid MAPE: 0.0461, Train Time: 27.0036s/epoch, Valid Time: 2.9680s, LR: 1.0000e-03
2023-12-22 02:25:26,608 - Epoch: 041, Train Loss: 1.8388, Train RMSE: 4.2122, Train MAPE: 0.0417, Valid Loss: 2.0100, Valid RMSE: 4.6453, Valid MAPE: 0.0465, Train Time: 27.0001s/epoch, Valid Time: 2.9033s, LR: 1.0000e-03
2023-12-22 02:25:56,558 - Epoch: 042, Train Loss: 1.8367, Train RMSE: 4.2069, Train MAPE: 0.0416, Valid Loss: 1.9812, Valid RMSE: 4.6710, Valid MAPE: 0.0460, Train Time: 27.0629s/epoch, Valid Time: 2.8861s, LR: 1.0000e-03
2023-12-22 02:26:26,499 - Epoch: 043, Train Loss: 1.8376, Train RMSE: 4.2110, Train MAPE: 0.0417, Valid Loss: 1.9797, Valid RMSE: 4.6489, Valid MAPE: 0.0461, Train Time: 27.0839s/epoch, Valid Time: 2.8564s, LR: 1.0000e-03
2023-12-22 02:26:26,500 - Early stop at epoch 43, loss = 1.969387
2023-12-22 02:26:26,500 - best valid_loss:1.969387
2023-12-22 02:26:31,402 - Horizon 1, Test MAE: 0.9035, Test RMSE: 1.6523, Test MAPE: 0.0175
2023-12-22 02:26:31,430 - Horizon 2, Test MAE: 1.2020, Test RMSE: 2.4310, Test MAPE: 0.0243
2023-12-22 02:26:31,463 - Horizon 3, Test MAE: 1.4266, Test RMSE: 3.0589, Test MAPE: 0.0299
2023-12-22 02:26:31,494 - Horizon 4, Test MAE: 1.6064, Test RMSE: 3.5545, Test MAPE: 0.0348
2023-12-22 02:26:31,525 - Horizon 5, Test MAE: 1.7573, Test RMSE: 3.9503, Test MAPE: 0.0393
2023-12-22 02:26:31,555 - Horizon 6, Test MAE: 1.8887, Test RMSE: 4.2792, Test MAPE: 0.0434
2023-12-22 02:26:31,599 - Horizon 7, Test MAE: 2.0046, Test RMSE: 4.5664, Test MAPE: 0.0473
2023-12-22 02:26:31,630 - Horizon 8, Test MAE: 2.1070, Test RMSE: 4.8179, Test MAPE: 0.0508
2023-12-22 02:26:31,664 - Horizon 9, Test MAE: 2.1984, Test RMSE: 5.0378, Test MAPE: 0.0538
2023-12-22 02:26:31,698 - Horizon 10, Test MAE: 2.2810, Test RMSE: 5.2346, Test MAPE: 0.0566
2023-12-22 02:26:31,729 - Horizon 11, Test MAE: 2.3576, Test RMSE: 5.4079, Test MAPE: 0.0589
2023-12-22 02:26:31,762 - Horizon 12, Test MAE: 2.4315, Test RMSE: 5.5694, Test MAPE: 0.0611
2023-12-22 02:26:31,763 - Average Test MAE: 1.8470, Test RMSE: 4.1300, Test MAPE: 0.0431
2024-01-03 15:50:26,293 - Namespace(adapter=False, batch_size=128, clip_grad_value=5, dataset='PEMSBAY', device='cuda:5', dropout=0.3, embed_dim=10, end_dim=512, frozen=False, hid_dim=64, horizon=6, init_dim=32, input_dim=2, layer=2, lrate=0.001, max_epochs=100, mode='train', model='lstm', num_layers=1, output_dim=1, patience=10, pre_train='', save='test.pth', seed=9, seq_length=12, wdecay=0.0005, years='2017')
2024-01-03 15:50:26,294 - Adj path: /home/yuxuan/rwl/GWN-LoRA/data/pemsbay/pemsbay_rn_adj.npy
2024-01-03 15:50:27,672 - Data shape: (52116, 325, 3)
2024-01-03 15:50:28,608 - Sample num: 36465, Batch num: 284
2024-01-03 15:50:29,544 - Sample num: 5209, Batch num: 40
2024-01-03 15:50:30,478 - Sample num: 10419, Batch num: 81
2024-01-03 15:50:30,851 - The number of parameters: 94822
2024-01-03 15:50:30,852 - Start training!
2024-01-08 15:20:01,885 - Namespace(adapter=False, batch_size=128, clip_grad_value=5, dataset='PEMSBAY', device='cuda:5', dropout=0.3, embed_dim=10, end_dim=512, frozen=False, hid_dim=64, horizon=6, init_dim=32, input_dim=2, layer=2, lrate=0.001, max_epochs=100, mode='train', model='lstm', num_layers=1, output_dim=1, patience=10, pre_train='', save='test.pth', seed=9, seq_length=6, wdecay=0.0005, years='2017')
2024-01-08 15:20:01,886 - Adj path: /home/yuxuan/rwl/GWN-LoRA/data/pemsbay/pemsbay_rn_adj.npy
2024-01-08 15:20:03,572 - Data shape: (52116, 325, 3)
2024-01-08 15:20:04,698 - Sample num: 36465, Batch num: 284
2024-01-08 15:20:05,884 - Sample num: 5209, Batch num: 40
2024-01-08 15:20:07,214 - Sample num: 10419, Batch num: 81
2024-01-08 15:20:07,690 - The number of parameters: 94822
2024-01-08 15:20:07,690 - Start training!
2024-01-08 15:20:31,048 - Epoch: 001, Train Loss: 1.9328, Train RMSE: 4.1946, Train MAPE: 0.0446, Valid Loss: 1.6549, Valid RMSE: 3.8260, Valid MAPE: 0.0357, Train Time: 20.9745s/epoch, Valid Time: 2.3826s, LR: 1.0000e-03
2024-01-08 15:20:31,053 - Val loss decrease from inf to 1.6549
2024-01-08 15:20:52,975 - Epoch: 002, Train Loss: 1.5586, Train RMSE: 3.4950, Train MAPE: 0.0328, Valid Loss: 1.6463, Valid RMSE: 3.8059, Valid MAPE: 0.0356, Train Time: 19.6479s/epoch, Valid Time: 2.2741s, LR: 1.0000e-03
2024-01-08 15:20:52,980 - Val loss decrease from 1.6549 to 1.6463
2024-01-08 15:21:15,414 - Epoch: 003, Train Loss: 1.5484, Train RMSE: 3.4831, Train MAPE: 0.0326, Valid Loss: 1.6500, Valid RMSE: 3.7908, Valid MAPE: 0.0362, Train Time: 20.1007s/epoch, Valid Time: 2.3330s, LR: 1.0000e-03
2024-01-08 15:21:37,704 - Epoch: 004, Train Loss: 1.5433, Train RMSE: 3.4777, Train MAPE: 0.0324, Valid Loss: 1.6509, Valid RMSE: 3.8091, Valid MAPE: 0.0355, Train Time: 20.0187s/epoch, Valid Time: 2.2709s, LR: 1.0000e-03
2024-01-08 15:21:59,846 - Epoch: 005, Train Loss: 1.5438, Train RMSE: 3.4747, Train MAPE: 0.0325, Valid Loss: 1.6495, Valid RMSE: 3.8472, Valid MAPE: 0.0353, Train Time: 19.8186s/epoch, Valid Time: 2.3228s, LR: 1.0000e-03
2024-01-08 15:22:22,375 - Epoch: 006, Train Loss: 1.5381, Train RMSE: 3.4676, Train MAPE: 0.0323, Valid Loss: 1.6719, Valid RMSE: 3.8897, Valid MAPE: 0.0359, Train Time: 20.1304s/epoch, Valid Time: 2.3976s, LR: 1.0000e-03
2024-01-08 15:22:44,685 - Epoch: 007, Train Loss: 1.5387, Train RMSE: 3.4693, Train MAPE: 0.0323, Valid Loss: 1.6404, Valid RMSE: 3.7952, Valid MAPE: 0.0357, Train Time: 19.9123s/epoch, Valid Time: 2.3969s, LR: 1.0000e-03
2024-01-08 15:22:44,690 - Val loss decrease from 1.6463 to 1.6404
2024-01-08 15:23:07,313 - Epoch: 008, Train Loss: 1.5368, Train RMSE: 3.4662, Train MAPE: 0.0323, Valid Loss: 1.6358, Valid RMSE: 3.7940, Valid MAPE: 0.0354, Train Time: 20.2618s/epoch, Valid Time: 2.3610s, LR: 1.0000e-03
2024-01-08 15:23:07,318 - Val loss decrease from 1.6404 to 1.6358
2024-01-08 15:23:29,870 - Epoch: 009, Train Loss: 1.5336, Train RMSE: 3.4643, Train MAPE: 0.0322, Valid Loss: 1.6349, Valid RMSE: 3.8054, Valid MAPE: 0.0351, Train Time: 20.2474s/epoch, Valid Time: 2.3050s, LR: 1.0000e-03
2024-01-08 15:23:29,874 - Val loss decrease from 1.6358 to 1.6349
2024-01-08 15:23:52,246 - Epoch: 010, Train Loss: 1.5334, Train RMSE: 3.4629, Train MAPE: 0.0322, Valid Loss: 1.6361, Valid RMSE: 3.7786, Valid MAPE: 0.0357, Train Time: 20.0519s/epoch, Valid Time: 2.3200s, LR: 1.0000e-03
2024-01-08 15:24:14,514 - Epoch: 011, Train Loss: 1.5321, Train RMSE: 3.4597, Train MAPE: 0.0322, Valid Loss: 1.6368, Valid RMSE: 3.7944, Valid MAPE: 0.0352, Train Time: 19.9018s/epoch, Valid Time: 2.3648s, LR: 1.0000e-03
2024-01-08 15:24:36,783 - Epoch: 012, Train Loss: 1.5321, Train RMSE: 3.4608, Train MAPE: 0.0322, Valid Loss: 1.6584, Valid RMSE: 3.8515, Valid MAPE: 0.0356, Train Time: 19.9931s/epoch, Valid Time: 2.2761s, LR: 1.0000e-03
2024-01-08 15:24:59,332 - Epoch: 013, Train Loss: 1.5335, Train RMSE: 3.4586, Train MAPE: 0.0322, Valid Loss: 1.6310, Valid RMSE: 3.7914, Valid MAPE: 0.0350, Train Time: 20.0640s/epoch, Valid Time: 2.4842s, LR: 1.0000e-03
2024-01-08 15:24:59,336 - Val loss decrease from 1.6349 to 1.6310
2024-01-08 15:25:21,643 - Epoch: 014, Train Loss: 1.5291, Train RMSE: 3.4557, Train MAPE: 0.0321, Valid Loss: 1.6315, Valid RMSE: 3.7824, Valid MAPE: 0.0354, Train Time: 19.9966s/epoch, Valid Time: 2.3105s, LR: 1.0000e-03
2024-01-08 15:25:44,083 - Epoch: 015, Train Loss: 1.5294, Train RMSE: 3.4560, Train MAPE: 0.0321, Valid Loss: 1.6368, Valid RMSE: 3.8149, Valid MAPE: 0.0349, Train Time: 20.1327s/epoch, Valid Time: 2.3069s, LR: 1.0000e-03
2024-01-08 15:26:06,336 - Epoch: 016, Train Loss: 1.5274, Train RMSE: 3.4526, Train MAPE: 0.0321, Valid Loss: 1.6312, Valid RMSE: 3.8083, Valid MAPE: 0.0349, Train Time: 19.9265s/epoch, Valid Time: 2.3253s, LR: 1.0000e-03
2024-01-08 15:26:28,845 - Epoch: 017, Train Loss: 1.5265, Train RMSE: 3.4498, Train MAPE: 0.0320, Valid Loss: 1.6266, Valid RMSE: 3.7885, Valid MAPE: 0.0350, Train Time: 20.2424s/epoch, Valid Time: 2.2661s, LR: 1.0000e-03
2024-01-08 15:26:28,849 - Val loss decrease from 1.6310 to 1.6266
2024-01-08 15:26:51,170 - Epoch: 018, Train Loss: 1.5260, Train RMSE: 3.4491, Train MAPE: 0.0321, Valid Loss: 1.6306, Valid RMSE: 3.7690, Valid MAPE: 0.0351, Train Time: 20.0067s/epoch, Valid Time: 2.3133s, LR: 1.0000e-03
2024-01-08 15:27:13,755 - Epoch: 019, Train Loss: 1.5219, Train RMSE: 3.4362, Train MAPE: 0.0320, Valid Loss: 1.6223, Valid RMSE: 3.7672, Valid MAPE: 0.0351, Train Time: 20.1457s/epoch, Valid Time: 2.4394s, LR: 1.0000e-03
2024-01-08 15:27:13,760 - Val loss decrease from 1.6266 to 1.6223
2024-01-08 15:27:36,215 - Epoch: 020, Train Loss: 1.5155, Train RMSE: 3.4147, Train MAPE: 0.0318, Valid Loss: 1.6084, Valid RMSE: 3.7044, Valid MAPE: 0.0347, Train Time: 20.0377s/epoch, Valid Time: 2.4176s, LR: 1.0000e-03
2024-01-08 15:27:36,219 - Val loss decrease from 1.6223 to 1.6084
2024-01-08 15:27:58,774 - Epoch: 021, Train Loss: 1.5103, Train RMSE: 3.3927, Train MAPE: 0.0317, Valid Loss: 1.6093, Valid RMSE: 3.6966, Valid MAPE: 0.0349, Train Time: 20.2464s/epoch, Valid Time: 2.3082s, LR: 1.0000e-03
2024-01-08 15:28:21,334 - Epoch: 022, Train Loss: 1.5078, Train RMSE: 3.3827, Train MAPE: 0.0317, Valid Loss: 1.6039, Valid RMSE: 3.6787, Valid MAPE: 0.0348, Train Time: 20.2688s/epoch, Valid Time: 2.2903s, LR: 1.0000e-03
2024-01-08 15:28:21,339 - Val loss decrease from 1.6084 to 1.6039
2024-01-08 15:28:43,888 - Epoch: 023, Train Loss: 1.5053, Train RMSE: 3.3711, Train MAPE: 0.0316, Valid Loss: 1.6018, Valid RMSE: 3.6788, Valid MAPE: 0.0345, Train Time: 20.2536s/epoch, Valid Time: 2.2952s, LR: 1.0000e-03
2024-01-08 15:28:43,892 - Val loss decrease from 1.6039 to 1.6018
2024-01-08 15:29:06,517 - Epoch: 024, Train Loss: 1.5028, Train RMSE: 3.3641, Train MAPE: 0.0315, Valid Loss: 1.6069, Valid RMSE: 3.7123, Valid MAPE: 0.0347, Train Time: 20.3408s/epoch, Valid Time: 2.2840s, LR: 1.0000e-03
2024-01-08 15:29:29,050 - Epoch: 025, Train Loss: 1.5029, Train RMSE: 3.3633, Train MAPE: 0.0316, Valid Loss: 1.5990, Valid RMSE: 3.6611, Valid MAPE: 0.0349, Train Time: 20.1354s/epoch, Valid Time: 2.3979s, LR: 1.0000e-03
2024-01-08 15:29:29,054 - Val loss decrease from 1.6018 to 1.5990
2024-01-08 15:29:51,850 - Epoch: 026, Train Loss: 1.5033, Train RMSE: 3.3628, Train MAPE: 0.0316, Valid Loss: 1.6008, Valid RMSE: 3.6477, Valid MAPE: 0.0348, Train Time: 20.3827s/epoch, Valid Time: 2.4130s, LR: 1.0000e-03
2024-01-08 15:30:14,370 - Epoch: 027, Train Loss: 1.5005, Train RMSE: 3.3561, Train MAPE: 0.0315, Valid Loss: 1.5943, Valid RMSE: 3.6572, Valid MAPE: 0.0344, Train Time: 20.0236s/epoch, Valid Time: 2.4958s, LR: 1.0000e-03
2024-01-08 15:30:14,374 - Val loss decrease from 1.5990 to 1.5943
2024-01-08 15:30:36,920 - Epoch: 028, Train Loss: 1.4988, Train RMSE: 3.3569, Train MAPE: 0.0315, Valid Loss: 1.6077, Valid RMSE: 3.7060, Valid MAPE: 0.0344, Train Time: 20.1913s/epoch, Valid Time: 2.3544s, LR: 1.0000e-03
2024-01-08 15:30:59,472 - Epoch: 029, Train Loss: 1.5005, Train RMSE: 3.3525, Train MAPE: 0.0315, Valid Loss: 1.5967, Valid RMSE: 3.6672, Valid MAPE: 0.0342, Train Time: 20.2389s/epoch, Valid Time: 2.3119s, LR: 1.0000e-03
2024-01-08 15:31:21,742 - Epoch: 030, Train Loss: 1.4984, Train RMSE: 3.3490, Train MAPE: 0.0315, Valid Loss: 1.5937, Valid RMSE: 3.6444, Valid MAPE: 0.0346, Train Time: 19.9493s/epoch, Valid Time: 2.3204s, LR: 1.0000e-03
2024-01-08 15:31:21,746 - Val loss decrease from 1.5943 to 1.5937
2024-01-08 15:31:44,396 - Epoch: 031, Train Loss: 1.4971, Train RMSE: 3.3493, Train MAPE: 0.0314, Valid Loss: 1.6001, Valid RMSE: 3.6856, Valid MAPE: 0.0347, Train Time: 20.2876s/epoch, Valid Time: 2.3619s, LR: 1.0000e-03
2024-01-08 15:32:07,036 - Epoch: 032, Train Loss: 1.4953, Train RMSE: 3.3436, Train MAPE: 0.0314, Valid Loss: 1.5930, Valid RMSE: 3.6612, Valid MAPE: 0.0342, Train Time: 20.1933s/epoch, Valid Time: 2.4463s, LR: 1.0000e-03
2024-01-08 15:32:07,041 - Val loss decrease from 1.5937 to 1.5930
2024-01-08 15:32:29,335 - Epoch: 033, Train Loss: 1.4952, Train RMSE: 3.3440, Train MAPE: 0.0314, Valid Loss: 1.5936, Valid RMSE: 3.6211, Valid MAPE: 0.0348, Train Time: 19.9375s/epoch, Valid Time: 2.3563s, LR: 1.0000e-03
2024-01-08 15:32:52,041 - Epoch: 034, Train Loss: 1.4938, Train RMSE: 3.3399, Train MAPE: 0.0314, Valid Loss: 1.5915, Valid RMSE: 3.6524, Valid MAPE: 0.0341, Train Time: 20.3497s/epoch, Valid Time: 2.3554s, LR: 1.0000e-03
2024-01-08 15:32:52,046 - Val loss decrease from 1.5930 to 1.5915
2024-01-08 15:33:14,698 - Epoch: 035, Train Loss: 1.4912, Train RMSE: 3.3353, Train MAPE: 0.0313, Valid Loss: 1.5911, Valid RMSE: 3.6407, Valid MAPE: 0.0344, Train Time: 20.2847s/epoch, Valid Time: 2.3664s, LR: 1.0000e-03
2024-01-08 15:33:14,701 - Val loss decrease from 1.5915 to 1.5911
2024-01-08 15:33:36,977 - Epoch: 036, Train Loss: 1.4927, Train RMSE: 3.3353, Train MAPE: 0.0314, Valid Loss: 1.5863, Valid RMSE: 3.6314, Valid MAPE: 0.0342, Train Time: 20.0458s/epoch, Valid Time: 2.2294s, LR: 1.0000e-03
2024-01-08 15:33:36,981 - Val loss decrease from 1.5911 to 1.5863
2024-01-08 15:33:59,638 - Epoch: 037, Train Loss: 1.4927, Train RMSE: 3.3382, Train MAPE: 0.0314, Valid Loss: 1.5979, Valid RMSE: 3.6251, Valid MAPE: 0.0346, Train Time: 20.2757s/epoch, Valid Time: 2.3816s, LR: 1.0000e-03
2024-01-08 15:34:22,296 - Epoch: 038, Train Loss: 1.4915, Train RMSE: 3.3350, Train MAPE: 0.0313, Valid Loss: 1.5907, Valid RMSE: 3.6370, Valid MAPE: 0.0345, Train Time: 20.1451s/epoch, Valid Time: 2.5122s, LR: 1.0000e-03
2024-01-08 15:34:44,840 - Epoch: 039, Train Loss: 1.4899, Train RMSE: 3.3320, Train MAPE: 0.0313, Valid Loss: 1.5874, Valid RMSE: 3.6537, Valid MAPE: 0.0343, Train Time: 20.0803s/epoch, Valid Time: 2.4626s, LR: 1.0000e-03
2024-01-08 15:35:07,242 - Epoch: 040, Train Loss: 1.4902, Train RMSE: 3.3308, Train MAPE: 0.0313, Valid Loss: 1.5877, Valid RMSE: 3.6202, Valid MAPE: 0.0343, Train Time: 20.1257s/epoch, Valid Time: 2.2760s, LR: 1.0000e-03
2024-01-08 15:35:29,688 - Epoch: 041, Train Loss: 1.4890, Train RMSE: 3.3284, Train MAPE: 0.0313, Valid Loss: 1.5902, Valid RMSE: 3.6523, Valid MAPE: 0.0342, Train Time: 20.0915s/epoch, Valid Time: 2.3535s, LR: 1.0000e-03
2024-01-08 15:35:52,310 - Epoch: 042, Train Loss: 1.4880, Train RMSE: 3.3251, Train MAPE: 0.0312, Valid Loss: 1.5837, Valid RMSE: 3.6311, Valid MAPE: 0.0340, Train Time: 20.3228s/epoch, Valid Time: 2.2984s, LR: 1.0000e-03
2024-01-08 15:35:52,314 - Val loss decrease from 1.5863 to 1.5837
2024-01-08 15:36:14,720 - Epoch: 043, Train Loss: 1.4891, Train RMSE: 3.3264, Train MAPE: 0.0313, Valid Loss: 1.5827, Valid RMSE: 3.6087, Valid MAPE: 0.0344, Train Time: 20.1218s/epoch, Valid Time: 2.2843s, LR: 1.0000e-03
2024-01-08 15:36:14,724 - Val loss decrease from 1.5837 to 1.5827
2024-01-08 15:36:37,193 - Epoch: 044, Train Loss: 1.4871, Train RMSE: 3.3231, Train MAPE: 0.0312, Valid Loss: 1.5812, Valid RMSE: 3.6319, Valid MAPE: 0.0340, Train Time: 20.0937s/epoch, Valid Time: 2.3753s, LR: 1.0000e-03
2024-01-08 15:36:37,197 - Val loss decrease from 1.5827 to 1.5812
2024-01-08 15:36:59,816 - Epoch: 045, Train Loss: 1.4857, Train RMSE: 3.3179, Train MAPE: 0.0312, Valid Loss: 1.5992, Valid RMSE: 3.7071, Valid MAPE: 0.0343, Train Time: 20.1603s/epoch, Valid Time: 2.4577s, LR: 1.0000e-03
2024-01-08 15:37:22,570 - Epoch: 046, Train Loss: 1.4884, Train RMSE: 3.3213, Train MAPE: 0.0313, Valid Loss: 1.5829, Valid RMSE: 3.6258, Valid MAPE: 0.0343, Train Time: 20.4336s/epoch, Valid Time: 2.3199s, LR: 1.0000e-03
2024-01-08 15:37:45,063 - Epoch: 047, Train Loss: 1.4851, Train RMSE: 3.3155, Train MAPE: 0.0312, Valid Loss: 1.5885, Valid RMSE: 3.6196, Valid MAPE: 0.0349, Train Time: 20.1908s/epoch, Valid Time: 2.3017s, LR: 1.0000e-03
2024-01-08 15:38:07,840 - Epoch: 048, Train Loss: 1.4837, Train RMSE: 3.3151, Train MAPE: 0.0312, Valid Loss: 1.5784, Valid RMSE: 3.6197, Valid MAPE: 0.0341, Train Time: 20.3684s/epoch, Valid Time: 2.4073s, LR: 1.0000e-03
2024-01-08 15:38:07,844 - Val loss decrease from 1.5812 to 1.5784
2024-01-08 15:38:30,410 - Epoch: 049, Train Loss: 1.4829, Train RMSE: 3.3118, Train MAPE: 0.0312, Valid Loss: 1.5749, Valid RMSE: 3.5926, Valid MAPE: 0.0340, Train Time: 20.1952s/epoch, Valid Time: 2.3705s, LR: 1.0000e-03
2024-01-08 15:38:30,414 - Val loss decrease from 1.5784 to 1.5749
2024-01-08 15:38:52,984 - Epoch: 050, Train Loss: 1.4807, Train RMSE: 3.3047, Train MAPE: 0.0311, Valid Loss: 1.5744, Valid RMSE: 3.5801, Valid MAPE: 0.0342, Train Time: 20.2286s/epoch, Valid Time: 2.3403s, LR: 1.0000e-03
2024-01-08 15:38:52,988 - Val loss decrease from 1.5749 to 1.5744
2024-01-08 15:39:15,713 - Epoch: 051, Train Loss: 1.4799, Train RMSE: 3.3010, Train MAPE: 0.0311, Valid Loss: 1.5715, Valid RMSE: 3.6067, Valid MAPE: 0.0340, Train Time: 20.3563s/epoch, Valid Time: 2.3682s, LR: 1.0000e-03
2024-01-08 15:39:15,718 - Val loss decrease from 1.5744 to 1.5715
2024-01-08 15:39:38,484 - Epoch: 052, Train Loss: 1.4780, Train RMSE: 3.2981, Train MAPE: 0.0311, Valid Loss: 1.5693, Valid RMSE: 3.5724, Valid MAPE: 0.0343, Train Time: 20.1828s/epoch, Valid Time: 2.5838s, LR: 1.0000e-03
2024-01-08 15:39:38,488 - Val loss decrease from 1.5715 to 1.5693
2024-01-08 15:40:00,707 - Epoch: 053, Train Loss: 1.4768, Train RMSE: 3.2910, Train MAPE: 0.0310, Valid Loss: 1.5703, Valid RMSE: 3.5713, Valid MAPE: 0.0342, Train Time: 19.8659s/epoch, Valid Time: 2.3522s, LR: 1.0000e-03
2024-01-08 15:40:23,276 - Epoch: 054, Train Loss: 1.4755, Train RMSE: 3.2900, Train MAPE: 0.0310, Valid Loss: 1.5694, Valid RMSE: 3.5938, Valid MAPE: 0.0337, Train Time: 20.2777s/epoch, Valid Time: 2.2904s, LR: 1.0000e-03
2024-01-08 15:40:45,790 - Epoch: 055, Train Loss: 1.4747, Train RMSE: 3.2875, Train MAPE: 0.0310, Valid Loss: 1.5714, Valid RMSE: 3.5354, Valid MAPE: 0.0346, Train Time: 20.2202s/epoch, Valid Time: 2.2931s, LR: 1.0000e-03
2024-01-08 15:41:08,453 - Epoch: 056, Train Loss: 1.4727, Train RMSE: 3.2831, Train MAPE: 0.0310, Valid Loss: 1.5674, Valid RMSE: 3.5865, Valid MAPE: 0.0339, Train Time: 20.2812s/epoch, Valid Time: 2.3812s, LR: 1.0000e-03
2024-01-08 15:41:08,456 - Val loss decrease from 1.5693 to 1.5674
2024-01-08 15:41:31,201 - Epoch: 057, Train Loss: 1.4739, Train RMSE: 3.2831, Train MAPE: 0.0310, Valid Loss: 1.5642, Valid RMSE: 3.5823, Valid MAPE: 0.0336, Train Time: 20.3827s/epoch, Valid Time: 2.3617s, LR: 1.0000e-03
2024-01-08 15:41:31,206 - Val loss decrease from 1.5674 to 1.5642
2024-01-08 15:41:53,620 - Epoch: 058, Train Loss: 1.4708, Train RMSE: 3.2779, Train MAPE: 0.0309, Valid Loss: 1.5601, Valid RMSE: 3.5498, Valid MAPE: 0.0339, Train Time: 20.0895s/epoch, Valid Time: 2.3236s, LR: 1.0000e-03
2024-01-08 15:41:53,624 - Val loss decrease from 1.5642 to 1.5601
2024-01-08 15:42:16,070 - Epoch: 059, Train Loss: 1.4702, Train RMSE: 3.2714, Train MAPE: 0.0309, Valid Loss: 1.5555, Valid RMSE: 3.5216, Valid MAPE: 0.0339, Train Time: 20.1193s/epoch, Valid Time: 2.3260s, LR: 1.0000e-03
2024-01-08 15:42:16,074 - Val loss decrease from 1.5601 to 1.5555
2024-01-08 15:42:38,738 - Epoch: 060, Train Loss: 1.4677, Train RMSE: 3.2674, Train MAPE: 0.0308, Valid Loss: 1.5576, Valid RMSE: 3.5186, Valid MAPE: 0.0341, Train Time: 20.2630s/epoch, Valid Time: 2.4014s, LR: 1.0000e-03
2024-01-08 15:43:01,365 - Epoch: 061, Train Loss: 1.4678, Train RMSE: 3.2664, Train MAPE: 0.0309, Valid Loss: 1.5538, Valid RMSE: 3.5511, Valid MAPE: 0.0335, Train Time: 20.2483s/epoch, Valid Time: 2.3774s, LR: 1.0000e-03
2024-01-08 15:43:01,370 - Val loss decrease from 1.5555 to 1.5538
2024-01-08 15:43:24,202 - Epoch: 062, Train Loss: 1.4680, Train RMSE: 3.2666, Train MAPE: 0.0309, Valid Loss: 1.5578, Valid RMSE: 3.5614, Valid MAPE: 0.0336, Train Time: 20.4561s/epoch, Valid Time: 2.3757s, LR: 1.0000e-03
2024-01-08 15:43:47,050 - Epoch: 063, Train Loss: 1.4675, Train RMSE: 3.2623, Train MAPE: 0.0309, Valid Loss: 1.5658, Valid RMSE: 3.6114, Valid MAPE: 0.0334, Train Time: 20.4616s/epoch, Valid Time: 2.3864s, LR: 1.0000e-03
2024-01-08 15:44:09,564 - Epoch: 064, Train Loss: 1.4669, Train RMSE: 3.2620, Train MAPE: 0.0309, Valid Loss: 1.5752, Valid RMSE: 3.6019, Valid MAPE: 0.0338, Train Time: 20.0939s/epoch, Valid Time: 2.4192s, LR: 1.0000e-03
2024-01-08 15:44:32,225 - Epoch: 065, Train Loss: 1.4675, Train RMSE: 3.2584, Train MAPE: 0.0309, Valid Loss: 1.5634, Valid RMSE: 3.5400, Valid MAPE: 0.0337, Train Time: 20.2801s/epoch, Valid Time: 2.3807s, LR: 1.0000e-03
2024-01-08 15:44:54,970 - Epoch: 066, Train Loss: 1.4651, Train RMSE: 3.2577, Train MAPE: 0.0308, Valid Loss: 1.5501, Valid RMSE: 3.5252, Valid MAPE: 0.0335, Train Time: 20.3006s/epoch, Valid Time: 2.4432s, LR: 1.0000e-03
2024-01-08 15:44:54,973 - Val loss decrease from 1.5538 to 1.5501
2024-01-08 15:45:17,652 - Epoch: 067, Train Loss: 1.4640, Train RMSE: 3.2552, Train MAPE: 0.0308, Valid Loss: 1.5524, Valid RMSE: 3.5465, Valid MAPE: 0.0335, Train Time: 20.2719s/epoch, Valid Time: 2.4059s, LR: 1.0000e-03
2024-01-08 15:45:40,384 - Epoch: 068, Train Loss: 1.4647, Train RMSE: 3.2548, Train MAPE: 0.0308, Valid Loss: 1.5629, Valid RMSE: 3.5110, Valid MAPE: 0.0344, Train Time: 20.3227s/epoch, Valid Time: 2.4093s, LR: 1.0000e-03
2024-01-08 15:46:02,970 - Epoch: 069, Train Loss: 1.4647, Train RMSE: 3.2541, Train MAPE: 0.0308, Valid Loss: 1.5525, Valid RMSE: 3.5261, Valid MAPE: 0.0338, Train Time: 20.2558s/epoch, Valid Time: 2.3290s, LR: 1.0000e-03
2024-01-08 15:46:25,613 - Epoch: 070, Train Loss: 1.4637, Train RMSE: 3.2517, Train MAPE: 0.0308, Valid Loss: 1.5545, Valid RMSE: 3.5337, Valid MAPE: 0.0338, Train Time: 20.3019s/epoch, Valid Time: 2.3410s, LR: 1.0000e-03
2024-01-08 15:46:48,187 - Epoch: 071, Train Loss: 1.4636, Train RMSE: 3.2518, Train MAPE: 0.0308, Valid Loss: 1.5513, Valid RMSE: 3.5226, Valid MAPE: 0.0337, Train Time: 20.2174s/epoch, Valid Time: 2.3559s, LR: 1.0000e-03
2024-01-08 15:47:10,723 - Epoch: 072, Train Loss: 1.4621, Train RMSE: 3.2477, Train MAPE: 0.0307, Valid Loss: 1.5589, Valid RMSE: 3.5574, Valid MAPE: 0.0336, Train Time: 20.2108s/epoch, Valid Time: 2.3242s, LR: 1.0000e-03
2024-01-08 15:47:33,312 - Epoch: 073, Train Loss: 1.4633, Train RMSE: 3.2490, Train MAPE: 0.0308, Valid Loss: 1.5501, Valid RMSE: 3.5021, Valid MAPE: 0.0337, Train Time: 20.2708s/epoch, Valid Time: 2.3168s, LR: 1.0000e-03
2024-01-08 15:47:56,040 - Epoch: 074, Train Loss: 1.4637, Train RMSE: 3.2513, Train MAPE: 0.0308, Valid Loss: 1.5529, Valid RMSE: 3.5364, Valid MAPE: 0.0335, Train Time: 20.2772s/epoch, Valid Time: 2.4502s, LR: 1.0000e-03
2024-01-08 15:48:18,557 - Epoch: 075, Train Loss: 1.4614, Train RMSE: 3.2468, Train MAPE: 0.0307, Valid Loss: 1.5505, Valid RMSE: 3.5241, Valid MAPE: 0.0335, Train Time: 20.1970s/epoch, Valid Time: 2.3196s, LR: 1.0000e-03
2024-01-08 15:48:41,129 - Epoch: 076, Train Loss: 1.4630, Train RMSE: 3.2477, Train MAPE: 0.0308, Valid Loss: 1.5495, Valid RMSE: 3.5218, Valid MAPE: 0.0335, Train Time: 20.2293s/epoch, Valid Time: 2.3424s, LR: 1.0000e-03
2024-01-08 15:48:41,133 - Val loss decrease from 1.5501 to 1.5495
2024-01-08 15:49:03,606 - Epoch: 077, Train Loss: 1.4620, Train RMSE: 3.2446, Train MAPE: 0.0308, Valid Loss: 1.5529, Valid RMSE: 3.5489, Valid MAPE: 0.0336, Train Time: 20.1797s/epoch, Valid Time: 2.2923s, LR: 1.0000e-03
2024-01-08 15:49:26,097 - Epoch: 078, Train Loss: 1.4614, Train RMSE: 3.2437, Train MAPE: 0.0307, Valid Loss: 1.5660, Valid RMSE: 3.5120, Valid MAPE: 0.0350, Train Time: 20.0973s/epoch, Valid Time: 2.3939s, LR: 1.0000e-03
2024-01-08 15:49:48,624 - Epoch: 079, Train Loss: 1.4623, Train RMSE: 3.2472, Train MAPE: 0.0308, Valid Loss: 1.5589, Valid RMSE: 3.5592, Valid MAPE: 0.0336, Train Time: 20.1922s/epoch, Valid Time: 2.3335s, LR: 1.0000e-03
2024-01-08 15:50:11,129 - Epoch: 080, Train Loss: 1.4628, Train RMSE: 3.2453, Train MAPE: 0.0308, Valid Loss: 1.5492, Valid RMSE: 3.5272, Valid MAPE: 0.0334, Train Time: 20.0638s/epoch, Valid Time: 2.4410s, LR: 1.0000e-03
2024-01-08 15:50:11,132 - Val loss decrease from 1.5495 to 1.5492
2024-01-08 15:50:33,565 - Epoch: 081, Train Loss: 1.4613, Train RMSE: 3.2432, Train MAPE: 0.0307, Valid Loss: 1.5444, Valid RMSE: 3.4941, Valid MAPE: 0.0335, Train Time: 20.0920s/epoch, Valid Time: 2.3406s, LR: 1.0000e-03
2024-01-08 15:50:33,569 - Val loss decrease from 1.5492 to 1.5444
2024-01-08 15:50:56,118 - Epoch: 082, Train Loss: 1.4632, Train RMSE: 3.2497, Train MAPE: 0.0308, Valid Loss: 1.5512, Valid RMSE: 3.5280, Valid MAPE: 0.0336, Train Time: 20.2360s/epoch, Valid Time: 2.3121s, LR: 1.0000e-03
2024-01-08 15:51:18,594 - Epoch: 083, Train Loss: 1.4609, Train RMSE: 3.2454, Train MAPE: 0.0307, Valid Loss: 1.5574, Valid RMSE: 3.5770, Valid MAPE: 0.0336, Train Time: 20.1579s/epoch, Valid Time: 2.3179s, LR: 1.0000e-03
2024-01-08 15:51:41,000 - Epoch: 084, Train Loss: 1.4608, Train RMSE: 3.2422, Train MAPE: 0.0307, Valid Loss: 1.5455, Valid RMSE: 3.4981, Valid MAPE: 0.0335, Train Time: 20.0736s/epoch, Valid Time: 2.3314s, LR: 1.0000e-03
2024-01-08 15:52:03,711 - Epoch: 085, Train Loss: 1.4598, Train RMSE: 3.2389, Train MAPE: 0.0307, Valid Loss: 1.5515, Valid RMSE: 3.4966, Valid MAPE: 0.0340, Train Time: 20.3306s/epoch, Valid Time: 2.3806s, LR: 1.0000e-03
2024-01-08 15:52:25,819 - Epoch: 086, Train Loss: 1.4618, Train RMSE: 3.2437, Train MAPE: 0.0308, Valid Loss: 1.5539, Valid RMSE: 3.5330, Valid MAPE: 0.0333, Train Time: 19.8983s/epoch, Valid Time: 2.2087s, LR: 1.0000e-03
2024-01-08 15:52:47,838 - Epoch: 087, Train Loss: 1.4609, Train RMSE: 3.2429, Train MAPE: 0.0307, Valid Loss: 1.5492, Valid RMSE: 3.5294, Valid MAPE: 0.0332, Train Time: 19.8183s/epoch, Valid Time: 2.1998s, LR: 1.0000e-03
2024-01-08 15:53:09,977 - Epoch: 088, Train Loss: 1.4619, Train RMSE: 3.2460, Train MAPE: 0.0308, Valid Loss: 1.5547, Valid RMSE: 3.5379, Valid MAPE: 0.0333, Train Time: 19.9358s/epoch, Valid Time: 2.2025s, LR: 1.0000e-03
2024-01-08 15:53:31,998 - Epoch: 089, Train Loss: 1.4606, Train RMSE: 3.2420, Train MAPE: 0.0307, Valid Loss: 1.5515, Valid RMSE: 3.5043, Valid MAPE: 0.0337, Train Time: 19.7768s/epoch, Valid Time: 2.2441s, LR: 1.0000e-03
2024-01-08 15:53:54,038 - Epoch: 090, Train Loss: 1.4594, Train RMSE: 3.2396, Train MAPE: 0.0307, Valid Loss: 1.5496, Valid RMSE: 3.4999, Valid MAPE: 0.0337, Train Time: 19.8078s/epoch, Valid Time: 2.2316s, LR: 1.0000e-03
2024-01-08 15:54:16,013 - Epoch: 091, Train Loss: 1.4602, Train RMSE: 3.2439, Train MAPE: 0.0307, Valid Loss: 1.5448, Valid RMSE: 3.4997, Valid MAPE: 0.0335, Train Time: 19.6431s/epoch, Valid Time: 2.3316s, LR: 1.0000e-03
2024-01-08 15:54:16,014 - Early stop at epoch 91, loss = 1.544361
2024-01-08 15:54:16,014 - best valid_loss:1.544361
2024-01-08 15:54:20,086 - Horizon 1, Test MAE: 0.8922, Test RMSE: 1.6337, Test MAPE: 0.0173
2024-01-08 15:54:20,121 - Horizon 2, Test MAE: 1.2017, Test RMSE: 2.4323, Test MAPE: 0.0243
2024-01-08 15:54:20,156 - Horizon 3, Test MAE: 1.4321, Test RMSE: 3.0772, Test MAPE: 0.0300
2024-01-08 15:54:20,191 - Horizon 4, Test MAE: 1.6180, Test RMSE: 3.5940, Test MAPE: 0.0348
2024-01-08 15:54:20,220 - Horizon 5, Test MAE: 1.7745, Test RMSE: 4.0097, Test MAPE: 0.0391
2024-01-08 15:54:20,258 - Horizon 6, Test MAE: 1.9113, Test RMSE: 4.3528, Test MAPE: 0.0430
2024-01-08 15:54:20,258 - Average Test MAE: 1.4716, Test RMSE: 3.1833, Test MAPE: 0.0314
2024-01-08 15:58:42,506 - Namespace(adapter=True, batch_size=128, clip_grad_value=5, dataset='PEMSBAY', device='cuda:5', dropout=0.3, embed_dim=10, end_dim=512, frozen=False, hid_dim=64, horizon=6, init_dim=32, input_dim=2, layer=2, lrate=0.001, max_epochs=100, mode='train', model='lstm', num_layers=1, output_dim=1, patience=10, pre_train='', save='test.pth', seed=9, seq_length=6, wdecay=0.0005, years='2017')
2024-01-08 15:58:42,508 - Adj path: /home/yuxuan/rwl/GWN-LoRA/data/pemsbay/pemsbay_rn_adj.npy
2024-01-08 15:58:44,226 - Data shape: (52116, 325, 3)
2024-01-08 15:58:45,389 - Sample num: 36465, Batch num: 284
2024-01-08 15:58:46,546 - Sample num: 5209, Batch num: 40
2024-01-08 15:58:47,712 - Sample num: 10419, Batch num: 81
2024-01-08 15:58:48,210 - The number of parameters: 94822
2024-01-08 15:58:48,216 - Start training!
2024-01-08 15:59:13,676 - Epoch: 001, Train Loss: 1.8709, Train RMSE: 4.0514, Train MAPE: 0.0423, Valid Loss: 1.6543, Valid RMSE: 3.8109, Valid MAPE: 0.0359, Train Time: 23.0743s/epoch, Valid Time: 2.3856s, LR: 1.0000e-03
2024-01-08 15:59:13,686 - Val loss decrease from inf to 1.6543
2024-01-08 15:59:37,292 - Epoch: 002, Train Loss: 1.5588, Train RMSE: 3.4944, Train MAPE: 0.0328, Valid Loss: 1.6432, Valid RMSE: 3.8030, Valid MAPE: 0.0355, Train Time: 21.2466s/epoch, Valid Time: 2.3591s, LR: 1.0000e-03
2024-01-08 15:59:37,302 - Val loss decrease from 1.6543 to 1.6432
2024-01-08 16:00:02,097 - Epoch: 003, Train Loss: 1.5480, Train RMSE: 3.4831, Train MAPE: 0.0326, Valid Loss: 1.6468, Valid RMSE: 3.7895, Valid MAPE: 0.0361, Train Time: 22.3681s/epoch, Valid Time: 2.4269s, LR: 1.0000e-03
2024-01-08 16:00:26,131 - Epoch: 004, Train Loss: 1.5436, Train RMSE: 3.4790, Train MAPE: 0.0324, Valid Loss: 1.6464, Valid RMSE: 3.7943, Valid MAPE: 0.0357, Train Time: 21.5950s/epoch, Valid Time: 2.4379s, LR: 1.0000e-03
2024-01-08 16:00:50,201 - Epoch: 005, Train Loss: 1.5435, Train RMSE: 3.4751, Train MAPE: 0.0325, Valid Loss: 1.6484, Valid RMSE: 3.8508, Valid MAPE: 0.0352, Train Time: 21.6887s/epoch, Valid Time: 2.3809s, LR: 1.0000e-03
2024-01-08 16:01:14,449 - Epoch: 006, Train Loss: 1.5384, Train RMSE: 3.4685, Train MAPE: 0.0323, Valid Loss: 1.6744, Valid RMSE: 3.9017, Valid MAPE: 0.0359, Train Time: 21.7953s/epoch, Valid Time: 2.4526s, LR: 1.0000e-03
2024-01-08 16:01:38,883 - Epoch: 007, Train Loss: 1.5390, Train RMSE: 3.4699, Train MAPE: 0.0323, Valid Loss: 1.6451, Valid RMSE: 3.7838, Valid MAPE: 0.0362, Train Time: 21.8505s/epoch, Valid Time: 2.5824s, LR: 1.0000e-03
2024-01-08 16:02:03,073 - Epoch: 008, Train Loss: 1.5365, Train RMSE: 3.4663, Train MAPE: 0.0323, Valid Loss: 1.6445, Valid RMSE: 3.8322, Valid MAPE: 0.0352, Train Time: 21.7206s/epoch, Valid Time: 2.4684s, LR: 1.0000e-03
2024-01-08 16:02:27,288 - Epoch: 009, Train Loss: 1.5332, Train RMSE: 3.4638, Train MAPE: 0.0322, Valid Loss: 1.6344, Valid RMSE: 3.8084, Valid MAPE: 0.0350, Train Time: 21.8717s/epoch, Valid Time: 2.3430s, LR: 1.0000e-03
2024-01-08 16:02:27,298 - Val loss decrease from 1.6432 to 1.6344
2024-01-08 16:02:51,496 - Epoch: 010, Train Loss: 1.5332, Train RMSE: 3.4628, Train MAPE: 0.0322, Valid Loss: 1.6412, Valid RMSE: 3.7724, Valid MAPE: 0.0361, Train Time: 21.8289s/epoch, Valid Time: 2.3679s, LR: 1.0000e-03
2024-01-08 16:03:16,577 - Epoch: 011, Train Loss: 1.5316, Train RMSE: 3.4589, Train MAPE: 0.0321, Valid Loss: 1.6367, Valid RMSE: 3.8004, Valid MAPE: 0.0351, Train Time: 22.5295s/epoch, Valid Time: 2.5513s, LR: 1.0000e-03
2024-01-08 16:03:41,385 - Epoch: 012, Train Loss: 1.5311, Train RMSE: 3.4596, Train MAPE: 0.0322, Valid Loss: 1.6441, Valid RMSE: 3.8239, Valid MAPE: 0.0353, Train Time: 22.2359s/epoch, Valid Time: 2.5716s, LR: 1.0000e-03
2024-01-08 16:04:05,731 - Epoch: 013, Train Loss: 1.5318, Train RMSE: 3.4563, Train MAPE: 0.0322, Valid Loss: 1.6357, Valid RMSE: 3.8159, Valid MAPE: 0.0349, Train Time: 21.8300s/epoch, Valid Time: 2.5149s, LR: 1.0000e-03
2024-01-08 16:04:30,408 - Epoch: 014, Train Loss: 1.5276, Train RMSE: 3.4532, Train MAPE: 0.0321, Valid Loss: 1.6278, Valid RMSE: 3.7911, Valid MAPE: 0.0351, Train Time: 21.9929s/epoch, Valid Time: 2.6843s, LR: 1.0000e-03
2024-01-08 16:04:30,420 - Val loss decrease from 1.6344 to 1.6278
2024-01-08 16:04:56,197 - Epoch: 015, Train Loss: 1.5275, Train RMSE: 3.4532, Train MAPE: 0.0321, Valid Loss: 1.6285, Valid RMSE: 3.7897, Valid MAPE: 0.0350, Train Time: 23.3788s/epoch, Valid Time: 2.3983s, LR: 1.0000e-03
2024-01-08 16:05:21,494 - Epoch: 016, Train Loss: 1.5249, Train RMSE: 3.4487, Train MAPE: 0.0320, Valid Loss: 1.6296, Valid RMSE: 3.8042, Valid MAPE: 0.0349, Train Time: 22.6522s/epoch, Valid Time: 2.6444s, LR: 1.0000e-03
2024-01-08 16:05:46,159 - Epoch: 017, Train Loss: 1.5236, Train RMSE: 3.4453, Train MAPE: 0.0320, Valid Loss: 1.6214, Valid RMSE: 3.7777, Valid MAPE: 0.0350, Train Time: 22.2703s/epoch, Valid Time: 2.3935s, LR: 1.0000e-03
2024-01-08 16:05:46,166 - Val loss decrease from 1.6278 to 1.6214
2024-01-08 16:06:10,556 - Epoch: 018, Train Loss: 1.5226, Train RMSE: 3.4444, Train MAPE: 0.0320, Valid Loss: 1.6288, Valid RMSE: 3.7878, Valid MAPE: 0.0350, Train Time: 21.9911s/epoch, Valid Time: 2.3980s, LR: 1.0000e-03
2024-01-08 16:06:34,803 - Epoch: 019, Train Loss: 1.5207, Train RMSE: 3.4404, Train MAPE: 0.0320, Valid Loss: 1.6226, Valid RMSE: 3.7544, Valid MAPE: 0.0354, Train Time: 21.8722s/epoch, Valid Time: 2.3750s, LR: 1.0000e-03
2024-01-08 16:07:00,249 - Epoch: 020, Train Loss: 1.5176, Train RMSE: 3.4373, Train MAPE: 0.0319, Valid Loss: 1.6207, Valid RMSE: 3.7807, Valid MAPE: 0.0347, Train Time: 22.7007s/epoch, Valid Time: 2.7447s, LR: 1.0000e-03
2024-01-08 16:07:00,257 - Val loss decrease from 1.6214 to 1.6207
2024-01-08 16:07:25,929 - Epoch: 021, Train Loss: 1.5173, Train RMSE: 3.4344, Train MAPE: 0.0319, Valid Loss: 1.6137, Valid RMSE: 3.7417, Valid MAPE: 0.0349, Train Time: 22.8153s/epoch, Valid Time: 2.8563s, LR: 1.0000e-03
2024-01-08 16:07:25,937 - Val loss decrease from 1.6207 to 1.6137
2024-01-08 16:07:51,525 - Epoch: 022, Train Loss: 1.5138, Train RMSE: 3.4267, Train MAPE: 0.0318, Valid Loss: 1.6093, Valid RMSE: 3.7465, Valid MAPE: 0.0348, Train Time: 23.0592s/epoch, Valid Time: 2.5294s, LR: 1.0000e-03
2024-01-08 16:07:51,532 - Val loss decrease from 1.6137 to 1.6093
2024-01-08 16:08:16,175 - Epoch: 023, Train Loss: 1.5120, Train RMSE: 3.4188, Train MAPE: 0.0318, Valid Loss: 1.6038, Valid RMSE: 3.7227, Valid MAPE: 0.0346, Train Time: 22.1246s/epoch, Valid Time: 2.5172s, LR: 1.0000e-03
2024-01-08 16:08:16,184 - Val loss decrease from 1.6093 to 1.6038
2024-01-08 16:08:40,804 - Epoch: 024, Train Loss: 1.5086, Train RMSE: 3.4118, Train MAPE: 0.0317, Valid Loss: 1.6009, Valid RMSE: 3.7150, Valid MAPE: 0.0348, Train Time: 22.0422s/epoch, Valid Time: 2.5780s, LR: 1.0000e-03
2024-01-08 16:08:40,813 - Val loss decrease from 1.6038 to 1.6009
2024-01-08 16:09:05,197 - Epoch: 025, Train Loss: 1.5065, Train RMSE: 3.4031, Train MAPE: 0.0317, Valid Loss: 1.5968, Valid RMSE: 3.6946, Valid MAPE: 0.0348, Train Time: 21.8764s/epoch, Valid Time: 2.5073s, LR: 1.0000e-03
2024-01-08 16:09:05,205 - Val loss decrease from 1.6009 to 1.5968
2024-01-08 16:09:30,953 - Epoch: 026, Train Loss: 1.5069, Train RMSE: 3.3983, Train MAPE: 0.0317, Valid Loss: 1.5931, Valid RMSE: 3.6958, Valid MAPE: 0.0345, Train Time: 23.1613s/epoch, Valid Time: 2.5860s, LR: 1.0000e-03
2024-01-08 16:09:30,960 - Val loss decrease from 1.5968 to 1.5931
2024-01-08 16:09:56,328 - Epoch: 027, Train Loss: 1.5012, Train RMSE: 3.3837, Train MAPE: 0.0316, Valid Loss: 1.5870, Valid RMSE: 3.6512, Valid MAPE: 0.0346, Train Time: 22.4466s/epoch, Valid Time: 2.9216s, LR: 1.0000e-03
2024-01-08 16:09:56,335 - Val loss decrease from 1.5931 to 1.5870
2024-01-08 16:10:21,209 - Epoch: 028, Train Loss: 1.4983, Train RMSE: 3.3750, Train MAPE: 0.0315, Valid Loss: 1.5943, Valid RMSE: 3.7048, Valid MAPE: 0.0342, Train Time: 22.3180s/epoch, Valid Time: 2.5552s, LR: 1.0000e-03
2024-01-08 16:10:45,752 - Epoch: 029, Train Loss: 1.4962, Train RMSE: 3.3599, Train MAPE: 0.0315, Valid Loss: 1.5893, Valid RMSE: 3.6510, Valid MAPE: 0.0343, Train Time: 22.0873s/epoch, Valid Time: 2.4557s, LR: 1.0000e-03
2024-01-08 16:11:10,081 - Epoch: 030, Train Loss: 1.4917, Train RMSE: 3.3484, Train MAPE: 0.0314, Valid Loss: 1.5891, Valid RMSE: 3.6936, Valid MAPE: 0.0340, Train Time: 21.8569s/epoch, Valid Time: 2.4712s, LR: 1.0000e-03
2024-01-08 16:11:36,250 - Epoch: 031, Train Loss: 1.4896, Train RMSE: 3.3418, Train MAPE: 0.0314, Valid Loss: 1.5767, Valid RMSE: 3.6476, Valid MAPE: 0.0340, Train Time: 23.1749s/epoch, Valid Time: 2.9935s, LR: 1.0000e-03
2024-01-08 16:11:36,259 - Val loss decrease from 1.5870 to 1.5767
2024-01-08 16:12:01,574 - Epoch: 032, Train Loss: 1.4857, Train RMSE: 3.3284, Train MAPE: 0.0313, Valid Loss: 1.5727, Valid RMSE: 3.6250, Valid MAPE: 0.0340, Train Time: 22.5738s/epoch, Valid Time: 2.7408s, LR: 1.0000e-03
2024-01-08 16:12:01,582 - Val loss decrease from 1.5767 to 1.5727
2024-01-08 16:12:26,451 - Epoch: 033, Train Loss: 1.4836, Train RMSE: 3.3194, Train MAPE: 0.0312, Valid Loss: 1.5767, Valid RMSE: 3.5740, Valid MAPE: 0.0348, Train Time: 22.4629s/epoch, Valid Time: 2.4059s, LR: 1.0000e-03
2024-01-08 16:12:51,046 - Epoch: 034, Train Loss: 1.4811, Train RMSE: 3.3109, Train MAPE: 0.0312, Valid Loss: 1.5719, Valid RMSE: 3.5739, Valid MAPE: 0.0339, Train Time: 22.1582s/epoch, Valid Time: 2.4360s, LR: 1.0000e-03
2024-01-08 16:12:51,055 - Val loss decrease from 1.5727 to 1.5719
2024-01-08 16:13:15,596 - Epoch: 035, Train Loss: 1.4785, Train RMSE: 3.3023, Train MAPE: 0.0311, Valid Loss: 1.5674, Valid RMSE: 3.5628, Valid MAPE: 0.0342, Train Time: 22.0623s/epoch, Valid Time: 2.4783s, LR: 1.0000e-03
2024-01-08 16:13:15,604 - Val loss decrease from 1.5719 to 1.5674
2024-01-08 16:13:40,687 - Epoch: 036, Train Loss: 1.4774, Train RMSE: 3.2977, Train MAPE: 0.0311, Valid Loss: 1.5720, Valid RMSE: 3.5756, Valid MAPE: 0.0343, Train Time: 22.1959s/epoch, Valid Time: 2.8867s, LR: 1.0000e-03
2024-01-08 16:14:05,894 - Epoch: 037, Train Loss: 1.4784, Train RMSE: 3.2992, Train MAPE: 0.0311, Valid Loss: 1.5654, Valid RMSE: 3.5640, Valid MAPE: 0.0338, Train Time: 22.7357s/epoch, Valid Time: 2.4708s, LR: 1.0000e-03
2024-01-08 16:14:05,901 - Val loss decrease from 1.5674 to 1.5654
2024-01-08 16:14:31,119 - Epoch: 038, Train Loss: 1.4773, Train RMSE: 3.2941, Train MAPE: 0.0311, Valid Loss: 1.5712, Valid RMSE: 3.6019, Valid MAPE: 0.0341, Train Time: 22.7093s/epoch, Valid Time: 2.5083s, LR: 1.0000e-03
2024-01-08 16:14:55,466 - Epoch: 039, Train Loss: 1.4754, Train RMSE: 3.2892, Train MAPE: 0.0310, Valid Loss: 1.5651, Valid RMSE: 3.5969, Valid MAPE: 0.0339, Train Time: 21.9263s/epoch, Valid Time: 2.4197s, LR: 1.0000e-03
2024-01-08 16:14:55,473 - Val loss decrease from 1.5654 to 1.5651
2024-01-08 16:15:19,937 - Epoch: 040, Train Loss: 1.4741, Train RMSE: 3.2836, Train MAPE: 0.0310, Valid Loss: 1.5620, Valid RMSE: 3.5366, Valid MAPE: 0.0340, Train Time: 22.0220s/epoch, Valid Time: 2.4424s, LR: 1.0000e-03
2024-01-08 16:15:19,948 - Val loss decrease from 1.5651 to 1.5620
2024-01-08 16:15:44,277 - Epoch: 041, Train Loss: 1.4726, Train RMSE: 3.2789, Train MAPE: 0.0310, Valid Loss: 1.5629, Valid RMSE: 3.5598, Valid MAPE: 0.0340, Train Time: 21.8894s/epoch, Valid Time: 2.4393s, LR: 1.0000e-03
2024-01-08 16:16:09,918 - Epoch: 042, Train Loss: 1.4735, Train RMSE: 3.2823, Train MAPE: 0.0310, Valid Loss: 1.5607, Valid RMSE: 3.5724, Valid MAPE: 0.0335, Train Time: 23.2208s/epoch, Valid Time: 2.4196s, LR: 1.0000e-03
2024-01-08 16:16:09,925 - Val loss decrease from 1.5620 to 1.5607
2024-01-08 16:16:35,315 - Epoch: 043, Train Loss: 1.4713, Train RMSE: 3.2757, Train MAPE: 0.0310, Valid Loss: 1.5613, Valid RMSE: 3.5538, Valid MAPE: 0.0339, Train Time: 22.5799s/epoch, Valid Time: 2.8103s, LR: 1.0000e-03
2024-01-08 16:16:59,879 - Epoch: 044, Train Loss: 1.4725, Train RMSE: 3.2780, Train MAPE: 0.0310, Valid Loss: 1.5572, Valid RMSE: 3.5395, Valid MAPE: 0.0337, Train Time: 22.1231s/epoch, Valid Time: 2.4401s, LR: 1.0000e-03
2024-01-08 16:16:59,887 - Val loss decrease from 1.5607 to 1.5572
2024-01-08 16:17:24,432 - Epoch: 045, Train Loss: 1.4701, Train RMSE: 3.2713, Train MAPE: 0.0309, Valid Loss: 1.5745, Valid RMSE: 3.6176, Valid MAPE: 0.0338, Train Time: 22.0693s/epoch, Valid Time: 2.4755s, LR: 1.0000e-03
2024-01-08 16:17:48,827 - Epoch: 046, Train Loss: 1.4719, Train RMSE: 3.2720, Train MAPE: 0.0310, Valid Loss: 1.5612, Valid RMSE: 3.5637, Valid MAPE: 0.0337, Train Time: 22.0033s/epoch, Valid Time: 2.3907s, LR: 1.0000e-03
2024-01-08 16:18:14,343 - Epoch: 047, Train Loss: 1.4699, Train RMSE: 3.2680, Train MAPE: 0.0309, Valid Loss: 1.5623, Valid RMSE: 3.5269, Valid MAPE: 0.0343, Train Time: 22.5761s/epoch, Valid Time: 2.9393s, LR: 1.0000e-03
2024-01-08 16:18:40,049 - Epoch: 048, Train Loss: 1.4696, Train RMSE: 3.2692, Train MAPE: 0.0310, Valid Loss: 1.5623, Valid RMSE: 3.5834, Valid MAPE: 0.0337, Train Time: 22.8820s/epoch, Valid Time: 2.8230s, LR: 1.0000e-03
2024-01-08 16:19:05,136 - Epoch: 049, Train Loss: 1.4677, Train RMSE: 3.2642, Train MAPE: 0.0309, Valid Loss: 1.5549, Valid RMSE: 3.5315, Valid MAPE: 0.0338, Train Time: 22.3211s/epoch, Valid Time: 2.7649s, LR: 1.0000e-03
2024-01-08 16:19:05,148 - Val loss decrease from 1.5572 to 1.5549
2024-01-08 16:19:29,601 - Epoch: 050, Train Loss: 1.4672, Train RMSE: 3.2614, Train MAPE: 0.0309, Valid Loss: 1.5578, Valid RMSE: 3.5276, Valid MAPE: 0.0340, Train Time: 21.9710s/epoch, Valid Time: 2.4822s, LR: 1.0000e-03
2024-01-08 16:19:54,079 - Epoch: 051, Train Loss: 1.4677, Train RMSE: 3.2624, Train MAPE: 0.0309, Valid Loss: 1.5564, Valid RMSE: 3.5688, Valid MAPE: 0.0336, Train Time: 22.0035s/epoch, Valid Time: 2.4730s, LR: 1.0000e-03
2024-01-08 16:20:18,513 - Epoch: 052, Train Loss: 1.4680, Train RMSE: 3.2638, Train MAPE: 0.0309, Valid Loss: 1.5643, Valid RMSE: 3.5133, Valid MAPE: 0.0348, Train Time: 22.0585s/epoch, Valid Time: 2.3743s, LR: 1.0000e-03
2024-01-08 16:20:44,185 - Epoch: 053, Train Loss: 1.4671, Train RMSE: 3.2599, Train MAPE: 0.0309, Valid Loss: 1.5554, Valid RMSE: 3.5181, Valid MAPE: 0.0339, Train Time: 23.2033s/epoch, Valid Time: 2.4683s, LR: 1.0000e-03
2024-01-08 16:21:09,776 - Epoch: 054, Train Loss: 1.4662, Train RMSE: 3.2577, Train MAPE: 0.0309, Valid Loss: 1.5549, Valid RMSE: 3.5247, Valid MAPE: 0.0340, Train Time: 23.1044s/epoch, Valid Time: 2.4859s, LR: 1.0000e-03
2024-01-08 16:21:34,078 - Epoch: 055, Train Loss: 1.4668, Train RMSE: 3.2595, Train MAPE: 0.0309, Valid Loss: 1.5632, Valid RMSE: 3.5218, Valid MAPE: 0.0344, Train Time: 21.9689s/epoch, Valid Time: 2.3323s, LR: 1.0000e-03
2024-01-08 16:21:58,171 - Epoch: 056, Train Loss: 1.4661, Train RMSE: 3.2590, Train MAPE: 0.0309, Valid Loss: 1.5592, Valid RMSE: 3.5552, Valid MAPE: 0.0336, Train Time: 21.7223s/epoch, Valid Time: 2.3706s, LR: 1.0000e-03
2024-01-08 16:22:22,111 - Epoch: 057, Train Loss: 1.4673, Train RMSE: 3.2574, Train MAPE: 0.0309, Valid Loss: 1.5566, Valid RMSE: 3.5372, Valid MAPE: 0.0337, Train Time: 21.6299s/epoch, Valid Time: 2.3094s, LR: 1.0000e-03
2024-01-08 16:22:46,882 - Epoch: 058, Train Loss: 1.4648, Train RMSE: 3.2550, Train MAPE: 0.0308, Valid Loss: 1.5550, Valid RMSE: 3.5209, Valid MAPE: 0.0338, Train Time: 22.0152s/epoch, Valid Time: 2.7550s, LR: 1.0000e-03
2024-01-08 16:23:11,720 - Epoch: 059, Train Loss: 1.4643, Train RMSE: 3.2519, Train MAPE: 0.0308, Valid Loss: 1.5541, Valid RMSE: 3.5310, Valid MAPE: 0.0336, Train Time: 22.1422s/epoch, Valid Time: 2.6950s, LR: 1.0000e-03
2024-01-08 16:23:11,728 - Val loss decrease from 1.5549 to 1.5541
2024-01-08 16:23:35,899 - Epoch: 060, Train Loss: 1.4638, Train RMSE: 3.2522, Train MAPE: 0.0308, Valid Loss: 1.5550, Valid RMSE: 3.5087, Valid MAPE: 0.0341, Train Time: 21.8265s/epoch, Valid Time: 2.3443s, LR: 1.0000e-03
2024-01-08 16:23:59,925 - Epoch: 061, Train Loss: 1.4643, Train RMSE: 3.2534, Train MAPE: 0.0308, Valid Loss: 1.5553, Valid RMSE: 3.5622, Valid MAPE: 0.0334, Train Time: 21.6533s/epoch, Valid Time: 2.3727s, LR: 1.0000e-03
2024-01-08 16:24:24,024 - Epoch: 062, Train Loss: 1.4645, Train RMSE: 3.2525, Train MAPE: 0.0308, Valid Loss: 1.5513, Valid RMSE: 3.5397, Valid MAPE: 0.0336, Train Time: 21.7293s/epoch, Valid Time: 2.3683s, LR: 1.0000e-03
2024-01-08 16:24:24,030 - Val loss decrease from 1.5541 to 1.5513
2024-01-08 16:24:48,450 - Epoch: 063, Train Loss: 1.4644, Train RMSE: 3.2499, Train MAPE: 0.0308, Valid Loss: 1.5665, Valid RMSE: 3.6070, Valid MAPE: 0.0335, Train Time: 21.7816s/epoch, Valid Time: 2.6374s, LR: 1.0000e-03
2024-01-08 16:25:13,123 - Epoch: 064, Train Loss: 1.4632, Train RMSE: 3.2504, Train MAPE: 0.0308, Valid Loss: 1.5498, Valid RMSE: 3.5144, Valid MAPE: 0.0339, Train Time: 22.1432s/epoch, Valid Time: 2.5288s, LR: 1.0000e-03
2024-01-08 16:25:13,130 - Val loss decrease from 1.5513 to 1.5498
2024-01-08 16:25:37,493 - Epoch: 065, Train Loss: 1.4652, Train RMSE: 3.2502, Train MAPE: 0.0309, Valid Loss: 1.5679, Valid RMSE: 3.5594, Valid MAPE: 0.0337, Train Time: 22.0297s/epoch, Valid Time: 2.3324s, LR: 1.0000e-03
2024-01-08 16:26:01,673 - Epoch: 066, Train Loss: 1.4625, Train RMSE: 3.2476, Train MAPE: 0.0308, Valid Loss: 1.5532, Valid RMSE: 3.5203, Valid MAPE: 0.0337, Train Time: 21.7890s/epoch, Valid Time: 2.3906s, LR: 1.0000e-03
2024-01-08 16:26:25,737 - Epoch: 067, Train Loss: 1.4613, Train RMSE: 3.2456, Train MAPE: 0.0307, Valid Loss: 1.5502, Valid RMSE: 3.5155, Valid MAPE: 0.0339, Train Time: 21.6743s/epoch, Valid Time: 2.3886s, LR: 1.0000e-03
2024-01-08 16:26:49,768 - Epoch: 068, Train Loss: 1.4623, Train RMSE: 3.2456, Train MAPE: 0.0308, Valid Loss: 1.5599, Valid RMSE: 3.5114, Valid MAPE: 0.0343, Train Time: 21.6487s/epoch, Valid Time: 2.3817s, LR: 1.0000e-03
2024-01-08 16:27:14,294 - Epoch: 069, Train Loss: 1.4616, Train RMSE: 3.2442, Train MAPE: 0.0308, Valid Loss: 1.5486, Valid RMSE: 3.5206, Valid MAPE: 0.0337, Train Time: 22.1549s/epoch, Valid Time: 2.3703s, LR: 1.0000e-03
2024-01-08 16:27:14,300 - Val loss decrease from 1.5498 to 1.5486
2024-01-08 16:27:38,747 - Epoch: 070, Train Loss: 1.4617, Train RMSE: 3.2444, Train MAPE: 0.0308, Valid Loss: 1.5535, Valid RMSE: 3.5536, Valid MAPE: 0.0336, Train Time: 22.0927s/epoch, Valid Time: 2.3531s, LR: 1.0000e-03
2024-01-08 16:28:02,524 - Epoch: 071, Train Loss: 1.4617, Train RMSE: 3.2439, Train MAPE: 0.0308, Valid Loss: 1.5494, Valid RMSE: 3.5212, Valid MAPE: 0.0336, Train Time: 21.4496s/epoch, Valid Time: 2.3268s, LR: 1.0000e-03
2024-01-08 16:28:25,882 - Epoch: 072, Train Loss: 1.4600, Train RMSE: 3.2398, Train MAPE: 0.0307, Valid Loss: 1.5541, Valid RMSE: 3.5613, Valid MAPE: 0.0335, Train Time: 21.0656s/epoch, Valid Time: 2.2918s, LR: 1.0000e-03
2024-01-08 16:28:49,901 - Epoch: 073, Train Loss: 1.4611, Train RMSE: 3.2419, Train MAPE: 0.0308, Valid Loss: 1.5572, Valid RMSE: 3.5103, Valid MAPE: 0.0340, Train Time: 21.6748s/epoch, Valid Time: 2.3440s, LR: 1.0000e-03
2024-01-08 16:29:14,370 - Epoch: 074, Train Loss: 1.4612, Train RMSE: 3.2423, Train MAPE: 0.0308, Valid Loss: 1.5474, Valid RMSE: 3.4995, Valid MAPE: 0.0336, Train Time: 22.1651s/epoch, Valid Time: 2.3038s, LR: 1.0000e-03
2024-01-08 16:29:14,377 - Val loss decrease from 1.5486 to 1.5474
2024-01-08 16:29:38,222 - Epoch: 075, Train Loss: 1.4592, Train RMSE: 3.2390, Train MAPE: 0.0307, Valid Loss: 1.5450, Valid RMSE: 3.4993, Valid MAPE: 0.0335, Train Time: 21.5095s/epoch, Valid Time: 2.3345s, LR: 1.0000e-03
2024-01-08 16:29:38,229 - Val loss decrease from 1.5474 to 1.5450
2024-01-08 16:30:01,989 - Epoch: 076, Train Loss: 1.4606, Train RMSE: 3.2409, Train MAPE: 0.0308, Valid Loss: 1.5467, Valid RMSE: 3.5132, Valid MAPE: 0.0335, Train Time: 21.4973s/epoch, Valid Time: 2.2626s, LR: 1.0000e-03
2024-01-08 16:30:26,122 - Epoch: 077, Train Loss: 1.4616, Train RMSE: 3.2427, Train MAPE: 0.0308, Valid Loss: 1.5467, Valid RMSE: 3.5113, Valid MAPE: 0.0338, Train Time: 21.5628s/epoch, Valid Time: 2.5699s, LR: 1.0000e-03
2024-01-08 16:30:49,992 - Epoch: 078, Train Loss: 1.4594, Train RMSE: 3.2371, Train MAPE: 0.0307, Valid Loss: 1.5536, Valid RMSE: 3.4842, Valid MAPE: 0.0340, Train Time: 21.5400s/epoch, Valid Time: 2.3285s, LR: 1.0000e-03
2024-01-08 16:31:13,577 - Epoch: 079, Train Loss: 1.4604, Train RMSE: 3.2397, Train MAPE: 0.0308, Valid Loss: 1.5648, Valid RMSE: 3.5878, Valid MAPE: 0.0336, Train Time: 21.3237s/epoch, Valid Time: 2.2610s, LR: 1.0000e-03
2024-01-08 16:31:36,974 - Epoch: 080, Train Loss: 1.4608, Train RMSE: 3.2399, Train MAPE: 0.0308, Valid Loss: 1.5483, Valid RMSE: 3.5179, Valid MAPE: 0.0334, Train Time: 21.0734s/epoch, Valid Time: 2.3228s, LR: 1.0000e-03
2024-01-08 16:32:00,520 - Epoch: 081, Train Loss: 1.4597, Train RMSE: 3.2380, Train MAPE: 0.0307, Valid Loss: 1.5494, Valid RMSE: 3.4982, Valid MAPE: 0.0338, Train Time: 21.2933s/epoch, Valid Time: 2.2525s, LR: 1.0000e-03
2024-01-08 16:32:24,080 - Epoch: 082, Train Loss: 1.4603, Train RMSE: 3.2397, Train MAPE: 0.0307, Valid Loss: 1.5487, Valid RMSE: 3.5107, Valid MAPE: 0.0337, Train Time: 21.3110s/epoch, Valid Time: 2.2475s, LR: 1.0000e-03
2024-01-08 16:32:47,714 - Epoch: 083, Train Loss: 1.4602, Train RMSE: 3.2418, Train MAPE: 0.0307, Valid Loss: 1.5620, Valid RMSE: 3.4929, Valid MAPE: 0.0350, Train Time: 21.3096s/epoch, Valid Time: 2.3248s, LR: 1.0000e-03
2024-01-08 16:33:11,334 - Epoch: 084, Train Loss: 1.4592, Train RMSE: 3.2385, Train MAPE: 0.0307, Valid Loss: 1.5478, Valid RMSE: 3.5038, Valid MAPE: 0.0337, Train Time: 21.3204s/epoch, Valid Time: 2.2987s, LR: 1.0000e-03
2024-01-08 16:33:34,945 - Epoch: 085, Train Loss: 1.4591, Train RMSE: 3.2363, Train MAPE: 0.0307, Valid Loss: 1.5504, Valid RMSE: 3.4829, Valid MAPE: 0.0338, Train Time: 21.3578s/epoch, Valid Time: 2.2528s, LR: 1.0000e-03
2024-01-08 16:33:34,945 - Early stop at epoch 85, loss = 1.545045
2024-01-08 16:33:34,945 - best valid_loss:1.545045
2024-01-08 16:33:39,101 - Horizon 1, Test MAE: 0.8901, Test RMSE: 1.6308, Test MAPE: 0.0172
2024-01-08 16:33:39,132 - Horizon 2, Test MAE: 1.2008, Test RMSE: 2.4309, Test MAPE: 0.0242
2024-01-08 16:33:39,161 - Horizon 3, Test MAE: 1.4314, Test RMSE: 3.0783, Test MAPE: 0.0299
2024-01-08 16:33:39,191 - Horizon 4, Test MAE: 1.6187, Test RMSE: 3.5986, Test MAPE: 0.0348
2024-01-08 16:33:39,222 - Horizon 5, Test MAE: 1.7764, Test RMSE: 4.0189, Test MAPE: 0.0393
2024-01-08 16:33:39,252 - Horizon 6, Test MAE: 1.9139, Test RMSE: 4.3690, Test MAPE: 0.0433
2024-01-08 16:33:39,252 - Average Test MAE: 1.4719, Test RMSE: 3.1877, Test MAPE: 0.0314
2024-01-08 16:43:29,403 - Namespace(adapter=False, batch_size=128, clip_grad_value=5, dataset='PEMSBAY', device='cuda:5', dropout=0.3, embed_dim=10, end_dim=512, frozen=False, hid_dim=64, horizon=3, init_dim=32, input_dim=2, layer=2, lrate=0.001, max_epochs=100, mode='train', model='lstm', num_layers=1, output_dim=1, patience=10, pre_train='', save='test.pth', seed=9, seq_length=3, wdecay=0.0005, years='2017')
2024-01-08 16:43:29,405 - Adj path: /home/yuxuan/rwl/GWN-LoRA/data/pemsbay/pemsbay_rn_adj.npy
2024-01-08 16:43:31,229 - Data shape: (52116, 325, 3)
2024-01-08 16:43:32,410 - Sample num: 36465, Batch num: 284
2024-01-08 16:43:33,677 - Sample num: 5209, Batch num: 40
2024-01-08 16:43:34,929 - Sample num: 10419, Batch num: 81
2024-01-08 16:43:35,461 - The number of parameters: 93283
2024-01-08 16:43:35,462 - Start training!
2024-01-08 16:43:56,402 - Epoch: 001, Train Loss: 1.6559, Train RMSE: 3.3770, Train MAPE: 0.0378, Valid Loss: 1.2888, Valid RMSE: 2.7340, Valid MAPE: 0.0261, Train Time: 18.7944s/epoch, Valid Time: 2.1450s, LR: 1.0000e-03
2024-01-08 16:43:56,411 - Val loss decrease from inf to 1.2888
2024-01-08 16:44:16,258 - Epoch: 002, Train Loss: 1.2360, Train RMSE: 2.5312, Train MAPE: 0.0250, Valid Loss: 1.2789, Valid RMSE: 2.7043, Valid MAPE: 0.0262, Train Time: 17.3095s/epoch, Valid Time: 2.5370s, LR: 1.0000e-03
2024-01-08 16:44:16,262 - Val loss decrease from 1.2888 to 1.2789
2024-01-08 16:44:35,995 - Epoch: 003, Train Loss: 1.2282, Train RMSE: 2.5239, Train MAPE: 0.0247, Valid Loss: 1.2801, Valid RMSE: 2.7131, Valid MAPE: 0.0262, Train Time: 17.6946s/epoch, Valid Time: 2.0382s, LR: 1.0000e-03
2024-01-08 16:44:55,680 - Epoch: 004, Train Loss: 1.2253, Train RMSE: 2.5222, Train MAPE: 0.0247, Valid Loss: 1.2787, Valid RMSE: 2.6978, Valid MAPE: 0.0264, Train Time: 17.5057s/epoch, Valid Time: 2.1778s, LR: 1.0000e-03
2024-01-08 16:44:55,683 - Val loss decrease from 1.2789 to 1.2787
2024-01-08 16:45:16,048 - Epoch: 005, Train Loss: 1.2232, Train RMSE: 2.5189, Train MAPE: 0.0246, Valid Loss: 1.2854, Valid RMSE: 2.7381, Valid MAPE: 0.0262, Train Time: 17.9380s/epoch, Valid Time: 2.4263s, LR: 1.0000e-03
2024-01-08 16:45:39,905 - Epoch: 006, Train Loss: 1.2216, Train RMSE: 2.5154, Train MAPE: 0.0245, Valid Loss: 1.2796, Valid RMSE: 2.7273, Valid MAPE: 0.0261, Train Time: 21.1562s/epoch, Valid Time: 2.6997s, LR: 1.0000e-03
2024-01-08 16:45:59,720 - Epoch: 007, Train Loss: 1.2209, Train RMSE: 2.5159, Train MAPE: 0.0245, Valid Loss: 1.2745, Valid RMSE: 2.7060, Valid MAPE: 0.0262, Train Time: 17.7225s/epoch, Valid Time: 2.0924s, LR: 1.0000e-03
2024-01-08 16:45:59,725 - Val loss decrease from 1.2787 to 1.2745
2024-01-08 16:46:19,371 - Epoch: 008, Train Loss: 1.2231, Train RMSE: 2.5176, Train MAPE: 0.0246, Valid Loss: 1.2735, Valid RMSE: 2.7052, Valid MAPE: 0.0261, Train Time: 17.6818s/epoch, Valid Time: 1.9640s, LR: 1.0000e-03
2024-01-08 16:46:19,375 - Val loss decrease from 1.2745 to 1.2735
2024-01-08 16:46:39,096 - Epoch: 009, Train Loss: 1.2181, Train RMSE: 2.5129, Train MAPE: 0.0244, Valid Loss: 1.2887, Valid RMSE: 2.7469, Valid MAPE: 0.0262, Train Time: 17.6309s/epoch, Valid Time: 2.0899s, LR: 1.0000e-03
2024-01-08 16:46:58,809 - Epoch: 010, Train Loss: 1.2176, Train RMSE: 2.5122, Train MAPE: 0.0244, Valid Loss: 1.2720, Valid RMSE: 2.7082, Valid MAPE: 0.0259, Train Time: 17.5922s/epoch, Valid Time: 2.1202s, LR: 1.0000e-03
2024-01-08 16:46:58,813 - Val loss decrease from 1.2735 to 1.2720
2024-01-08 16:47:18,400 - Epoch: 011, Train Loss: 1.2165, Train RMSE: 2.5106, Train MAPE: 0.0244, Valid Loss: 1.2733, Valid RMSE: 2.6915, Valid MAPE: 0.0261, Train Time: 17.4179s/epoch, Valid Time: 2.1688s, LR: 1.0000e-03
2024-01-08 16:47:41,619 - Epoch: 012, Train Loss: 1.2184, Train RMSE: 2.5133, Train MAPE: 0.0245, Valid Loss: 1.2732, Valid RMSE: 2.7086, Valid MAPE: 0.0259, Train Time: 20.6097s/epoch, Valid Time: 2.6083s, LR: 1.0000e-03
2024-01-08 16:48:01,960 - Epoch: 013, Train Loss: 1.2156, Train RMSE: 2.5074, Train MAPE: 0.0243, Valid Loss: 1.2733, Valid RMSE: 2.7158, Valid MAPE: 0.0259, Train Time: 18.2083s/epoch, Valid Time: 2.1319s, LR: 1.0000e-03
2024-01-08 16:48:21,427 - Epoch: 014, Train Loss: 1.2165, Train RMSE: 2.5100, Train MAPE: 0.0244, Valid Loss: 1.2745, Valid RMSE: 2.6942, Valid MAPE: 0.0264, Train Time: 17.4911s/epoch, Valid Time: 1.9746s, LR: 1.0000e-03
2024-01-08 16:48:41,189 - Epoch: 015, Train Loss: 1.2157, Train RMSE: 2.5086, Train MAPE: 0.0244, Valid Loss: 1.2790, Valid RMSE: 2.7324, Valid MAPE: 0.0260, Train Time: 17.7508s/epoch, Valid Time: 2.0104s, LR: 1.0000e-03
2024-01-08 16:49:00,644 - Epoch: 016, Train Loss: 1.2157, Train RMSE: 2.5097, Train MAPE: 0.0244, Valid Loss: 1.2703, Valid RMSE: 2.6925, Valid MAPE: 0.0261, Train Time: 17.3988s/epoch, Valid Time: 2.0558s, LR: 1.0000e-03
2024-01-08 16:49:00,659 - Val loss decrease from 1.2720 to 1.2703
2024-01-08 16:49:20,252 - Epoch: 017, Train Loss: 1.2153, Train RMSE: 2.5070, Train MAPE: 0.0243, Valid Loss: 1.2730, Valid RMSE: 2.6970, Valid MAPE: 0.0260, Train Time: 17.5768s/epoch, Valid Time: 2.0156s, LR: 1.0000e-03
2024-01-08 16:49:40,505 - Epoch: 018, Train Loss: 1.2134, Train RMSE: 2.5064, Train MAPE: 0.0243, Valid Loss: 1.2698, Valid RMSE: 2.6977, Valid MAPE: 0.0260, Train Time: 17.9868s/epoch, Valid Time: 2.2655s, LR: 1.0000e-03
2024-01-08 16:49:40,509 - Val loss decrease from 1.2703 to 1.2698
2024-01-08 16:50:03,605 - Epoch: 019, Train Loss: 1.2135, Train RMSE: 2.5066, Train MAPE: 0.0243, Valid Loss: 1.2701, Valid RMSE: 2.7016, Valid MAPE: 0.0259, Train Time: 20.9545s/epoch, Valid Time: 2.1407s, LR: 1.0000e-03
2024-01-08 16:50:23,286 - Epoch: 020, Train Loss: 1.2124, Train RMSE: 2.5049, Train MAPE: 0.0242, Valid Loss: 1.2707, Valid RMSE: 2.6839, Valid MAPE: 0.0261, Train Time: 17.6996s/epoch, Valid Time: 1.9814s, LR: 1.0000e-03
2024-01-08 16:50:42,940 - Epoch: 021, Train Loss: 1.2113, Train RMSE: 2.5045, Train MAPE: 0.0242, Valid Loss: 1.2697, Valid RMSE: 2.7019, Valid MAPE: 0.0258, Train Time: 17.6355s/epoch, Valid Time: 2.0172s, LR: 1.0000e-03
2024-01-08 16:50:42,946 - Val loss decrease from 1.2698 to 1.2697
2024-01-08 16:51:02,425 - Epoch: 022, Train Loss: 1.2127, Train RMSE: 2.5069, Train MAPE: 0.0243, Valid Loss: 1.2707, Valid RMSE: 2.6928, Valid MAPE: 0.0262, Train Time: 17.4837s/epoch, Valid Time: 1.9948s, LR: 1.0000e-03
2024-01-08 16:51:22,298 - Epoch: 023, Train Loss: 1.2116, Train RMSE: 2.5041, Train MAPE: 0.0242, Valid Loss: 1.2709, Valid RMSE: 2.6871, Valid MAPE: 0.0260, Train Time: 17.7163s/epoch, Valid Time: 2.1562s, LR: 1.0000e-03
2024-01-08 16:51:41,991 - Epoch: 024, Train Loss: 1.2119, Train RMSE: 2.5052, Train MAPE: 0.0242, Valid Loss: 1.2685, Valid RMSE: 2.6882, Valid MAPE: 0.0260, Train Time: 17.6169s/epoch, Valid Time: 2.0752s, LR: 1.0000e-03
2024-01-08 16:51:41,995 - Val loss decrease from 1.2697 to 1.2685
2024-01-08 16:52:01,871 - Epoch: 025, Train Loss: 1.2106, Train RMSE: 2.5036, Train MAPE: 0.0242, Valid Loss: 1.2678, Valid RMSE: 2.6955, Valid MAPE: 0.0259, Train Time: 17.9472s/epoch, Valid Time: 1.9282s, LR: 1.0000e-03
2024-01-08 16:52:01,875 - Val loss decrease from 1.2685 to 1.2678
2024-01-08 16:52:21,224 - Epoch: 026, Train Loss: 1.2130, Train RMSE: 2.5057, Train MAPE: 0.0243, Valid Loss: 1.2691, Valid RMSE: 2.6808, Valid MAPE: 0.0261, Train Time: 17.4581s/epoch, Valid Time: 1.8905s, LR: 1.0000e-03
2024-01-08 16:52:40,302 - Epoch: 027, Train Loss: 1.2096, Train RMSE: 2.5026, Train MAPE: 0.0242, Valid Loss: 1.2700, Valid RMSE: 2.7051, Valid MAPE: 0.0259, Train Time: 17.0518s/epoch, Valid Time: 2.0258s, LR: 1.0000e-03
2024-01-08 16:52:59,124 - Epoch: 028, Train Loss: 1.2109, Train RMSE: 2.5040, Train MAPE: 0.0242, Valid Loss: 1.2720, Valid RMSE: 2.7059, Valid MAPE: 0.0259, Train Time: 16.9238s/epoch, Valid Time: 1.8979s, LR: 1.0000e-03
2024-01-08 16:53:18,231 - Epoch: 029, Train Loss: 1.2121, Train RMSE: 2.5047, Train MAPE: 0.0243, Valid Loss: 1.2705, Valid RMSE: 2.7089, Valid MAPE: 0.0258, Train Time: 17.2354s/epoch, Valid Time: 1.8705s, LR: 1.0000e-03
2024-01-08 16:53:36,925 - Epoch: 030, Train Loss: 1.2104, Train RMSE: 2.5033, Train MAPE: 0.0242, Valid Loss: 1.2799, Valid RMSE: 2.7269, Valid MAPE: 0.0260, Train Time: 16.8248s/epoch, Valid Time: 1.8680s, LR: 1.0000e-03
2024-01-08 16:53:55,715 - Epoch: 031, Train Loss: 1.2109, Train RMSE: 2.5041, Train MAPE: 0.0242, Valid Loss: 1.2669, Valid RMSE: 2.6902, Valid MAPE: 0.0259, Train Time: 16.9742s/epoch, Valid Time: 1.8149s, LR: 1.0000e-03
2024-01-08 16:53:55,732 - Val loss decrease from 1.2678 to 1.2669
2024-01-08 16:54:14,425 - Epoch: 032, Train Loss: 1.2094, Train RMSE: 2.5020, Train MAPE: 0.0242, Valid Loss: 1.2676, Valid RMSE: 2.6877, Valid MAPE: 0.0260, Train Time: 16.8457s/epoch, Valid Time: 1.8465s, LR: 1.0000e-03
2024-01-08 16:54:33,265 - Epoch: 033, Train Loss: 1.2086, Train RMSE: 2.5008, Train MAPE: 0.0241, Valid Loss: 1.2676, Valid RMSE: 2.6941, Valid MAPE: 0.0260, Train Time: 16.9697s/epoch, Valid Time: 1.8701s, LR: 1.0000e-03
2024-01-08 16:54:52,113 - Epoch: 034, Train Loss: 1.2100, Train RMSE: 2.5022, Train MAPE: 0.0242, Valid Loss: 1.2701, Valid RMSE: 2.6869, Valid MAPE: 0.0259, Train Time: 16.9428s/epoch, Valid Time: 1.9037s, LR: 1.0000e-03
2024-01-08 16:55:11,045 - Epoch: 035, Train Loss: 1.2089, Train RMSE: 2.5016, Train MAPE: 0.0242, Valid Loss: 1.2717, Valid RMSE: 2.6809, Valid MAPE: 0.0264, Train Time: 17.0817s/epoch, Valid Time: 1.8496s, LR: 1.0000e-03
2024-01-08 16:55:29,661 - Epoch: 036, Train Loss: 1.2104, Train RMSE: 2.5035, Train MAPE: 0.0242, Valid Loss: 1.2680, Valid RMSE: 2.6786, Valid MAPE: 0.0261, Train Time: 16.7525s/epoch, Valid Time: 1.8631s, LR: 1.0000e-03
2024-01-08 16:55:48,830 - Epoch: 037, Train Loss: 1.2086, Train RMSE: 2.5008, Train MAPE: 0.0242, Valid Loss: 1.2675, Valid RMSE: 2.6839, Valid MAPE: 0.0260, Train Time: 17.2743s/epoch, Valid Time: 1.8941s, LR: 1.0000e-03
2024-01-08 16:56:07,260 - Epoch: 038, Train Loss: 1.2091, Train RMSE: 2.5012, Train MAPE: 0.0241, Valid Loss: 1.2694, Valid RMSE: 2.6880, Valid MAPE: 0.0259, Train Time: 16.4837s/epoch, Valid Time: 1.9459s, LR: 1.0000e-03
2024-01-08 16:56:25,515 - Epoch: 039, Train Loss: 1.2082, Train RMSE: 2.5005, Train MAPE: 0.0241, Valid Loss: 1.2672, Valid RMSE: 2.6864, Valid MAPE: 0.0259, Train Time: 16.4127s/epoch, Valid Time: 1.8417s, LR: 1.0000e-03
2024-01-08 16:56:43,926 - Epoch: 040, Train Loss: 1.2095, Train RMSE: 2.5019, Train MAPE: 0.0242, Valid Loss: 1.2682, Valid RMSE: 2.6871, Valid MAPE: 0.0258, Train Time: 16.5724s/epoch, Valid Time: 1.8379s, LR: 1.0000e-03
2024-01-08 16:57:02,042 - Epoch: 041, Train Loss: 1.2090, Train RMSE: 2.5008, Train MAPE: 0.0242, Valid Loss: 1.2688, Valid RMSE: 2.6801, Valid MAPE: 0.0262, Train Time: 16.3250s/epoch, Valid Time: 1.7902s, LR: 1.0000e-03
2024-01-08 16:57:02,042 - Early stop at epoch 41, loss = 1.266911
2024-01-08 16:57:02,042 - best valid_loss:1.266911
2024-01-08 16:57:05,681 - Horizon 1, Test MAE: 0.9128, Test RMSE: 1.6958, Test MAPE: 0.0175
2024-01-08 16:57:05,725 - Horizon 2, Test MAE: 1.2448, Test RMSE: 2.5524, Test MAPE: 0.0250
2024-01-08 16:57:05,784 - Horizon 3, Test MAE: 1.4983, Test RMSE: 3.2637, Test MAPE: 0.0310
2024-01-08 16:57:05,784 - Average Test MAE: 1.2186, Test RMSE: 2.5040, Test MAPE: 0.0245
2024-01-08 17:10:43,708 - Namespace(adapter=True, batch_size=128, clip_grad_value=5, dataset='PEMSBAY', device='cuda:5', dropout=0.3, embed_dim=10, end_dim=512, frozen=False, hid_dim=64, horizon=3, init_dim=32, input_dim=2, layer=2, lrate=0.001, max_epochs=100, mode='train', model='lstm', num_layers=1, output_dim=1, patience=10, pre_train='', save='test.pth', seed=9, seq_length=3, wdecay=0.0005, years='2017')
2024-01-08 17:10:43,709 - Adj path: /home/yuxuan/rwl/GWN-LoRA/data/pemsbay/pemsbay_rn_adj.npy
2024-01-08 17:10:45,458 - Data shape: (52116, 325, 3)
2024-01-08 17:10:46,672 - Sample num: 36465, Batch num: 284
2024-01-08 17:10:47,877 - Sample num: 5209, Batch num: 40
2024-01-08 17:10:49,071 - Sample num: 10419, Batch num: 81
2024-01-08 17:10:49,524 - The number of parameters: 93283
2024-01-08 17:10:49,529 - Start training!
2024-01-08 17:11:11,700 - Epoch: 001, Train Loss: 1.5783, Train RMSE: 3.1910, Train MAPE: 0.0351, Valid Loss: 1.2854, Valid RMSE: 2.7218, Valid MAPE: 0.0261, Train Time: 20.1230s/epoch, Valid Time: 2.0482s, LR: 1.0000e-03
2024-01-08 17:11:11,713 - Val loss decrease from inf to 1.2854
2024-01-08 17:11:34,086 - Epoch: 002, Train Loss: 1.2365, Train RMSE: 2.5301, Train MAPE: 0.0249, Valid Loss: 1.2791, Valid RMSE: 2.7103, Valid MAPE: 0.0261, Train Time: 19.6417s/epoch, Valid Time: 2.7301s, LR: 1.0000e-03
2024-01-08 17:11:34,116 - Val loss decrease from 1.2854 to 1.2791
2024-01-08 17:11:54,588 - Epoch: 003, Train Loss: 1.2287, Train RMSE: 2.5238, Train MAPE: 0.0247, Valid Loss: 1.2766, Valid RMSE: 2.7126, Valid MAPE: 0.0261, Train Time: 18.4837s/epoch, Valid Time: 1.9874s, LR: 1.0000e-03
2024-01-08 17:11:54,597 - Val loss decrease from 1.2791 to 1.2766
2024-01-08 17:12:15,399 - Epoch: 004, Train Loss: 1.2252, Train RMSE: 2.5204, Train MAPE: 0.0246, Valid Loss: 1.2757, Valid RMSE: 2.7044, Valid MAPE: 0.0261, Train Time: 18.8482s/epoch, Valid Time: 1.9536s, LR: 1.0000e-03
2024-01-08 17:12:15,410 - Val loss decrease from 1.2766 to 1.2757
2024-01-08 17:12:36,129 - Epoch: 005, Train Loss: 1.2225, Train RMSE: 2.5171, Train MAPE: 0.0246, Valid Loss: 1.2782, Valid RMSE: 2.7166, Valid MAPE: 0.0261, Train Time: 18.6080s/epoch, Valid Time: 2.1105s, LR: 1.0000e-03
2024-01-08 17:12:56,758 - Epoch: 006, Train Loss: 1.2213, Train RMSE: 2.5139, Train MAPE: 0.0245, Valid Loss: 1.2919, Valid RMSE: 2.7423, Valid MAPE: 0.0262, Train Time: 18.5755s/epoch, Valid Time: 2.0536s, LR: 1.0000e-03
2024-01-08 17:13:17,891 - Epoch: 007, Train Loss: 1.2213, Train RMSE: 2.5146, Train MAPE: 0.0245, Valid Loss: 1.2727, Valid RMSE: 2.7094, Valid MAPE: 0.0260, Train Time: 18.7923s/epoch, Valid Time: 2.3399s, LR: 1.0000e-03
2024-01-08 17:13:17,902 - Val loss decrease from 1.2757 to 1.2727
2024-01-08 17:13:39,631 - Epoch: 008, Train Loss: 1.2222, Train RMSE: 2.5150, Train MAPE: 0.0246, Valid Loss: 1.2740, Valid RMSE: 2.6936, Valid MAPE: 0.0264, Train Time: 19.6685s/epoch, Valid Time: 2.0594s, LR: 1.0000e-03
2024-01-08 17:14:00,280 - Epoch: 009, Train Loss: 1.2185, Train RMSE: 2.5122, Train MAPE: 0.0244, Valid Loss: 1.2885, Valid RMSE: 2.7485, Valid MAPE: 0.0262, Train Time: 18.6193s/epoch, Valid Time: 2.0295s, LR: 1.0000e-03
2024-01-08 17:14:20,942 - Epoch: 010, Train Loss: 1.2177, Train RMSE: 2.5111, Train MAPE: 0.0244, Valid Loss: 1.2709, Valid RMSE: 2.6982, Valid MAPE: 0.0260, Train Time: 18.6614s/epoch, Valid Time: 2.0003s, LR: 1.0000e-03
2024-01-08 17:14:20,950 - Val loss decrease from 1.2727 to 1.2709
2024-01-08 17:14:41,439 - Epoch: 011, Train Loss: 1.2161, Train RMSE: 2.5089, Train MAPE: 0.0243, Valid Loss: 1.2771, Valid RMSE: 2.6898, Valid MAPE: 0.0262, Train Time: 18.5185s/epoch, Valid Time: 1.9701s, LR: 1.0000e-03
2024-01-08 17:15:02,097 - Epoch: 012, Train Loss: 1.2192, Train RMSE: 2.5127, Train MAPE: 0.0245, Valid Loss: 1.2711, Valid RMSE: 2.7017, Valid MAPE: 0.0259, Train Time: 18.6962s/epoch, Valid Time: 1.9533s, LR: 1.0000e-03
2024-01-08 17:15:23,897 - Epoch: 013, Train Loss: 1.2153, Train RMSE: 2.5064, Train MAPE: 0.0243, Valid Loss: 1.2739, Valid RMSE: 2.7120, Valid MAPE: 0.0259, Train Time: 19.4103s/epoch, Valid Time: 2.3888s, LR: 1.0000e-03
2024-01-08 17:15:44,634 - Epoch: 014, Train Loss: 1.2160, Train RMSE: 2.5086, Train MAPE: 0.0244, Valid Loss: 1.2768, Valid RMSE: 2.6890, Valid MAPE: 0.0266, Train Time: 18.7217s/epoch, Valid Time: 2.0146s, LR: 1.0000e-03
2024-01-08 17:16:04,850 - Epoch: 015, Train Loss: 1.2163, Train RMSE: 2.5086, Train MAPE: 0.0244, Valid Loss: 1.2810, Valid RMSE: 2.7329, Valid MAPE: 0.0260, Train Time: 18.3033s/epoch, Valid Time: 1.9122s, LR: 1.0000e-03
2024-01-08 17:16:24,982 - Epoch: 016, Train Loss: 1.2159, Train RMSE: 2.5088, Train MAPE: 0.0244, Valid Loss: 1.2719, Valid RMSE: 2.6952, Valid MAPE: 0.0261, Train Time: 18.1883s/epoch, Valid Time: 1.9427s, LR: 1.0000e-03
2024-01-08 17:16:45,200 - Epoch: 017, Train Loss: 1.2151, Train RMSE: 2.5059, Train MAPE: 0.0243, Valid Loss: 1.2758, Valid RMSE: 2.6910, Valid MAPE: 0.0261, Train Time: 18.2545s/epoch, Valid Time: 1.9632s, LR: 1.0000e-03
2024-01-08 17:17:05,598 - Epoch: 018, Train Loss: 1.2139, Train RMSE: 2.5067, Train MAPE: 0.0243, Valid Loss: 1.2693, Valid RMSE: 2.6923, Valid MAPE: 0.0261, Train Time: 18.3133s/epoch, Valid Time: 2.0841s, LR: 1.0000e-03
2024-01-08 17:17:05,608 - Val loss decrease from 1.2709 to 1.2693
2024-01-08 17:17:26,504 - Epoch: 019, Train Loss: 1.2134, Train RMSE: 2.5058, Train MAPE: 0.0243, Valid Loss: 1.2719, Valid RMSE: 2.7113, Valid MAPE: 0.0259, Train Time: 18.9472s/epoch, Valid Time: 1.9479s, LR: 1.0000e-03
2024-01-08 17:17:46,856 - Epoch: 020, Train Loss: 1.2129, Train RMSE: 2.5050, Train MAPE: 0.0243, Valid Loss: 1.2710, Valid RMSE: 2.6853, Valid MAPE: 0.0262, Train Time: 18.4137s/epoch, Valid Time: 1.9373s, LR: 1.0000e-03
2024-01-08 17:18:07,004 - Epoch: 021, Train Loss: 1.2118, Train RMSE: 2.5046, Train MAPE: 0.0242, Valid Loss: 1.2706, Valid RMSE: 2.7087, Valid MAPE: 0.0258, Train Time: 18.2150s/epoch, Valid Time: 1.9320s, LR: 1.0000e-03
2024-01-08 17:18:27,232 - Epoch: 022, Train Loss: 1.2133, Train RMSE: 2.5070, Train MAPE: 0.0243, Valid Loss: 1.2724, Valid RMSE: 2.6924, Valid MAPE: 0.0263, Train Time: 18.2625s/epoch, Valid Time: 1.9648s, LR: 1.0000e-03
2024-01-08 17:18:47,518 - Epoch: 023, Train Loss: 1.2119, Train RMSE: 2.5040, Train MAPE: 0.0242, Valid Loss: 1.2726, Valid RMSE: 2.6915, Valid MAPE: 0.0259, Train Time: 18.3480s/epoch, Valid Time: 1.9374s, LR: 1.0000e-03
2024-01-08 17:19:07,726 - Epoch: 024, Train Loss: 1.2120, Train RMSE: 2.5048, Train MAPE: 0.0242, Valid Loss: 1.2673, Valid RMSE: 2.6920, Valid MAPE: 0.0259, Train Time: 18.2018s/epoch, Valid Time: 2.0053s, LR: 1.0000e-03
2024-01-08 17:19:07,754 - Val loss decrease from 1.2693 to 1.2673
2024-01-08 17:19:27,974 - Epoch: 025, Train Loss: 1.2108, Train RMSE: 2.5036, Train MAPE: 0.0242, Valid Loss: 1.2678, Valid RMSE: 2.6997, Valid MAPE: 0.0259, Train Time: 18.3173s/epoch, Valid Time: 1.9022s, LR: 1.0000e-03
2024-01-08 17:19:48,269 - Epoch: 026, Train Loss: 1.2124, Train RMSE: 2.5052, Train MAPE: 0.0243, Valid Loss: 1.2707, Valid RMSE: 2.6808, Valid MAPE: 0.0262, Train Time: 18.3156s/epoch, Valid Time: 1.9784s, LR: 1.0000e-03
2024-01-08 17:20:08,213 - Epoch: 027, Train Loss: 1.2099, Train RMSE: 2.5027, Train MAPE: 0.0242, Valid Loss: 1.2681, Valid RMSE: 2.7007, Valid MAPE: 0.0259, Train Time: 18.0620s/epoch, Valid Time: 1.8815s, LR: 1.0000e-03
2024-01-08 17:20:28,411 - Epoch: 028, Train Loss: 1.2110, Train RMSE: 2.5040, Train MAPE: 0.0242, Valid Loss: 1.2753, Valid RMSE: 2.7159, Valid MAPE: 0.0259, Train Time: 18.2835s/epoch, Valid Time: 1.9141s, LR: 1.0000e-03
2024-01-08 17:20:48,641 - Epoch: 029, Train Loss: 1.2107, Train RMSE: 2.5028, Train MAPE: 0.0242, Valid Loss: 1.2845, Valid RMSE: 2.7380, Valid MAPE: 0.0261, Train Time: 18.3141s/epoch, Valid Time: 1.9144s, LR: 1.0000e-03
2024-01-08 17:21:08,845 - Epoch: 030, Train Loss: 1.2112, Train RMSE: 2.5042, Train MAPE: 0.0242, Valid Loss: 1.2903, Valid RMSE: 2.7408, Valid MAPE: 0.0262, Train Time: 18.2349s/epoch, Valid Time: 1.9694s, LR: 1.0000e-03
2024-01-08 17:21:29,194 - Epoch: 031, Train Loss: 1.2106, Train RMSE: 2.5037, Train MAPE: 0.0242, Valid Loss: 1.2678, Valid RMSE: 2.6877, Valid MAPE: 0.0259, Train Time: 18.3951s/epoch, Valid Time: 1.9530s, LR: 1.0000e-03
2024-01-08 17:21:49,702 - Epoch: 032, Train Loss: 1.2094, Train RMSE: 2.5019, Train MAPE: 0.0242, Valid Loss: 1.2661, Valid RMSE: 2.6898, Valid MAPE: 0.0259, Train Time: 18.5523s/epoch, Valid Time: 1.9543s, LR: 1.0000e-03
2024-01-08 17:21:49,709 - Val loss decrease from 1.2673 to 1.2661
2024-01-08 17:22:10,136 - Epoch: 033, Train Loss: 1.2084, Train RMSE: 2.5005, Train MAPE: 0.0241, Valid Loss: 1.2664, Valid RMSE: 2.6906, Valid MAPE: 0.0260, Train Time: 18.3714s/epoch, Valid Time: 2.0543s, LR: 1.0000e-03
2024-01-08 17:22:30,180 - Epoch: 034, Train Loss: 1.2092, Train RMSE: 2.5015, Train MAPE: 0.0242, Valid Loss: 1.2832, Valid RMSE: 2.7169, Valid MAPE: 0.0260, Train Time: 18.1788s/epoch, Valid Time: 1.8644s, LR: 1.0000e-03
2024-01-08 17:22:50,184 - Epoch: 035, Train Loss: 1.2087, Train RMSE: 2.5011, Train MAPE: 0.0241, Valid Loss: 1.2703, Valid RMSE: 2.6808, Valid MAPE: 0.0263, Train Time: 18.1645s/epoch, Valid Time: 1.8387s, LR: 1.0000e-03
2024-01-08 17:23:10,227 - Epoch: 036, Train Loss: 1.2098, Train RMSE: 2.5019, Train MAPE: 0.0242, Valid Loss: 1.2685, Valid RMSE: 2.6799, Valid MAPE: 0.0260, Train Time: 18.1737s/epoch, Valid Time: 1.8685s, LR: 1.0000e-03
2024-01-08 17:23:30,126 - Epoch: 037, Train Loss: 1.2083, Train RMSE: 2.5000, Train MAPE: 0.0241, Valid Loss: 1.2665, Valid RMSE: 2.6811, Valid MAPE: 0.0259, Train Time: 18.0065s/epoch, Valid Time: 1.8921s, LR: 1.0000e-03
2024-01-08 17:23:50,503 - Epoch: 038, Train Loss: 1.2081, Train RMSE: 2.5000, Train MAPE: 0.0241, Valid Loss: 1.2714, Valid RMSE: 2.6830, Valid MAPE: 0.0260, Train Time: 18.3306s/epoch, Valid Time: 2.0463s, LR: 1.0000e-03
2024-01-08 17:24:10,446 - Epoch: 039, Train Loss: 1.2082, Train RMSE: 2.4998, Train MAPE: 0.0241, Valid Loss: 1.2670, Valid RMSE: 2.6833, Valid MAPE: 0.0259, Train Time: 18.0475s/epoch, Valid Time: 1.8942s, LR: 1.0000e-03
2024-01-08 17:24:30,506 - Epoch: 040, Train Loss: 1.2086, Train RMSE: 2.5001, Train MAPE: 0.0241, Valid Loss: 1.2669, Valid RMSE: 2.6910, Valid MAPE: 0.0258, Train Time: 18.1838s/epoch, Valid Time: 1.8750s, LR: 1.0000e-03
2024-01-08 17:24:50,442 - Epoch: 041, Train Loss: 1.2084, Train RMSE: 2.4997, Train MAPE: 0.0241, Valid Loss: 1.2679, Valid RMSE: 2.6811, Valid MAPE: 0.0262, Train Time: 18.0044s/epoch, Valid Time: 1.9309s, LR: 1.0000e-03
2024-01-08 17:25:10,696 - Epoch: 042, Train Loss: 1.2066, Train RMSE: 2.4976, Train MAPE: 0.0241, Valid Loss: 1.2738, Valid RMSE: 2.7036, Valid MAPE: 0.0258, Train Time: 18.3650s/epoch, Valid Time: 1.8883s, LR: 1.0000e-03
2024-01-08 17:25:10,697 - Early stop at epoch 42, loss = 1.266149
2024-01-08 17:25:10,697 - best valid_loss:1.266149
2024-01-08 17:25:14,382 - Horizon 1, Test MAE: 0.9113, Test RMSE: 1.6944, Test MAPE: 0.0175
2024-01-08 17:25:14,437 - Horizon 2, Test MAE: 1.2444, Test RMSE: 2.5507, Test MAPE: 0.0250
2024-01-08 17:25:14,489 - Horizon 3, Test MAE: 1.4976, Test RMSE: 3.2644, Test MAPE: 0.0310
2024-01-08 17:25:14,490 - Average Test MAE: 1.2178, Test RMSE: 2.5032, Test MAPE: 0.0245
