2023-12-22 00:45:58,452 - Namespace(adapter=True, addition={'init_dim': 32, 'hid_dim': 64, 'end_dim': 512, 'layer': 2}, batch_size=128, clip_grad_value=5, dataset='PEMSBAY', device='cuda:1', dropout=0.3, embed_dim=10, end_dim=512, frozen=False, hid_dim=64, horizon=12, init_dim=32, input_dim=2, layer=2, lrate=0.001, max_epochs=100, mode='train', model='lstm', num_layers=1, output_dim=1, patience=10, pre_train='', save='lstm_adapter_pemsbay_3', seed=3, seq_length=12, wdecay=0.0005, years='2017')
2023-12-22 00:45:58,453 - Adj path: /home/yuxuan/rwl/GWN-LoRA/data/pemsbay/pemsbay_rn_adj.npy
2023-12-22 00:45:59,785 - Data shape: (52116, 325, 3)
2023-12-22 00:46:00,737 - Sample num: 36465, Batch num: 284
2023-12-22 00:46:01,686 - Sample num: 5209, Batch num: 40
2023-12-22 00:46:02,631 - Sample num: 10419, Batch num: 81
2023-12-22 00:46:02,977 - The number of parameters: 97900
2023-12-22 00:46:02,981 - Start training!
2023-12-22 00:46:34,128 - Epoch: 001, Train Loss: 2.3366, Train RMSE: 5.2322, Train MAPE: 0.0550, Valid Loss: 2.2383, Valid RMSE: 5.2980, Valid MAPE: 0.0526, Train Time: 28.6103s/epoch, Valid Time: 2.5367s, LR: 1.0000e-03
2023-12-22 00:46:34,137 - Val loss decrease from inf to 2.2383
2023-12-22 00:47:04,173 - Epoch: 002, Train Loss: 2.0579, Train RMSE: 4.7920, Train MAPE: 0.0462, Valid Loss: 2.2321, Valid RMSE: 5.3349, Valid MAPE: 0.0520, Train Time: 27.3044s/epoch, Valid Time: 2.7318s, LR: 1.0000e-03
2023-12-22 00:47:04,181 - Val loss decrease from 2.2383 to 2.2321
2023-12-22 00:47:34,407 - Epoch: 003, Train Loss: 2.0459, Train RMSE: 4.7708, Train MAPE: 0.0459, Valid Loss: 2.2144, Valid RMSE: 5.2915, Valid MAPE: 0.0514, Train Time: 27.5266s/epoch, Valid Time: 2.6986s, LR: 1.0000e-03
2023-12-22 00:47:34,414 - Val loss decrease from 2.2321 to 2.2144
2023-12-22 00:48:04,970 - Epoch: 004, Train Loss: 2.0361, Train RMSE: 4.7505, Train MAPE: 0.0458, Valid Loss: 2.2041, Valid RMSE: 5.2919, Valid MAPE: 0.0512, Train Time: 27.7049s/epoch, Valid Time: 2.8507s, LR: 1.0000e-03
2023-12-22 00:48:04,977 - Val loss decrease from 2.2144 to 2.2041
2023-12-22 00:48:35,249 - Epoch: 005, Train Loss: 2.0290, Train RMSE: 4.7402, Train MAPE: 0.0457, Valid Loss: 2.1954, Valid RMSE: 5.2182, Valid MAPE: 0.0513, Train Time: 27.6141s/epoch, Valid Time: 2.6577s, LR: 1.0000e-03
2023-12-22 00:48:35,256 - Val loss decrease from 2.2041 to 2.1954
2023-12-22 00:49:05,714 - Epoch: 006, Train Loss: 2.0204, Train RMSE: 4.7221, Train MAPE: 0.0456, Valid Loss: 2.1999, Valid RMSE: 5.2433, Valid MAPE: 0.0511, Train Time: 27.7860s/epoch, Valid Time: 2.6710s, LR: 1.0000e-03
2023-12-22 00:49:36,421 - Epoch: 007, Train Loss: 2.0111, Train RMSE: 4.6943, Train MAPE: 0.0454, Valid Loss: 2.1642, Valid RMSE: 5.1597, Valid MAPE: 0.0505, Train Time: 27.9428s/epoch, Valid Time: 2.7636s, LR: 1.0000e-03
2023-12-22 00:49:36,427 - Val loss decrease from 2.1954 to 2.1642
2023-12-22 00:50:06,810 - Epoch: 008, Train Loss: 1.9964, Train RMSE: 4.6562, Train MAPE: 0.0451, Valid Loss: 2.1489, Valid RMSE: 5.1472, Valid MAPE: 0.0507, Train Time: 27.5023s/epoch, Valid Time: 2.8804s, LR: 1.0000e-03
2023-12-22 00:50:06,817 - Val loss decrease from 2.1642 to 2.1489
2023-12-22 00:50:37,141 - Epoch: 009, Train Loss: 1.9664, Train RMSE: 4.5764, Train MAPE: 0.0444, Valid Loss: 2.0917, Valid RMSE: 4.9377, Valid MAPE: 0.0495, Train Time: 27.6173s/epoch, Valid Time: 2.7063s, LR: 1.0000e-03
2023-12-22 00:50:37,149 - Val loss decrease from 2.1489 to 2.0917
2023-12-22 00:51:07,629 - Epoch: 010, Train Loss: 1.9531, Train RMSE: 4.5201, Train MAPE: 0.0442, Valid Loss: 2.1101, Valid RMSE: 4.9405, Valid MAPE: 0.0497, Train Time: 27.7579s/epoch, Valid Time: 2.7219s, LR: 1.0000e-03
2023-12-22 00:51:38,233 - Epoch: 011, Train Loss: 1.9507, Train RMSE: 4.5022, Train MAPE: 0.0441, Valid Loss: 2.0970, Valid RMSE: 4.9679, Valid MAPE: 0.0493, Train Time: 27.9379s/epoch, Valid Time: 2.6653s, LR: 1.0000e-03
2023-12-22 00:52:08,795 - Epoch: 012, Train Loss: 1.9351, Train RMSE: 4.4677, Train MAPE: 0.0438, Valid Loss: 2.0883, Valid RMSE: 4.8928, Valid MAPE: 0.0503, Train Time: 27.8544s/epoch, Valid Time: 2.7074s, LR: 1.0000e-03
2023-12-22 00:52:08,803 - Val loss decrease from 2.0917 to 2.0883
2023-12-22 00:52:39,224 - Epoch: 013, Train Loss: 1.9307, Train RMSE: 4.4486, Train MAPE: 0.0438, Valid Loss: 2.0693, Valid RMSE: 4.9318, Valid MAPE: 0.0481, Train Time: 27.6763s/epoch, Valid Time: 2.7448s, LR: 1.0000e-03
2023-12-22 00:52:39,232 - Val loss decrease from 2.0883 to 2.0693
2023-12-22 00:53:09,626 - Epoch: 014, Train Loss: 1.9180, Train RMSE: 4.4159, Train MAPE: 0.0436, Valid Loss: 2.0485, Valid RMSE: 4.8521, Valid MAPE: 0.0478, Train Time: 27.7432s/epoch, Valid Time: 2.6509s, LR: 1.0000e-03
2023-12-22 00:53:09,633 - Val loss decrease from 2.0693 to 2.0485
2023-12-22 00:53:40,065 - Epoch: 015, Train Loss: 1.9028, Train RMSE: 4.3579, Train MAPE: 0.0432, Valid Loss: 2.0583, Valid RMSE: 4.8761, Valid MAPE: 0.0486, Train Time: 27.7519s/epoch, Valid Time: 2.6801s, LR: 1.0000e-03
2023-12-22 00:54:10,424 - Epoch: 016, Train Loss: 1.8895, Train RMSE: 4.3205, Train MAPE: 0.0429, Valid Loss: 2.0193, Valid RMSE: 4.7778, Valid MAPE: 0.0469, Train Time: 27.6653s/epoch, Valid Time: 2.6933s, LR: 1.0000e-03
2023-12-22 00:54:10,432 - Val loss decrease from 2.0485 to 2.0193
2023-12-22 00:54:40,723 - Epoch: 017, Train Loss: 1.8798, Train RMSE: 4.2910, Train MAPE: 0.0426, Valid Loss: 1.9985, Valid RMSE: 4.6554, Valid MAPE: 0.0480, Train Time: 27.6626s/epoch, Valid Time: 2.6278s, LR: 1.0000e-03
2023-12-22 00:54:40,730 - Val loss decrease from 2.0193 to 1.9985
2023-12-22 00:55:11,009 - Epoch: 018, Train Loss: 1.8694, Train RMSE: 4.2696, Train MAPE: 0.0425, Valid Loss: 1.9954, Valid RMSE: 4.6584, Valid MAPE: 0.0470, Train Time: 27.6382s/epoch, Valid Time: 2.6404s, LR: 1.0000e-03
2023-12-22 00:55:11,017 - Val loss decrease from 1.9985 to 1.9954
2023-12-22 00:55:41,384 - Epoch: 019, Train Loss: 1.8628, Train RMSE: 4.2489, Train MAPE: 0.0423, Valid Loss: 2.0036, Valid RMSE: 4.6957, Valid MAPE: 0.0477, Train Time: 27.6371s/epoch, Valid Time: 2.7287s, LR: 1.0000e-03
2023-12-22 00:56:11,857 - Epoch: 020, Train Loss: 1.8693, Train RMSE: 4.2681, Train MAPE: 0.0425, Valid Loss: 2.0030, Valid RMSE: 4.7009, Valid MAPE: 0.0473, Train Time: 27.7315s/epoch, Valid Time: 2.7413s, LR: 1.0000e-03
2023-12-22 00:56:42,561 - Epoch: 021, Train Loss: 1.8555, Train RMSE: 4.2408, Train MAPE: 0.0421, Valid Loss: 2.0155, Valid RMSE: 4.7381, Valid MAPE: 0.0468, Train Time: 27.7263s/epoch, Valid Time: 2.9771s, LR: 1.0000e-03
2023-12-22 00:57:13,034 - Epoch: 022, Train Loss: 1.8553, Train RMSE: 4.2391, Train MAPE: 0.0421, Valid Loss: 2.0269, Valid RMSE: 4.7820, Valid MAPE: 0.0482, Train Time: 27.7370s/epoch, Valid Time: 2.7350s, LR: 1.0000e-03
2023-12-22 00:57:43,539 - Epoch: 023, Train Loss: 1.8538, Train RMSE: 4.2387, Train MAPE: 0.0421, Valid Loss: 2.0109, Valid RMSE: 4.7025, Valid MAPE: 0.0481, Train Time: 27.8064s/epoch, Valid Time: 2.6979s, LR: 1.0000e-03
2023-12-22 00:58:14,077 - Epoch: 024, Train Loss: 1.8543, Train RMSE: 4.2411, Train MAPE: 0.0421, Valid Loss: 1.9823, Valid RMSE: 4.6446, Valid MAPE: 0.0468, Train Time: 27.7406s/epoch, Valid Time: 2.7963s, LR: 1.0000e-03
2023-12-22 00:58:14,084 - Val loss decrease from 1.9954 to 1.9823
2023-12-22 00:58:44,733 - Epoch: 025, Train Loss: 1.8529, Train RMSE: 4.2366, Train MAPE: 0.0421, Valid Loss: 1.9857, Valid RMSE: 4.6632, Valid MAPE: 0.0476, Train Time: 27.9187s/epoch, Valid Time: 2.7303s, LR: 1.0000e-03
2023-12-22 00:59:15,111 - Epoch: 026, Train Loss: 1.8484, Train RMSE: 4.2288, Train MAPE: 0.0419, Valid Loss: 1.9951, Valid RMSE: 4.6611, Valid MAPE: 0.0470, Train Time: 27.6817s/epoch, Valid Time: 2.6959s, LR: 1.0000e-03
2023-12-22 00:59:45,501 - Epoch: 027, Train Loss: 1.8472, Train RMSE: 4.2266, Train MAPE: 0.0419, Valid Loss: 1.9741, Valid RMSE: 4.6570, Valid MAPE: 0.0461, Train Time: 27.7480s/epoch, Valid Time: 2.6407s, LR: 1.0000e-03
2023-12-22 00:59:45,510 - Val loss decrease from 1.9823 to 1.9741
2023-12-22 01:00:16,121 - Epoch: 028, Train Loss: 1.8483, Train RMSE: 4.2233, Train MAPE: 0.0419, Valid Loss: 1.9999, Valid RMSE: 4.6973, Valid MAPE: 0.0466, Train Time: 27.8992s/epoch, Valid Time: 2.7121s, LR: 1.0000e-03
2023-12-22 01:00:46,470 - Epoch: 029, Train Loss: 1.8446, Train RMSE: 4.2223, Train MAPE: 0.0418, Valid Loss: 1.9834, Valid RMSE: 4.6505, Valid MAPE: 0.0462, Train Time: 27.6439s/epoch, Valid Time: 2.7040s, LR: 1.0000e-03
2023-12-22 01:01:17,122 - Epoch: 030, Train Loss: 1.8461, Train RMSE: 4.2255, Train MAPE: 0.0419, Valid Loss: 1.9685, Valid RMSE: 4.6042, Valid MAPE: 0.0468, Train Time: 27.9478s/epoch, Valid Time: 2.7034s, LR: 1.0000e-03
2023-12-22 01:01:17,131 - Val loss decrease from 1.9741 to 1.9685
2023-12-22 01:01:47,720 - Epoch: 031, Train Loss: 1.8421, Train RMSE: 4.2149, Train MAPE: 0.0418, Valid Loss: 2.0084, Valid RMSE: 4.7675, Valid MAPE: 0.0471, Train Time: 27.8840s/epoch, Valid Time: 2.7041s, LR: 1.0000e-03
2023-12-22 01:02:18,056 - Epoch: 032, Train Loss: 1.8415, Train RMSE: 4.2143, Train MAPE: 0.0418, Valid Loss: 1.9714, Valid RMSE: 4.6381, Valid MAPE: 0.0464, Train Time: 27.6399s/epoch, Valid Time: 2.6950s, LR: 1.0000e-03
2023-12-22 01:02:48,551 - Epoch: 033, Train Loss: 1.8442, Train RMSE: 4.2231, Train MAPE: 0.0419, Valid Loss: 1.9950, Valid RMSE: 4.7197, Valid MAPE: 0.0469, Train Time: 27.7553s/epoch, Valid Time: 2.7397s, LR: 1.0000e-03
2023-12-22 01:03:19,177 - Epoch: 034, Train Loss: 1.8429, Train RMSE: 4.2211, Train MAPE: 0.0418, Valid Loss: 1.9719, Valid RMSE: 4.6408, Valid MAPE: 0.0467, Train Time: 27.8208s/epoch, Valid Time: 2.8040s, LR: 1.0000e-03
2023-12-22 01:03:49,658 - Epoch: 035, Train Loss: 1.8415, Train RMSE: 4.2183, Train MAPE: 0.0418, Valid Loss: 2.0180, Valid RMSE: 4.7819, Valid MAPE: 0.0477, Train Time: 27.7928s/epoch, Valid Time: 2.6872s, LR: 1.0000e-03
2023-12-22 01:04:20,317 - Epoch: 036, Train Loss: 1.8424, Train RMSE: 4.2173, Train MAPE: 0.0418, Valid Loss: 1.9768, Valid RMSE: 4.5847, Valid MAPE: 0.0479, Train Time: 27.9285s/epoch, Valid Time: 2.7301s, LR: 1.0000e-03
2023-12-22 01:04:50,841 - Epoch: 037, Train Loss: 1.8367, Train RMSE: 4.2078, Train MAPE: 0.0416, Valid Loss: 1.9703, Valid RMSE: 4.6261, Valid MAPE: 0.0463, Train Time: 27.8456s/epoch, Valid Time: 2.6773s, LR: 1.0000e-03
2023-12-22 01:05:21,352 - Epoch: 038, Train Loss: 1.8362, Train RMSE: 4.2052, Train MAPE: 0.0416, Valid Loss: 1.9750, Valid RMSE: 4.6467, Valid MAPE: 0.0474, Train Time: 27.8124s/epoch, Valid Time: 2.6984s, LR: 1.0000e-03
2023-12-22 01:05:51,956 - Epoch: 039, Train Loss: 1.8358, Train RMSE: 4.2066, Train MAPE: 0.0416, Valid Loss: 1.9740, Valid RMSE: 4.6253, Valid MAPE: 0.0464, Train Time: 27.8228s/epoch, Valid Time: 2.7801s, LR: 1.0000e-03
2023-12-22 01:06:22,390 - Epoch: 040, Train Loss: 1.8392, Train RMSE: 4.2122, Train MAPE: 0.0417, Valid Loss: 1.9588, Valid RMSE: 4.6091, Valid MAPE: 0.0459, Train Time: 27.7070s/epoch, Valid Time: 2.7270s, LR: 1.0000e-03
2023-12-22 01:06:22,403 - Val loss decrease from 1.9685 to 1.9588
2023-12-22 01:06:53,048 - Epoch: 041, Train Loss: 1.8349, Train RMSE: 4.2040, Train MAPE: 0.0416, Valid Loss: 1.9687, Valid RMSE: 4.6176, Valid MAPE: 0.0465, Train Time: 28.0036s/epoch, Valid Time: 2.6405s, LR: 1.0000e-03
2023-12-22 01:07:23,600 - Epoch: 042, Train Loss: 1.8368, Train RMSE: 4.2092, Train MAPE: 0.0417, Valid Loss: 1.9625, Valid RMSE: 4.5946, Valid MAPE: 0.0461, Train Time: 27.7510s/epoch, Valid Time: 2.8008s, LR: 1.0000e-03
2023-12-22 01:07:54,114 - Epoch: 043, Train Loss: 1.8352, Train RMSE: 4.2061, Train MAPE: 0.0416, Valid Loss: 1.9753, Valid RMSE: 4.6500, Valid MAPE: 0.0472, Train Time: 27.6754s/epoch, Valid Time: 2.8386s, LR: 1.0000e-03
2023-12-22 01:08:24,678 - Epoch: 044, Train Loss: 1.8361, Train RMSE: 4.2059, Train MAPE: 0.0417, Valid Loss: 1.9718, Valid RMSE: 4.6136, Valid MAPE: 0.0475, Train Time: 27.8820s/epoch, Valid Time: 2.6813s, LR: 1.0000e-03
2023-12-22 01:08:55,068 - Epoch: 045, Train Loss: 1.8324, Train RMSE: 4.2002, Train MAPE: 0.0415, Valid Loss: 1.9798, Valid RMSE: 4.6320, Valid MAPE: 0.0481, Train Time: 27.7271s/epoch, Valid Time: 2.6618s, LR: 1.0000e-03
2023-12-22 01:09:25,744 - Epoch: 046, Train Loss: 1.8353, Train RMSE: 4.2057, Train MAPE: 0.0416, Valid Loss: 1.9669, Valid RMSE: 4.6351, Valid MAPE: 0.0461, Train Time: 27.8845s/epoch, Valid Time: 2.7905s, LR: 1.0000e-03
2023-12-22 01:09:56,152 - Epoch: 047, Train Loss: 1.8318, Train RMSE: 4.2009, Train MAPE: 0.0415, Valid Loss: 1.9682, Valid RMSE: 4.5942, Valid MAPE: 0.0471, Train Time: 27.7587s/epoch, Valid Time: 2.6489s, LR: 1.0000e-03
2023-12-22 01:10:26,790 - Epoch: 048, Train Loss: 1.8314, Train RMSE: 4.1977, Train MAPE: 0.0415, Valid Loss: 1.9601, Valid RMSE: 4.6036, Valid MAPE: 0.0458, Train Time: 28.0028s/epoch, Valid Time: 2.6337s, LR: 1.0000e-03
2023-12-22 01:10:57,486 - Epoch: 049, Train Loss: 1.8310, Train RMSE: 4.1982, Train MAPE: 0.0415, Valid Loss: 2.0049, Valid RMSE: 4.7607, Valid MAPE: 0.0468, Train Time: 28.0146s/epoch, Valid Time: 2.6814s, LR: 1.0000e-03
2023-12-22 01:11:28,077 - Epoch: 050, Train Loss: 1.8305, Train RMSE: 4.1976, Train MAPE: 0.0415, Valid Loss: 1.9563, Valid RMSE: 4.6056, Valid MAPE: 0.0459, Train Time: 27.8054s/epoch, Valid Time: 2.7843s, LR: 1.0000e-03
2023-12-22 01:11:28,085 - Val loss decrease from 1.9588 to 1.9563
2023-12-22 01:11:58,778 - Epoch: 051, Train Loss: 1.8307, Train RMSE: 4.1960, Train MAPE: 0.0415, Valid Loss: 1.9678, Valid RMSE: 4.6115, Valid MAPE: 0.0462, Train Time: 27.9436s/epoch, Valid Time: 2.7489s, LR: 1.0000e-03
2023-12-22 01:12:29,336 - Epoch: 052, Train Loss: 1.8318, Train RMSE: 4.2001, Train MAPE: 0.0415, Valid Loss: 1.9700, Valid RMSE: 4.6442, Valid MAPE: 0.0465, Train Time: 27.8618s/epoch, Valid Time: 2.6952s, LR: 1.0000e-03
2023-12-22 01:12:59,741 - Epoch: 053, Train Loss: 1.8300, Train RMSE: 4.1980, Train MAPE: 0.0415, Valid Loss: 1.9774, Valid RMSE: 4.6603, Valid MAPE: 0.0479, Train Time: 27.8079s/epoch, Valid Time: 2.5972s, LR: 1.0000e-03
2023-12-22 01:13:29,984 - Epoch: 054, Train Loss: 1.8300, Train RMSE: 4.1970, Train MAPE: 0.0415, Valid Loss: 1.9834, Valid RMSE: 4.6495, Valid MAPE: 0.0474, Train Time: 27.5895s/epoch, Valid Time: 2.6530s, LR: 1.0000e-03
2023-12-22 01:14:00,424 - Epoch: 055, Train Loss: 1.8299, Train RMSE: 4.1945, Train MAPE: 0.0415, Valid Loss: 1.9782, Valid RMSE: 4.6724, Valid MAPE: 0.0466, Train Time: 27.6082s/epoch, Valid Time: 2.8307s, LR: 1.0000e-03
2023-12-22 01:14:30,446 - Epoch: 056, Train Loss: 1.8286, Train RMSE: 4.1932, Train MAPE: 0.0414, Valid Loss: 1.9640, Valid RMSE: 4.6554, Valid MAPE: 0.0456, Train Time: 27.4043s/epoch, Valid Time: 2.6176s, LR: 1.0000e-03
2023-12-22 01:15:00,485 - Epoch: 057, Train Loss: 1.8279, Train RMSE: 4.1931, Train MAPE: 0.0414, Valid Loss: 1.9722, Valid RMSE: 4.6272, Valid MAPE: 0.0474, Train Time: 27.4249s/epoch, Valid Time: 2.6130s, LR: 1.0000e-03
2023-12-22 01:15:30,643 - Epoch: 058, Train Loss: 1.8278, Train RMSE: 4.1926, Train MAPE: 0.0414, Valid Loss: 1.9584, Valid RMSE: 4.6036, Valid MAPE: 0.0464, Train Time: 27.3385s/epoch, Valid Time: 2.8191s, LR: 1.0000e-03
2023-12-22 01:16:00,658 - Epoch: 059, Train Loss: 1.8263, Train RMSE: 4.1879, Train MAPE: 0.0414, Valid Loss: 1.9647, Valid RMSE: 4.6268, Valid MAPE: 0.0470, Train Time: 27.3497s/epoch, Valid Time: 2.6649s, LR: 1.0000e-03
2023-12-22 01:16:30,966 - Epoch: 060, Train Loss: 1.8283, Train RMSE: 4.1944, Train MAPE: 0.0414, Valid Loss: 1.9755, Valid RMSE: 4.6108, Valid MAPE: 0.0475, Train Time: 27.6142s/epoch, Valid Time: 2.6929s, LR: 1.0000e-03
2023-12-22 01:16:30,966 - Early stop at epoch 60, loss = 1.956332
2023-12-22 01:16:30,966 - best valid_loss:1.956332
2023-12-22 01:16:35,380 - Horizon 1, Test MAE: 0.8928, Test RMSE: 1.6289, Test MAPE: 0.0173
2023-12-22 01:16:35,414 - Horizon 2, Test MAE: 1.1931, Test RMSE: 2.4117, Test MAPE: 0.0242
2023-12-22 01:16:35,443 - Horizon 3, Test MAE: 1.4161, Test RMSE: 3.0395, Test MAPE: 0.0297
2023-12-22 01:16:35,474 - Horizon 4, Test MAE: 1.5953, Test RMSE: 3.5392, Test MAPE: 0.0345
2023-12-22 01:16:35,504 - Horizon 5, Test MAE: 1.7434, Test RMSE: 3.9390, Test MAPE: 0.0387
2023-12-22 01:16:35,533 - Horizon 6, Test MAE: 1.8712, Test RMSE: 4.2686, Test MAPE: 0.0425
2023-12-22 01:16:35,563 - Horizon 7, Test MAE: 1.9847, Test RMSE: 4.5519, Test MAPE: 0.0460
2023-12-22 01:16:35,594 - Horizon 8, Test MAE: 2.0853, Test RMSE: 4.7958, Test MAPE: 0.0492
2023-12-22 01:16:35,625 - Horizon 9, Test MAE: 2.1764, Test RMSE: 5.0080, Test MAPE: 0.0521
2023-12-22 01:16:35,655 - Horizon 10, Test MAE: 2.2599, Test RMSE: 5.1999, Test MAPE: 0.0548
2023-12-22 01:16:35,688 - Horizon 11, Test MAE: 2.3384, Test RMSE: 5.3731, Test MAPE: 0.0573
2023-12-22 01:16:35,715 - Horizon 12, Test MAE: 2.4150, Test RMSE: 5.5351, Test MAPE: 0.0597
2023-12-22 01:16:35,716 - Average Test MAE: 1.8310, Test RMSE: 4.1075, Test MAPE: 0.0422
2023-12-22 02:02:58,208 - Namespace(adapter=False, addition={'init_dim': 32, 'hid_dim': 64, 'end_dim': 512, 'layer': 2}, batch_size=128, clip_grad_value=5, dataset='PEMSBAY', device='cuda:1', dropout=0.3, embed_dim=10, end_dim=512, frozen=False, hid_dim=64, horizon=12, init_dim=32, input_dim=2, layer=2, lrate=0.001, max_epochs=100, mode='train', model='lstm', num_layers=1, output_dim=1, patience=10, pre_train='', save='lstm_pemsbay_3', seed=3, seq_length=12, wdecay=0.0005, years='2017')
2023-12-22 02:02:58,210 - Adj path: /home/yuxuan/rwl/GWN-LoRA/data/pemsbay/pemsbay_rn_adj.npy
2023-12-22 02:02:59,731 - Data shape: (52116, 325, 3)
2023-12-22 02:03:00,820 - Sample num: 36465, Batch num: 284
2023-12-22 02:03:01,872 - Sample num: 5209, Batch num: 40
2023-12-22 02:03:02,970 - Sample num: 10419, Batch num: 81
2023-12-22 02:03:03,429 - The number of parameters: 97900
2023-12-22 02:03:03,430 - Start training!
2023-12-22 02:03:31,593 - Epoch: 001, Train Loss: 2.3900, Train RMSE: 5.3376, Train MAPE: 0.0569, Valid Loss: 2.2417, Valid RMSE: 5.2965, Valid MAPE: 0.0528, Train Time: 25.7626s/epoch, Valid Time: 2.4007s, LR: 1.0000e-03
2023-12-22 02:03:31,597 - Val loss decrease from inf to 2.2417
2023-12-22 02:03:58,432 - Epoch: 002, Train Loss: 2.0592, Train RMSE: 4.7934, Train MAPE: 0.0463, Valid Loss: 2.2467, Valid RMSE: 5.3318, Valid MAPE: 0.0529, Train Time: 24.3202s/epoch, Valid Time: 2.5146s, LR: 1.0000e-03
2023-12-22 02:04:25,304 - Epoch: 003, Train Loss: 2.0426, Train RMSE: 4.7657, Train MAPE: 0.0459, Valid Loss: 2.2153, Valid RMSE: 5.2709, Valid MAPE: 0.0517, Train Time: 24.4389s/epoch, Valid Time: 2.4319s, LR: 1.0000e-03
2023-12-22 02:04:25,307 - Val loss decrease from 2.2417 to 2.2153
2023-12-22 02:04:52,867 - Epoch: 004, Train Loss: 2.0353, Train RMSE: 4.7492, Train MAPE: 0.0458, Valid Loss: 2.2060, Valid RMSE: 5.2983, Valid MAPE: 0.0512, Train Time: 25.0188s/epoch, Valid Time: 2.5405s, LR: 1.0000e-03
2023-12-22 02:04:52,871 - Val loss decrease from 2.2153 to 2.2060
2023-12-22 02:05:20,517 - Epoch: 005, Train Loss: 2.0294, Train RMSE: 4.7422, Train MAPE: 0.0457, Valid Loss: 2.1962, Valid RMSE: 5.2309, Valid MAPE: 0.0512, Train Time: 25.0284s/epoch, Valid Time: 2.6177s, LR: 1.0000e-03
2023-12-22 02:05:20,524 - Val loss decrease from 2.2060 to 2.1962
2023-12-22 02:05:48,297 - Epoch: 006, Train Loss: 2.0206, Train RMSE: 4.7219, Train MAPE: 0.0455, Valid Loss: 2.1957, Valid RMSE: 5.2200, Valid MAPE: 0.0511, Train Time: 25.1444s/epoch, Valid Time: 2.6283s, LR: 1.0000e-03
2023-12-22 02:05:48,301 - Val loss decrease from 2.1962 to 2.1957
2023-12-22 02:06:16,255 - Epoch: 007, Train Loss: 2.0124, Train RMSE: 4.6966, Train MAPE: 0.0454, Valid Loss: 2.1698, Valid RMSE: 5.1894, Valid MAPE: 0.0506, Train Time: 25.2630s/epoch, Valid Time: 2.6905s, LR: 1.0000e-03
2023-12-22 02:06:16,267 - Val loss decrease from 2.1957 to 2.1698
2023-12-22 02:06:44,154 - Epoch: 008, Train Loss: 2.0025, Train RMSE: 4.6726, Train MAPE: 0.0452, Valid Loss: 2.1697, Valid RMSE: 5.1477, Valid MAPE: 0.0517, Train Time: 25.2683s/epoch, Valid Time: 2.6187s, LR: 1.0000e-03
2023-12-22 02:06:44,159 - Val loss decrease from 2.1698 to 2.1697
2023-12-22 02:07:12,067 - Epoch: 009, Train Loss: 1.9970, Train RMSE: 4.6644, Train MAPE: 0.0451, Valid Loss: 2.1554, Valid RMSE: 5.1349, Valid MAPE: 0.0510, Train Time: 25.3014s/epoch, Valid Time: 2.6072s, LR: 1.0000e-03
2023-12-22 02:07:12,071 - Val loss decrease from 2.1697 to 2.1554
2023-12-22 02:07:39,884 - Epoch: 010, Train Loss: 1.9883, Train RMSE: 4.6466, Train MAPE: 0.0449, Valid Loss: 2.1627, Valid RMSE: 5.1853, Valid MAPE: 0.0499, Train Time: 25.1265s/epoch, Valid Time: 2.6863s, LR: 1.0000e-03
2023-12-22 02:08:07,707 - Epoch: 011, Train Loss: 1.9838, Train RMSE: 4.6336, Train MAPE: 0.0448, Valid Loss: 2.1458, Valid RMSE: 5.1053, Valid MAPE: 0.0495, Train Time: 25.1256s/epoch, Valid Time: 2.6968s, LR: 1.0000e-03
2023-12-22 02:08:07,711 - Val loss decrease from 2.1554 to 2.1458
2023-12-22 02:08:35,694 - Epoch: 012, Train Loss: 1.9664, Train RMSE: 4.5735, Train MAPE: 0.0445, Valid Loss: 2.0904, Valid RMSE: 4.9248, Valid MAPE: 0.0499, Train Time: 25.3550s/epoch, Valid Time: 2.6272s, LR: 1.0000e-03
2023-12-22 02:08:35,698 - Val loss decrease from 2.1458 to 2.0904
2023-12-22 02:09:03,646 - Epoch: 013, Train Loss: 1.9361, Train RMSE: 4.4818, Train MAPE: 0.0438, Valid Loss: 2.0529, Valid RMSE: 4.8397, Valid MAPE: 0.0483, Train Time: 25.3086s/epoch, Valid Time: 2.6380s, LR: 1.0000e-03
2023-12-22 02:09:03,651 - Val loss decrease from 2.0904 to 2.0529
2023-12-22 02:09:31,679 - Epoch: 014, Train Loss: 1.9134, Train RMSE: 4.3902, Train MAPE: 0.0433, Valid Loss: 2.0571, Valid RMSE: 4.8510, Valid MAPE: 0.0484, Train Time: 25.4719s/epoch, Valid Time: 2.5550s, LR: 1.0000e-03
2023-12-22 02:09:59,575 - Epoch: 015, Train Loss: 1.9063, Train RMSE: 4.3578, Train MAPE: 0.0432, Valid Loss: 2.0419, Valid RMSE: 4.8087, Valid MAPE: 0.0474, Train Time: 25.3321s/epoch, Valid Time: 2.5633s, LR: 1.0000e-03
2023-12-22 02:09:59,579 - Val loss decrease from 2.0529 to 2.0419
2023-12-22 02:10:27,265 - Epoch: 016, Train Loss: 1.8871, Train RMSE: 4.3050, Train MAPE: 0.0428, Valid Loss: 2.0067, Valid RMSE: 4.6894, Valid MAPE: 0.0470, Train Time: 25.1048s/epoch, Valid Time: 2.5810s, LR: 1.0000e-03
2023-12-22 02:10:27,270 - Val loss decrease from 2.0419 to 2.0067
2023-12-22 02:10:55,121 - Epoch: 017, Train Loss: 1.8852, Train RMSE: 4.3014, Train MAPE: 0.0427, Valid Loss: 2.0653, Valid RMSE: 4.8034, Valid MAPE: 0.0520, Train Time: 25.2124s/epoch, Valid Time: 2.6386s, LR: 1.0000e-03
2023-12-22 02:11:23,148 - Epoch: 018, Train Loss: 1.8755, Train RMSE: 4.2839, Train MAPE: 0.0426, Valid Loss: 1.9953, Valid RMSE: 4.6546, Valid MAPE: 0.0474, Train Time: 25.1898s/epoch, Valid Time: 2.8365s, LR: 1.0000e-03
2023-12-22 02:11:23,152 - Val loss decrease from 2.0067 to 1.9953
2023-12-22 02:11:51,042 - Epoch: 019, Train Loss: 1.8697, Train RMSE: 4.2739, Train MAPE: 0.0424, Valid Loss: 2.0008, Valid RMSE: 4.6476, Valid MAPE: 0.0475, Train Time: 25.1977s/epoch, Valid Time: 2.6916s, LR: 1.0000e-03
2023-12-22 02:12:18,997 - Epoch: 020, Train Loss: 1.8706, Train RMSE: 4.2689, Train MAPE: 0.0424, Valid Loss: 2.0144, Valid RMSE: 4.6898, Valid MAPE: 0.0478, Train Time: 25.3816s/epoch, Valid Time: 2.5730s, LR: 1.0000e-03
2023-12-22 02:12:46,658 - Epoch: 021, Train Loss: 1.8631, Train RMSE: 4.2580, Train MAPE: 0.0423, Valid Loss: 2.0081, Valid RMSE: 4.7513, Valid MAPE: 0.0465, Train Time: 25.0452s/epoch, Valid Time: 2.6146s, LR: 1.0000e-03
2023-12-22 02:13:14,814 - Epoch: 022, Train Loss: 1.8602, Train RMSE: 4.2490, Train MAPE: 0.0422, Valid Loss: 2.0203, Valid RMSE: 4.7872, Valid MAPE: 0.0476, Train Time: 25.5108s/epoch, Valid Time: 2.6453s, LR: 1.0000e-03
2023-12-22 02:13:42,905 - Epoch: 023, Train Loss: 1.8583, Train RMSE: 4.2510, Train MAPE: 0.0422, Valid Loss: 1.9938, Valid RMSE: 4.6679, Valid MAPE: 0.0481, Train Time: 25.5143s/epoch, Valid Time: 2.5762s, LR: 1.0000e-03
2023-12-22 02:13:42,910 - Val loss decrease from 1.9953 to 1.9938
2023-12-22 02:14:10,573 - Epoch: 024, Train Loss: 1.8560, Train RMSE: 4.2465, Train MAPE: 0.0422, Valid Loss: 1.9885, Valid RMSE: 4.6528, Valid MAPE: 0.0471, Train Time: 25.1288s/epoch, Valid Time: 2.5338s, LR: 1.0000e-03
2023-12-22 02:14:10,578 - Val loss decrease from 1.9938 to 1.9885
2023-12-22 02:14:38,418 - Epoch: 025, Train Loss: 1.8560, Train RMSE: 4.2474, Train MAPE: 0.0421, Valid Loss: 1.9896, Valid RMSE: 4.6719, Valid MAPE: 0.0471, Train Time: 25.3253s/epoch, Valid Time: 2.5152s, LR: 1.0000e-03
2023-12-22 02:15:06,317 - Epoch: 026, Train Loss: 1.8520, Train RMSE: 4.2389, Train MAPE: 0.0420, Valid Loss: 1.9989, Valid RMSE: 4.6753, Valid MAPE: 0.0478, Train Time: 25.3403s/epoch, Valid Time: 2.5575s, LR: 1.0000e-03
2023-12-22 02:15:34,189 - Epoch: 027, Train Loss: 1.8540, Train RMSE: 4.2442, Train MAPE: 0.0421, Valid Loss: 1.9996, Valid RMSE: 4.7169, Valid MAPE: 0.0470, Train Time: 25.2937s/epoch, Valid Time: 2.5783s, LR: 1.0000e-03
2023-12-22 02:16:02,194 - Epoch: 028, Train Loss: 1.8491, Train RMSE: 4.2310, Train MAPE: 0.0420, Valid Loss: 2.0113, Valid RMSE: 4.7665, Valid MAPE: 0.0466, Train Time: 25.3684s/epoch, Valid Time: 2.6357s, LR: 1.0000e-03
2023-12-22 02:16:30,129 - Epoch: 029, Train Loss: 1.8462, Train RMSE: 4.2260, Train MAPE: 0.0419, Valid Loss: 1.9815, Valid RMSE: 4.6626, Valid MAPE: 0.0462, Train Time: 25.1901s/epoch, Valid Time: 2.7441s, LR: 1.0000e-03
2023-12-22 02:16:30,134 - Val loss decrease from 1.9885 to 1.9815
2023-12-22 02:16:58,021 - Epoch: 030, Train Loss: 1.8462, Train RMSE: 4.2267, Train MAPE: 0.0419, Valid Loss: 1.9798, Valid RMSE: 4.6126, Valid MAPE: 0.0471, Train Time: 25.3411s/epoch, Valid Time: 2.5451s, LR: 1.0000e-03
2023-12-22 02:16:58,025 - Val loss decrease from 1.9815 to 1.9798
2023-12-22 02:17:26,097 - Epoch: 031, Train Loss: 1.8433, Train RMSE: 4.2181, Train MAPE: 0.0418, Valid Loss: 1.9800, Valid RMSE: 4.6488, Valid MAPE: 0.0473, Train Time: 25.4644s/epoch, Valid Time: 2.6068s, LR: 1.0000e-03
2023-12-22 02:17:54,117 - Epoch: 032, Train Loss: 1.8436, Train RMSE: 4.2200, Train MAPE: 0.0418, Valid Loss: 1.9683, Valid RMSE: 4.6069, Valid MAPE: 0.0467, Train Time: 25.2133s/epoch, Valid Time: 2.8060s, LR: 1.0000e-03
2023-12-22 02:17:54,123 - Val loss decrease from 1.9798 to 1.9683
2023-12-22 02:18:22,116 - Epoch: 033, Train Loss: 1.8453, Train RMSE: 4.2255, Train MAPE: 0.0419, Valid Loss: 2.0068, Valid RMSE: 4.7520, Valid MAPE: 0.0471, Train Time: 25.3471s/epoch, Valid Time: 2.6452s, LR: 1.0000e-03
2023-12-22 02:18:49,924 - Epoch: 034, Train Loss: 1.8439, Train RMSE: 4.2235, Train MAPE: 0.0418, Valid Loss: 1.9863, Valid RMSE: 4.6218, Valid MAPE: 0.0480, Train Time: 25.2549s/epoch, Valid Time: 2.5526s, LR: 1.0000e-03
2023-12-22 02:19:17,707 - Epoch: 035, Train Loss: 1.8426, Train RMSE: 4.2194, Train MAPE: 0.0418, Valid Loss: 2.0117, Valid RMSE: 4.7620, Valid MAPE: 0.0471, Train Time: 25.0103s/epoch, Valid Time: 2.7717s, LR: 1.0000e-03
2023-12-22 02:19:45,624 - Epoch: 036, Train Loss: 1.8431, Train RMSE: 4.2195, Train MAPE: 0.0418, Valid Loss: 1.9704, Valid RMSE: 4.5983, Valid MAPE: 0.0472, Train Time: 25.3692s/epoch, Valid Time: 2.5474s, LR: 1.0000e-03
2023-12-22 02:20:13,365 - Epoch: 037, Train Loss: 1.8370, Train RMSE: 4.2088, Train MAPE: 0.0416, Valid Loss: 1.9741, Valid RMSE: 4.6397, Valid MAPE: 0.0459, Train Time: 25.0922s/epoch, Valid Time: 2.6483s, LR: 1.0000e-03
2023-12-22 02:20:41,097 - Epoch: 038, Train Loss: 1.8354, Train RMSE: 4.2043, Train MAPE: 0.0416, Valid Loss: 1.9744, Valid RMSE: 4.6247, Valid MAPE: 0.0475, Train Time: 25.1834s/epoch, Valid Time: 2.5479s, LR: 1.0000e-03
2023-12-22 02:21:08,614 - Epoch: 039, Train Loss: 1.8358, Train RMSE: 4.2059, Train MAPE: 0.0416, Valid Loss: 1.9629, Valid RMSE: 4.5881, Valid MAPE: 0.0465, Train Time: 24.9574s/epoch, Valid Time: 2.5593s, LR: 1.0000e-03
2023-12-22 02:21:08,618 - Val loss decrease from 1.9683 to 1.9629
2023-12-22 02:21:36,098 - Epoch: 040, Train Loss: 1.8383, Train RMSE: 4.2120, Train MAPE: 0.0417, Valid Loss: 1.9814, Valid RMSE: 4.6808, Valid MAPE: 0.0464, Train Time: 24.9598s/epoch, Valid Time: 2.5198s, LR: 1.0000e-03
2023-12-22 02:22:03,819 - Epoch: 041, Train Loss: 1.8368, Train RMSE: 4.2080, Train MAPE: 0.0416, Valid Loss: 1.9785, Valid RMSE: 4.6364, Valid MAPE: 0.0475, Train Time: 25.2288s/epoch, Valid Time: 2.4921s, LR: 1.0000e-03
2023-12-22 02:22:31,365 - Epoch: 042, Train Loss: 1.8370, Train RMSE: 4.2078, Train MAPE: 0.0417, Valid Loss: 1.9667, Valid RMSE: 4.6030, Valid MAPE: 0.0461, Train Time: 25.0350s/epoch, Valid Time: 2.5095s, LR: 1.0000e-03
2023-12-22 02:22:58,922 - Epoch: 043, Train Loss: 1.8372, Train RMSE: 4.2093, Train MAPE: 0.0416, Valid Loss: 1.9758, Valid RMSE: 4.6485, Valid MAPE: 0.0474, Train Time: 25.0113s/epoch, Valid Time: 2.5458s, LR: 1.0000e-03
2023-12-22 02:23:26,602 - Epoch: 044, Train Loss: 1.8355, Train RMSE: 4.2048, Train MAPE: 0.0416, Valid Loss: 1.9767, Valid RMSE: 4.6169, Valid MAPE: 0.0476, Train Time: 25.0739s/epoch, Valid Time: 2.6052s, LR: 1.0000e-03
2023-12-22 02:23:54,356 - Epoch: 045, Train Loss: 1.8333, Train RMSE: 4.2005, Train MAPE: 0.0416, Valid Loss: 1.9755, Valid RMSE: 4.6228, Valid MAPE: 0.0467, Train Time: 24.9943s/epoch, Valid Time: 2.7590s, LR: 1.0000e-03
2023-12-22 02:24:21,878 - Epoch: 046, Train Loss: 1.8339, Train RMSE: 4.2004, Train MAPE: 0.0416, Valid Loss: 1.9641, Valid RMSE: 4.6208, Valid MAPE: 0.0461, Train Time: 24.9341s/epoch, Valid Time: 2.5869s, LR: 1.0000e-03
2023-12-22 02:24:49,700 - Epoch: 047, Train Loss: 1.8318, Train RMSE: 4.1992, Train MAPE: 0.0415, Valid Loss: 1.9716, Valid RMSE: 4.6113, Valid MAPE: 0.0475, Train Time: 25.2156s/epoch, Valid Time: 2.6055s, LR: 1.0000e-03
2023-12-22 02:25:17,455 - Epoch: 048, Train Loss: 1.8317, Train RMSE: 4.1955, Train MAPE: 0.0415, Valid Loss: 1.9621, Valid RMSE: 4.6161, Valid MAPE: 0.0457, Train Time: 25.1126s/epoch, Valid Time: 2.6421s, LR: 1.0000e-03
2023-12-22 02:25:17,459 - Val loss decrease from 1.9629 to 1.9621
2023-12-22 02:25:45,120 - Epoch: 049, Train Loss: 1.8327, Train RMSE: 4.2013, Train MAPE: 0.0415, Valid Loss: 1.9959, Valid RMSE: 4.6993, Valid MAPE: 0.0476, Train Time: 25.1658s/epoch, Valid Time: 2.4950s, LR: 1.0000e-03
2023-12-22 02:26:12,858 - Epoch: 050, Train Loss: 1.8304, Train RMSE: 4.1950, Train MAPE: 0.0415, Valid Loss: 1.9666, Valid RMSE: 4.6272, Valid MAPE: 0.0458, Train Time: 25.1468s/epoch, Valid Time: 2.5909s, LR: 1.0000e-03
2023-12-22 02:26:40,516 - Epoch: 051, Train Loss: 1.8311, Train RMSE: 4.1944, Train MAPE: 0.0415, Valid Loss: 1.9647, Valid RMSE: 4.5992, Valid MAPE: 0.0460, Train Time: 25.0600s/epoch, Valid Time: 2.5954s, LR: 1.0000e-03
2023-12-22 02:27:07,871 - Epoch: 052, Train Loss: 1.8307, Train RMSE: 4.1934, Train MAPE: 0.0415, Valid Loss: 1.9646, Valid RMSE: 4.6057, Valid MAPE: 0.0469, Train Time: 24.8209s/epoch, Valid Time: 2.5339s, LR: 1.0000e-03
2023-12-22 02:27:35,500 - Epoch: 053, Train Loss: 1.8297, Train RMSE: 4.1937, Train MAPE: 0.0415, Valid Loss: 1.9724, Valid RMSE: 4.6327, Valid MAPE: 0.0476, Train Time: 25.1145s/epoch, Valid Time: 2.5131s, LR: 1.0000e-03
2023-12-22 02:28:02,820 - Epoch: 054, Train Loss: 1.8294, Train RMSE: 4.1930, Train MAPE: 0.0414, Valid Loss: 1.9738, Valid RMSE: 4.6443, Valid MAPE: 0.0466, Train Time: 24.8474s/epoch, Valid Time: 2.4718s, LR: 1.0000e-03
2023-12-22 02:28:30,105 - Epoch: 055, Train Loss: 1.8301, Train RMSE: 4.1924, Train MAPE: 0.0415, Valid Loss: 1.9682, Valid RMSE: 4.6255, Valid MAPE: 0.0466, Train Time: 24.8133s/epoch, Valid Time: 2.4713s, LR: 1.0000e-03
2023-12-22 02:28:57,282 - Epoch: 056, Train Loss: 1.8279, Train RMSE: 4.1886, Train MAPE: 0.0414, Valid Loss: 1.9648, Valid RMSE: 4.6484, Valid MAPE: 0.0458, Train Time: 24.6187s/epoch, Valid Time: 2.5579s, LR: 1.0000e-03
2023-12-22 02:29:24,453 - Epoch: 057, Train Loss: 1.8288, Train RMSE: 4.1930, Train MAPE: 0.0414, Valid Loss: 1.9654, Valid RMSE: 4.6113, Valid MAPE: 0.0468, Train Time: 24.6663s/epoch, Valid Time: 2.5050s, LR: 1.0000e-03
2023-12-22 02:29:51,691 - Epoch: 058, Train Loss: 1.8296, Train RMSE: 4.1938, Train MAPE: 0.0415, Valid Loss: 1.9723, Valid RMSE: 4.6135, Valid MAPE: 0.0473, Train Time: 24.7455s/epoch, Valid Time: 2.4912s, LR: 1.0000e-03
2023-12-22 02:29:51,691 - Early stop at epoch 58, loss = 1.962088
2023-12-22 02:29:51,691 - best valid_loss:1.962088
2023-12-22 02:29:55,769 - Horizon 1, Test MAE: 0.8906, Test RMSE: 1.6359, Test MAPE: 0.0172
2023-12-22 02:29:55,805 - Horizon 2, Test MAE: 1.1923, Test RMSE: 2.4263, Test MAPE: 0.0240
2023-12-22 02:29:55,833 - Horizon 3, Test MAE: 1.4173, Test RMSE: 3.0620, Test MAPE: 0.0295
2023-12-22 02:29:55,862 - Horizon 4, Test MAE: 1.5974, Test RMSE: 3.5641, Test MAPE: 0.0342
2023-12-22 02:29:55,893 - Horizon 5, Test MAE: 1.7483, Test RMSE: 3.9628, Test MAPE: 0.0385
2023-12-22 02:29:55,924 - Horizon 6, Test MAE: 1.8779, Test RMSE: 4.2902, Test MAPE: 0.0424
2023-12-22 02:29:55,953 - Horizon 7, Test MAE: 1.9921, Test RMSE: 4.5675, Test MAPE: 0.0459
2023-12-22 02:29:55,982 - Horizon 8, Test MAE: 2.0937, Test RMSE: 4.8074, Test MAPE: 0.0491
2023-12-22 02:29:56,012 - Horizon 9, Test MAE: 2.1847, Test RMSE: 5.0166, Test MAPE: 0.0520
2023-12-22 02:29:56,041 - Horizon 10, Test MAE: 2.2680, Test RMSE: 5.2039, Test MAPE: 0.0546
2023-12-22 02:29:56,070 - Horizon 11, Test MAE: 2.3468, Test RMSE: 5.3756, Test MAPE: 0.0569
2023-12-22 02:29:56,099 - Horizon 12, Test MAE: 2.4232, Test RMSE: 5.5354, Test MAPE: 0.0592
2023-12-22 02:29:56,100 - Average Test MAE: 1.8360, Test RMSE: 4.1206, Test MAPE: 0.0419
2024-01-03 15:50:13,388 - Namespace(adapter=False, batch_size=128, clip_grad_value=5, dataset='PEMSBAY', device='cuda:1', dropout=0.3, embed_dim=10, end_dim=512, frozen=False, hid_dim=64, horizon=6, init_dim=32, input_dim=2, layer=2, lrate=0.001, max_epochs=100, mode='train', model='lstm', num_layers=1, output_dim=1, patience=10, pre_train='', save='test.pth', seed=3, seq_length=12, wdecay=0.0005, years='2017')
2024-01-03 15:50:13,394 - Adj path: /home/yuxuan/rwl/GWN-LoRA/data/pemsbay/pemsbay_rn_adj.npy
2024-01-03 15:50:14,693 - Data shape: (52116, 325, 3)
2024-01-03 15:50:15,752 - Sample num: 36465, Batch num: 284
2024-01-03 15:50:16,770 - Sample num: 5209, Batch num: 40
2024-01-03 15:50:17,721 - Sample num: 10419, Batch num: 81
2024-01-03 15:50:18,069 - The number of parameters: 94822
2024-01-03 15:50:18,069 - Start training!
2024-01-08 15:19:50,161 - Namespace(adapter=False, batch_size=128, clip_grad_value=5, dataset='PEMSBAY', device='cuda:1', dropout=0.3, embed_dim=10, end_dim=512, frozen=False, hid_dim=64, horizon=6, init_dim=32, input_dim=2, layer=2, lrate=0.001, max_epochs=100, mode='train', model='lstm', num_layers=1, output_dim=1, patience=10, pre_train='', save='test.pth', seed=3, seq_length=6, wdecay=0.0005, years='2017')
2024-01-08 15:19:50,162 - Adj path: /home/yuxuan/rwl/GWN-LoRA/data/pemsbay/pemsbay_rn_adj.npy
2024-01-08 15:19:51,516 - Data shape: (52116, 325, 3)
2024-01-08 15:19:52,549 - Sample num: 36465, Batch num: 284
2024-01-08 15:19:53,595 - Sample num: 5209, Batch num: 40
2024-01-08 15:19:54,749 - Sample num: 10419, Batch num: 81
2024-01-08 15:19:55,154 - The number of parameters: 94822
2024-01-08 15:19:55,154 - Start training!
2024-01-08 15:20:15,919 - Epoch: 001, Train Loss: 1.9518, Train RMSE: 4.2083, Train MAPE: 0.0451, Valid Loss: 1.6549, Valid RMSE: 3.8246, Valid MAPE: 0.0357, Train Time: 18.8767s/epoch, Valid Time: 1.8877s, LR: 1.0000e-03
2024-01-08 15:20:15,924 - Val loss decrease from inf to 1.6549
2024-01-08 15:20:35,850 - Epoch: 002, Train Loss: 1.5578, Train RMSE: 3.4942, Train MAPE: 0.0328, Valid Loss: 1.6719, Valid RMSE: 3.8855, Valid MAPE: 0.0356, Train Time: 18.0061s/epoch, Valid Time: 1.9194s, LR: 1.0000e-03
2024-01-08 15:20:55,659 - Epoch: 003, Train Loss: 1.5517, Train RMSE: 3.4882, Train MAPE: 0.0327, Valid Loss: 1.6543, Valid RMSE: 3.8319, Valid MAPE: 0.0355, Train Time: 17.9101s/epoch, Valid Time: 1.8977s, LR: 1.0000e-03
2024-01-08 15:20:55,663 - Val loss decrease from 1.6549 to 1.6543
2024-01-08 15:21:15,668 - Epoch: 004, Train Loss: 1.5453, Train RMSE: 3.4794, Train MAPE: 0.0325, Valid Loss: 1.6412, Valid RMSE: 3.8206, Valid MAPE: 0.0352, Train Time: 17.9804s/epoch, Valid Time: 2.0243s, LR: 1.0000e-03
2024-01-08 15:21:15,672 - Val loss decrease from 1.6543 to 1.6412
2024-01-08 15:21:35,058 - Epoch: 005, Train Loss: 1.5417, Train RMSE: 3.4759, Train MAPE: 0.0324, Valid Loss: 1.6409, Valid RMSE: 3.8165, Valid MAPE: 0.0352, Train Time: 17.5573s/epoch, Valid Time: 1.8281s, LR: 1.0000e-03
2024-01-08 15:21:35,062 - Val loss decrease from 1.6412 to 1.6409
2024-01-08 15:21:54,746 - Epoch: 006, Train Loss: 1.5394, Train RMSE: 3.4754, Train MAPE: 0.0324, Valid Loss: 1.6668, Valid RMSE: 3.8499, Valid MAPE: 0.0355, Train Time: 17.8438s/epoch, Valid Time: 1.8403s, LR: 1.0000e-03
2024-01-08 15:22:14,719 - Epoch: 007, Train Loss: 1.5366, Train RMSE: 3.4712, Train MAPE: 0.0323, Valid Loss: 1.6429, Valid RMSE: 3.8315, Valid MAPE: 0.0352, Train Time: 17.9968s/epoch, Valid Time: 1.9753s, LR: 1.0000e-03
2024-01-08 15:22:34,466 - Epoch: 008, Train Loss: 1.5360, Train RMSE: 3.4691, Train MAPE: 0.0323, Valid Loss: 1.6352, Valid RMSE: 3.7953, Valid MAPE: 0.0353, Train Time: 17.8034s/epoch, Valid Time: 1.9429s, LR: 1.0000e-03
2024-01-08 15:22:34,470 - Val loss decrease from 1.6409 to 1.6352
2024-01-08 15:22:54,268 - Epoch: 009, Train Loss: 1.5365, Train RMSE: 3.4694, Train MAPE: 0.0323, Valid Loss: 1.6367, Valid RMSE: 3.8077, Valid MAPE: 0.0352, Train Time: 17.8759s/epoch, Valid Time: 1.9216s, LR: 1.0000e-03
2024-01-08 15:23:13,807 - Epoch: 010, Train Loss: 1.5345, Train RMSE: 3.4658, Train MAPE: 0.0323, Valid Loss: 1.6394, Valid RMSE: 3.8191, Valid MAPE: 0.0351, Train Time: 17.6085s/epoch, Valid Time: 1.9300s, LR: 1.0000e-03
2024-01-08 15:23:33,271 - Epoch: 011, Train Loss: 1.5334, Train RMSE: 3.4671, Train MAPE: 0.0322, Valid Loss: 1.6385, Valid RMSE: 3.7677, Valid MAPE: 0.0355, Train Time: 17.6027s/epoch, Valid Time: 1.8614s, LR: 1.0000e-03
2024-01-08 15:23:53,122 - Epoch: 012, Train Loss: 1.5316, Train RMSE: 3.4635, Train MAPE: 0.0322, Valid Loss: 1.6375, Valid RMSE: 3.7566, Valid MAPE: 0.0361, Train Time: 17.9052s/epoch, Valid Time: 1.9447s, LR: 1.0000e-03
2024-01-08 15:24:12,800 - Epoch: 013, Train Loss: 1.5320, Train RMSE: 3.4628, Train MAPE: 0.0322, Valid Loss: 1.6316, Valid RMSE: 3.7933, Valid MAPE: 0.0352, Train Time: 17.7018s/epoch, Valid Time: 1.9758s, LR: 1.0000e-03
2024-01-08 15:24:12,805 - Val loss decrease from 1.6352 to 1.6316
2024-01-08 15:24:32,410 - Epoch: 014, Train Loss: 1.5301, Train RMSE: 3.4606, Train MAPE: 0.0321, Valid Loss: 1.6461, Valid RMSE: 3.8297, Valid MAPE: 0.0353, Train Time: 17.6868s/epoch, Valid Time: 1.9188s, LR: 1.0000e-03
2024-01-08 15:24:52,256 - Epoch: 015, Train Loss: 1.5285, Train RMSE: 3.4577, Train MAPE: 0.0321, Valid Loss: 1.6464, Valid RMSE: 3.8455, Valid MAPE: 0.0352, Train Time: 17.9810s/epoch, Valid Time: 1.8637s, LR: 1.0000e-03
2024-01-08 15:25:11,702 - Epoch: 016, Train Loss: 1.5271, Train RMSE: 3.4565, Train MAPE: 0.0320, Valid Loss: 1.6291, Valid RMSE: 3.7807, Valid MAPE: 0.0352, Train Time: 17.5682s/epoch, Valid Time: 1.8772s, LR: 1.0000e-03
2024-01-08 15:25:11,705 - Val loss decrease from 1.6316 to 1.6291
2024-01-08 15:25:31,418 - Epoch: 017, Train Loss: 1.5287, Train RMSE: 3.4574, Train MAPE: 0.0321, Valid Loss: 1.6355, Valid RMSE: 3.7851, Valid MAPE: 0.0356, Train Time: 17.8345s/epoch, Valid Time: 1.8777s, LR: 1.0000e-03
2024-01-08 15:25:51,278 - Epoch: 018, Train Loss: 1.5290, Train RMSE: 3.4580, Train MAPE: 0.0321, Valid Loss: 1.6425, Valid RMSE: 3.8199, Valid MAPE: 0.0351, Train Time: 17.9625s/epoch, Valid Time: 1.8972s, LR: 1.0000e-03
2024-01-08 15:26:11,171 - Epoch: 019, Train Loss: 1.5266, Train RMSE: 3.4537, Train MAPE: 0.0321, Valid Loss: 1.6343, Valid RMSE: 3.7619, Valid MAPE: 0.0357, Train Time: 17.9813s/epoch, Valid Time: 1.9107s, LR: 1.0000e-03
2024-01-08 15:26:30,930 - Epoch: 020, Train Loss: 1.5262, Train RMSE: 3.4537, Train MAPE: 0.0321, Valid Loss: 1.6317, Valid RMSE: 3.7480, Valid MAPE: 0.0359, Train Time: 17.8808s/epoch, Valid Time: 1.8776s, LR: 1.0000e-03
2024-01-08 15:26:50,690 - Epoch: 021, Train Loss: 1.5238, Train RMSE: 3.4510, Train MAPE: 0.0320, Valid Loss: 1.6266, Valid RMSE: 3.7725, Valid MAPE: 0.0353, Train Time: 17.8902s/epoch, Valid Time: 1.8693s, LR: 1.0000e-03
2024-01-08 15:26:50,693 - Val loss decrease from 1.6291 to 1.6266
2024-01-08 15:27:10,412 - Epoch: 022, Train Loss: 1.5245, Train RMSE: 3.4503, Train MAPE: 0.0320, Valid Loss: 1.6333, Valid RMSE: 3.7799, Valid MAPE: 0.0352, Train Time: 17.8118s/epoch, Valid Time: 1.9070s, LR: 1.0000e-03
2024-01-08 15:27:30,249 - Epoch: 023, Train Loss: 1.5226, Train RMSE: 3.4482, Train MAPE: 0.0319, Valid Loss: 1.6233, Valid RMSE: 3.7721, Valid MAPE: 0.0352, Train Time: 17.9772s/epoch, Valid Time: 1.8591s, LR: 1.0000e-03
2024-01-08 15:27:30,254 - Val loss decrease from 1.6266 to 1.6233
2024-01-08 15:27:49,920 - Epoch: 024, Train Loss: 1.5199, Train RMSE: 3.4437, Train MAPE: 0.0319, Valid Loss: 1.6358, Valid RMSE: 3.7948, Valid MAPE: 0.0350, Train Time: 17.7711s/epoch, Valid Time: 1.8951s, LR: 1.0000e-03
2024-01-08 15:28:09,522 - Epoch: 025, Train Loss: 1.5222, Train RMSE: 3.4459, Train MAPE: 0.0320, Valid Loss: 1.6195, Valid RMSE: 3.7653, Valid MAPE: 0.0349, Train Time: 17.6997s/epoch, Valid Time: 1.9016s, LR: 1.0000e-03
2024-01-08 15:28:09,527 - Val loss decrease from 1.6233 to 1.6195
2024-01-08 15:28:29,232 - Epoch: 026, Train Loss: 1.5199, Train RMSE: 3.4439, Train MAPE: 0.0319, Valid Loss: 1.6451, Valid RMSE: 3.7672, Valid MAPE: 0.0364, Train Time: 17.8533s/epoch, Valid Time: 1.8507s, LR: 1.0000e-03
2024-01-08 15:28:48,870 - Epoch: 027, Train Loss: 1.5211, Train RMSE: 3.4443, Train MAPE: 0.0319, Valid Loss: 1.6192, Valid RMSE: 3.7620, Valid MAPE: 0.0352, Train Time: 17.6549s/epoch, Valid Time: 1.9828s, LR: 1.0000e-03
2024-01-08 15:28:48,873 - Val loss decrease from 1.6195 to 1.6192
2024-01-08 15:29:08,424 - Epoch: 028, Train Loss: 1.5202, Train RMSE: 3.4423, Train MAPE: 0.0319, Valid Loss: 1.6198, Valid RMSE: 3.7792, Valid MAPE: 0.0349, Train Time: 17.6694s/epoch, Valid Time: 1.8810s, LR: 1.0000e-03
2024-01-08 15:29:28,165 - Epoch: 029, Train Loss: 1.5176, Train RMSE: 3.4415, Train MAPE: 0.0319, Valid Loss: 1.6188, Valid RMSE: 3.7673, Valid MAPE: 0.0348, Train Time: 17.8687s/epoch, Valid Time: 1.8716s, LR: 1.0000e-03
2024-01-08 15:29:28,169 - Val loss decrease from 1.6192 to 1.6188
2024-01-08 15:29:47,837 - Epoch: 030, Train Loss: 1.5181, Train RMSE: 3.4418, Train MAPE: 0.0319, Valid Loss: 1.6240, Valid RMSE: 3.7429, Valid MAPE: 0.0357, Train Time: 17.7962s/epoch, Valid Time: 1.8713s, LR: 1.0000e-03
2024-01-08 15:30:07,550 - Epoch: 031, Train Loss: 1.5188, Train RMSE: 3.4425, Train MAPE: 0.0319, Valid Loss: 1.6176, Valid RMSE: 3.7663, Valid MAPE: 0.0348, Train Time: 17.8743s/epoch, Valid Time: 1.8379s, LR: 1.0000e-03
2024-01-08 15:30:07,554 - Val loss decrease from 1.6188 to 1.6176
2024-01-08 15:30:27,262 - Epoch: 032, Train Loss: 1.5176, Train RMSE: 3.4396, Train MAPE: 0.0319, Valid Loss: 1.6165, Valid RMSE: 3.7615, Valid MAPE: 0.0351, Train Time: 17.7186s/epoch, Valid Time: 1.9898s, LR: 1.0000e-03
2024-01-08 15:30:27,267 - Val loss decrease from 1.6176 to 1.6165
2024-01-08 15:30:46,827 - Epoch: 033, Train Loss: 1.5162, Train RMSE: 3.4387, Train MAPE: 0.0319, Valid Loss: 1.6110, Valid RMSE: 3.7584, Valid MAPE: 0.0347, Train Time: 17.7226s/epoch, Valid Time: 1.8367s, LR: 1.0000e-03
2024-01-08 15:30:46,831 - Val loss decrease from 1.6165 to 1.6110
2024-01-08 15:31:06,758 - Epoch: 034, Train Loss: 1.5138, Train RMSE: 3.4351, Train MAPE: 0.0318, Valid Loss: 1.6139, Valid RMSE: 3.7561, Valid MAPE: 0.0349, Train Time: 18.0681s/epoch, Valid Time: 1.8581s, LR: 1.0000e-03
2024-01-08 15:31:26,412 - Epoch: 035, Train Loss: 1.5131, Train RMSE: 3.4326, Train MAPE: 0.0318, Valid Loss: 1.6098, Valid RMSE: 3.7618, Valid MAPE: 0.0347, Train Time: 17.7210s/epoch, Valid Time: 1.9331s, LR: 1.0000e-03
2024-01-08 15:31:26,416 - Val loss decrease from 1.6110 to 1.6098
2024-01-08 15:31:46,124 - Epoch: 036, Train Loss: 1.5122, Train RMSE: 3.4322, Train MAPE: 0.0318, Valid Loss: 1.6113, Valid RMSE: 3.7378, Valid MAPE: 0.0348, Train Time: 17.6811s/epoch, Valid Time: 2.0270s, LR: 1.0000e-03
2024-01-08 15:32:05,735 - Epoch: 037, Train Loss: 1.5120, Train RMSE: 3.4310, Train MAPE: 0.0318, Valid Loss: 1.6068, Valid RMSE: 3.7341, Valid MAPE: 0.0349, Train Time: 17.6328s/epoch, Valid Time: 1.9771s, LR: 1.0000e-03
2024-01-08 15:32:05,739 - Val loss decrease from 1.6098 to 1.6068
2024-01-08 15:32:25,444 - Epoch: 038, Train Loss: 1.5095, Train RMSE: 3.4271, Train MAPE: 0.0317, Valid Loss: 1.6123, Valid RMSE: 3.7289, Valid MAPE: 0.0353, Train Time: 17.6562s/epoch, Valid Time: 2.0478s, LR: 1.0000e-03
2024-01-08 15:32:45,263 - Epoch: 039, Train Loss: 1.5085, Train RMSE: 3.4255, Train MAPE: 0.0317, Valid Loss: 1.6020, Valid RMSE: 3.7176, Valid MAPE: 0.0349, Train Time: 17.9582s/epoch, Valid Time: 1.8611s, LR: 1.0000e-03
2024-01-08 15:32:45,267 - Val loss decrease from 1.6068 to 1.6020
2024-01-08 15:33:04,886 - Epoch: 040, Train Loss: 1.5087, Train RMSE: 3.4244, Train MAPE: 0.0317, Valid Loss: 1.6023, Valid RMSE: 3.7323, Valid MAPE: 0.0346, Train Time: 17.7292s/epoch, Valid Time: 1.8896s, LR: 1.0000e-03
2024-01-08 15:33:24,586 - Epoch: 041, Train Loss: 1.5067, Train RMSE: 3.4219, Train MAPE: 0.0316, Valid Loss: 1.6112, Valid RMSE: 3.6992, Valid MAPE: 0.0356, Train Time: 17.8253s/epoch, Valid Time: 1.8738s, LR: 1.0000e-03
2024-01-08 15:33:44,475 - Epoch: 042, Train Loss: 1.5074, Train RMSE: 3.4223, Train MAPE: 0.0317, Valid Loss: 1.6010, Valid RMSE: 3.7444, Valid MAPE: 0.0344, Train Time: 17.8822s/epoch, Valid Time: 2.0066s, LR: 1.0000e-03
2024-01-08 15:33:44,479 - Val loss decrease from 1.6020 to 1.6010
2024-01-08 15:34:04,086 - Epoch: 043, Train Loss: 1.5076, Train RMSE: 3.4233, Train MAPE: 0.0317, Valid Loss: 1.6057, Valid RMSE: 3.7214, Valid MAPE: 0.0346, Train Time: 17.7060s/epoch, Valid Time: 1.9003s, LR: 1.0000e-03
2024-01-08 15:34:23,742 - Epoch: 044, Train Loss: 1.5092, Train RMSE: 3.4225, Train MAPE: 0.0317, Valid Loss: 1.6076, Valid RMSE: 3.7225, Valid MAPE: 0.0350, Train Time: 17.6666s/epoch, Valid Time: 1.9897s, LR: 1.0000e-03
2024-01-08 15:34:43,532 - Epoch: 045, Train Loss: 1.5063, Train RMSE: 3.4204, Train MAPE: 0.0316, Valid Loss: 1.5984, Valid RMSE: 3.7142, Valid MAPE: 0.0345, Train Time: 17.7701s/epoch, Valid Time: 2.0194s, LR: 1.0000e-03
2024-01-08 15:34:43,536 - Val loss decrease from 1.6010 to 1.5984
2024-01-08 15:35:03,388 - Epoch: 046, Train Loss: 1.5057, Train RMSE: 3.4184, Train MAPE: 0.0316, Valid Loss: 1.5985, Valid RMSE: 3.7216, Valid MAPE: 0.0345, Train Time: 17.8530s/epoch, Valid Time: 1.9983s, LR: 1.0000e-03
2024-01-08 15:35:22,938 - Epoch: 047, Train Loss: 1.5031, Train RMSE: 3.4161, Train MAPE: 0.0315, Valid Loss: 1.5977, Valid RMSE: 3.7100, Valid MAPE: 0.0346, Train Time: 17.6761s/epoch, Valid Time: 1.8734s, LR: 1.0000e-03
2024-01-08 15:35:22,942 - Val loss decrease from 1.5984 to 1.5977
2024-01-08 15:35:42,559 - Epoch: 048, Train Loss: 1.5043, Train RMSE: 3.4171, Train MAPE: 0.0316, Valid Loss: 1.5994, Valid RMSE: 3.7394, Valid MAPE: 0.0344, Train Time: 17.7201s/epoch, Valid Time: 1.8970s, LR: 1.0000e-03
2024-01-08 15:36:02,382 - Epoch: 049, Train Loss: 1.5034, Train RMSE: 3.4131, Train MAPE: 0.0316, Valid Loss: 1.6140, Valid RMSE: 3.6875, Valid MAPE: 0.0358, Train Time: 17.9451s/epoch, Valid Time: 1.8774s, LR: 1.0000e-03
2024-01-08 15:36:22,104 - Epoch: 050, Train Loss: 1.5040, Train RMSE: 3.4160, Train MAPE: 0.0316, Valid Loss: 1.6019, Valid RMSE: 3.7382, Valid MAPE: 0.0344, Train Time: 17.8010s/epoch, Valid Time: 1.9201s, LR: 1.0000e-03
2024-01-08 15:36:41,968 - Epoch: 051, Train Loss: 1.5032, Train RMSE: 3.4133, Train MAPE: 0.0315, Valid Loss: 1.6006, Valid RMSE: 3.6940, Valid MAPE: 0.0348, Train Time: 17.9887s/epoch, Valid Time: 1.8751s, LR: 1.0000e-03
2024-01-08 15:37:01,701 - Epoch: 052, Train Loss: 1.5031, Train RMSE: 3.4118, Train MAPE: 0.0316, Valid Loss: 1.5974, Valid RMSE: 3.7222, Valid MAPE: 0.0345, Train Time: 17.6950s/epoch, Valid Time: 2.0376s, LR: 1.0000e-03
2024-01-08 15:37:01,709 - Val loss decrease from 1.5977 to 1.5974
2024-01-08 15:37:21,256 - Epoch: 053, Train Loss: 1.5038, Train RMSE: 3.4122, Train MAPE: 0.0316, Valid Loss: 1.5953, Valid RMSE: 3.7102, Valid MAPE: 0.0345, Train Time: 17.6243s/epoch, Valid Time: 1.9221s, LR: 1.0000e-03
2024-01-08 15:37:21,260 - Val loss decrease from 1.5974 to 1.5953
2024-01-08 15:37:40,939 - Epoch: 054, Train Loss: 1.5008, Train RMSE: 3.4076, Train MAPE: 0.0315, Valid Loss: 1.6030, Valid RMSE: 3.7040, Valid MAPE: 0.0351, Train Time: 17.8386s/epoch, Valid Time: 1.8405s, LR: 1.0000e-03
2024-01-08 15:38:00,685 - Epoch: 055, Train Loss: 1.5022, Train RMSE: 3.4078, Train MAPE: 0.0316, Valid Loss: 1.6092, Valid RMSE: 3.6919, Valid MAPE: 0.0355, Train Time: 17.8378s/epoch, Valid Time: 1.9078s, LR: 1.0000e-03
2024-01-08 15:38:20,377 - Epoch: 056, Train Loss: 1.5010, Train RMSE: 3.4039, Train MAPE: 0.0315, Valid Loss: 1.5942, Valid RMSE: 3.7281, Valid MAPE: 0.0343, Train Time: 17.7928s/epoch, Valid Time: 1.8977s, LR: 1.0000e-03
2024-01-08 15:38:20,381 - Val loss decrease from 1.5953 to 1.5942
2024-01-08 15:38:40,073 - Epoch: 057, Train Loss: 1.4989, Train RMSE: 3.3941, Train MAPE: 0.0315, Valid Loss: 1.5909, Valid RMSE: 3.6882, Valid MAPE: 0.0345, Train Time: 17.8278s/epoch, Valid Time: 1.8645s, LR: 1.0000e-03
2024-01-08 15:38:40,076 - Val loss decrease from 1.5942 to 1.5909
2024-01-08 15:38:59,753 - Epoch: 058, Train Loss: 1.4948, Train RMSE: 3.3780, Train MAPE: 0.0314, Valid Loss: 1.5880, Valid RMSE: 3.6679, Valid MAPE: 0.0340, Train Time: 17.7708s/epoch, Valid Time: 1.9051s, LR: 1.0000e-03
2024-01-08 15:38:59,756 - Val loss decrease from 1.5909 to 1.5880
2024-01-08 15:39:19,576 - Epoch: 059, Train Loss: 1.4907, Train RMSE: 3.3565, Train MAPE: 0.0313, Valid Loss: 1.5764, Valid RMSE: 3.6266, Valid MAPE: 0.0339, Train Time: 17.9115s/epoch, Valid Time: 1.9074s, LR: 1.0000e-03
2024-01-08 15:39:19,579 - Val loss decrease from 1.5880 to 1.5764
2024-01-08 15:39:39,441 - Epoch: 060, Train Loss: 1.4866, Train RMSE: 3.3330, Train MAPE: 0.0312, Valid Loss: 1.5890, Valid RMSE: 3.5989, Valid MAPE: 0.0341, Train Time: 17.9056s/epoch, Valid Time: 1.9562s, LR: 1.0000e-03
2024-01-08 15:39:59,235 - Epoch: 061, Train Loss: 1.4842, Train RMSE: 3.3171, Train MAPE: 0.0312, Valid Loss: 1.5730, Valid RMSE: 3.5570, Valid MAPE: 0.0347, Train Time: 17.8665s/epoch, Valid Time: 1.9262s, LR: 1.0000e-03
2024-01-08 15:39:59,240 - Val loss decrease from 1.5764 to 1.5730
2024-01-08 15:40:18,987 - Epoch: 062, Train Loss: 1.4784, Train RMSE: 3.2999, Train MAPE: 0.0311, Valid Loss: 1.5690, Valid RMSE: 3.5264, Valid MAPE: 0.0347, Train Time: 17.8439s/epoch, Valid Time: 1.9027s, LR: 1.0000e-03
2024-01-08 15:40:18,991 - Val loss decrease from 1.5730 to 1.5690
2024-01-08 15:40:38,738 - Epoch: 063, Train Loss: 1.4758, Train RMSE: 3.2879, Train MAPE: 0.0311, Valid Loss: 1.5711, Valid RMSE: 3.5891, Valid MAPE: 0.0339, Train Time: 17.8410s/epoch, Valid Time: 1.9054s, LR: 1.0000e-03
2024-01-08 15:40:58,583 - Epoch: 064, Train Loss: 1.4742, Train RMSE: 3.2808, Train MAPE: 0.0310, Valid Loss: 1.5677, Valid RMSE: 3.5840, Valid MAPE: 0.0339, Train Time: 17.8496s/epoch, Valid Time: 1.9952s, LR: 1.0000e-03
2024-01-08 15:40:58,587 - Val loss decrease from 1.5690 to 1.5677
2024-01-08 15:41:18,390 - Epoch: 065, Train Loss: 1.4723, Train RMSE: 3.2757, Train MAPE: 0.0310, Valid Loss: 1.5618, Valid RMSE: 3.5367, Valid MAPE: 0.0342, Train Time: 17.9091s/epoch, Valid Time: 1.8939s, LR: 1.0000e-03
2024-01-08 15:41:18,394 - Val loss decrease from 1.5677 to 1.5618
2024-01-08 15:41:38,152 - Epoch: 066, Train Loss: 1.4712, Train RMSE: 3.2713, Train MAPE: 0.0310, Valid Loss: 1.5758, Valid RMSE: 3.6181, Valid MAPE: 0.0338, Train Time: 17.7671s/epoch, Valid Time: 1.9912s, LR: 1.0000e-03
2024-01-08 15:41:57,718 - Epoch: 067, Train Loss: 1.4714, Train RMSE: 3.2693, Train MAPE: 0.0310, Valid Loss: 1.5637, Valid RMSE: 3.5653, Valid MAPE: 0.0337, Train Time: 17.6406s/epoch, Valid Time: 1.9254s, LR: 1.0000e-03
2024-01-08 15:42:17,666 - Epoch: 068, Train Loss: 1.4692, Train RMSE: 3.2644, Train MAPE: 0.0309, Valid Loss: 1.5536, Valid RMSE: 3.5302, Valid MAPE: 0.0336, Train Time: 17.9914s/epoch, Valid Time: 1.9555s, LR: 1.0000e-03
2024-01-08 15:42:17,670 - Val loss decrease from 1.5618 to 1.5536
2024-01-08 15:42:37,283 - Epoch: 069, Train Loss: 1.4691, Train RMSE: 3.2608, Train MAPE: 0.0309, Valid Loss: 1.5669, Valid RMSE: 3.5124, Valid MAPE: 0.0345, Train Time: 17.7057s/epoch, Valid Time: 1.9069s, LR: 1.0000e-03
2024-01-08 15:42:57,395 - Epoch: 070, Train Loss: 1.4685, Train RMSE: 3.2587, Train MAPE: 0.0309, Valid Loss: 1.5572, Valid RMSE: 3.5271, Valid MAPE: 0.0340, Train Time: 18.2347s/epoch, Valid Time: 1.8759s, LR: 1.0000e-03
2024-01-08 15:43:17,448 - Epoch: 071, Train Loss: 1.4668, Train RMSE: 3.2566, Train MAPE: 0.0309, Valid Loss: 1.5517, Valid RMSE: 3.5220, Valid MAPE: 0.0336, Train Time: 18.1992s/epoch, Valid Time: 1.8535s, LR: 1.0000e-03
2024-01-08 15:43:17,452 - Val loss decrease from 1.5536 to 1.5517
2024-01-08 15:43:37,432 - Epoch: 072, Train Loss: 1.4677, Train RMSE: 3.2577, Train MAPE: 0.0309, Valid Loss: 1.5579, Valid RMSE: 3.5632, Valid MAPE: 0.0335, Train Time: 18.0315s/epoch, Valid Time: 1.9482s, LR: 1.0000e-03
2024-01-08 15:43:57,285 - Epoch: 073, Train Loss: 1.4674, Train RMSE: 3.2572, Train MAPE: 0.0309, Valid Loss: 1.5569, Valid RMSE: 3.5183, Valid MAPE: 0.0339, Train Time: 17.9012s/epoch, Valid Time: 1.9504s, LR: 1.0000e-03
2024-01-08 15:44:17,471 - Epoch: 074, Train Loss: 1.4691, Train RMSE: 3.2617, Train MAPE: 0.0310, Valid Loss: 1.5655, Valid RMSE: 3.5794, Valid MAPE: 0.0334, Train Time: 18.3037s/epoch, Valid Time: 1.8822s, LR: 1.0000e-03
2024-01-08 15:44:37,411 - Epoch: 075, Train Loss: 1.4672, Train RMSE: 3.2556, Train MAPE: 0.0309, Valid Loss: 1.5497, Valid RMSE: 3.5108, Valid MAPE: 0.0336, Train Time: 18.0025s/epoch, Valid Time: 1.9369s, LR: 1.0000e-03
2024-01-08 15:44:37,416 - Val loss decrease from 1.5517 to 1.5497
2024-01-08 15:44:57,486 - Epoch: 076, Train Loss: 1.4647, Train RMSE: 3.2506, Train MAPE: 0.0308, Valid Loss: 1.5524, Valid RMSE: 3.5241, Valid MAPE: 0.0338, Train Time: 18.1906s/epoch, Valid Time: 1.8790s, LR: 1.0000e-03
2024-01-08 15:45:17,452 - Epoch: 077, Train Loss: 1.4648, Train RMSE: 3.2492, Train MAPE: 0.0308, Valid Loss: 1.5555, Valid RMSE: 3.5232, Valid MAPE: 0.0340, Train Time: 17.9792s/epoch, Valid Time: 1.9855s, LR: 1.0000e-03
2024-01-08 15:45:37,215 - Epoch: 078, Train Loss: 1.4664, Train RMSE: 3.2525, Train MAPE: 0.0309, Valid Loss: 1.5565, Valid RMSE: 3.5166, Valid MAPE: 0.0342, Train Time: 17.8286s/epoch, Valid Time: 1.9337s, LR: 1.0000e-03
2024-01-08 15:45:57,160 - Epoch: 079, Train Loss: 1.4658, Train RMSE: 3.2512, Train MAPE: 0.0309, Valid Loss: 1.5656, Valid RMSE: 3.5492, Valid MAPE: 0.0336, Train Time: 18.0621s/epoch, Valid Time: 1.8825s, LR: 1.0000e-03
2024-01-08 15:46:17,000 - Epoch: 080, Train Loss: 1.4648, Train RMSE: 3.2491, Train MAPE: 0.0309, Valid Loss: 1.5540, Valid RMSE: 3.5227, Valid MAPE: 0.0338, Train Time: 17.8231s/epoch, Valid Time: 2.0164s, LR: 1.0000e-03
2024-01-08 15:46:36,870 - Epoch: 081, Train Loss: 1.4629, Train RMSE: 3.2446, Train MAPE: 0.0308, Valid Loss: 1.5496, Valid RMSE: 3.5050, Valid MAPE: 0.0337, Train Time: 17.7706s/epoch, Valid Time: 2.0984s, LR: 1.0000e-03
2024-01-08 15:46:36,874 - Val loss decrease from 1.5497 to 1.5496
2024-01-08 15:46:56,506 - Epoch: 082, Train Loss: 1.4641, Train RMSE: 3.2489, Train MAPE: 0.0309, Valid Loss: 1.5627, Valid RMSE: 3.5501, Valid MAPE: 0.0336, Train Time: 17.7306s/epoch, Valid Time: 1.9012s, LR: 1.0000e-03
2024-01-08 15:47:16,359 - Epoch: 083, Train Loss: 1.4639, Train RMSE: 3.2468, Train MAPE: 0.0308, Valid Loss: 1.5499, Valid RMSE: 3.5304, Valid MAPE: 0.0335, Train Time: 17.9497s/epoch, Valid Time: 1.9022s, LR: 1.0000e-03
2024-01-08 15:47:36,245 - Epoch: 084, Train Loss: 1.4636, Train RMSE: 3.2457, Train MAPE: 0.0308, Valid Loss: 1.5516, Valid RMSE: 3.5108, Valid MAPE: 0.0339, Train Time: 17.9494s/epoch, Valid Time: 1.9364s, LR: 1.0000e-03
2024-01-08 15:47:56,272 - Epoch: 085, Train Loss: 1.4636, Train RMSE: 3.2473, Train MAPE: 0.0308, Valid Loss: 1.5651, Valid RMSE: 3.5276, Valid MAPE: 0.0336, Train Time: 18.0593s/epoch, Valid Time: 1.9670s, LR: 1.0000e-03
2024-01-08 15:48:16,001 - Epoch: 086, Train Loss: 1.4647, Train RMSE: 3.2473, Train MAPE: 0.0309, Valid Loss: 1.5550, Valid RMSE: 3.5457, Valid MAPE: 0.0334, Train Time: 17.8138s/epoch, Valid Time: 1.9146s, LR: 1.0000e-03
2024-01-08 15:48:35,812 - Epoch: 087, Train Loss: 1.4621, Train RMSE: 3.2412, Train MAPE: 0.0308, Valid Loss: 1.5571, Valid RMSE: 3.5524, Valid MAPE: 0.0336, Train Time: 17.9165s/epoch, Valid Time: 1.8939s, LR: 1.0000e-03
2024-01-08 15:48:55,727 - Epoch: 088, Train Loss: 1.4628, Train RMSE: 3.2454, Train MAPE: 0.0308, Valid Loss: 1.5484, Valid RMSE: 3.5062, Valid MAPE: 0.0336, Train Time: 17.9988s/epoch, Valid Time: 1.9149s, LR: 1.0000e-03
2024-01-08 15:48:55,731 - Val loss decrease from 1.5496 to 1.5484
2024-01-08 15:49:15,459 - Epoch: 089, Train Loss: 1.4615, Train RMSE: 3.2420, Train MAPE: 0.0308, Valid Loss: 1.5474, Valid RMSE: 3.5035, Valid MAPE: 0.0336, Train Time: 17.7770s/epoch, Valid Time: 1.9504s, LR: 1.0000e-03
2024-01-08 15:49:15,463 - Val loss decrease from 1.5484 to 1.5474
2024-01-08 15:49:35,406 - Epoch: 090, Train Loss: 1.4622, Train RMSE: 3.2404, Train MAPE: 0.0308, Valid Loss: 1.5523, Valid RMSE: 3.5308, Valid MAPE: 0.0336, Train Time: 17.9405s/epoch, Valid Time: 2.0024s, LR: 1.0000e-03
2024-01-08 15:49:55,508 - Epoch: 091, Train Loss: 1.4624, Train RMSE: 3.2422, Train MAPE: 0.0308, Valid Loss: 1.5616, Valid RMSE: 3.5123, Valid MAPE: 0.0340, Train Time: 18.1558s/epoch, Valid Time: 1.9460s, LR: 1.0000e-03
2024-01-08 15:50:15,323 - Epoch: 092, Train Loss: 1.4627, Train RMSE: 3.2443, Train MAPE: 0.0308, Valid Loss: 1.5445, Valid RMSE: 3.4863, Valid MAPE: 0.0337, Train Time: 17.9656s/epoch, Valid Time: 1.8482s, LR: 1.0000e-03
2024-01-08 15:50:15,327 - Val loss decrease from 1.5474 to 1.5445
2024-01-08 15:50:35,310 - Epoch: 093, Train Loss: 1.4622, Train RMSE: 3.2437, Train MAPE: 0.0308, Valid Loss: 1.5507, Valid RMSE: 3.5215, Valid MAPE: 0.0337, Train Time: 18.0543s/epoch, Valid Time: 1.9293s, LR: 1.0000e-03
2024-01-08 15:50:55,150 - Epoch: 094, Train Loss: 1.4610, Train RMSE: 3.2416, Train MAPE: 0.0308, Valid Loss: 1.5480, Valid RMSE: 3.4961, Valid MAPE: 0.0337, Train Time: 17.8538s/epoch, Valid Time: 1.9852s, LR: 1.0000e-03
2024-01-08 15:51:15,054 - Epoch: 095, Train Loss: 1.4619, Train RMSE: 3.2415, Train MAPE: 0.0308, Valid Loss: 1.5660, Valid RMSE: 3.5134, Valid MAPE: 0.0348, Train Time: 18.0053s/epoch, Valid Time: 1.8985s, LR: 1.0000e-03
2024-01-08 15:51:34,888 - Epoch: 096, Train Loss: 1.4635, Train RMSE: 3.2448, Train MAPE: 0.0308, Valid Loss: 1.5621, Valid RMSE: 3.4886, Valid MAPE: 0.0349, Train Time: 18.0080s/epoch, Valid Time: 1.8251s, LR: 1.0000e-03
2024-01-08 15:51:54,769 - Epoch: 097, Train Loss: 1.4603, Train RMSE: 3.2389, Train MAPE: 0.0307, Valid Loss: 1.5519, Valid RMSE: 3.5265, Valid MAPE: 0.0335, Train Time: 18.0417s/epoch, Valid Time: 1.8394s, LR: 1.0000e-03
2024-01-08 15:52:14,503 - Epoch: 098, Train Loss: 1.4613, Train RMSE: 3.2400, Train MAPE: 0.0308, Valid Loss: 1.5532, Valid RMSE: 3.5410, Valid MAPE: 0.0336, Train Time: 17.9249s/epoch, Valid Time: 1.8082s, LR: 1.0000e-03
2024-01-08 15:52:33,897 - Epoch: 099, Train Loss: 1.4600, Train RMSE: 3.2382, Train MAPE: 0.0307, Valid Loss: 1.5460, Valid RMSE: 3.5147, Valid MAPE: 0.0336, Train Time: 17.5382s/epoch, Valid Time: 1.8546s, LR: 1.0000e-03
2024-01-08 15:52:52,914 - Epoch: 100, Train Loss: 1.4606, Train RMSE: 3.2378, Train MAPE: 0.0308, Valid Loss: 1.5613, Valid RMSE: 3.5136, Valid MAPE: 0.0340, Train Time: 17.2269s/epoch, Valid Time: 1.7894s, LR: 1.0000e-03
2024-01-08 15:52:52,915 - best valid_loss:1.544529
2024-01-08 15:52:56,386 - Horizon 1, Test MAE: 0.8914, Test RMSE: 1.6302, Test MAPE: 0.0172
2024-01-08 15:52:56,415 - Horizon 2, Test MAE: 1.2004, Test RMSE: 2.4262, Test MAPE: 0.0243
2024-01-08 15:52:56,451 - Horizon 3, Test MAE: 1.4311, Test RMSE: 3.0680, Test MAPE: 0.0300
2024-01-08 15:52:56,480 - Horizon 4, Test MAE: 1.6176, Test RMSE: 3.5805, Test MAPE: 0.0350
2024-01-08 15:52:56,508 - Horizon 5, Test MAE: 1.7740, Test RMSE: 3.9933, Test MAPE: 0.0393
2024-01-08 15:52:56,537 - Horizon 6, Test MAE: 1.9106, Test RMSE: 4.3369, Test MAPE: 0.0433
2024-01-08 15:52:56,537 - Average Test MAE: 1.4708, Test RMSE: 3.1725, Test MAPE: 0.0315
2024-01-08 15:58:29,389 - Namespace(adapter=True, batch_size=128, clip_grad_value=5, dataset='PEMSBAY', device='cuda:1', dropout=0.3, embed_dim=10, end_dim=512, frozen=False, hid_dim=64, horizon=6, init_dim=32, input_dim=2, layer=2, lrate=0.001, max_epochs=100, mode='train', model='lstm', num_layers=1, output_dim=1, patience=10, pre_train='', save='test.pth', seed=3, seq_length=6, wdecay=0.0005, years='2017')
2024-01-08 15:58:29,390 - Adj path: /home/yuxuan/rwl/GWN-LoRA/data/pemsbay/pemsbay_rn_adj.npy
2024-01-08 15:58:30,750 - Data shape: (52116, 325, 3)
2024-01-08 15:58:31,739 - Sample num: 36465, Batch num: 284
2024-01-08 15:58:32,947 - Sample num: 5209, Batch num: 40
2024-01-08 15:58:34,040 - Sample num: 10419, Batch num: 81
2024-01-08 15:58:34,631 - The number of parameters: 94822
2024-01-08 15:58:34,637 - Start training!
2024-01-08 15:58:57,615 - Epoch: 001, Train Loss: 1.8852, Train RMSE: 4.0636, Train MAPE: 0.0426, Valid Loss: 1.6587, Valid RMSE: 3.8017, Valid MAPE: 0.0361, Train Time: 20.9609s/epoch, Valid Time: 2.0169s, LR: 1.0000e-03
2024-01-08 15:58:57,625 - Val loss decrease from inf to 1.6587
2024-01-08 15:59:19,268 - Epoch: 002, Train Loss: 1.5594, Train RMSE: 3.4927, Train MAPE: 0.0328, Valid Loss: 1.6768, Valid RMSE: 3.8934, Valid MAPE: 0.0356, Train Time: 19.5318s/epoch, Valid Time: 2.1102s, LR: 1.0000e-03
2024-01-08 15:59:40,964 - Epoch: 003, Train Loss: 1.5522, Train RMSE: 3.4870, Train MAPE: 0.0327, Valid Loss: 1.6469, Valid RMSE: 3.8177, Valid MAPE: 0.0353, Train Time: 19.5621s/epoch, Valid Time: 2.1334s, LR: 1.0000e-03
2024-01-08 15:59:40,971 - Val loss decrease from 1.6587 to 1.6469
2024-01-08 16:00:03,544 - Epoch: 004, Train Loss: 1.5440, Train RMSE: 3.4759, Train MAPE: 0.0324, Valid Loss: 1.6438, Valid RMSE: 3.8266, Valid MAPE: 0.0351, Train Time: 20.5286s/epoch, Valid Time: 2.0444s, LR: 1.0000e-03
2024-01-08 16:00:03,552 - Val loss decrease from 1.6469 to 1.6438
2024-01-08 16:00:25,318 - Epoch: 005, Train Loss: 1.5433, Train RMSE: 3.4743, Train MAPE: 0.0324, Valid Loss: 1.6406, Valid RMSE: 3.7986, Valid MAPE: 0.0352, Train Time: 19.7302s/epoch, Valid Time: 2.0359s, LR: 1.0000e-03
2024-01-08 16:00:25,325 - Val loss decrease from 1.6438 to 1.6406
2024-01-08 16:00:47,190 - Epoch: 006, Train Loss: 1.5391, Train RMSE: 3.4712, Train MAPE: 0.0323, Valid Loss: 1.6599, Valid RMSE: 3.8323, Valid MAPE: 0.0355, Train Time: 19.8345s/epoch, Valid Time: 2.0300s, LR: 1.0000e-03
2024-01-08 16:01:08,890 - Epoch: 007, Train Loss: 1.5359, Train RMSE: 3.4671, Train MAPE: 0.0322, Valid Loss: 1.6432, Valid RMSE: 3.8254, Valid MAPE: 0.0352, Train Time: 19.7523s/epoch, Valid Time: 1.9468s, LR: 1.0000e-03
2024-01-08 16:01:30,624 - Epoch: 008, Train Loss: 1.5357, Train RMSE: 3.4652, Train MAPE: 0.0322, Valid Loss: 1.6335, Valid RMSE: 3.7933, Valid MAPE: 0.0352, Train Time: 19.6708s/epoch, Valid Time: 2.0625s, LR: 1.0000e-03
2024-01-08 16:01:30,636 - Val loss decrease from 1.6406 to 1.6335
2024-01-08 16:01:52,347 - Epoch: 009, Train Loss: 1.5363, Train RMSE: 3.4658, Train MAPE: 0.0323, Valid Loss: 1.6404, Valid RMSE: 3.8059, Valid MAPE: 0.0353, Train Time: 19.6857s/epoch, Valid Time: 2.0244s, LR: 1.0000e-03
2024-01-08 16:02:13,755 - Epoch: 010, Train Loss: 1.5332, Train RMSE: 3.4613, Train MAPE: 0.0322, Valid Loss: 1.6410, Valid RMSE: 3.8218, Valid MAPE: 0.0350, Train Time: 19.3669s/epoch, Valid Time: 2.0407s, LR: 1.0000e-03
2024-01-08 16:02:35,276 - Epoch: 011, Train Loss: 1.5323, Train RMSE: 3.4624, Train MAPE: 0.0322, Valid Loss: 1.6362, Valid RMSE: 3.7580, Valid MAPE: 0.0355, Train Time: 19.4988s/epoch, Valid Time: 2.0211s, LR: 1.0000e-03
2024-01-08 16:02:56,907 - Epoch: 012, Train Loss: 1.5314, Train RMSE: 3.4605, Train MAPE: 0.0322, Valid Loss: 1.6341, Valid RMSE: 3.7528, Valid MAPE: 0.0360, Train Time: 19.6201s/epoch, Valid Time: 2.0105s, LR: 1.0000e-03
2024-01-08 16:03:20,319 - Epoch: 013, Train Loss: 1.5307, Train RMSE: 3.4583, Train MAPE: 0.0321, Valid Loss: 1.6318, Valid RMSE: 3.7997, Valid MAPE: 0.0351, Train Time: 20.9695s/epoch, Valid Time: 2.4414s, LR: 1.0000e-03
2024-01-08 16:03:20,326 - Val loss decrease from 1.6335 to 1.6318
2024-01-08 16:03:42,068 - Epoch: 014, Train Loss: 1.5295, Train RMSE: 3.4569, Train MAPE: 0.0321, Valid Loss: 1.6440, Valid RMSE: 3.8204, Valid MAPE: 0.0353, Train Time: 19.6191s/epoch, Valid Time: 2.1230s, LR: 1.0000e-03
2024-01-08 16:04:03,893 - Epoch: 015, Train Loss: 1.5277, Train RMSE: 3.4544, Train MAPE: 0.0321, Valid Loss: 1.6409, Valid RMSE: 3.8274, Valid MAPE: 0.0351, Train Time: 19.8138s/epoch, Valid Time: 2.0100s, LR: 1.0000e-03
2024-01-08 16:04:25,507 - Epoch: 016, Train Loss: 1.5263, Train RMSE: 3.4525, Train MAPE: 0.0320, Valid Loss: 1.6258, Valid RMSE: 3.7824, Valid MAPE: 0.0350, Train Time: 19.6126s/epoch, Valid Time: 2.0005s, LR: 1.0000e-03
2024-01-08 16:04:25,515 - Val loss decrease from 1.6318 to 1.6258
2024-01-08 16:04:49,693 - Epoch: 017, Train Loss: 1.5275, Train RMSE: 3.4535, Train MAPE: 0.0321, Valid Loss: 1.6352, Valid RMSE: 3.7823, Valid MAPE: 0.0356, Train Time: 21.4521s/epoch, Valid Time: 2.7259s, LR: 1.0000e-03
2024-01-08 16:05:12,073 - Epoch: 018, Train Loss: 1.5285, Train RMSE: 3.4547, Train MAPE: 0.0321, Valid Loss: 1.6320, Valid RMSE: 3.7993, Valid MAPE: 0.0350, Train Time: 19.9091s/epoch, Valid Time: 2.4706s, LR: 1.0000e-03
2024-01-08 16:05:34,871 - Epoch: 019, Train Loss: 1.5246, Train RMSE: 3.4483, Train MAPE: 0.0320, Valid Loss: 1.6324, Valid RMSE: 3.7578, Valid MAPE: 0.0356, Train Time: 20.7335s/epoch, Valid Time: 2.0646s, LR: 1.0000e-03
2024-01-08 16:05:57,020 - Epoch: 020, Train Loss: 1.5231, Train RMSE: 3.4467, Train MAPE: 0.0320, Valid Loss: 1.6313, Valid RMSE: 3.7408, Valid MAPE: 0.0360, Train Time: 20.0864s/epoch, Valid Time: 2.0614s, LR: 1.0000e-03
2024-01-08 16:06:19,016 - Epoch: 021, Train Loss: 1.5201, Train RMSE: 3.4385, Train MAPE: 0.0319, Valid Loss: 1.6254, Valid RMSE: 3.7721, Valid MAPE: 0.0352, Train Time: 19.9512s/epoch, Valid Time: 2.0447s, LR: 1.0000e-03
2024-01-08 16:06:19,023 - Val loss decrease from 1.6258 to 1.6254
2024-01-08 16:06:40,813 - Epoch: 022, Train Loss: 1.5166, Train RMSE: 3.4202, Train MAPE: 0.0319, Valid Loss: 1.6284, Valid RMSE: 3.7366, Valid MAPE: 0.0350, Train Time: 19.7243s/epoch, Valid Time: 2.0654s, LR: 1.0000e-03
2024-01-08 16:07:04,347 - Epoch: 023, Train Loss: 1.5114, Train RMSE: 3.4007, Train MAPE: 0.0317, Valid Loss: 1.6117, Valid RMSE: 3.7270, Valid MAPE: 0.0347, Train Time: 21.0615s/epoch, Valid Time: 2.4722s, LR: 1.0000e-03
2024-01-08 16:07:04,356 - Val loss decrease from 1.6254 to 1.6117
2024-01-08 16:07:27,257 - Epoch: 024, Train Loss: 1.5075, Train RMSE: 3.3897, Train MAPE: 0.0317, Valid Loss: 1.6053, Valid RMSE: 3.7123, Valid MAPE: 0.0344, Train Time: 20.2236s/epoch, Valid Time: 2.6773s, LR: 1.0000e-03
2024-01-08 16:07:27,266 - Val loss decrease from 1.6117 to 1.6053
2024-01-08 16:07:50,475 - Epoch: 025, Train Loss: 1.5062, Train RMSE: 3.3806, Train MAPE: 0.0316, Valid Loss: 1.6084, Valid RMSE: 3.7070, Valid MAPE: 0.0346, Train Time: 21.1203s/epoch, Valid Time: 2.0890s, LR: 1.0000e-03
2024-01-08 16:08:12,646 - Epoch: 026, Train Loss: 1.5045, Train RMSE: 3.3774, Train MAPE: 0.0316, Valid Loss: 1.6218, Valid RMSE: 3.6709, Valid MAPE: 0.0361, Train Time: 20.2151s/epoch, Valid Time: 1.9546s, LR: 1.0000e-03
2024-01-08 16:08:34,679 - Epoch: 027, Train Loss: 1.5025, Train RMSE: 3.3701, Train MAPE: 0.0316, Valid Loss: 1.6013, Valid RMSE: 3.7146, Valid MAPE: 0.0346, Train Time: 19.8080s/epoch, Valid Time: 2.2245s, LR: 1.0000e-03
2024-01-08 16:08:34,685 - Val loss decrease from 1.6053 to 1.6013
2024-01-08 16:08:56,619 - Epoch: 028, Train Loss: 1.5025, Train RMSE: 3.3692, Train MAPE: 0.0316, Valid Loss: 1.6139, Valid RMSE: 3.7586, Valid MAPE: 0.0345, Train Time: 19.8605s/epoch, Valid Time: 2.0731s, LR: 1.0000e-03
2024-01-08 16:09:19,878 - Epoch: 029, Train Loss: 1.5000, Train RMSE: 3.3656, Train MAPE: 0.0315, Valid Loss: 1.5923, Valid RMSE: 3.6737, Valid MAPE: 0.0343, Train Time: 20.8694s/epoch, Valid Time: 2.3884s, LR: 1.0000e-03
2024-01-08 16:09:19,886 - Val loss decrease from 1.6013 to 1.5923
2024-01-08 16:09:42,267 - Epoch: 030, Train Loss: 1.4971, Train RMSE: 3.3581, Train MAPE: 0.0314, Valid Loss: 1.5856, Valid RMSE: 3.6406, Valid MAPE: 0.0345, Train Time: 20.1127s/epoch, Valid Time: 2.2680s, LR: 1.0000e-03
2024-01-08 16:09:42,276 - Val loss decrease from 1.5923 to 1.5856
2024-01-08 16:10:05,355 - Epoch: 031, Train Loss: 1.4953, Train RMSE: 3.3503, Train MAPE: 0.0314, Valid Loss: 1.5896, Valid RMSE: 3.6535, Valid MAPE: 0.0343, Train Time: 21.0016s/epoch, Valid Time: 2.0767s, LR: 1.0000e-03
2024-01-08 16:10:27,553 - Epoch: 032, Train Loss: 1.4915, Train RMSE: 3.3345, Train MAPE: 0.0314, Valid Loss: 1.5779, Valid RMSE: 3.6004, Valid MAPE: 0.0346, Train Time: 20.1717s/epoch, Valid Time: 2.0249s, LR: 1.0000e-03
2024-01-08 16:10:27,564 - Val loss decrease from 1.5856 to 1.5779
2024-01-08 16:10:49,590 - Epoch: 033, Train Loss: 1.4859, Train RMSE: 3.3151, Train MAPE: 0.0312, Valid Loss: 1.5740, Valid RMSE: 3.5987, Valid MAPE: 0.0340, Train Time: 20.0120s/epoch, Valid Time: 2.0138s, LR: 1.0000e-03
2024-01-08 16:10:49,597 - Val loss decrease from 1.5779 to 1.5740
2024-01-08 16:11:11,717 - Epoch: 034, Train Loss: 1.4821, Train RMSE: 3.3022, Train MAPE: 0.0312, Valid Loss: 1.5692, Valid RMSE: 3.5863, Valid MAPE: 0.0340, Train Time: 19.9124s/epoch, Valid Time: 2.2071s, LR: 1.0000e-03
2024-01-08 16:11:11,725 - Val loss decrease from 1.5740 to 1.5692
2024-01-08 16:11:35,052 - Epoch: 035, Train Loss: 1.4794, Train RMSE: 3.2931, Train MAPE: 0.0311, Valid Loss: 1.5615, Valid RMSE: 3.5580, Valid MAPE: 0.0338, Train Time: 20.9489s/epoch, Valid Time: 2.3783s, LR: 1.0000e-03
2024-01-08 16:11:35,060 - Val loss decrease from 1.5692 to 1.5615
2024-01-08 16:11:57,608 - Epoch: 036, Train Loss: 1.4791, Train RMSE: 3.2897, Train MAPE: 0.0311, Valid Loss: 1.5678, Valid RMSE: 3.5248, Valid MAPE: 0.0341, Train Time: 20.1847s/epoch, Valid Time: 2.3630s, LR: 1.0000e-03
2024-01-08 16:12:20,564 - Epoch: 037, Train Loss: 1.4758, Train RMSE: 3.2807, Train MAPE: 0.0310, Valid Loss: 1.5889, Valid RMSE: 3.6231, Valid MAPE: 0.0342, Train Time: 20.7859s/epoch, Valid Time: 2.1692s, LR: 1.0000e-03
2024-01-08 16:12:42,576 - Epoch: 038, Train Loss: 1.4750, Train RMSE: 3.2805, Train MAPE: 0.0310, Valid Loss: 1.5671, Valid RMSE: 3.5781, Valid MAPE: 0.0337, Train Time: 19.8430s/epoch, Valid Time: 2.1685s, LR: 1.0000e-03
2024-01-08 16:13:04,600 - Epoch: 039, Train Loss: 1.4746, Train RMSE: 3.2771, Train MAPE: 0.0310, Valid Loss: 1.5579, Valid RMSE: 3.5400, Valid MAPE: 0.0338, Train Time: 19.9531s/epoch, Valid Time: 2.0706s, LR: 1.0000e-03
2024-01-08 16:13:04,607 - Val loss decrease from 1.5615 to 1.5579
2024-01-08 16:13:26,645 - Epoch: 040, Train Loss: 1.4741, Train RMSE: 3.2762, Train MAPE: 0.0310, Valid Loss: 1.5669, Valid RMSE: 3.5547, Valid MAPE: 0.0340, Train Time: 19.9915s/epoch, Valid Time: 2.0461s, LR: 1.0000e-03
2024-01-08 16:13:49,904 - Epoch: 041, Train Loss: 1.4715, Train RMSE: 3.2692, Train MAPE: 0.0309, Valid Loss: 1.5611, Valid RMSE: 3.5323, Valid MAPE: 0.0336, Train Time: 20.8727s/epoch, Valid Time: 2.3857s, LR: 1.0000e-03
2024-01-08 16:14:12,369 - Epoch: 042, Train Loss: 1.4729, Train RMSE: 3.2702, Train MAPE: 0.0310, Valid Loss: 1.5625, Valid RMSE: 3.5468, Valid MAPE: 0.0337, Train Time: 20.2652s/epoch, Valid Time: 2.1991s, LR: 1.0000e-03
2024-01-08 16:14:35,140 - Epoch: 043, Train Loss: 1.4714, Train RMSE: 3.2690, Train MAPE: 0.0310, Valid Loss: 1.5674, Valid RMSE: 3.5796, Valid MAPE: 0.0339, Train Time: 20.7028s/epoch, Valid Time: 2.0673s, LR: 1.0000e-03
2024-01-08 16:14:57,102 - Epoch: 044, Train Loss: 1.4702, Train RMSE: 3.2633, Train MAPE: 0.0309, Valid Loss: 1.5795, Valid RMSE: 3.5925, Valid MAPE: 0.0338, Train Time: 19.8606s/epoch, Valid Time: 2.1012s, LR: 1.0000e-03
2024-01-08 16:15:19,138 - Epoch: 045, Train Loss: 1.4716, Train RMSE: 3.2665, Train MAPE: 0.0310, Valid Loss: 1.5517, Valid RMSE: 3.5078, Valid MAPE: 0.0336, Train Time: 19.9956s/epoch, Valid Time: 2.0396s, LR: 1.0000e-03
2024-01-08 16:15:19,147 - Val loss decrease from 1.5579 to 1.5517
2024-01-08 16:15:41,118 - Epoch: 046, Train Loss: 1.4678, Train RMSE: 3.2577, Train MAPE: 0.0309, Valid Loss: 1.5515, Valid RMSE: 3.5256, Valid MAPE: 0.0336, Train Time: 19.9926s/epoch, Valid Time: 1.9785s, LR: 1.0000e-03
2024-01-08 16:15:41,127 - Val loss decrease from 1.5517 to 1.5515
2024-01-08 16:16:04,369 - Epoch: 047, Train Loss: 1.4666, Train RMSE: 3.2552, Train MAPE: 0.0309, Valid Loss: 1.5562, Valid RMSE: 3.5148, Valid MAPE: 0.0340, Train Time: 20.7567s/epoch, Valid Time: 2.4852s, LR: 1.0000e-03
2024-01-08 16:16:27,352 - Epoch: 048, Train Loss: 1.4679, Train RMSE: 3.2563, Train MAPE: 0.0309, Valid Loss: 1.5554, Valid RMSE: 3.5373, Valid MAPE: 0.0337, Train Time: 20.3676s/epoch, Valid Time: 2.6137s, LR: 1.0000e-03
2024-01-08 16:16:50,319 - Epoch: 049, Train Loss: 1.4670, Train RMSE: 3.2532, Train MAPE: 0.0309, Valid Loss: 1.5722, Valid RMSE: 3.5766, Valid MAPE: 0.0343, Train Time: 20.8836s/epoch, Valid Time: 2.0829s, LR: 1.0000e-03
2024-01-08 16:17:12,327 - Epoch: 050, Train Loss: 1.4653, Train RMSE: 3.2507, Train MAPE: 0.0308, Valid Loss: 1.5546, Valid RMSE: 3.5117, Valid MAPE: 0.0336, Train Time: 19.9400s/epoch, Valid Time: 2.0676s, LR: 1.0000e-03
2024-01-08 16:17:34,448 - Epoch: 051, Train Loss: 1.4657, Train RMSE: 3.2489, Train MAPE: 0.0309, Valid Loss: 1.5634, Valid RMSE: 3.5630, Valid MAPE: 0.0333, Train Time: 20.0837s/epoch, Valid Time: 2.0361s, LR: 1.0000e-03
2024-01-08 16:17:56,380 - Epoch: 052, Train Loss: 1.4660, Train RMSE: 3.2473, Train MAPE: 0.0309, Valid Loss: 1.5613, Valid RMSE: 3.5255, Valid MAPE: 0.0343, Train Time: 19.7749s/epoch, Valid Time: 2.1569s, LR: 1.0000e-03
2024-01-08 16:18:19,633 - Epoch: 053, Train Loss: 1.4659, Train RMSE: 3.2502, Train MAPE: 0.0309, Valid Loss: 1.5510, Valid RMSE: 3.4944, Valid MAPE: 0.0340, Train Time: 20.9790s/epoch, Valid Time: 2.2738s, LR: 1.0000e-03
2024-01-08 16:18:19,641 - Val loss decrease from 1.5515 to 1.5510
2024-01-08 16:18:42,791 - Epoch: 054, Train Loss: 1.4659, Train RMSE: 3.2507, Train MAPE: 0.0309, Valid Loss: 1.5608, Valid RMSE: 3.5436, Valid MAPE: 0.0341, Train Time: 20.8703s/epoch, Valid Time: 2.2792s, LR: 1.0000e-03
2024-01-08 16:19:05,265 - Epoch: 055, Train Loss: 1.4639, Train RMSE: 3.2451, Train MAPE: 0.0308, Valid Loss: 1.5583, Valid RMSE: 3.5072, Valid MAPE: 0.0339, Train Time: 20.2441s/epoch, Valid Time: 2.2261s, LR: 1.0000e-03
2024-01-08 16:19:27,069 - Epoch: 056, Train Loss: 1.4637, Train RMSE: 3.2422, Train MAPE: 0.0308, Valid Loss: 1.5517, Valid RMSE: 3.5029, Valid MAPE: 0.0340, Train Time: 19.7701s/epoch, Valid Time: 2.0339s, LR: 1.0000e-03
2024-01-08 16:19:49,142 - Epoch: 057, Train Loss: 1.4635, Train RMSE: 3.2441, Train MAPE: 0.0308, Valid Loss: 1.5531, Valid RMSE: 3.4941, Valid MAPE: 0.0343, Train Time: 19.9269s/epoch, Valid Time: 2.1447s, LR: 1.0000e-03
2024-01-08 16:20:10,993 - Epoch: 058, Train Loss: 1.4645, Train RMSE: 3.2470, Train MAPE: 0.0309, Valid Loss: 1.5530, Valid RMSE: 3.5130, Valid MAPE: 0.0335, Train Time: 19.8303s/epoch, Valid Time: 2.0203s, LR: 1.0000e-03
2024-01-08 16:20:33,952 - Epoch: 059, Train Loss: 1.4628, Train RMSE: 3.2413, Train MAPE: 0.0308, Valid Loss: 1.5531, Valid RMSE: 3.4940, Valid MAPE: 0.0336, Train Time: 20.7441s/epoch, Valid Time: 2.2150s, LR: 1.0000e-03
2024-01-08 16:20:57,283 - Epoch: 060, Train Loss: 1.4626, Train RMSE: 3.2397, Train MAPE: 0.0308, Valid Loss: 1.5737, Valid RMSE: 3.4990, Valid MAPE: 0.0341, Train Time: 20.7575s/epoch, Valid Time: 2.5722s, LR: 1.0000e-03
2024-01-08 16:21:19,293 - Epoch: 061, Train Loss: 1.4633, Train RMSE: 3.2422, Train MAPE: 0.0308, Valid Loss: 1.5506, Valid RMSE: 3.5010, Valid MAPE: 0.0336, Train Time: 19.9225s/epoch, Valid Time: 2.0867s, LR: 1.0000e-03
2024-01-08 16:21:19,300 - Val loss decrease from 1.5510 to 1.5506
2024-01-08 16:21:41,202 - Epoch: 062, Train Loss: 1.4638, Train RMSE: 3.2452, Train MAPE: 0.0308, Valid Loss: 1.5494, Valid RMSE: 3.5030, Valid MAPE: 0.0338, Train Time: 19.9759s/epoch, Valid Time: 1.9261s, LR: 1.0000e-03
2024-01-08 16:21:41,209 - Val loss decrease from 1.5506 to 1.5494
2024-01-08 16:22:02,949 - Epoch: 063, Train Loss: 1.4630, Train RMSE: 3.2435, Train MAPE: 0.0308, Valid Loss: 1.5662, Valid RMSE: 3.5450, Valid MAPE: 0.0339, Train Time: 19.5712s/epoch, Valid Time: 2.1691s, LR: 1.0000e-03
2024-01-08 16:22:24,457 - Epoch: 064, Train Loss: 1.4625, Train RMSE: 3.2415, Train MAPE: 0.0308, Valid Loss: 1.5573, Valid RMSE: 3.5444, Valid MAPE: 0.0336, Train Time: 19.5504s/epoch, Valid Time: 1.9572s, LR: 1.0000e-03
2024-01-08 16:22:47,081 - Epoch: 065, Train Loss: 1.4610, Train RMSE: 3.2382, Train MAPE: 0.0307, Valid Loss: 1.5571, Valid RMSE: 3.4910, Valid MAPE: 0.0346, Train Time: 20.2600s/epoch, Valid Time: 2.3632s, LR: 1.0000e-03
2024-01-08 16:23:09,035 - Epoch: 066, Train Loss: 1.4618, Train RMSE: 3.2394, Train MAPE: 0.0308, Valid Loss: 1.5476, Valid RMSE: 3.5141, Valid MAPE: 0.0334, Train Time: 19.7224s/epoch, Valid Time: 2.2291s, LR: 1.0000e-03
2024-01-08 16:23:09,044 - Val loss decrease from 1.5494 to 1.5476
2024-01-08 16:23:30,925 - Epoch: 067, Train Loss: 1.4624, Train RMSE: 3.2415, Train MAPE: 0.0308, Valid Loss: 1.5501, Valid RMSE: 3.5238, Valid MAPE: 0.0333, Train Time: 19.9001s/epoch, Valid Time: 1.9805s, LR: 1.0000e-03
2024-01-08 16:23:52,548 - Epoch: 068, Train Loss: 1.4614, Train RMSE: 3.2386, Train MAPE: 0.0308, Valid Loss: 1.5450, Valid RMSE: 3.4950, Valid MAPE: 0.0335, Train Time: 19.6451s/epoch, Valid Time: 1.9771s, LR: 1.0000e-03
2024-01-08 16:23:52,557 - Val loss decrease from 1.5476 to 1.5450
2024-01-08 16:24:14,168 - Epoch: 069, Train Loss: 1.4613, Train RMSE: 3.2369, Train MAPE: 0.0308, Valid Loss: 1.5579, Valid RMSE: 3.5010, Valid MAPE: 0.0343, Train Time: 19.6240s/epoch, Valid Time: 1.9874s, LR: 1.0000e-03
2024-01-08 16:24:35,804 - Epoch: 070, Train Loss: 1.4605, Train RMSE: 3.2349, Train MAPE: 0.0307, Valid Loss: 1.5497, Valid RMSE: 3.5132, Valid MAPE: 0.0337, Train Time: 19.6822s/epoch, Valid Time: 1.9526s, LR: 1.0000e-03
2024-01-08 16:24:58,348 - Epoch: 071, Train Loss: 1.4597, Train RMSE: 3.2351, Train MAPE: 0.0307, Valid Loss: 1.5453, Valid RMSE: 3.4832, Valid MAPE: 0.0337, Train Time: 20.3735s/epoch, Valid Time: 2.1697s, LR: 1.0000e-03
2024-01-08 16:25:20,571 - Epoch: 072, Train Loss: 1.4604, Train RMSE: 3.2353, Train MAPE: 0.0308, Valid Loss: 1.5490, Valid RMSE: 3.5302, Valid MAPE: 0.0334, Train Time: 20.0201s/epoch, Valid Time: 2.2023s, LR: 1.0000e-03
2024-01-08 16:25:42,147 - Epoch: 073, Train Loss: 1.4608, Train RMSE: 3.2388, Train MAPE: 0.0308, Valid Loss: 1.5553, Valid RMSE: 3.5147, Valid MAPE: 0.0339, Train Time: 19.5377s/epoch, Valid Time: 2.0369s, LR: 1.0000e-03
2024-01-08 16:26:03,911 - Epoch: 074, Train Loss: 1.4614, Train RMSE: 3.2381, Train MAPE: 0.0308, Valid Loss: 1.5562, Valid RMSE: 3.5544, Valid MAPE: 0.0332, Train Time: 19.7422s/epoch, Valid Time: 2.0216s, LR: 1.0000e-03
2024-01-08 16:26:25,355 - Epoch: 075, Train Loss: 1.4619, Train RMSE: 3.2395, Train MAPE: 0.0308, Valid Loss: 1.5463, Valid RMSE: 3.4859, Valid MAPE: 0.0337, Train Time: 19.4731s/epoch, Valid Time: 1.9701s, LR: 1.0000e-03
2024-01-08 16:26:46,990 - Epoch: 076, Train Loss: 1.4596, Train RMSE: 3.2351, Train MAPE: 0.0307, Valid Loss: 1.5452, Valid RMSE: 3.5088, Valid MAPE: 0.0337, Train Time: 19.6563s/epoch, Valid Time: 1.9787s, LR: 1.0000e-03
2024-01-08 16:27:09,173 - Epoch: 077, Train Loss: 1.4592, Train RMSE: 3.2338, Train MAPE: 0.0307, Valid Loss: 1.5484, Valid RMSE: 3.5016, Valid MAPE: 0.0338, Train Time: 19.9889s/epoch, Valid Time: 2.1929s, LR: 1.0000e-03
2024-01-08 16:27:30,872 - Epoch: 078, Train Loss: 1.4610, Train RMSE: 3.2374, Train MAPE: 0.0308, Valid Loss: 1.5504, Valid RMSE: 3.4880, Valid MAPE: 0.0342, Train Time: 19.6015s/epoch, Valid Time: 2.0976s, LR: 1.0000e-03
2024-01-08 16:27:30,873 - Early stop at epoch 78, loss = 1.545045
2024-01-08 16:27:30,873 - best valid_loss:1.545045
2024-01-08 16:27:34,376 - Horizon 1, Test MAE: 0.8943, Test RMSE: 1.6296, Test MAPE: 0.0172
2024-01-08 16:27:34,400 - Horizon 2, Test MAE: 1.2017, Test RMSE: 2.4303, Test MAPE: 0.0242
2024-01-08 16:27:34,442 - Horizon 3, Test MAE: 1.4315, Test RMSE: 3.0754, Test MAPE: 0.0299
2024-01-08 16:27:34,479 - Horizon 4, Test MAE: 1.6176, Test RMSE: 3.5875, Test MAPE: 0.0348
2024-01-08 16:27:34,518 - Horizon 5, Test MAE: 1.7737, Test RMSE: 4.0006, Test MAPE: 0.0391
2024-01-08 16:27:34,544 - Horizon 6, Test MAE: 1.9098, Test RMSE: 4.3431, Test MAPE: 0.0430
2024-01-08 16:27:34,544 - Average Test MAE: 1.4714, Test RMSE: 3.1777, Test MAPE: 0.0314
2024-01-08 16:43:15,468 - Namespace(adapter=False, batch_size=128, clip_grad_value=5, dataset='PEMSBAY', device='cuda:1', dropout=0.3, embed_dim=10, end_dim=512, frozen=False, hid_dim=64, horizon=3, init_dim=32, input_dim=2, layer=2, lrate=0.001, max_epochs=100, mode='train', model='lstm', num_layers=1, output_dim=1, patience=10, pre_train='', save='test.pth', seed=3, seq_length=3, wdecay=0.0005, years='2017')
2024-01-08 16:43:15,469 - Adj path: /home/yuxuan/rwl/GWN-LoRA/data/pemsbay/pemsbay_rn_adj.npy
2024-01-08 16:43:17,125 - Data shape: (52116, 325, 3)
2024-01-08 16:43:18,370 - Sample num: 36465, Batch num: 284
2024-01-08 16:43:19,554 - Sample num: 5209, Batch num: 40
2024-01-08 16:43:20,864 - Sample num: 10419, Batch num: 81
2024-01-08 16:43:21,357 - The number of parameters: 93283
2024-01-08 16:43:21,358 - Start training!
2024-01-08 16:43:39,163 - Epoch: 001, Train Loss: 1.6822, Train RMSE: 3.4155, Train MAPE: 0.0386, Valid Loss: 1.2849, Valid RMSE: 2.7084, Valid MAPE: 0.0263, Train Time: 16.1954s/epoch, Valid Time: 1.6093s, LR: 1.0000e-03
2024-01-08 16:43:39,168 - Val loss decrease from inf to 1.2849
2024-01-08 16:43:55,159 - Epoch: 002, Train Loss: 1.2343, Train RMSE: 2.5281, Train MAPE: 0.0249, Valid Loss: 1.2818, Valid RMSE: 2.7195, Valid MAPE: 0.0262, Train Time: 14.3543s/epoch, Valid Time: 1.6360s, LR: 1.0000e-03
2024-01-08 16:43:55,163 - Val loss decrease from 1.2849 to 1.2818
2024-01-08 16:44:11,843 - Epoch: 003, Train Loss: 1.2302, Train RMSE: 2.5252, Train MAPE: 0.0248, Valid Loss: 1.2905, Valid RMSE: 2.7040, Valid MAPE: 0.0270, Train Time: 14.7843s/epoch, Valid Time: 1.8956s, LR: 1.0000e-03
2024-01-08 16:44:28,587 - Epoch: 004, Train Loss: 1.2247, Train RMSE: 2.5191, Train MAPE: 0.0246, Valid Loss: 1.2761, Valid RMSE: 2.7095, Valid MAPE: 0.0261, Train Time: 15.0443s/epoch, Valid Time: 1.6987s, LR: 1.0000e-03
2024-01-08 16:44:28,592 - Val loss decrease from 1.2818 to 1.2761
2024-01-08 16:44:44,679 - Epoch: 005, Train Loss: 1.2240, Train RMSE: 2.5186, Train MAPE: 0.0246, Valid Loss: 1.2756, Valid RMSE: 2.7038, Valid MAPE: 0.0262, Train Time: 14.4416s/epoch, Valid Time: 1.6452s, LR: 1.0000e-03
2024-01-08 16:44:44,683 - Val loss decrease from 1.2761 to 1.2756
2024-01-08 16:45:01,002 - Epoch: 006, Train Loss: 1.2218, Train RMSE: 2.5175, Train MAPE: 0.0246, Valid Loss: 1.2763, Valid RMSE: 2.6965, Valid MAPE: 0.0263, Train Time: 14.6615s/epoch, Valid Time: 1.6570s, LR: 1.0000e-03
2024-01-08 16:45:19,101 - Epoch: 007, Train Loss: 1.2210, Train RMSE: 2.5162, Train MAPE: 0.0245, Valid Loss: 1.2742, Valid RMSE: 2.7097, Valid MAPE: 0.0260, Train Time: 16.2504s/epoch, Valid Time: 1.8472s, LR: 1.0000e-03
2024-01-08 16:45:19,105 - Val loss decrease from 1.2756 to 1.2742
2024-01-08 16:45:39,146 - Epoch: 008, Train Loss: 1.2202, Train RMSE: 2.5146, Train MAPE: 0.0245, Valid Loss: 1.2804, Valid RMSE: 2.6965, Valid MAPE: 0.0268, Train Time: 17.9520s/epoch, Valid Time: 2.0882s, LR: 1.0000e-03
2024-01-08 16:45:55,630 - Epoch: 009, Train Loss: 1.2213, Train RMSE: 2.5161, Train MAPE: 0.0246, Valid Loss: 1.2757, Valid RMSE: 2.7137, Valid MAPE: 0.0260, Train Time: 14.8617s/epoch, Valid Time: 1.6223s, LR: 1.0000e-03
2024-01-08 16:46:12,050 - Epoch: 010, Train Loss: 1.2187, Train RMSE: 2.5118, Train MAPE: 0.0245, Valid Loss: 1.2757, Valid RMSE: 2.7099, Valid MAPE: 0.0260, Train Time: 14.7612s/epoch, Valid Time: 1.6579s, LR: 1.0000e-03
2024-01-08 16:46:28,143 - Epoch: 011, Train Loss: 1.2193, Train RMSE: 2.5132, Train MAPE: 0.0245, Valid Loss: 1.2784, Valid RMSE: 2.6869, Valid MAPE: 0.0264, Train Time: 14.4903s/epoch, Valid Time: 1.6021s, LR: 1.0000e-03
2024-01-08 16:46:44,393 - Epoch: 012, Train Loss: 1.2169, Train RMSE: 2.5104, Train MAPE: 0.0244, Valid Loss: 1.2760, Valid RMSE: 2.6858, Valid MAPE: 0.0265, Train Time: 14.7010s/epoch, Valid Time: 1.5478s, LR: 1.0000e-03
2024-01-08 16:47:00,807 - Epoch: 013, Train Loss: 1.2160, Train RMSE: 2.5090, Train MAPE: 0.0244, Valid Loss: 1.2773, Valid RMSE: 2.7047, Valid MAPE: 0.0262, Train Time: 14.7327s/epoch, Valid Time: 1.6808s, LR: 1.0000e-03
2024-01-08 16:47:16,998 - Epoch: 014, Train Loss: 1.2176, Train RMSE: 2.5115, Train MAPE: 0.0244, Valid Loss: 1.2729, Valid RMSE: 2.7026, Valid MAPE: 0.0261, Train Time: 14.3947s/epoch, Valid Time: 1.7959s, LR: 1.0000e-03
2024-01-08 16:47:17,004 - Val loss decrease from 1.2742 to 1.2729
2024-01-08 16:47:36,846 - Epoch: 015, Train Loss: 1.2151, Train RMSE: 2.5084, Train MAPE: 0.0244, Valid Loss: 1.2763, Valid RMSE: 2.7225, Valid MAPE: 0.0259, Train Time: 16.7479s/epoch, Valid Time: 3.0936s, LR: 1.0000e-03
2024-01-08 16:47:55,322 - Epoch: 016, Train Loss: 1.2143, Train RMSE: 2.5074, Train MAPE: 0.0243, Valid Loss: 1.2734, Valid RMSE: 2.6905, Valid MAPE: 0.0263, Train Time: 16.9181s/epoch, Valid Time: 1.5569s, LR: 1.0000e-03
2024-01-08 16:48:11,516 - Epoch: 017, Train Loss: 1.2144, Train RMSE: 2.5080, Train MAPE: 0.0243, Valid Loss: 1.2746, Valid RMSE: 2.6992, Valid MAPE: 0.0262, Train Time: 14.6633s/epoch, Valid Time: 1.5300s, LR: 1.0000e-03
2024-01-08 16:48:27,501 - Epoch: 018, Train Loss: 1.2145, Train RMSE: 2.5079, Train MAPE: 0.0243, Valid Loss: 1.2761, Valid RMSE: 2.6830, Valid MAPE: 0.0266, Train Time: 14.4459s/epoch, Valid Time: 1.5386s, LR: 1.0000e-03
2024-01-08 16:48:43,328 - Epoch: 019, Train Loss: 1.2142, Train RMSE: 2.5072, Train MAPE: 0.0243, Valid Loss: 1.2694, Valid RMSE: 2.6944, Valid MAPE: 0.0260, Train Time: 14.3325s/epoch, Valid Time: 1.4941s, LR: 1.0000e-03
2024-01-08 16:48:43,332 - Val loss decrease from 1.2729 to 1.2694
2024-01-08 16:48:59,446 - Epoch: 020, Train Loss: 1.2132, Train RMSE: 2.5067, Train MAPE: 0.0243, Valid Loss: 1.2711, Valid RMSE: 2.7018, Valid MAPE: 0.0258, Train Time: 14.5507s/epoch, Valid Time: 1.5628s, LR: 1.0000e-03
2024-01-08 16:49:15,607 - Epoch: 021, Train Loss: 1.2124, Train RMSE: 2.5064, Train MAPE: 0.0243, Valid Loss: 1.2701, Valid RMSE: 2.6987, Valid MAPE: 0.0260, Train Time: 14.5887s/epoch, Valid Time: 1.5710s, LR: 1.0000e-03
2024-01-08 16:49:31,958 - Epoch: 022, Train Loss: 1.2115, Train RMSE: 2.5048, Train MAPE: 0.0242, Valid Loss: 1.2724, Valid RMSE: 2.6896, Valid MAPE: 0.0261, Train Time: 14.6162s/epoch, Valid Time: 1.7345s, LR: 1.0000e-03
2024-01-08 16:49:52,999 - Epoch: 023, Train Loss: 1.2118, Train RMSE: 2.5054, Train MAPE: 0.0242, Valid Loss: 1.2821, Valid RMSE: 2.7325, Valid MAPE: 0.0261, Train Time: 17.6445s/epoch, Valid Time: 3.3962s, LR: 1.0000e-03
2024-01-08 16:50:10,700 - Epoch: 024, Train Loss: 1.2111, Train RMSE: 2.5048, Train MAPE: 0.0242, Valid Loss: 1.2726, Valid RMSE: 2.7037, Valid MAPE: 0.0259, Train Time: 15.9666s/epoch, Valid Time: 1.7268s, LR: 1.0000e-03
2024-01-08 16:50:26,922 - Epoch: 025, Train Loss: 1.2120, Train RMSE: 2.5050, Train MAPE: 0.0242, Valid Loss: 1.2686, Valid RMSE: 2.6870, Valid MAPE: 0.0261, Train Time: 14.5375s/epoch, Valid Time: 1.6843s, LR: 1.0000e-03
2024-01-08 16:50:26,943 - Val loss decrease from 1.2694 to 1.2686
2024-01-08 16:50:43,065 - Epoch: 026, Train Loss: 1.2120, Train RMSE: 2.5057, Train MAPE: 0.0243, Valid Loss: 1.2977, Valid RMSE: 2.7009, Valid MAPE: 0.0276, Train Time: 14.5494s/epoch, Valid Time: 1.5720s, LR: 1.0000e-03
2024-01-08 16:50:59,024 - Epoch: 027, Train Loss: 1.2125, Train RMSE: 2.5060, Train MAPE: 0.0243, Valid Loss: 1.2692, Valid RMSE: 2.6930, Valid MAPE: 0.0260, Train Time: 14.3007s/epoch, Valid Time: 1.6570s, LR: 1.0000e-03
2024-01-08 16:51:15,028 - Epoch: 028, Train Loss: 1.2104, Train RMSE: 2.5031, Train MAPE: 0.0242, Valid Loss: 1.2704, Valid RMSE: 2.7072, Valid MAPE: 0.0258, Train Time: 14.4259s/epoch, Valid Time: 1.5779s, LR: 1.0000e-03
2024-01-08 16:51:31,229 - Epoch: 029, Train Loss: 1.2111, Train RMSE: 2.5044, Train MAPE: 0.0242, Valid Loss: 1.2832, Valid RMSE: 2.7338, Valid MAPE: 0.0261, Train Time: 14.6723s/epoch, Valid Time: 1.5281s, LR: 1.0000e-03
2024-01-08 16:51:47,101 - Epoch: 030, Train Loss: 1.2122, Train RMSE: 2.5059, Train MAPE: 0.0242, Valid Loss: 1.2684, Valid RMSE: 2.6935, Valid MAPE: 0.0260, Train Time: 14.1958s/epoch, Valid Time: 1.6755s, LR: 1.0000e-03
2024-01-08 16:51:47,106 - Val loss decrease from 1.2686 to 1.2684
2024-01-08 16:52:03,055 - Epoch: 031, Train Loss: 1.2108, Train RMSE: 2.5037, Train MAPE: 0.0242, Valid Loss: 1.2703, Valid RMSE: 2.6790, Valid MAPE: 0.0262, Train Time: 14.4469s/epoch, Valid Time: 1.5023s, LR: 1.0000e-03
2024-01-08 16:52:18,682 - Epoch: 032, Train Loss: 1.2109, Train RMSE: 2.5041, Train MAPE: 0.0242, Valid Loss: 1.2719, Valid RMSE: 2.7101, Valid MAPE: 0.0258, Train Time: 14.1089s/epoch, Valid Time: 1.5169s, LR: 1.0000e-03
2024-01-08 16:52:34,028 - Epoch: 033, Train Loss: 1.2103, Train RMSE: 2.5037, Train MAPE: 0.0242, Valid Loss: 1.2696, Valid RMSE: 2.6935, Valid MAPE: 0.0259, Train Time: 13.8963s/epoch, Valid Time: 1.4495s, LR: 1.0000e-03
2024-01-08 16:52:49,241 - Epoch: 034, Train Loss: 1.2104, Train RMSE: 2.5044, Train MAPE: 0.0242, Valid Loss: 1.2714, Valid RMSE: 2.6908, Valid MAPE: 0.0260, Train Time: 13.7479s/epoch, Valid Time: 1.4643s, LR: 1.0000e-03
2024-01-08 16:53:04,531 - Epoch: 035, Train Loss: 1.2105, Train RMSE: 2.5040, Train MAPE: 0.0242, Valid Loss: 1.2700, Valid RMSE: 2.7018, Valid MAPE: 0.0258, Train Time: 13.7265s/epoch, Valid Time: 1.5628s, LR: 1.0000e-03
2024-01-08 16:53:20,010 - Epoch: 036, Train Loss: 1.2105, Train RMSE: 2.5039, Train MAPE: 0.0242, Valid Loss: 1.2783, Valid RMSE: 2.7081, Valid MAPE: 0.0260, Train Time: 14.0408s/epoch, Valid Time: 1.4370s, LR: 1.0000e-03
2024-01-08 16:53:35,266 - Epoch: 037, Train Loss: 1.2119, Train RMSE: 2.5060, Train MAPE: 0.0243, Valid Loss: 1.2669, Valid RMSE: 2.6882, Valid MAPE: 0.0259, Train Time: 13.8261s/epoch, Valid Time: 1.4291s, LR: 1.0000e-03
2024-01-08 16:53:35,270 - Val loss decrease from 1.2684 to 1.2669
2024-01-08 16:53:50,523 - Epoch: 038, Train Loss: 1.2089, Train RMSE: 2.5023, Train MAPE: 0.0241, Valid Loss: 1.2702, Valid RMSE: 2.6939, Valid MAPE: 0.0260, Train Time: 13.6815s/epoch, Valid Time: 1.5716s, LR: 1.0000e-03
2024-01-08 16:54:05,654 - Epoch: 039, Train Loss: 1.2078, Train RMSE: 2.5010, Train MAPE: 0.0241, Valid Loss: 1.2666, Valid RMSE: 2.6886, Valid MAPE: 0.0259, Train Time: 13.6425s/epoch, Valid Time: 1.4884s, LR: 1.0000e-03
2024-01-08 16:54:05,659 - Val loss decrease from 1.2669 to 1.2666
2024-01-08 16:54:21,096 - Epoch: 040, Train Loss: 1.2087, Train RMSE: 2.5019, Train MAPE: 0.0241, Valid Loss: 1.2712, Valid RMSE: 2.6837, Valid MAPE: 0.0262, Train Time: 13.9558s/epoch, Valid Time: 1.4806s, LR: 1.0000e-03
2024-01-08 16:54:36,656 - Epoch: 041, Train Loss: 1.2102, Train RMSE: 2.5032, Train MAPE: 0.0242, Valid Loss: 1.2740, Valid RMSE: 2.7083, Valid MAPE: 0.0258, Train Time: 14.0929s/epoch, Valid Time: 1.4669s, LR: 1.0000e-03
2024-01-08 16:54:51,945 - Epoch: 042, Train Loss: 1.2108, Train RMSE: 2.5045, Train MAPE: 0.0242, Valid Loss: 1.2676, Valid RMSE: 2.7005, Valid MAPE: 0.0258, Train Time: 13.7581s/epoch, Valid Time: 1.5296s, LR: 1.0000e-03
2024-01-08 16:55:07,314 - Epoch: 043, Train Loss: 1.2080, Train RMSE: 2.5021, Train MAPE: 0.0241, Valid Loss: 1.2684, Valid RMSE: 2.6829, Valid MAPE: 0.0260, Train Time: 13.9040s/epoch, Valid Time: 1.4648s, LR: 1.0000e-03
2024-01-08 16:55:22,348 - Epoch: 044, Train Loss: 1.2086, Train RMSE: 2.5019, Train MAPE: 0.0241, Valid Loss: 1.2723, Valid RMSE: 2.7076, Valid MAPE: 0.0259, Train Time: 13.5900s/epoch, Valid Time: 1.4433s, LR: 1.0000e-03
2024-01-08 16:55:37,995 - Epoch: 045, Train Loss: 1.2107, Train RMSE: 2.5043, Train MAPE: 0.0242, Valid Loss: 1.2698, Valid RMSE: 2.6965, Valid MAPE: 0.0258, Train Time: 14.1227s/epoch, Valid Time: 1.5234s, LR: 1.0000e-03
2024-01-08 16:55:53,600 - Epoch: 046, Train Loss: 1.2088, Train RMSE: 2.5011, Train MAPE: 0.0241, Valid Loss: 1.2685, Valid RMSE: 2.6849, Valid MAPE: 0.0261, Train Time: 14.1535s/epoch, Valid Time: 1.4503s, LR: 1.0000e-03
2024-01-08 16:56:08,609 - Epoch: 047, Train Loss: 1.2080, Train RMSE: 2.5013, Train MAPE: 0.0241, Valid Loss: 1.2730, Valid RMSE: 2.6821, Valid MAPE: 0.0264, Train Time: 13.5670s/epoch, Valid Time: 1.4410s, LR: 1.0000e-03
2024-01-08 16:56:23,590 - Epoch: 048, Train Loss: 1.2085, Train RMSE: 2.5019, Train MAPE: 0.0241, Valid Loss: 1.2667, Valid RMSE: 2.6895, Valid MAPE: 0.0260, Train Time: 13.5744s/epoch, Valid Time: 1.4055s, LR: 1.0000e-03
2024-01-08 16:56:38,589 - Epoch: 049, Train Loss: 1.2074, Train RMSE: 2.4999, Train MAPE: 0.0241, Valid Loss: 1.2670, Valid RMSE: 2.6888, Valid MAPE: 0.0259, Train Time: 13.5744s/epoch, Valid Time: 1.4242s, LR: 1.0000e-03
2024-01-08 16:56:38,589 - Early stop at epoch 49, loss = 1.266607
2024-01-08 16:56:38,589 - best valid_loss:1.266607
2024-01-08 16:56:41,415 - Horizon 1, Test MAE: 0.9120, Test RMSE: 1.6940, Test MAPE: 0.0175
2024-01-08 16:56:41,449 - Horizon 2, Test MAE: 1.2446, Test RMSE: 2.5487, Test MAPE: 0.0250
2024-01-08 16:56:41,483 - Horizon 3, Test MAE: 1.4975, Test RMSE: 3.2622, Test MAPE: 0.0310
2024-01-08 16:56:41,483 - Average Test MAE: 1.2180, Test RMSE: 2.5016, Test MAPE: 0.0245
2024-01-08 17:10:33,899 - Namespace(adapter=True, batch_size=128, clip_grad_value=5, dataset='PEMSBAY', device='cuda:1', dropout=0.3, embed_dim=10, end_dim=512, frozen=False, hid_dim=64, horizon=3, init_dim=32, input_dim=2, layer=2, lrate=0.001, max_epochs=100, mode='train', model='lstm', num_layers=1, output_dim=1, patience=10, pre_train='', save='test.pth', seed=3, seq_length=3, wdecay=0.0005, years='2017')
2024-01-08 17:10:33,900 - Adj path: /home/yuxuan/rwl/GWN-LoRA/data/pemsbay/pemsbay_rn_adj.npy
2024-01-08 17:10:35,378 - Data shape: (52116, 325, 3)
2024-01-08 17:10:36,571 - Sample num: 36465, Batch num: 284
2024-01-08 17:10:37,750 - Sample num: 5209, Batch num: 40
2024-01-08 17:10:39,058 - Sample num: 10419, Batch num: 81
2024-01-08 17:10:39,531 - The number of parameters: 93283
2024-01-08 17:10:39,536 - Start training!
2024-01-08 17:10:59,009 - Epoch: 001, Train Loss: 1.6066, Train RMSE: 3.2381, Train MAPE: 0.0359, Valid Loss: 1.2893, Valid RMSE: 2.7020, Valid MAPE: 0.0265, Train Time: 17.8222s/epoch, Valid Time: 1.6501s, LR: 1.0000e-03
2024-01-08 17:10:59,024 - Val loss decrease from inf to 1.2893
2024-01-08 17:11:16,548 - Epoch: 002, Train Loss: 1.2357, Train RMSE: 2.5282, Train MAPE: 0.0249, Valid Loss: 1.2833, Valid RMSE: 2.7032, Valid MAPE: 0.0266, Train Time: 15.8028s/epoch, Valid Time: 1.7206s, LR: 1.0000e-03
2024-01-08 17:11:16,554 - Val loss decrease from 1.2893 to 1.2833
2024-01-08 17:11:35,896 - Epoch: 003, Train Loss: 1.2312, Train RMSE: 2.5255, Train MAPE: 0.0248, Valid Loss: 1.2959, Valid RMSE: 2.6954, Valid MAPE: 0.0272, Train Time: 17.6905s/epoch, Valid Time: 1.6510s, LR: 1.0000e-03
2024-01-08 17:11:53,013 - Epoch: 004, Train Loss: 1.2255, Train RMSE: 2.5199, Train MAPE: 0.0246, Valid Loss: 1.2777, Valid RMSE: 2.7217, Valid MAPE: 0.0260, Train Time: 15.5300s/epoch, Valid Time: 1.5863s, LR: 1.0000e-03
2024-01-08 17:11:53,022 - Val loss decrease from 1.2833 to 1.2777
2024-01-08 17:12:10,130 - Epoch: 005, Train Loss: 1.2250, Train RMSE: 2.5192, Train MAPE: 0.0246, Valid Loss: 1.2765, Valid RMSE: 2.6987, Valid MAPE: 0.0264, Train Time: 15.5141s/epoch, Valid Time: 1.5935s, LR: 1.0000e-03
2024-01-08 17:12:10,148 - Val loss decrease from 1.2777 to 1.2765
2024-01-08 17:12:27,473 - Epoch: 006, Train Loss: 1.2221, Train RMSE: 2.5173, Train MAPE: 0.0245, Valid Loss: 1.2754, Valid RMSE: 2.7037, Valid MAPE: 0.0262, Train Time: 15.7689s/epoch, Valid Time: 1.5556s, LR: 1.0000e-03
2024-01-08 17:12:27,484 - Val loss decrease from 1.2765 to 1.2754
2024-01-08 17:12:44,773 - Epoch: 007, Train Loss: 1.2216, Train RMSE: 2.5161, Train MAPE: 0.0245, Valid Loss: 1.2734, Valid RMSE: 2.7117, Valid MAPE: 0.0260, Train Time: 15.6970s/epoch, Valid Time: 1.5917s, LR: 1.0000e-03
2024-01-08 17:12:44,797 - Val loss decrease from 1.2754 to 1.2734
2024-01-08 17:13:02,089 - Epoch: 008, Train Loss: 1.2200, Train RMSE: 2.5141, Train MAPE: 0.0245, Valid Loss: 1.2792, Valid RMSE: 2.6955, Valid MAPE: 0.0267, Train Time: 15.7246s/epoch, Valid Time: 1.5669s, LR: 1.0000e-03
2024-01-08 17:13:20,367 - Epoch: 009, Train Loss: 1.2201, Train RMSE: 2.5143, Train MAPE: 0.0245, Valid Loss: 1.2742, Valid RMSE: 2.7068, Valid MAPE: 0.0260, Train Time: 16.4685s/epoch, Valid Time: 1.8086s, LR: 1.0000e-03
2024-01-08 17:13:38,784 - Epoch: 010, Train Loss: 1.2196, Train RMSE: 2.5114, Train MAPE: 0.0245, Valid Loss: 1.2758, Valid RMSE: 2.7183, Valid MAPE: 0.0259, Train Time: 16.8120s/epoch, Valid Time: 1.6038s, LR: 1.0000e-03
2024-01-08 17:13:56,045 - Epoch: 011, Train Loss: 1.2190, Train RMSE: 2.5125, Train MAPE: 0.0244, Valid Loss: 1.2789, Valid RMSE: 2.6878, Valid MAPE: 0.0263, Train Time: 15.6967s/epoch, Valid Time: 1.5633s, LR: 1.0000e-03
2024-01-08 17:14:13,612 - Epoch: 012, Train Loss: 1.2165, Train RMSE: 2.5097, Train MAPE: 0.0244, Valid Loss: 1.2775, Valid RMSE: 2.6848, Valid MAPE: 0.0265, Train Time: 15.9985s/epoch, Valid Time: 1.5668s, LR: 1.0000e-03
2024-01-08 17:14:30,941 - Epoch: 013, Train Loss: 1.2160, Train RMSE: 2.5089, Train MAPE: 0.0244, Valid Loss: 1.2769, Valid RMSE: 2.7065, Valid MAPE: 0.0261, Train Time: 15.6514s/epoch, Valid Time: 1.6771s, LR: 1.0000e-03
2024-01-08 17:14:48,437 - Epoch: 014, Train Loss: 1.2183, Train RMSE: 2.5116, Train MAPE: 0.0244, Valid Loss: 1.2738, Valid RMSE: 2.7119, Valid MAPE: 0.0260, Train Time: 15.8401s/epoch, Valid Time: 1.6559s, LR: 1.0000e-03
2024-01-08 17:15:05,612 - Epoch: 015, Train Loss: 1.2152, Train RMSE: 2.5081, Train MAPE: 0.0243, Valid Loss: 1.2740, Valid RMSE: 2.7199, Valid MAPE: 0.0259, Train Time: 15.6255s/epoch, Valid Time: 1.5488s, LR: 1.0000e-03
2024-01-08 17:15:24,662 - Epoch: 016, Train Loss: 1.2147, Train RMSE: 2.5074, Train MAPE: 0.0243, Valid Loss: 1.2735, Valid RMSE: 2.6942, Valid MAPE: 0.0263, Train Time: 17.0551s/epoch, Valid Time: 1.9939s, LR: 1.0000e-03
2024-01-08 17:15:42,089 - Epoch: 017, Train Loss: 1.2146, Train RMSE: 2.5081, Train MAPE: 0.0243, Valid Loss: 1.2741, Valid RMSE: 2.7082, Valid MAPE: 0.0260, Train Time: 15.8226s/epoch, Valid Time: 1.6038s, LR: 1.0000e-03
2024-01-08 17:15:42,090 - Early stop at epoch 17, loss = 1.273426
2024-01-08 17:15:42,090 - best valid_loss:1.273426
2024-01-08 17:15:45,256 - Horizon 1, Test MAE: 0.9179, Test RMSE: 1.7136, Test MAPE: 0.0176
2024-01-08 17:15:45,327 - Horizon 2, Test MAE: 1.2514, Test RMSE: 2.5725, Test MAPE: 0.0250
2024-01-08 17:15:45,380 - Horizon 3, Test MAE: 1.5048, Test RMSE: 3.2853, Test MAPE: 0.0311
2024-01-08 17:15:45,380 - Average Test MAE: 1.2247, Test RMSE: 2.5238, Test MAPE: 0.0246
