2023-12-06 14:32:04,890 - Namespace(addition={'n_filters': 64, 'max_diffusion_step': 2, 'filter_type': 'doubletransition', 'num_rnn_layers': 2, 'cl_decay_steps': 2000}, batch_size=128, cl_decay_steps=2000, clip_grad_value=5, dataset='METRLA', device='cuda:0', dropout=0.3, epochs=10, filter_type='doubletransition', frozen=False, horizon=12, input_dim=2, lrate=0.001, max_diffusion_step=2, mode='train', model='dcrnn', n_filters=64, num_rnn_layers=2, output_dim=1, patience=10, pre_train='', save='dcrnn_metrla', seed=998244353, seq_length=12, wdecay=0.0005, years='2012')
2023-12-06 14:32:04,891 - Adj path: /home/yuxuan/rwl/GWN-LoRA/data/metrla/metrla_rn_adj.npy
2023-12-06 14:32:05,935 - Data shape: (34272, 207, 3)
2023-12-06 14:32:06,410 - Sample num: 23974, Batch num: 187
2023-12-06 14:32:06,881 - Sample num: 3425, Batch num: 26
2023-12-06 14:32:07,358 - Sample num: 6850, Batch num: 53
2023-12-06 14:34:00,779 - Namespace(addition={'n_filters': 64, 'max_diffusion_step': 2, 'filter_type': 'doubletransition', 'num_rnn_layers': 2, 'cl_decay_steps': 2000}, batch_size=128, cl_decay_steps=2000, clip_grad_value=5, dataset='METRLA', device='cuda:0', dropout=0.3, epochs=10, filter_type='doubletransition', frozen=False, horizon=12, input_dim=2, lrate=0.001, max_diffusion_step=2, mode='train', model='dcrnn', n_filters=64, num_rnn_layers=2, output_dim=1, patience=10, pre_train='', save='dcrnn_metrla', seed=998244353, seq_length=12, wdecay=0.0005, years='2012')
2023-12-06 14:34:00,780 - Adj path: /home/yuxuan/rwl/GWN-LoRA/data/metrla/metrla_rn_adj.npy
2023-12-06 14:34:01,773 - Data shape: (34272, 207, 3)
2023-12-06 14:34:02,241 - Sample num: 23974, Batch num: 187
2023-12-06 14:34:02,710 - Sample num: 3425, Batch num: 26
2023-12-06 14:34:03,182 - Sample num: 6850, Batch num: 53
2023-12-06 14:34:03,509 - The number of parameters: 372353
2023-12-06 14:34:03,509 - Start training!
2023-12-06 14:37:07,000 - Epoch: 001, Train Loss: 2.9078, Train RMSE: 5.0451, Train MAPE: 0.0721, Valid Loss: 3.6695, Valid RMSE: 7.7103, Valid MAPE: 0.0992, Train Time: 171.4650s/epoch, Valid Time: 12.0262s, LR: 1.0000e-03
2023-12-06 14:37:07,007 - Val loss decrease from inf to 3.6695
2023-12-06 14:40:07,521 - Epoch: 002, Train Loss: 2.4151, Train RMSE: 4.3064, Train MAPE: 0.0568, Valid Loss: 3.6294, Valid RMSE: 7.4918, Valid MAPE: 0.1010, Train Time: 168.6156s/epoch, Valid Time: 11.8981s, LR: 1.0000e-03
2023-12-06 14:40:07,527 - Val loss decrease from 3.6695 to 3.6294
2023-12-06 14:43:10,607 - Epoch: 003, Train Loss: 2.3799, Train RMSE: 4.2410, Train MAPE: 0.0558, Valid Loss: 3.4990, Valid RMSE: 7.3467, Valid MAPE: 0.0973, Train Time: 171.0736s/epoch, Valid Time: 12.0060s, LR: 1.0000e-03
2023-12-06 14:43:10,614 - Val loss decrease from 3.6294 to 3.4990
2023-12-06 14:46:13,616 - Epoch: 004, Train Loss: 2.3656, Train RMSE: 4.2157, Train MAPE: 0.0555, Valid Loss: 3.7130, Valid RMSE: 7.6229, Valid MAPE: 0.0984, Train Time: 170.9713s/epoch, Valid Time: 12.0303s, LR: 1.0000e-03
2023-12-06 14:49:15,197 - Epoch: 005, Train Loss: 2.3511, Train RMSE: 4.1835, Train MAPE: 0.0551, Valid Loss: 3.6947, Valid RMSE: 7.3624, Valid MAPE: 0.1051, Train Time: 169.6043s/epoch, Valid Time: 11.9754s, LR: 1.0000e-03
2023-12-06 14:52:16,301 - Epoch: 006, Train Loss: 2.3360, Train RMSE: 4.1562, Train MAPE: 0.0546, Valid Loss: 3.5167, Valid RMSE: 7.5076, Valid MAPE: 0.0931, Train Time: 169.1968s/epoch, Valid Time: 11.9058s, LR: 1.0000e-03
2023-12-06 14:55:18,262 - Epoch: 007, Train Loss: 2.3189, Train RMSE: 4.1195, Train MAPE: 0.0542, Valid Loss: 3.3965, Valid RMSE: 7.2075, Valid MAPE: 0.0943, Train Time: 169.9267s/epoch, Valid Time: 12.0339s, LR: 1.0000e-03
2023-12-06 14:55:18,269 - Val loss decrease from 3.4990 to 3.3965
2023-12-06 14:58:19,490 - Epoch: 008, Train Loss: 2.3012, Train RMSE: 4.0870, Train MAPE: 0.0537, Valid Loss: 3.4267, Valid RMSE: 7.1040, Valid MAPE: 0.1001, Train Time: 169.1482s/epoch, Valid Time: 12.0723s, LR: 1.0000e-03
2023-12-06 15:01:21,170 - Epoch: 009, Train Loss: 2.2983, Train RMSE: 4.0718, Train MAPE: 0.0536, Valid Loss: 3.3734, Valid RMSE: 7.1816, Valid MAPE: 0.0918, Train Time: 169.6820s/epoch, Valid Time: 11.9976s, LR: 1.0000e-03
2023-12-06 15:01:21,175 - Val loss decrease from 3.3965 to 3.3734
2023-12-06 15:04:21,556 - Epoch: 010, Train Loss: 2.2883, Train RMSE: 4.0514, Train MAPE: 0.0533, Valid Loss: 3.4997, Valid RMSE: 7.1722, Valid MAPE: 0.0949, Train Time: 168.4551s/epoch, Valid Time: 11.9247s, LR: 1.0000e-03
2023-12-06 15:04:45,768 - Horizon 1, Test MAE: 2.4064, Test RMSE: 4.2892, Test MAPE: 0.0584
2023-12-06 15:04:45,777 - Horizon 2, Test MAE: 2.7695, Test RMSE: 5.3084, Test MAPE: 0.0696
2023-12-06 15:04:45,787 - Horizon 3, Test MAE: 3.0434, Test RMSE: 6.0121, Test MAPE: 0.0784
2023-12-06 15:04:45,796 - Horizon 4, Test MAE: 3.2832, Test RMSE: 6.5831, Test MAPE: 0.0862
2023-12-06 15:04:45,806 - Horizon 5, Test MAE: 3.4985, Test RMSE: 7.0687, Test MAPE: 0.0932
2023-12-06 15:04:45,815 - Horizon 6, Test MAE: 3.7048, Test RMSE: 7.5122, Test MAPE: 0.0998
2023-12-06 15:04:45,824 - Horizon 7, Test MAE: 3.9011, Test RMSE: 7.9237, Test MAPE: 0.1061
2023-12-06 15:04:45,834 - Horizon 8, Test MAE: 4.0902, Test RMSE: 8.3109, Test MAPE: 0.1122
2023-12-06 15:04:45,843 - Horizon 9, Test MAE: 4.2725, Test RMSE: 8.6753, Test MAPE: 0.1179
2023-12-06 15:04:45,852 - Horizon 10, Test MAE: 4.4519, Test RMSE: 9.0244, Test MAPE: 0.1235
2023-12-06 15:04:45,861 - Horizon 11, Test MAE: 4.6291, Test RMSE: 9.3578, Test MAPE: 0.1291
2023-12-06 15:04:45,870 - Horizon 12, Test MAE: 4.8034, Test RMSE: 9.6830, Test MAPE: 0.1346
2023-12-06 15:04:45,870 - Average Test MAE: 3.7378, Test RMSE: 7.4791, Test MAPE: 0.1008
2023-12-06 15:56:09,005 - Namespace(addition={'n_filters': 64, 'max_diffusion_step': 2, 'filter_type': 'doubletransition', 'num_rnn_layers': 2, 'cl_decay_steps': 2000}, batch_size=128, cl_decay_steps=2000, clip_grad_value=5, dataset='METRLA', device='cuda:0', dropout=0.3, epochs=10, filter_type='doubletransition', frozen=False, horizon=12, input_dim=2, lrate=0.001, max_diffusion_step=2, mode='train', model='dcrnn', n_filters=64, num_rnn_layers=2, output_dim=1, patience=10, pre_train='', save='dcrnn_metrla', seed=998244353, seq_length=12, wdecay=0.0005, years='2012')
2023-12-06 15:56:09,006 - Adj path: /home/yuxuan/rwl/GWN-LoRA/data/metrla/metrla_rn_adj.npy
2023-12-06 15:56:09,919 - Data shape: (34272, 207, 3)
2023-12-06 15:56:10,421 - Sample num: 23974, Batch num: 187
2023-12-06 15:56:10,944 - Sample num: 3425, Batch num: 26
2023-12-06 15:56:11,426 - Sample num: 6850, Batch num: 53
2023-12-06 15:56:11,735 - The number of parameters: 372353
2023-12-06 15:56:11,735 - Start training!
2023-12-06 15:59:14,705 - Epoch: 001, Train Loss: 2.9078, Train RMSE: 5.0451, Train MAPE: 0.0721, Valid Loss: 3.6695, Valid RMSE: 7.7103, Valid MAPE: 0.0992, Train Time: 170.9685s/epoch, Valid Time: 12.0009s, LR: 1.0000e-03
2023-12-06 15:59:14,712 - Val loss decrease from inf to 3.6695
2023-12-06 16:02:16,997 - Epoch: 002, Train Loss: 2.4151, Train RMSE: 4.3064, Train MAPE: 0.0568, Valid Loss: 3.6294, Valid RMSE: 7.4918, Valid MAPE: 0.1010, Train Time: 170.3100s/epoch, Valid Time: 11.9748s, LR: 1.0000e-03
2023-12-06 16:02:17,003 - Val loss decrease from 3.6695 to 3.6294
2023-12-06 16:05:17,599 - Epoch: 003, Train Loss: 2.3799, Train RMSE: 4.2410, Train MAPE: 0.0558, Valid Loss: 3.4990, Valid RMSE: 7.3467, Valid MAPE: 0.0973, Train Time: 168.6258s/epoch, Valid Time: 11.9694s, LR: 1.0000e-03
2023-12-06 16:05:17,604 - Val loss decrease from 3.6294 to 3.4990
2023-12-06 16:08:23,060 - Epoch: 004, Train Loss: 2.3656, Train RMSE: 4.2157, Train MAPE: 0.0555, Valid Loss: 3.7130, Valid RMSE: 7.6229, Valid MAPE: 0.0984, Train Time: 173.5251s/epoch, Valid Time: 11.9296s, LR: 1.0000e-03
2023-12-06 16:11:24,161 - Epoch: 005, Train Loss: 2.3511, Train RMSE: 4.1835, Train MAPE: 0.0551, Valid Loss: 3.6947, Valid RMSE: 7.3624, Valid MAPE: 0.1051, Train Time: 169.1508s/epoch, Valid Time: 11.9502s, LR: 1.0000e-03
2023-12-06 16:14:26,250 - Epoch: 006, Train Loss: 2.3360, Train RMSE: 4.1562, Train MAPE: 0.0546, Valid Loss: 3.5167, Valid RMSE: 7.5076, Valid MAPE: 0.0931, Train Time: 170.1158s/epoch, Valid Time: 11.9717s, LR: 1.0000e-03
2023-12-06 16:17:27,322 - Epoch: 007, Train Loss: 2.3189, Train RMSE: 4.1195, Train MAPE: 0.0542, Valid Loss: 3.3965, Valid RMSE: 7.2075, Valid MAPE: 0.0943, Train Time: 169.2050s/epoch, Valid Time: 11.8667s, LR: 1.0000e-03
2023-12-06 16:17:27,328 - Val loss decrease from 3.4990 to 3.3965
2023-12-06 16:20:28,433 - Epoch: 008, Train Loss: 2.3012, Train RMSE: 4.0870, Train MAPE: 0.0537, Valid Loss: 3.4267, Valid RMSE: 7.1040, Valid MAPE: 0.1001, Train Time: 169.1079s/epoch, Valid Time: 11.9967s, LR: 1.0000e-03
2023-12-06 16:23:29,199 - Epoch: 009, Train Loss: 2.2983, Train RMSE: 4.0718, Train MAPE: 0.0536, Valid Loss: 3.3734, Valid RMSE: 7.1816, Valid MAPE: 0.0918, Train Time: 168.8187s/epoch, Valid Time: 11.9469s, LR: 1.0000e-03
2023-12-06 16:23:29,206 - Val loss decrease from 3.3965 to 3.3734
2023-12-06 16:26:30,316 - Epoch: 010, Train Loss: 2.2883, Train RMSE: 4.0514, Train MAPE: 0.0533, Valid Loss: 3.4997, Valid RMSE: 7.1722, Valid MAPE: 0.0949, Train Time: 169.2323s/epoch, Valid Time: 11.8778s, LR: 1.0000e-03
2023-12-06 16:26:54,578 - Horizon 1, Test MAE: 2.4064, Test RMSE: 4.2892, Test MAPE: 0.0584
2023-12-06 16:26:54,586 - Horizon 2, Test MAE: 2.7695, Test RMSE: 5.3084, Test MAPE: 0.0696
2023-12-06 16:26:54,593 - Horizon 3, Test MAE: 3.0434, Test RMSE: 6.0121, Test MAPE: 0.0784
2023-12-06 16:26:54,601 - Horizon 4, Test MAE: 3.2832, Test RMSE: 6.5831, Test MAPE: 0.0862
2023-12-06 16:26:54,608 - Horizon 5, Test MAE: 3.4985, Test RMSE: 7.0687, Test MAPE: 0.0932
2023-12-06 16:26:54,616 - Horizon 6, Test MAE: 3.7048, Test RMSE: 7.5122, Test MAPE: 0.0998
2023-12-06 16:26:54,624 - Horizon 7, Test MAE: 3.9011, Test RMSE: 7.9237, Test MAPE: 0.1061
2023-12-06 16:26:54,632 - Horizon 8, Test MAE: 4.0902, Test RMSE: 8.3109, Test MAPE: 0.1122
2023-12-06 16:26:54,639 - Horizon 9, Test MAE: 4.2725, Test RMSE: 8.6753, Test MAPE: 0.1179
2023-12-06 16:26:54,647 - Horizon 10, Test MAE: 4.4519, Test RMSE: 9.0244, Test MAPE: 0.1235
2023-12-06 16:26:54,655 - Horizon 11, Test MAE: 4.6291, Test RMSE: 9.3578, Test MAPE: 0.1291
2023-12-06 16:26:54,663 - Horizon 12, Test MAE: 4.8034, Test RMSE: 9.6830, Test MAPE: 0.1346
2023-12-06 16:26:54,663 - Average Test MAE: 3.7378, Test RMSE: 7.4791, Test MAPE: 0.1008
2023-12-06 17:54:17,955 - Namespace(addition={'n_filters': 64, 'max_diffusion_step': 2, 'filter_type': 'doubletransition', 'num_rnn_layers': 2, 'cl_decay_steps': 2000}, batch_size=128, cl_decay_steps=2000, clip_grad_value=5, dataset='METRLA', device='cuda:0', dropout=0.3, epochs=10, filter_type='doubletransition', frozen=False, horizon=12, input_dim=2, lrate=0.001, max_diffusion_step=2, mode='train', model='dcrnn', n_filters=64, num_rnn_layers=2, output_dim=1, patience=10, pre_train='', save='dcrnn_metrla', seed=998244353, seq_length=12, wdecay=0.0005, years='2012')
2023-12-06 17:54:17,956 - Adj path: /home/yuxuan/rwl/GWN-LoRA/data/metrla/metrla_rn_adj.npy
2023-12-06 17:54:18,902 - Data shape: (34272, 207, 3)
2023-12-06 17:54:19,388 - Sample num: 23974, Batch num: 187
2023-12-06 17:54:19,872 - Sample num: 3425, Batch num: 26
2023-12-06 17:54:20,364 - Sample num: 6850, Batch num: 53
2023-12-06 17:54:20,701 - The number of parameters: 372353
2023-12-06 17:54:20,702 - Start training!
2023-12-06 17:57:22,615 - Epoch: 001, Train Loss: 2.9078, Train RMSE: 5.0451, Train MAPE: 0.0721, Valid Loss: 3.6695, Valid RMSE: 7.7103, Valid MAPE: 0.0992, Train Time: 169.9401s/epoch, Valid Time: 11.9726s, LR: 1.0000e-03
2023-12-06 17:57:22,625 - Val loss decrease from inf to 3.6695
2023-12-06 18:00:22,982 - Epoch: 002, Train Loss: 2.4151, Train RMSE: 4.3064, Train MAPE: 0.0568, Valid Loss: 3.6294, Valid RMSE: 7.4918, Valid MAPE: 0.1010, Train Time: 168.2812s/epoch, Valid Time: 12.0749s, LR: 1.0000e-03
2023-12-06 18:00:22,991 - Val loss decrease from 3.6695 to 3.6294
2023-12-06 18:03:23,376 - Epoch: 003, Train Loss: 2.3799, Train RMSE: 4.2410, Train MAPE: 0.0558, Valid Loss: 3.4990, Valid RMSE: 7.3467, Valid MAPE: 0.0973, Train Time: 168.5114s/epoch, Valid Time: 11.8738s, LR: 1.0000e-03
2023-12-06 18:03:23,383 - Val loss decrease from 3.6294 to 3.4990
2023-12-06 18:06:22,978 - Epoch: 004, Train Loss: 2.3656, Train RMSE: 4.2157, Train MAPE: 0.0555, Valid Loss: 3.7130, Valid RMSE: 7.6229, Valid MAPE: 0.0984, Train Time: 167.6801s/epoch, Valid Time: 11.9146s, LR: 1.0000e-03
2023-12-06 18:09:23,109 - Epoch: 005, Train Loss: 2.3511, Train RMSE: 4.1835, Train MAPE: 0.0551, Valid Loss: 3.6947, Valid RMSE: 7.3624, Valid MAPE: 0.1051, Train Time: 168.0344s/epoch, Valid Time: 12.0954s, LR: 1.0000e-03
2023-12-06 18:12:24,394 - Epoch: 006, Train Loss: 2.3360, Train RMSE: 4.1562, Train MAPE: 0.0546, Valid Loss: 3.5167, Valid RMSE: 7.5076, Valid MAPE: 0.0931, Train Time: 169.3197s/epoch, Valid Time: 11.9648s, LR: 1.0000e-03
2023-12-06 18:15:24,789 - Epoch: 007, Train Loss: 2.3189, Train RMSE: 4.1195, Train MAPE: 0.0542, Valid Loss: 3.3965, Valid RMSE: 7.2075, Valid MAPE: 0.0943, Train Time: 168.5511s/epoch, Valid Time: 11.8432s, LR: 1.0000e-03
2023-12-06 18:15:24,796 - Val loss decrease from 3.4990 to 3.3965
2023-12-06 18:18:24,938 - Epoch: 008, Train Loss: 2.3012, Train RMSE: 4.0870, Train MAPE: 0.0537, Valid Loss: 3.4267, Valid RMSE: 7.1040, Valid MAPE: 0.1001, Train Time: 168.1988s/epoch, Valid Time: 11.9421s, LR: 1.0000e-03
2023-12-06 18:21:25,512 - Epoch: 009, Train Loss: 2.2983, Train RMSE: 4.0718, Train MAPE: 0.0536, Valid Loss: 3.3734, Valid RMSE: 7.1816, Valid MAPE: 0.0918, Train Time: 168.6830s/epoch, Valid Time: 11.8908s, LR: 1.0000e-03
2023-12-06 18:21:25,519 - Val loss decrease from 3.3965 to 3.3734
2023-12-06 18:24:25,287 - Epoch: 010, Train Loss: 2.2883, Train RMSE: 4.0514, Train MAPE: 0.0533, Valid Loss: 3.4997, Valid RMSE: 7.1722, Valid MAPE: 0.0949, Train Time: 167.8336s/epoch, Valid Time: 11.9341s, LR: 1.0000e-03
2023-12-06 18:24:25,287 - best valid_loss:3.373432
2023-12-06 18:24:49,419 - Horizon 1, Test MAE: 2.4064, Test RMSE: 4.2892, Test MAPE: 0.0584
2023-12-06 18:24:49,428 - Horizon 2, Test MAE: 2.7695, Test RMSE: 5.3084, Test MAPE: 0.0696
2023-12-06 18:24:49,437 - Horizon 3, Test MAE: 3.0434, Test RMSE: 6.0121, Test MAPE: 0.0784
2023-12-06 18:24:49,447 - Horizon 4, Test MAE: 3.2832, Test RMSE: 6.5831, Test MAPE: 0.0862
2023-12-06 18:24:49,456 - Horizon 5, Test MAE: 3.4985, Test RMSE: 7.0687, Test MAPE: 0.0932
2023-12-06 18:24:49,465 - Horizon 6, Test MAE: 3.7048, Test RMSE: 7.5122, Test MAPE: 0.0998
2023-12-06 18:24:49,474 - Horizon 7, Test MAE: 3.9011, Test RMSE: 7.9237, Test MAPE: 0.1061
2023-12-06 18:24:49,484 - Horizon 8, Test MAE: 4.0902, Test RMSE: 8.3109, Test MAPE: 0.1122
2023-12-06 18:24:49,493 - Horizon 9, Test MAE: 4.2725, Test RMSE: 8.6753, Test MAPE: 0.1179
2023-12-06 18:24:49,502 - Horizon 10, Test MAE: 4.4519, Test RMSE: 9.0244, Test MAPE: 0.1235
2023-12-06 18:24:49,512 - Horizon 11, Test MAE: 4.6291, Test RMSE: 9.3578, Test MAPE: 0.1291
2023-12-06 18:24:49,520 - Horizon 12, Test MAE: 4.8034, Test RMSE: 9.6830, Test MAPE: 0.1346
2023-12-06 18:24:49,521 - Average Test MAE: 3.7378, Test RMSE: 7.4791, Test MAPE: 0.1008
2023-12-18 21:32:17,436 - Namespace(adapter=False, addition={'n_filters': 64, 'max_diffusion_step': 2, 'filter_type': 'doubletransition', 'num_rnn_layers': 2, 'cl_decay_steps': 2000}, batch_size=128, cl_decay_steps=2000, clip_grad_value=5, dataset='METRLA', device='cuda:2', dropout=0.3, filter_type='doubletransition', frozen=False, horizon=12, input_dim=2, lrate=0.001, max_diffusion_step=2, max_epochs=100, mode='train', model='dcrnn', n_filters=64, num_rnn_layers=2, output_dim=1, patience=10, pre_train='', save='dcrnn_metrla', seed=998244353, seq_length=12, wdecay=0.0005, years='2012')
2023-12-18 21:32:17,437 - Adj path: /home/yuxuan/rwl/GWN-LoRA/data/metrla/metrla_rn_adj.npy
2023-12-18 21:32:18,507 - Data shape: (34272, 207, 3)
2023-12-18 21:32:18,986 - Sample num: 23974, Batch num: 187
2023-12-18 21:32:19,476 - Sample num: 3425, Batch num: 26
2023-12-18 21:32:19,966 - Sample num: 6850, Batch num: 53
2023-12-18 21:32:20,318 - The number of parameters: 372353
2023-12-18 21:32:20,318 - Start training!
2023-12-18 21:35:55,197 - Epoch: 001, Train Loss: 2.9131, Train RMSE: 5.0425, Train MAPE: 0.0722, Valid Loss: 3.8957, Valid RMSE: 7.9526, Valid MAPE: 0.1031, Train Time: 199.8870s/epoch, Valid Time: 14.9911s, LR: 1.0000e-03
2023-12-18 21:35:55,218 - Val loss decrease from inf to 3.8957
2023-12-18 21:39:30,801 - Epoch: 002, Train Loss: 2.4142, Train RMSE: 4.3064, Train MAPE: 0.0568, Valid Loss: 3.7562, Valid RMSE: 7.5503, Valid MAPE: 0.1074, Train Time: 200.7416s/epoch, Valid Time: 14.8412s, LR: 1.0000e-03
2023-12-18 21:39:30,808 - Val loss decrease from 3.8957 to 3.7562
2023-12-18 21:43:07,391 - Epoch: 003, Train Loss: 2.3795, Train RMSE: 4.2407, Train MAPE: 0.0558, Valid Loss: 3.5059, Valid RMSE: 7.3335, Valid MAPE: 0.0985, Train Time: 201.8111s/epoch, Valid Time: 14.7713s, LR: 1.0000e-03
2023-12-18 21:43:07,397 - Val loss decrease from 3.7562 to 3.5059
2023-12-18 21:46:41,861 - Epoch: 004, Train Loss: 2.3671, Train RMSE: 4.2166, Train MAPE: 0.0555, Valid Loss: 3.5208, Valid RMSE: 7.4337, Valid MAPE: 0.0956, Train Time: 199.8137s/epoch, Valid Time: 14.6492s, LR: 1.0000e-03
2023-12-18 21:50:17,185 - Epoch: 005, Train Loss: 2.3467, Train RMSE: 4.1806, Train MAPE: 0.0550, Valid Loss: 3.4910, Valid RMSE: 7.4473, Valid MAPE: 0.0937, Train Time: 200.6018s/epoch, Valid Time: 14.7220s, LR: 1.0000e-03
2023-12-18 21:50:17,192 - Val loss decrease from 3.5059 to 3.4910
2023-12-18 21:53:51,221 - Epoch: 006, Train Loss: 2.3368, Train RMSE: 4.1541, Train MAPE: 0.0547, Valid Loss: 3.7227, Valid RMSE: 7.8008, Valid MAPE: 0.0964, Train Time: 199.6674s/epoch, Valid Time: 14.3621s, LR: 1.0000e-03
2023-12-18 21:57:23,164 - Epoch: 007, Train Loss: 2.3186, Train RMSE: 4.1196, Train MAPE: 0.0542, Valid Loss: 3.4142, Valid RMSE: 7.2593, Valid MAPE: 0.0935, Train Time: 197.2650s/epoch, Valid Time: 14.6767s, LR: 1.0000e-03
2023-12-18 21:57:23,171 - Val loss decrease from 3.4910 to 3.4142
2023-12-18 22:00:56,352 - Epoch: 008, Train Loss: 2.3010, Train RMSE: 4.0857, Train MAPE: 0.0537, Valid Loss: 3.4606, Valid RMSE: 7.0716, Valid MAPE: 0.1054, Train Time: 198.5440s/epoch, Valid Time: 14.6370s, LR: 1.0000e-03
2023-12-18 22:04:32,543 - Epoch: 009, Train Loss: 2.3019, Train RMSE: 4.0745, Train MAPE: 0.0537, Valid Loss: 3.3536, Valid RMSE: 7.0682, Valid MAPE: 0.0945, Train Time: 201.3982s/epoch, Valid Time: 14.7919s, LR: 1.0000e-03
2023-12-18 22:04:32,555 - Val loss decrease from 3.4142 to 3.3536
2023-12-18 22:08:09,573 - Epoch: 010, Train Loss: 2.2849, Train RMSE: 4.0488, Train MAPE: 0.0532, Valid Loss: 3.3364, Valid RMSE: 6.9227, Valid MAPE: 0.0900, Train Time: 202.0614s/epoch, Valid Time: 14.9562s, LR: 1.0000e-03
2023-12-18 22:08:09,580 - Val loss decrease from 3.3536 to 3.3364
2023-12-18 22:11:46,657 - Epoch: 011, Train Loss: 2.2647, Train RMSE: 4.0219, Train MAPE: 0.0526, Valid Loss: 3.3093, Valid RMSE: 7.0445, Valid MAPE: 0.0908, Train Time: 202.1983s/epoch, Valid Time: 14.8778s, LR: 1.0000e-04
2023-12-18 22:11:46,665 - Val loss decrease from 3.3364 to 3.3093
2023-12-18 22:15:22,557 - Epoch: 012, Train Loss: 2.2633, Train RMSE: 4.0195, Train MAPE: 0.0526, Valid Loss: 3.3047, Valid RMSE: 7.0330, Valid MAPE: 0.0904, Train Time: 201.5122s/epoch, Valid Time: 14.3791s, LR: 1.0000e-04
2023-12-18 22:15:22,563 - Val loss decrease from 3.3093 to 3.3047
2023-12-18 22:18:52,850 - Epoch: 013, Train Loss: 2.2615, Train RMSE: 4.0155, Train MAPE: 0.0525, Valid Loss: 3.2902, Valid RMSE: 6.9959, Valid MAPE: 0.0900, Train Time: 195.8572s/epoch, Valid Time: 14.4296s, LR: 1.0000e-04
2023-12-18 22:18:52,857 - Val loss decrease from 3.3047 to 3.2902
2023-12-18 22:22:21,819 - Epoch: 014, Train Loss: 2.2604, Train RMSE: 4.0116, Train MAPE: 0.0525, Valid Loss: 3.3237, Valid RMSE: 7.1074, Valid MAPE: 0.0902, Train Time: 194.5754s/epoch, Valid Time: 14.3860s, LR: 1.0000e-04
2023-12-18 22:25:51,578 - Epoch: 015, Train Loss: 2.2588, Train RMSE: 4.0082, Train MAPE: 0.0525, Valid Loss: 3.2836, Valid RMSE: 6.9861, Valid MAPE: 0.0903, Train Time: 195.3084s/epoch, Valid Time: 14.4497s, LR: 1.0000e-04
2023-12-18 22:25:51,583 - Val loss decrease from 3.2902 to 3.2836
2023-12-18 22:29:20,025 - Epoch: 016, Train Loss: 2.2574, Train RMSE: 4.0041, Train MAPE: 0.0524, Valid Loss: 3.2739, Valid RMSE: 6.9519, Valid MAPE: 0.0901, Train Time: 194.2401s/epoch, Valid Time: 14.2009s, LR: 1.0000e-04
2023-12-18 22:29:20,032 - Val loss decrease from 3.2836 to 3.2739
2023-12-18 22:32:49,488 - Epoch: 017, Train Loss: 2.2579, Train RMSE: 4.0056, Train MAPE: 0.0524, Valid Loss: 3.3031, Valid RMSE: 7.0652, Valid MAPE: 0.0895, Train Time: 195.1575s/epoch, Valid Time: 14.2974s, LR: 1.0000e-04
2023-12-18 22:36:18,488 - Epoch: 018, Train Loss: 2.2539, Train RMSE: 3.9955, Train MAPE: 0.0523, Valid Loss: 3.2835, Valid RMSE: 6.9775, Valid MAPE: 0.0897, Train Time: 194.7283s/epoch, Valid Time: 14.2714s, LR: 1.0000e-04
2023-12-18 22:39:47,014 - Epoch: 019, Train Loss: 2.2531, Train RMSE: 3.9923, Train MAPE: 0.0523, Valid Loss: 3.2587, Valid RMSE: 6.9123, Valid MAPE: 0.0902, Train Time: 194.2142s/epoch, Valid Time: 14.3115s, LR: 1.0000e-04
2023-12-18 22:39:47,021 - Val loss decrease from 3.2739 to 3.2587
2023-12-18 22:43:15,277 - Epoch: 020, Train Loss: 2.2521, Train RMSE: 3.9901, Train MAPE: 0.0523, Valid Loss: 3.2657, Valid RMSE: 6.9328, Valid MAPE: 0.0908, Train Time: 194.0540s/epoch, Valid Time: 14.2008s, LR: 1.0000e-04
2023-12-18 22:46:44,050 - Epoch: 021, Train Loss: 2.2495, Train RMSE: 3.9825, Train MAPE: 0.0522, Valid Loss: 3.2729, Valid RMSE: 6.9666, Valid MAPE: 0.0895, Train Time: 194.5073s/epoch, Valid Time: 14.2659s, LR: 1.0000e-04
2023-12-18 22:50:13,577 - Epoch: 022, Train Loss: 2.2500, Train RMSE: 3.9841, Train MAPE: 0.0522, Valid Loss: 3.2792, Valid RMSE: 6.9776, Valid MAPE: 0.0898, Train Time: 195.2328s/epoch, Valid Time: 14.2930s, LR: 1.0000e-04
2023-12-18 22:53:41,680 - Epoch: 023, Train Loss: 2.2472, Train RMSE: 3.9761, Train MAPE: 0.0521, Valid Loss: 3.2447, Valid RMSE: 6.8850, Valid MAPE: 0.0894, Train Time: 193.7824s/epoch, Valid Time: 14.3203s, LR: 1.0000e-04
2023-12-18 22:53:41,686 - Val loss decrease from 3.2587 to 3.2447
2023-12-18 22:57:10,189 - Epoch: 024, Train Loss: 2.2460, Train RMSE: 3.9726, Train MAPE: 0.0521, Valid Loss: 3.2390, Valid RMSE: 6.8669, Valid MAPE: 0.0900, Train Time: 194.0697s/epoch, Valid Time: 14.4329s, LR: 1.0000e-04
2023-12-18 22:57:10,194 - Val loss decrease from 3.2447 to 3.2390
2023-12-18 23:00:41,573 - Epoch: 025, Train Loss: 2.2446, Train RMSE: 3.9682, Train MAPE: 0.0521, Valid Loss: 3.2275, Valid RMSE: 6.8119, Valid MAPE: 0.0908, Train Time: 196.7838s/epoch, Valid Time: 14.5944s, LR: 1.0000e-04
2023-12-18 23:00:41,579 - Val loss decrease from 3.2390 to 3.2275
2023-12-18 23:04:18,453 - Epoch: 026, Train Loss: 2.2438, Train RMSE: 3.9670, Train MAPE: 0.0520, Valid Loss: 3.2323, Valid RMSE: 6.8471, Valid MAPE: 0.0894, Train Time: 201.5467s/epoch, Valid Time: 15.3270s, LR: 1.0000e-04
2023-12-18 23:07:56,737 - Epoch: 027, Train Loss: 2.2417, Train RMSE: 3.9601, Train MAPE: 0.0520, Valid Loss: 3.2169, Valid RMSE: 6.8092, Valid MAPE: 0.0904, Train Time: 203.0659s/epoch, Valid Time: 15.2171s, LR: 1.0000e-04
2023-12-18 23:07:56,744 - Val loss decrease from 3.2275 to 3.2169
2023-12-18 23:11:34,531 - Epoch: 028, Train Loss: 2.2416, Train RMSE: 3.9597, Train MAPE: 0.0520, Valid Loss: 3.2205, Valid RMSE: 6.8047, Valid MAPE: 0.0891, Train Time: 202.8076s/epoch, Valid Time: 14.9788s, LR: 1.0000e-04
2023-12-18 23:15:13,053 - Epoch: 029, Train Loss: 2.2402, Train RMSE: 3.9549, Train MAPE: 0.0520, Valid Loss: 3.2289, Valid RMSE: 6.8282, Valid MAPE: 0.0885, Train Time: 203.1165s/epoch, Valid Time: 15.4043s, LR: 1.0000e-04
2023-12-18 23:18:49,499 - Epoch: 030, Train Loss: 2.2399, Train RMSE: 3.9535, Train MAPE: 0.0520, Valid Loss: 3.2207, Valid RMSE: 6.8175, Valid MAPE: 0.0883, Train Time: 201.6459s/epoch, Valid Time: 14.7990s, LR: 1.0000e-04
2023-12-18 23:22:28,463 - Epoch: 031, Train Loss: 2.2378, Train RMSE: 3.9472, Train MAPE: 0.0519, Valid Loss: 3.2291, Valid RMSE: 6.7944, Valid MAPE: 0.0909, Train Time: 203.7081s/epoch, Valid Time: 15.2541s, LR: 1.0000e-04
2023-12-18 23:26:05,462 - Epoch: 032, Train Loss: 2.2368, Train RMSE: 3.9442, Train MAPE: 0.0519, Valid Loss: 3.2180, Valid RMSE: 6.8205, Valid MAPE: 0.0887, Train Time: 202.1892s/epoch, Valid Time: 14.8095s, LR: 1.0000e-04
2023-12-18 23:29:43,338 - Epoch: 033, Train Loss: 2.2348, Train RMSE: 3.9369, Train MAPE: 0.0518, Valid Loss: 3.2169, Valid RMSE: 6.7960, Valid MAPE: 0.0909, Train Time: 202.9984s/epoch, Valid Time: 14.8763s, LR: 1.0000e-04
2023-12-18 23:33:20,245 - Epoch: 034, Train Loss: 2.2359, Train RMSE: 3.9398, Train MAPE: 0.0519, Valid Loss: 3.2255, Valid RMSE: 6.8518, Valid MAPE: 0.0875, Train Time: 201.8234s/epoch, Valid Time: 15.0824s, LR: 1.0000e-04
2023-12-18 23:36:56,619 - Epoch: 035, Train Loss: 2.2336, Train RMSE: 3.9328, Train MAPE: 0.0518, Valid Loss: 3.2000, Valid RMSE: 6.7216, Valid MAPE: 0.0900, Train Time: 201.4985s/epoch, Valid Time: 14.8748s, LR: 1.0000e-04
2023-12-18 23:36:56,626 - Val loss decrease from 3.2169 to 3.2000
2023-12-18 23:40:35,023 - Epoch: 036, Train Loss: 2.2322, Train RMSE: 3.9260, Train MAPE: 0.0517, Valid Loss: 3.2323, Valid RMSE: 6.8508, Valid MAPE: 0.0885, Train Time: 203.3967s/epoch, Valid Time: 14.9999s, LR: 1.0000e-04
2023-12-18 23:44:12,815 - Epoch: 037, Train Loss: 2.2321, Train RMSE: 3.9236, Train MAPE: 0.0517, Valid Loss: 3.1816, Valid RMSE: 6.6882, Valid MAPE: 0.0896, Train Time: 202.4124s/epoch, Valid Time: 15.3781s, LR: 1.0000e-04
2023-12-18 23:44:12,837 - Val loss decrease from 3.2000 to 3.1816
2023-12-18 23:47:50,358 - Epoch: 038, Train Loss: 2.2331, Train RMSE: 3.9265, Train MAPE: 0.0518, Valid Loss: 3.1987, Valid RMSE: 6.7629, Valid MAPE: 0.0884, Train Time: 202.7815s/epoch, Valid Time: 14.7378s, LR: 1.0000e-04
2023-12-18 23:51:26,652 - Epoch: 039, Train Loss: 2.2326, Train RMSE: 3.9248, Train MAPE: 0.0518, Valid Loss: 3.1833, Valid RMSE: 6.6692, Valid MAPE: 0.0909, Train Time: 201.1856s/epoch, Valid Time: 15.1077s, LR: 1.0000e-04
2023-12-18 23:55:04,364 - Epoch: 040, Train Loss: 2.2324, Train RMSE: 3.9228, Train MAPE: 0.0518, Valid Loss: 3.1772, Valid RMSE: 6.6436, Valid MAPE: 0.0882, Train Time: 202.9748s/epoch, Valid Time: 14.7356s, LR: 1.0000e-04
2023-12-18 23:55:04,370 - Val loss decrease from 3.1816 to 3.1772
2023-12-18 23:58:41,529 - Epoch: 041, Train Loss: 2.2306, Train RMSE: 3.9161, Train MAPE: 0.0517, Valid Loss: 3.1998, Valid RMSE: 6.7511, Valid MAPE: 0.0894, Train Time: 202.1829s/epoch, Valid Time: 14.9756s, LR: 1.0000e-04
2023-12-19 00:02:17,653 - Epoch: 042, Train Loss: 2.2285, Train RMSE: 3.9091, Train MAPE: 0.0517, Valid Loss: 3.1925, Valid RMSE: 6.7577, Valid MAPE: 0.0875, Train Time: 201.2646s/epoch, Valid Time: 14.8581s, LR: 1.0000e-04
2023-12-19 00:05:54,786 - Epoch: 043, Train Loss: 2.2294, Train RMSE: 3.9112, Train MAPE: 0.0517, Valid Loss: 3.1668, Valid RMSE: 6.5900, Valid MAPE: 0.0901, Train Time: 201.9948s/epoch, Valid Time: 15.1372s, LR: 1.0000e-04
2023-12-19 00:05:54,796 - Val loss decrease from 3.1772 to 3.1668
2023-12-19 00:09:31,111 - Epoch: 044, Train Loss: 2.2280, Train RMSE: 3.9056, Train MAPE: 0.0517, Valid Loss: 3.1905, Valid RMSE: 6.7475, Valid MAPE: 0.0882, Train Time: 201.2003s/epoch, Valid Time: 15.1149s, LR: 1.0000e-04
2023-12-19 00:13:06,253 - Epoch: 045, Train Loss: 2.2315, Train RMSE: 3.9138, Train MAPE: 0.0518, Valid Loss: 3.1631, Valid RMSE: 6.6316, Valid MAPE: 0.0890, Train Time: 200.2460s/epoch, Valid Time: 14.8949s, LR: 1.0000e-04
2023-12-19 00:13:06,260 - Val loss decrease from 3.1668 to 3.1631
2023-12-19 00:16:42,884 - Epoch: 046, Train Loss: 2.2311, Train RMSE: 3.9115, Train MAPE: 0.0518, Valid Loss: 3.1972, Valid RMSE: 6.7319, Valid MAPE: 0.0892, Train Time: 201.4511s/epoch, Valid Time: 15.1725s, LR: 1.0000e-04
2023-12-19 00:20:17,102 - Epoch: 047, Train Loss: 2.2320, Train RMSE: 3.9121, Train MAPE: 0.0518, Valid Loss: 3.1704, Valid RMSE: 6.6657, Valid MAPE: 0.0893, Train Time: 199.4775s/epoch, Valid Time: 14.7393s, LR: 1.0000e-04
2023-12-19 00:23:51,994 - Epoch: 048, Train Loss: 2.2339, Train RMSE: 3.9158, Train MAPE: 0.0519, Valid Loss: 3.2216, Valid RMSE: 6.8400, Valid MAPE: 0.0877, Train Time: 200.0533s/epoch, Valid Time: 14.8379s, LR: 1.0000e-04
2023-12-19 00:27:27,127 - Epoch: 049, Train Loss: 2.2306, Train RMSE: 3.9075, Train MAPE: 0.0518, Valid Loss: 3.1890, Valid RMSE: 6.7137, Valid MAPE: 0.0896, Train Time: 199.8545s/epoch, Valid Time: 15.2776s, LR: 1.0000e-04
2023-12-19 00:31:02,784 - Epoch: 050, Train Loss: 2.2359, Train RMSE: 3.9217, Train MAPE: 0.0520, Valid Loss: 3.1545, Valid RMSE: 6.6253, Valid MAPE: 0.0877, Train Time: 200.8025s/epoch, Valid Time: 14.8532s, LR: 1.0000e-04
2023-12-19 00:31:02,792 - Val loss decrease from 3.1631 to 3.1545
2023-12-19 00:34:37,583 - Epoch: 051, Train Loss: 2.2346, Train RMSE: 3.9219, Train MAPE: 0.0520, Valid Loss: 3.1616, Valid RMSE: 6.6790, Valid MAPE: 0.0868, Train Time: 199.9769s/epoch, Valid Time: 14.8136s, LR: 1.0000e-05
2023-12-19 00:38:14,186 - Epoch: 052, Train Loss: 2.2335, Train RMSE: 3.9187, Train MAPE: 0.0519, Valid Loss: 3.1502, Valid RMSE: 6.6485, Valid MAPE: 0.0879, Train Time: 201.9010s/epoch, Valid Time: 14.7015s, LR: 1.0000e-05
2023-12-19 00:38:14,193 - Val loss decrease from 3.1545 to 3.1502
2023-12-19 00:41:51,098 - Epoch: 053, Train Loss: 2.2382, Train RMSE: 3.9315, Train MAPE: 0.0521, Valid Loss: 3.1514, Valid RMSE: 6.6446, Valid MAPE: 0.0876, Train Time: 201.9653s/epoch, Valid Time: 14.9393s, LR: 1.0000e-05
2023-12-19 00:45:27,154 - Epoch: 054, Train Loss: 2.2363, Train RMSE: 3.9259, Train MAPE: 0.0520, Valid Loss: 3.1448, Valid RMSE: 6.6168, Valid MAPE: 0.0877, Train Time: 201.1435s/epoch, Valid Time: 14.9115s, LR: 1.0000e-05
2023-12-19 00:45:27,161 - Val loss decrease from 3.1502 to 3.1448
2023-12-19 00:49:02,355 - Epoch: 055, Train Loss: 2.2413, Train RMSE: 3.9398, Train MAPE: 0.0522, Valid Loss: 3.1528, Valid RMSE: 6.6477, Valid MAPE: 0.0873, Train Time: 200.4425s/epoch, Valid Time: 14.7504s, LR: 1.0000e-05
2023-12-19 00:52:38,075 - Epoch: 056, Train Loss: 2.2430, Train RMSE: 3.9445, Train MAPE: 0.0522, Valid Loss: 3.1419, Valid RMSE: 6.6070, Valid MAPE: 0.0884, Train Time: 200.9425s/epoch, Valid Time: 14.7763s, LR: 1.0000e-05
2023-12-19 00:52:38,088 - Val loss decrease from 3.1448 to 3.1419
2023-12-19 00:56:12,848 - Epoch: 057, Train Loss: 2.2461, Train RMSE: 3.9532, Train MAPE: 0.0523, Valid Loss: 3.1437, Valid RMSE: 6.6216, Valid MAPE: 0.0877, Train Time: 199.6892s/epoch, Valid Time: 15.0702s, LR: 1.0000e-05
2023-12-19 00:59:47,465 - Epoch: 058, Train Loss: 2.2510, Train RMSE: 3.9673, Train MAPE: 0.0525, Valid Loss: 3.1419, Valid RMSE: 6.6072, Valid MAPE: 0.0878, Train Time: 199.5432s/epoch, Valid Time: 15.0726s, LR: 1.0000e-05
2023-12-19 01:03:21,648 - Epoch: 059, Train Loss: 2.2500, Train RMSE: 3.9633, Train MAPE: 0.0525, Valid Loss: 3.1481, Valid RMSE: 6.6437, Valid MAPE: 0.0876, Train Time: 199.6741s/epoch, Valid Time: 14.5083s, LR: 1.0000e-05
2023-12-19 01:06:55,496 - Epoch: 060, Train Loss: 2.2573, Train RMSE: 3.9827, Train MAPE: 0.0527, Valid Loss: 3.1497, Valid RMSE: 6.6477, Valid MAPE: 0.0869, Train Time: 199.0124s/epoch, Valid Time: 14.8355s, LR: 1.0000e-05
2023-12-19 01:10:29,681 - Epoch: 061, Train Loss: 2.2529, Train RMSE: 3.9706, Train MAPE: 0.0526, Valid Loss: 3.1486, Valid RMSE: 6.6375, Valid MAPE: 0.0880, Train Time: 199.2370s/epoch, Valid Time: 14.9461s, LR: 1.0000e-05
2023-12-19 01:14:03,367 - Epoch: 062, Train Loss: 2.2683, Train RMSE: 4.0134, Train MAPE: 0.0531, Valid Loss: 3.1409, Valid RMSE: 6.6044, Valid MAPE: 0.0888, Train Time: 199.1088s/epoch, Valid Time: 14.5765s, LR: 1.0000e-05
2023-12-19 01:14:03,372 - Val loss decrease from 3.1419 to 3.1409
2023-12-19 01:17:37,973 - Epoch: 063, Train Loss: 2.2745, Train RMSE: 4.0308, Train MAPE: 0.0533, Valid Loss: 3.1420, Valid RMSE: 6.6149, Valid MAPE: 0.0872, Train Time: 199.8356s/epoch, Valid Time: 14.7647s, LR: 1.0000e-05
2023-12-19 01:21:12,439 - Epoch: 064, Train Loss: 2.2701, Train RMSE: 4.0184, Train MAPE: 0.0532, Valid Loss: 3.1388, Valid RMSE: 6.5862, Valid MAPE: 0.0875, Train Time: 199.8655s/epoch, Valid Time: 14.5994s, LR: 1.0000e-05
2023-12-19 01:21:12,446 - Val loss decrease from 3.1409 to 3.1388
2023-12-19 01:24:45,574 - Epoch: 065, Train Loss: 2.2777, Train RMSE: 4.0404, Train MAPE: 0.0534, Valid Loss: 3.1369, Valid RMSE: 6.5696, Valid MAPE: 0.0880, Train Time: 198.4291s/epoch, Valid Time: 14.6978s, LR: 1.0000e-05
2023-12-19 01:24:45,580 - Val loss decrease from 3.1388 to 3.1369
2023-12-19 01:28:20,203 - Epoch: 066, Train Loss: 2.2815, Train RMSE: 4.0489, Train MAPE: 0.0535, Valid Loss: 3.1369, Valid RMSE: 6.5954, Valid MAPE: 0.0876, Train Time: 199.7646s/epoch, Valid Time: 14.8583s, LR: 1.0000e-05
2023-12-19 01:28:20,209 - Val loss decrease from 3.1369 to 3.1369
2023-12-19 01:31:56,362 - Epoch: 067, Train Loss: 2.2786, Train RMSE: 4.0415, Train MAPE: 0.0534, Valid Loss: 3.1435, Valid RMSE: 6.6247, Valid MAPE: 0.0873, Train Time: 200.4745s/epoch, Valid Time: 15.6769s, LR: 1.0000e-05
2023-12-19 01:35:32,382 - Epoch: 068, Train Loss: 2.2930, Train RMSE: 4.0839, Train MAPE: 0.0539, Valid Loss: 3.1363, Valid RMSE: 6.6019, Valid MAPE: 0.0879, Train Time: 201.0573s/epoch, Valid Time: 14.9618s, LR: 1.0000e-05
2023-12-19 01:35:32,389 - Val loss decrease from 3.1369 to 3.1363
2023-12-19 01:39:06,986 - Epoch: 069, Train Loss: 2.3120, Train RMSE: 4.1336, Train MAPE: 0.0546, Valid Loss: 3.1379, Valid RMSE: 6.6084, Valid MAPE: 0.0867, Train Time: 199.8943s/epoch, Valid Time: 14.7026s, LR: 1.0000e-05
2023-12-19 01:42:42,096 - Epoch: 070, Train Loss: 2.3137, Train RMSE: 4.1386, Train MAPE: 0.0546, Valid Loss: 3.1287, Valid RMSE: 6.5625, Valid MAPE: 0.0875, Train Time: 200.3556s/epoch, Valid Time: 14.7530s, LR: 1.0000e-05
2023-12-19 01:42:42,102 - Val loss decrease from 3.1363 to 3.1287
2023-12-19 01:46:16,961 - Epoch: 071, Train Loss: 2.3288, Train RMSE: 4.1835, Train MAPE: 0.0552, Valid Loss: 3.1265, Valid RMSE: 6.5543, Valid MAPE: 0.0881, Train Time: 200.1386s/epoch, Valid Time: 14.7189s, LR: 1.0000e-05
2023-12-19 01:46:16,970 - Val loss decrease from 3.1287 to 3.1265
2023-12-19 01:49:50,990 - Epoch: 072, Train Loss: 2.3287, Train RMSE: 4.1801, Train MAPE: 0.0552, Valid Loss: 3.1197, Valid RMSE: 6.5309, Valid MAPE: 0.0881, Train Time: 198.8801s/epoch, Valid Time: 15.1390s, LR: 1.0000e-05
2023-12-19 01:49:50,998 - Val loss decrease from 3.1265 to 3.1197
2023-12-19 01:53:25,914 - Epoch: 073, Train Loss: 2.3450, Train RMSE: 4.2238, Train MAPE: 0.0557, Valid Loss: 3.1274, Valid RMSE: 6.5741, Valid MAPE: 0.0877, Train Time: 199.7831s/epoch, Valid Time: 15.1324s, LR: 1.0000e-05
2023-12-19 01:57:00,723 - Epoch: 074, Train Loss: 2.3473, Train RMSE: 4.2319, Train MAPE: 0.0558, Valid Loss: 3.1217, Valid RMSE: 6.5510, Valid MAPE: 0.0871, Train Time: 199.6182s/epoch, Valid Time: 15.1897s, LR: 1.0000e-05
2023-12-19 02:00:37,037 - Epoch: 075, Train Loss: 2.3743, Train RMSE: 4.3053, Train MAPE: 0.0568, Valid Loss: 3.1200, Valid RMSE: 6.5286, Valid MAPE: 0.0884, Train Time: 201.3298s/epoch, Valid Time: 14.9826s, LR: 1.0000e-05
2023-12-19 02:04:13,549 - Epoch: 076, Train Loss: 2.3644, Train RMSE: 4.2771, Train MAPE: 0.0564, Valid Loss: 3.1170, Valid RMSE: 6.5233, Valid MAPE: 0.0879, Train Time: 201.4170s/epoch, Valid Time: 15.0941s, LR: 1.0000e-05
2023-12-19 02:04:13,562 - Val loss decrease from 3.1197 to 3.1170
2023-12-19 02:07:50,920 - Epoch: 077, Train Loss: 2.3847, Train RMSE: 4.3337, Train MAPE: 0.0571, Valid Loss: 3.1171, Valid RMSE: 6.5147, Valid MAPE: 0.0882, Train Time: 202.0572s/epoch, Valid Time: 15.2998s, LR: 1.0000e-05
2023-12-19 02:11:33,871 - Epoch: 078, Train Loss: 2.3948, Train RMSE: 4.3619, Train MAPE: 0.0574, Valid Loss: 3.1148, Valid RMSE: 6.5344, Valid MAPE: 0.0882, Train Time: 207.3202s/epoch, Valid Time: 15.6296s, LR: 1.0000e-05
2023-12-19 02:11:33,879 - Val loss decrease from 3.1170 to 3.1148
2023-12-19 02:15:16,470 - Epoch: 079, Train Loss: 2.4220, Train RMSE: 4.4327, Train MAPE: 0.0584, Valid Loss: 3.1125, Valid RMSE: 6.5290, Valid MAPE: 0.0875, Train Time: 207.1751s/epoch, Valid Time: 15.4151s, LR: 1.0000e-05
2023-12-19 02:15:16,481 - Val loss decrease from 3.1148 to 3.1125
2023-12-19 02:18:57,369 - Epoch: 080, Train Loss: 2.4487, Train RMSE: 4.5072, Train MAPE: 0.0594, Valid Loss: 3.1205, Valid RMSE: 6.5431, Valid MAPE: 0.0893, Train Time: 205.5505s/epoch, Valid Time: 15.3366s, LR: 1.0000e-05
2023-12-19 02:22:37,438 - Epoch: 081, Train Loss: 2.4500, Train RMSE: 4.5089, Train MAPE: 0.0594, Valid Loss: 3.1106, Valid RMSE: 6.4895, Valid MAPE: 0.0891, Train Time: 204.9094s/epoch, Valid Time: 15.1586s, LR: 1.0000e-05
2023-12-19 02:22:37,444 - Val loss decrease from 3.1125 to 3.1106
2023-12-19 02:26:16,003 - Epoch: 082, Train Loss: 2.4783, Train RMSE: 4.5877, Train MAPE: 0.0605, Valid Loss: 3.1068, Valid RMSE: 6.4864, Valid MAPE: 0.0886, Train Time: 203.9665s/epoch, Valid Time: 14.5915s, LR: 1.0000e-05
2023-12-19 02:26:16,009 - Val loss decrease from 3.1106 to 3.1068
2023-12-19 02:29:50,761 - Epoch: 083, Train Loss: 2.4923, Train RMSE: 4.6209, Train MAPE: 0.0609, Valid Loss: 3.1062, Valid RMSE: 6.5033, Valid MAPE: 0.0885, Train Time: 199.8561s/epoch, Valid Time: 14.8956s, LR: 1.0000e-05
2023-12-19 02:29:50,768 - Val loss decrease from 3.1068 to 3.1062
2023-12-19 02:33:25,133 - Epoch: 084, Train Loss: 2.5060, Train RMSE: 4.6610, Train MAPE: 0.0614, Valid Loss: 3.1059, Valid RMSE: 6.4821, Valid MAPE: 0.0885, Train Time: 199.7871s/epoch, Valid Time: 14.5776s, LR: 1.0000e-05
2023-12-19 02:33:25,140 - Val loss decrease from 3.1062 to 3.1059
2023-12-19 02:36:59,486 - Epoch: 085, Train Loss: 2.5144, Train RMSE: 4.6826, Train MAPE: 0.0617, Valid Loss: 3.1057, Valid RMSE: 6.5066, Valid MAPE: 0.0877, Train Time: 199.7153s/epoch, Valid Time: 14.6297s, LR: 1.0000e-05
2023-12-19 02:36:59,493 - Val loss decrease from 3.1059 to 3.1057
2023-12-19 02:40:37,130 - Epoch: 086, Train Loss: 2.5506, Train RMSE: 4.7799, Train MAPE: 0.0631, Valid Loss: 3.0990, Valid RMSE: 6.4758, Valid MAPE: 0.0883, Train Time: 202.0343s/epoch, Valid Time: 15.6027s, LR: 1.0000e-05
2023-12-19 02:40:37,138 - Val loss decrease from 3.1057 to 3.0990
2023-12-19 02:44:25,766 - Epoch: 087, Train Loss: 2.5587, Train RMSE: 4.8002, Train MAPE: 0.0634, Valid Loss: 3.0983, Valid RMSE: 6.4750, Valid MAPE: 0.0870, Train Time: 212.2755s/epoch, Valid Time: 16.3524s, LR: 1.0000e-05
2023-12-19 02:44:25,775 - Val loss decrease from 3.0990 to 3.0983
2023-12-19 02:48:17,813 - Epoch: 088, Train Loss: 2.6027, Train RMSE: 4.9204, Train MAPE: 0.0650, Valid Loss: 3.1040, Valid RMSE: 6.5111, Valid MAPE: 0.0861, Train Time: 215.2073s/epoch, Valid Time: 16.8301s, LR: 1.0000e-05
2023-12-19 02:52:09,679 - Epoch: 089, Train Loss: 2.6214, Train RMSE: 4.9691, Train MAPE: 0.0656, Valid Loss: 3.0928, Valid RMSE: 6.4369, Valid MAPE: 0.0868, Train Time: 215.7111s/epoch, Valid Time: 16.1534s, LR: 1.0000e-05
2023-12-19 02:52:09,686 - Val loss decrease from 3.0983 to 3.0928
2023-12-19 02:55:54,246 - Epoch: 090, Train Loss: 2.6502, Train RMSE: 5.0425, Train MAPE: 0.0667, Valid Loss: 3.0928, Valid RMSE: 6.4245, Valid MAPE: 0.0873, Train Time: 209.0080s/epoch, Valid Time: 15.5518s, LR: 1.0000e-05
2023-12-19 02:59:37,437 - Epoch: 091, Train Loss: 2.6347, Train RMSE: 5.0066, Train MAPE: 0.0661, Valid Loss: 3.0886, Valid RMSE: 6.4383, Valid MAPE: 0.0877, Train Time: 208.0997s/epoch, Valid Time: 15.0906s, LR: 1.0000e-06
2023-12-19 02:59:37,444 - Val loss decrease from 3.0928 to 3.0886
2023-12-19 03:03:14,000 - Epoch: 092, Train Loss: 2.6709, Train RMSE: 5.1025, Train MAPE: 0.0675, Valid Loss: 3.0902, Valid RMSE: 6.4452, Valid MAPE: 0.0868, Train Time: 201.4573s/epoch, Valid Time: 15.0978s, LR: 1.0000e-06
2023-12-19 03:06:48,664 - Epoch: 093, Train Loss: 2.6949, Train RMSE: 5.1602, Train MAPE: 0.0683, Valid Loss: 3.0887, Valid RMSE: 6.4436, Valid MAPE: 0.0873, Train Time: 199.8432s/epoch, Valid Time: 14.8202s, LR: 1.0000e-06
2023-12-19 03:10:23,633 - Epoch: 094, Train Loss: 2.7280, Train RMSE: 5.2515, Train MAPE: 0.0696, Valid Loss: 3.0880, Valid RMSE: 6.4301, Valid MAPE: 0.0874, Train Time: 199.6694s/epoch, Valid Time: 15.2983s, LR: 1.0000e-06
2023-12-19 03:10:23,640 - Val loss decrease from 3.0886 to 3.0880
2023-12-19 03:13:58,431 - Epoch: 095, Train Loss: 2.7344, Train RMSE: 5.2686, Train MAPE: 0.0698, Valid Loss: 3.0873, Valid RMSE: 6.4304, Valid MAPE: 0.0872, Train Time: 200.1246s/epoch, Valid Time: 14.6655s, LR: 1.0000e-06
2023-12-19 03:13:58,438 - Val loss decrease from 3.0880 to 3.0873
2023-12-19 03:17:32,715 - Epoch: 096, Train Loss: 2.7543, Train RMSE: 5.3205, Train MAPE: 0.0706, Valid Loss: 3.0864, Valid RMSE: 6.4258, Valid MAPE: 0.0872, Train Time: 199.2441s/epoch, Valid Time: 15.0327s, LR: 1.0000e-06
2023-12-19 03:17:32,722 - Val loss decrease from 3.0873 to 3.0864
2023-12-19 03:21:07,232 - Epoch: 097, Train Loss: 2.7798, Train RMSE: 5.3880, Train MAPE: 0.0715, Valid Loss: 3.0863, Valid RMSE: 6.4260, Valid MAPE: 0.0871, Train Time: 199.8352s/epoch, Valid Time: 14.6738s, LR: 1.0000e-06
2023-12-19 03:21:07,239 - Val loss decrease from 3.0864 to 3.0863
2023-12-19 03:24:40,963 - Epoch: 098, Train Loss: 2.8245, Train RMSE: 5.5048, Train MAPE: 0.0732, Valid Loss: 3.0873, Valid RMSE: 6.4246, Valid MAPE: 0.0879, Train Time: 199.0235s/epoch, Valid Time: 14.7006s, LR: 1.0000e-06
2023-12-19 03:28:15,216 - Epoch: 099, Train Loss: 2.8147, Train RMSE: 5.4770, Train MAPE: 0.0729, Valid Loss: 3.0861, Valid RMSE: 6.4141, Valid MAPE: 0.0878, Train Time: 199.5979s/epoch, Valid Time: 14.6544s, LR: 1.0000e-06
2023-12-19 03:28:15,222 - Val loss decrease from 3.0863 to 3.0861
2023-12-19 03:31:50,036 - Epoch: 100, Train Loss: 2.8446, Train RMSE: 5.5533, Train MAPE: 0.0740, Valid Loss: 3.0854, Valid RMSE: 6.4153, Valid MAPE: 0.0874, Train Time: 199.9396s/epoch, Valid Time: 14.8734s, LR: 1.0000e-06
2023-12-19 03:31:50,042 - Val loss decrease from 3.0861 to 3.0854
2023-12-19 03:31:50,043 - best valid_loss:3.085368
2023-12-19 03:32:20,467 - Horizon 1, Test MAE: 2.3403, Test RMSE: 4.1273, Test MAPE: 0.0562
2023-12-19 03:32:20,478 - Horizon 2, Test MAE: 2.6681, Test RMSE: 4.9976, Test MAPE: 0.0673
2023-12-19 03:32:20,486 - Horizon 3, Test MAE: 2.8983, Test RMSE: 5.5791, Test MAPE: 0.0758
2023-12-19 03:32:20,522 - Horizon 4, Test MAE: 3.0891, Test RMSE: 6.0498, Test MAPE: 0.0831
2023-12-19 03:32:20,559 - Horizon 5, Test MAE: 3.2585, Test RMSE: 6.4542, Test MAPE: 0.0897
2023-12-19 03:32:20,568 - Horizon 6, Test MAE: 3.4163, Test RMSE: 6.8194, Test MAPE: 0.0958
2023-12-19 03:32:20,577 - Horizon 7, Test MAE: 3.5620, Test RMSE: 7.1476, Test MAPE: 0.1015
2023-12-19 03:32:20,586 - Horizon 8, Test MAE: 3.6949, Test RMSE: 7.4427, Test MAPE: 0.1068
2023-12-19 03:32:20,594 - Horizon 9, Test MAE: 3.8196, Test RMSE: 7.7125, Test MAPE: 0.1117
2023-12-19 03:32:20,602 - Horizon 10, Test MAE: 3.9357, Test RMSE: 7.9602, Test MAPE: 0.1163
2023-12-19 03:32:20,610 - Horizon 11, Test MAE: 4.0476, Test RMSE: 8.1878, Test MAPE: 0.1207
2023-12-19 03:32:20,619 - Horizon 12, Test MAE: 4.1573, Test RMSE: 8.4078, Test MAPE: 0.1251
2023-12-19 03:32:20,619 - Average Test MAE: 3.4073, Test RMSE: 6.7405, Test MAPE: 0.0958
