2023-12-20 17:51:54,098 - Namespace(Ks=3, Kt=3, adapter=False, addition={'Kt': 3, 'Ks': 3, 'block_num': 2, 'step_size': 10, 'end_dim': 512, 'gamma': 0.95}, batch_size=128, block_num=2, clip_grad_value=5, dataset='METRLA', device='cuda:5', dropout=0.3, embed_dim=10, end_dim=512, frozen=False, gamma=0.95, horizon=12, input_dim=2, lrate=0.001, max_epochs=100, mode='train', model='stgcn', num_layers=1, output_dim=1, patience=10, pre_train='', save='stgcn_metrla_9', seed=9, seq_length=12, step_size=10, wdecay=0.0005, years='2012')
2023-12-20 17:51:54,100 - Adj path: /home/yuxuan/rwl/GWN-LoRA/data/metrla/metrla_rn_adj.npy
2023-12-20 17:51:55,468 - Data shape: (34272, 207, 3)
2023-12-20 17:51:56,381 - Sample num: 23974, Batch num: 187
2023-12-20 17:51:56,963 - Sample num: 3425, Batch num: 26
2023-12-20 17:51:57,550 - Sample num: 6850, Batch num: 53
2023-12-20 17:51:58,085 - The number of parameters: 246476
2023-12-20 17:51:58,085 - Start training!
2023-12-20 17:52:41,108 - Epoch: 001, Train Loss: 4.3162, Train RMSE: 8.0866, Train MAPE: 0.1266, Valid Loss: 3.5327, Valid RMSE: 7.1461, Valid MAPE: 0.1062, Train Time: 39.6672s/epoch, Valid Time: 3.3547s, LR: 1.0000e-03
2023-12-20 17:52:41,122 - Val loss decrease from inf to 3.5327
2023-12-20 17:53:20,710 - Epoch: 002, Train Loss: 3.6836, Train RMSE: 7.2671, Train MAPE: 0.1045, Valid Loss: 3.3563, Valid RMSE: 6.9776, Valid MAPE: 0.0970, Train Time: 35.3306s/epoch, Valid Time: 4.2571s, LR: 1.0000e-03
2023-12-20 17:53:20,744 - Val loss decrease from 3.5327 to 3.3563
2023-12-20 17:54:00,226 - Epoch: 003, Train Loss: 3.5630, Train RMSE: 7.1017, Train MAPE: 0.1008, Valid Loss: 3.3085, Valid RMSE: 6.8802, Valid MAPE: 0.0979, Train Time: 35.8331s/epoch, Valid Time: 3.6481s, LR: 1.0000e-03
2023-12-20 17:54:00,252 - Val loss decrease from 3.3563 to 3.3085
2023-12-20 17:54:41,779 - Epoch: 004, Train Loss: 3.4737, Train RMSE: 6.9551, Train MAPE: 0.0981, Valid Loss: 3.2481, Valid RMSE: 6.7375, Valid MAPE: 0.0921, Train Time: 37.2352s/epoch, Valid Time: 4.2912s, LR: 1.0000e-03
2023-12-20 17:54:41,788 - Val loss decrease from 3.3085 to 3.2481
2023-12-20 17:55:24,554 - Epoch: 005, Train Loss: 3.4266, Train RMSE: 6.8763, Train MAPE: 0.0968, Valid Loss: 3.2993, Valid RMSE: 6.8094, Valid MAPE: 0.0922, Train Time: 39.0630s/epoch, Valid Time: 3.7022s, LR: 1.0000e-03
2023-12-20 17:56:07,196 - Epoch: 006, Train Loss: 3.3754, Train RMSE: 6.7658, Train MAPE: 0.0951, Valid Loss: 3.1843, Valid RMSE: 6.5993, Valid MAPE: 0.0917, Train Time: 38.1271s/epoch, Valid Time: 4.5146s, LR: 1.0000e-03
2023-12-20 17:56:07,208 - Val loss decrease from 3.2481 to 3.1843
2023-12-20 17:56:48,037 - Epoch: 007, Train Loss: 3.3014, Train RMSE: 6.6370, Train MAPE: 0.0931, Valid Loss: 3.1265, Valid RMSE: 6.4434, Valid MAPE: 0.0904, Train Time: 36.7198s/epoch, Valid Time: 4.1081s, LR: 1.0000e-03
2023-12-20 17:56:48,051 - Val loss decrease from 3.1843 to 3.1265
2023-12-20 17:57:29,702 - Epoch: 008, Train Loss: 3.2658, Train RMSE: 6.5552, Train MAPE: 0.0917, Valid Loss: 3.1775, Valid RMSE: 6.4790, Valid MAPE: 0.0884, Train Time: 37.5298s/epoch, Valid Time: 4.1204s, LR: 1.0000e-03
2023-12-20 17:58:11,158 - Epoch: 009, Train Loss: 3.2140, Train RMSE: 6.4485, Train MAPE: 0.0900, Valid Loss: 3.0643, Valid RMSE: 6.3344, Valid MAPE: 0.0878, Train Time: 37.1257s/epoch, Valid Time: 4.3290s, LR: 1.0000e-03
2023-12-20 17:58:11,201 - Val loss decrease from 3.1265 to 3.0643
2023-12-20 17:58:51,421 - Epoch: 010, Train Loss: 3.1842, Train RMSE: 6.3869, Train MAPE: 0.0888, Valid Loss: 3.0303, Valid RMSE: 6.3156, Valid MAPE: 0.0894, Train Time: 36.1626s/epoch, Valid Time: 4.0561s, LR: 1.0000e-03
2023-12-20 17:58:51,435 - Val loss decrease from 3.0643 to 3.0303
2023-12-20 17:59:34,561 - Epoch: 011, Train Loss: 3.1510, Train RMSE: 6.3170, Train MAPE: 0.0876, Valid Loss: 2.9892, Valid RMSE: 6.2224, Valid MAPE: 0.0871, Train Time: 38.5494s/epoch, Valid Time: 4.5760s, LR: 9.5000e-04
2023-12-20 17:59:34,585 - Val loss decrease from 3.0303 to 2.9892
2023-12-20 18:00:15,874 - Epoch: 012, Train Loss: 3.1219, Train RMSE: 6.2650, Train MAPE: 0.0866, Valid Loss: 2.9897, Valid RMSE: 6.2209, Valid MAPE: 0.0864, Train Time: 37.7135s/epoch, Valid Time: 3.5746s, LR: 9.5000e-04
2023-12-20 18:00:57,280 - Epoch: 013, Train Loss: 3.1035, Train RMSE: 6.2282, Train MAPE: 0.0859, Valid Loss: 3.0409, Valid RMSE: 6.3208, Valid MAPE: 0.0920, Train Time: 37.6782s/epoch, Valid Time: 3.7265s, LR: 9.5000e-04
2023-12-20 18:01:39,764 - Epoch: 014, Train Loss: 3.0822, Train RMSE: 6.1926, Train MAPE: 0.0851, Valid Loss: 2.9479, Valid RMSE: 6.1648, Valid MAPE: 0.0864, Train Time: 37.8995s/epoch, Valid Time: 4.5830s, LR: 9.5000e-04
2023-12-20 18:01:39,803 - Val loss decrease from 2.9892 to 2.9479
2023-12-20 18:02:21,877 - Epoch: 015, Train Loss: 3.0674, Train RMSE: 6.1666, Train MAPE: 0.0847, Valid Loss: 2.9948, Valid RMSE: 6.1948, Valid MAPE: 0.0874, Train Time: 37.3177s/epoch, Valid Time: 4.7558s, LR: 9.5000e-04
2023-12-20 18:03:01,113 - Epoch: 016, Train Loss: 3.0639, Train RMSE: 6.1622, Train MAPE: 0.0845, Valid Loss: 2.9880, Valid RMSE: 6.2192, Valid MAPE: 0.0850, Train Time: 35.2958s/epoch, Valid Time: 3.9392s, LR: 9.5000e-04
2023-12-20 18:03:42,155 - Epoch: 017, Train Loss: 3.0501, Train RMSE: 6.1282, Train MAPE: 0.0839, Valid Loss: 2.9527, Valid RMSE: 6.1435, Valid MAPE: 0.0852, Train Time: 36.9621s/epoch, Valid Time: 4.0784s, LR: 9.5000e-04
2023-12-20 18:04:23,755 - Epoch: 018, Train Loss: 3.0386, Train RMSE: 6.1155, Train MAPE: 0.0836, Valid Loss: 2.9467, Valid RMSE: 6.1687, Valid MAPE: 0.0856, Train Time: 37.0059s/epoch, Valid Time: 4.5933s, LR: 9.5000e-04
2023-12-20 18:04:23,766 - Val loss decrease from 2.9479 to 2.9467
2023-12-20 18:05:04,553 - Epoch: 019, Train Loss: 3.0369, Train RMSE: 6.1057, Train MAPE: 0.0835, Valid Loss: 2.9866, Valid RMSE: 6.2154, Valid MAPE: 0.0825, Train Time: 36.8722s/epoch, Valid Time: 3.9140s, LR: 9.5000e-04
2023-12-20 18:05:45,857 - Epoch: 020, Train Loss: 3.0217, Train RMSE: 6.0776, Train MAPE: 0.0829, Valid Loss: 2.9872, Valid RMSE: 6.1876, Valid MAPE: 0.0856, Train Time: 38.0715s/epoch, Valid Time: 3.2310s, LR: 9.5000e-04
2023-12-20 18:06:26,628 - Epoch: 021, Train Loss: 3.0169, Train RMSE: 6.0674, Train MAPE: 0.0828, Valid Loss: 2.9221, Valid RMSE: 6.1273, Valid MAPE: 0.0846, Train Time: 37.3627s/epoch, Valid Time: 3.4077s, LR: 9.0250e-04
2023-12-20 18:06:26,638 - Val loss decrease from 2.9467 to 2.9221
2023-12-20 18:07:09,001 - Epoch: 022, Train Loss: 3.0082, Train RMSE: 6.0551, Train MAPE: 0.0825, Valid Loss: 2.9267, Valid RMSE: 6.0959, Valid MAPE: 0.0842, Train Time: 38.1893s/epoch, Valid Time: 4.1740s, LR: 9.0250e-04
2023-12-20 18:07:49,528 - Epoch: 023, Train Loss: 3.0038, Train RMSE: 6.0474, Train MAPE: 0.0822, Valid Loss: 2.9240, Valid RMSE: 6.0978, Valid MAPE: 0.0819, Train Time: 37.1759s/epoch, Valid Time: 3.3495s, LR: 9.0250e-04
2023-12-20 18:08:31,461 - Epoch: 024, Train Loss: 3.0054, Train RMSE: 6.0504, Train MAPE: 0.0824, Valid Loss: 2.9259, Valid RMSE: 6.1008, Valid MAPE: 0.0847, Train Time: 37.5692s/epoch, Valid Time: 4.3621s, LR: 9.0250e-04
2023-12-20 18:09:13,439 - Epoch: 025, Train Loss: 2.9944, Train RMSE: 6.0270, Train MAPE: 0.0819, Valid Loss: 2.9781, Valid RMSE: 6.1503, Valid MAPE: 0.0825, Train Time: 37.4289s/epoch, Valid Time: 4.5493s, LR: 9.0250e-04
2023-12-20 18:09:54,738 - Epoch: 026, Train Loss: 2.9917, Train RMSE: 6.0203, Train MAPE: 0.0819, Valid Loss: 2.9157, Valid RMSE: 6.0992, Valid MAPE: 0.0826, Train Time: 36.8927s/epoch, Valid Time: 4.4055s, LR: 9.0250e-04
2023-12-20 18:09:54,750 - Val loss decrease from 2.9221 to 2.9157
2023-12-20 18:10:34,672 - Epoch: 027, Train Loss: 2.9898, Train RMSE: 6.0202, Train MAPE: 0.0819, Valid Loss: 2.9062, Valid RMSE: 6.0738, Valid MAPE: 0.0826, Train Time: 36.4352s/epoch, Valid Time: 3.4861s, LR: 9.0250e-04
2023-12-20 18:10:34,712 - Val loss decrease from 2.9157 to 2.9062
2023-12-20 18:11:16,420 - Epoch: 028, Train Loss: 2.9831, Train RMSE: 6.0036, Train MAPE: 0.0816, Valid Loss: 2.9116, Valid RMSE: 6.0721, Valid MAPE: 0.0811, Train Time: 37.3779s/epoch, Valid Time: 4.3301s, LR: 9.0250e-04
2023-12-20 18:11:59,254 - Epoch: 029, Train Loss: 2.9739, Train RMSE: 5.9888, Train MAPE: 0.0813, Valid Loss: 2.9467, Valid RMSE: 6.1003, Valid MAPE: 0.0798, Train Time: 38.3978s/epoch, Valid Time: 4.4341s, LR: 9.0250e-04
2023-12-20 18:12:39,962 - Epoch: 030, Train Loss: 2.9772, Train RMSE: 5.9898, Train MAPE: 0.0814, Valid Loss: 2.9134, Valid RMSE: 6.0457, Valid MAPE: 0.0823, Train Time: 36.3641s/epoch, Valid Time: 4.3437s, LR: 9.0250e-04
2023-12-20 18:13:21,629 - Epoch: 031, Train Loss: 2.9702, Train RMSE: 5.9792, Train MAPE: 0.0811, Valid Loss: 2.8907, Valid RMSE: 6.0481, Valid MAPE: 0.0817, Train Time: 37.2376s/epoch, Valid Time: 4.4285s, LR: 8.5737e-04
2023-12-20 18:13:21,642 - Val loss decrease from 2.9062 to 2.8907
2023-12-20 18:14:01,841 - Epoch: 032, Train Loss: 2.9662, Train RMSE: 5.9712, Train MAPE: 0.0811, Valid Loss: 2.9051, Valid RMSE: 6.0379, Valid MAPE: 0.0818, Train Time: 36.0406s/epoch, Valid Time: 4.1577s, LR: 8.5737e-04
2023-12-20 18:14:44,591 - Epoch: 033, Train Loss: 2.9638, Train RMSE: 5.9698, Train MAPE: 0.0809, Valid Loss: 2.9578, Valid RMSE: 6.1457, Valid MAPE: 0.0808, Train Time: 38.3754s/epoch, Valid Time: 4.3736s, LR: 8.5737e-04
2023-12-20 18:15:26,441 - Epoch: 034, Train Loss: 2.9631, Train RMSE: 5.9582, Train MAPE: 0.0809, Valid Loss: 2.8884, Valid RMSE: 6.0470, Valid MAPE: 0.0820, Train Time: 37.6702s/epoch, Valid Time: 4.1794s, LR: 8.5737e-04
2023-12-20 18:15:26,450 - Val loss decrease from 2.8907 to 2.8884
2023-12-20 18:16:08,225 - Epoch: 035, Train Loss: 2.9569, Train RMSE: 5.9531, Train MAPE: 0.0807, Valid Loss: 2.9216, Valid RMSE: 6.0806, Valid MAPE: 0.0824, Train Time: 37.7606s/epoch, Valid Time: 4.0135s, LR: 8.5737e-04
2023-12-20 18:16:48,641 - Epoch: 036, Train Loss: 2.9604, Train RMSE: 5.9536, Train MAPE: 0.0807, Valid Loss: 2.9010, Valid RMSE: 6.0352, Valid MAPE: 0.0814, Train Time: 36.1814s/epoch, Valid Time: 4.2340s, LR: 8.5737e-04
2023-12-20 18:17:28,769 - Epoch: 037, Train Loss: 2.9568, Train RMSE: 5.9427, Train MAPE: 0.0805, Valid Loss: 2.8940, Valid RMSE: 6.0900, Valid MAPE: 0.0848, Train Time: 36.4538s/epoch, Valid Time: 3.6727s, LR: 8.5737e-04
2023-12-20 18:18:10,013 - Epoch: 038, Train Loss: 2.9551, Train RMSE: 5.9410, Train MAPE: 0.0806, Valid Loss: 2.9462, Valid RMSE: 6.0851, Valid MAPE: 0.0821, Train Time: 37.4495s/epoch, Valid Time: 3.7922s, LR: 8.5737e-04
2023-12-20 18:18:46,953 - Epoch: 039, Train Loss: 2.9526, Train RMSE: 5.9396, Train MAPE: 0.0805, Valid Loss: 2.9252, Valid RMSE: 6.0421, Valid MAPE: 0.0807, Train Time: 33.4745s/epoch, Valid Time: 3.4648s, LR: 8.5737e-04
2023-12-20 18:19:25,263 - Epoch: 040, Train Loss: 2.9536, Train RMSE: 5.9377, Train MAPE: 0.0805, Valid Loss: 2.8964, Valid RMSE: 6.0459, Valid MAPE: 0.0812, Train Time: 34.7374s/epoch, Valid Time: 3.5713s, LR: 8.5737e-04
2023-12-20 18:20:01,078 - Epoch: 041, Train Loss: 2.9434, Train RMSE: 5.9159, Train MAPE: 0.0801, Valid Loss: 2.9277, Valid RMSE: 6.1078, Valid MAPE: 0.0841, Train Time: 33.0272s/epoch, Valid Time: 2.7874s, LR: 8.1451e-04
2023-12-20 18:20:38,509 - Epoch: 042, Train Loss: 2.9469, Train RMSE: 5.9191, Train MAPE: 0.0802, Valid Loss: 2.9117, Valid RMSE: 6.0878, Valid MAPE: 0.0830, Train Time: 34.1535s/epoch, Valid Time: 3.2759s, LR: 8.1451e-04
2023-12-20 18:21:14,546 - Epoch: 043, Train Loss: 2.9404, Train RMSE: 5.9103, Train MAPE: 0.0800, Valid Loss: 2.9070, Valid RMSE: 6.0922, Valid MAPE: 0.0835, Train Time: 32.6527s/epoch, Valid Time: 3.3830s, LR: 8.1451e-04
2023-12-20 18:21:51,300 - Epoch: 044, Train Loss: 2.9345, Train RMSE: 5.8979, Train MAPE: 0.0798, Valid Loss: 2.9041, Valid RMSE: 6.0322, Valid MAPE: 0.0802, Train Time: 33.8156s/epoch, Valid Time: 2.9367s, LR: 8.1451e-04
2023-12-20 18:21:51,300 - Early stop at epoch 44, loss = 2.888358
2023-12-20 18:21:51,300 - best valid_loss:2.888358
2023-12-20 18:21:58,519 - Horizon 1, Test MAE: 2.3729, Test RMSE: 4.1132, Test MAPE: 0.0578
2023-12-20 18:21:58,530 - Horizon 2, Test MAE: 2.6185, Test RMSE: 4.8254, Test MAPE: 0.0661
2023-12-20 18:21:58,553 - Horizon 3, Test MAE: 2.8042, Test RMSE: 5.3636, Test MAPE: 0.0731
2023-12-20 18:21:58,564 - Horizon 4, Test MAE: 2.9534, Test RMSE: 5.7978, Test MAPE: 0.0790
2023-12-20 18:21:58,574 - Horizon 5, Test MAE: 3.0764, Test RMSE: 6.1439, Test MAPE: 0.0839
2023-12-20 18:21:58,592 - Horizon 6, Test MAE: 3.1789, Test RMSE: 6.4271, Test MAPE: 0.0881
2023-12-20 18:21:58,601 - Horizon 7, Test MAE: 3.2730, Test RMSE: 6.6714, Test MAPE: 0.0918
2023-12-20 18:21:58,622 - Horizon 8, Test MAE: 3.3583, Test RMSE: 6.8840, Test MAPE: 0.0953
2023-12-20 18:21:58,634 - Horizon 9, Test MAE: 3.4325, Test RMSE: 7.0676, Test MAPE: 0.0985
2023-12-20 18:21:58,643 - Horizon 10, Test MAE: 3.5013, Test RMSE: 7.2386, Test MAPE: 0.1013
2023-12-20 18:21:58,652 - Horizon 11, Test MAE: 3.5719, Test RMSE: 7.4007, Test MAPE: 0.1041
2023-12-20 18:21:58,730 - Horizon 12, Test MAE: 3.6401, Test RMSE: 7.5553, Test MAPE: 0.1069
2023-12-20 18:21:58,730 - Average Test MAE: 3.1484, Test RMSE: 6.2907, Test MAPE: 0.0872
2023-12-20 21:05:00,537 - Namespace(Ks=3, Kt=3, adapter=True, addition={'Kt': 3, 'Ks': 3, 'block_num': 2, 'step_size': 10, 'end_dim': 512, 'gamma': 0.95}, batch_size=128, block_num=2, clip_grad_value=5, dataset='METRLA', device='cuda:5', dropout=0.3, embed_dim=10, end_dim=512, frozen=False, gamma=0.95, horizon=12, input_dim=2, lrate=0.001, max_epochs=100, mode='train', model='stgcn', num_layers=1, output_dim=1, patience=10, pre_train='', save='stgcn_adapter_metrla_9', seed=9, seq_length=12, step_size=10, wdecay=0.0005, years='2012')
2023-12-20 21:05:00,538 - Adj path: /home/yuxuan/rwl/GWN-LoRA/data/metrla/metrla_rn_adj.npy
2023-12-20 21:05:01,778 - Data shape: (34272, 207, 3)
2023-12-20 21:05:02,495 - Sample num: 23974, Batch num: 187
2023-12-20 21:05:03,246 - Sample num: 3425, Batch num: 26
2023-12-20 21:05:03,860 - Sample num: 6850, Batch num: 53
2023-12-20 21:05:04,479 - The number of parameters: 246476
2023-12-20 21:05:04,487 - Start training!
2023-12-20 21:05:51,911 - Epoch: 001, Train Loss: 4.2807, Train RMSE: 7.9986, Train MAPE: 0.1232, Valid Loss: 3.5061, Valid RMSE: 7.0954, Valid MAPE: 0.1054, Train Time: 42.8693s/epoch, Valid Time: 4.5542s, LR: 1.0000e-03
2023-12-20 21:05:51,930 - Val loss decrease from inf to 3.5061
2023-12-20 21:06:36,157 - Epoch: 002, Train Loss: 3.6608, Train RMSE: 7.2499, Train MAPE: 0.1036, Valid Loss: 3.4660, Valid RMSE: 7.1964, Valid MAPE: 0.0961, Train Time: 40.3569s/epoch, Valid Time: 3.8697s, LR: 1.0000e-03
2023-12-20 21:06:36,172 - Val loss decrease from 3.5061 to 3.4660
2023-12-20 21:07:21,375 - Epoch: 003, Train Loss: 3.5840, Train RMSE: 7.1173, Train MAPE: 0.1012, Valid Loss: 3.3792, Valid RMSE: 6.8312, Valid MAPE: 0.0976, Train Time: 40.9343s/epoch, Valid Time: 4.2687s, LR: 1.0000e-03
2023-12-20 21:07:21,389 - Val loss decrease from 3.4660 to 3.3792
2023-12-20 21:08:04,600 - Epoch: 004, Train Loss: 3.5169, Train RMSE: 7.0008, Train MAPE: 0.0993, Valid Loss: 3.2744, Valid RMSE: 6.7585, Valid MAPE: 0.1006, Train Time: 38.9033s/epoch, Valid Time: 4.3078s, LR: 1.0000e-03
2023-12-20 21:08:04,610 - Val loss decrease from 3.3792 to 3.2744
2023-12-20 21:08:47,990 - Epoch: 005, Train Loss: 3.4377, Train RMSE: 6.8777, Train MAPE: 0.0968, Valid Loss: 3.2314, Valid RMSE: 6.6951, Valid MAPE: 0.0941, Train Time: 39.0714s/epoch, Valid Time: 4.3087s, LR: 1.0000e-03
2023-12-20 21:08:48,004 - Val loss decrease from 3.2744 to 3.2314
2023-12-20 21:09:31,636 - Epoch: 006, Train Loss: 3.3947, Train RMSE: 6.8037, Train MAPE: 0.0958, Valid Loss: 3.1869, Valid RMSE: 6.5357, Valid MAPE: 0.0914, Train Time: 39.1485s/epoch, Valid Time: 4.4834s, LR: 1.0000e-03
2023-12-20 21:09:31,654 - Val loss decrease from 3.2314 to 3.1869
2023-12-20 21:10:14,021 - Epoch: 007, Train Loss: 3.3322, Train RMSE: 6.6912, Train MAPE: 0.0937, Valid Loss: 3.1603, Valid RMSE: 6.4983, Valid MAPE: 0.0900, Train Time: 38.4136s/epoch, Valid Time: 3.9526s, LR: 1.0000e-03
2023-12-20 21:10:14,036 - Val loss decrease from 3.1869 to 3.1603
2023-12-20 21:10:56,737 - Epoch: 008, Train Loss: 3.2858, Train RMSE: 6.5903, Train MAPE: 0.0921, Valid Loss: 3.1115, Valid RMSE: 6.4565, Valid MAPE: 0.0915, Train Time: 39.2284s/epoch, Valid Time: 3.4717s, LR: 1.0000e-03
2023-12-20 21:10:56,750 - Val loss decrease from 3.1603 to 3.1115
2023-12-20 21:11:41,262 - Epoch: 009, Train Loss: 3.2383, Train RMSE: 6.4925, Train MAPE: 0.0905, Valid Loss: 3.0642, Valid RMSE: 6.3788, Valid MAPE: 0.0878, Train Time: 39.8523s/epoch, Valid Time: 4.6586s, LR: 1.0000e-03
2023-12-20 21:11:41,282 - Val loss decrease from 3.1115 to 3.0642
2023-12-20 21:12:24,925 - Epoch: 010, Train Loss: 3.1981, Train RMSE: 6.4106, Train MAPE: 0.0891, Valid Loss: 3.0136, Valid RMSE: 6.2718, Valid MAPE: 0.0887, Train Time: 39.1048s/epoch, Valid Time: 4.5372s, LR: 1.0000e-03
2023-12-20 21:12:24,946 - Val loss decrease from 3.0642 to 3.0136
2023-12-20 21:13:08,576 - Epoch: 011, Train Loss: 3.1681, Train RMSE: 6.3504, Train MAPE: 0.0881, Valid Loss: 3.0039, Valid RMSE: 6.2929, Valid MAPE: 0.0892, Train Time: 39.6146s/epoch, Valid Time: 4.0146s, LR: 9.5000e-04
2023-12-20 21:13:08,595 - Val loss decrease from 3.0136 to 3.0039
2023-12-20 21:13:51,655 - Epoch: 012, Train Loss: 3.1337, Train RMSE: 6.2831, Train MAPE: 0.0868, Valid Loss: 3.0563, Valid RMSE: 6.3006, Valid MAPE: 0.0881, Train Time: 38.8396s/epoch, Valid Time: 4.2201s, LR: 9.5000e-04
2023-12-20 21:14:35,473 - Epoch: 013, Train Loss: 3.1256, Train RMSE: 6.2646, Train MAPE: 0.0864, Valid Loss: 3.0021, Valid RMSE: 6.2771, Valid MAPE: 0.0908, Train Time: 39.4889s/epoch, Valid Time: 4.3286s, LR: 9.5000e-04
2023-12-20 21:14:35,492 - Val loss decrease from 3.0039 to 3.0021
2023-12-20 21:15:18,910 - Epoch: 014, Train Loss: 3.1101, Train RMSE: 6.2339, Train MAPE: 0.0860, Valid Loss: 2.9536, Valid RMSE: 6.1726, Valid MAPE: 0.0860, Train Time: 39.4188s/epoch, Valid Time: 3.9989s, LR: 9.5000e-04
2023-12-20 21:15:18,922 - Val loss decrease from 3.0021 to 2.9536
2023-12-20 21:16:04,394 - Epoch: 015, Train Loss: 3.0881, Train RMSE: 6.1948, Train MAPE: 0.0852, Valid Loss: 2.9986, Valid RMSE: 6.1971, Valid MAPE: 0.0884, Train Time: 40.5743s/epoch, Valid Time: 4.8982s, LR: 9.5000e-04
2023-12-20 21:16:47,651 - Epoch: 016, Train Loss: 3.0802, Train RMSE: 6.1763, Train MAPE: 0.0848, Valid Loss: 2.9579, Valid RMSE: 6.1291, Valid MAPE: 0.0841, Train Time: 39.0329s/epoch, Valid Time: 4.2232s, LR: 9.5000e-04
2023-12-20 21:17:30,601 - Epoch: 017, Train Loss: 3.0628, Train RMSE: 6.1439, Train MAPE: 0.0842, Valid Loss: 2.9541, Valid RMSE: 6.1691, Valid MAPE: 0.0863, Train Time: 39.4467s/epoch, Valid Time: 3.5025s, LR: 9.5000e-04
2023-12-20 21:18:14,812 - Epoch: 018, Train Loss: 3.0470, Train RMSE: 6.1177, Train MAPE: 0.0838, Valid Loss: 2.9504, Valid RMSE: 6.1457, Valid MAPE: 0.0835, Train Time: 40.8092s/epoch, Valid Time: 3.3990s, LR: 9.5000e-04
2023-12-20 21:18:14,828 - Val loss decrease from 2.9536 to 2.9504
2023-12-20 21:18:58,144 - Epoch: 019, Train Loss: 3.0367, Train RMSE: 6.0937, Train MAPE: 0.0833, Valid Loss: 2.9587, Valid RMSE: 6.1256, Valid MAPE: 0.0843, Train Time: 39.4352s/epoch, Valid Time: 3.8803s, LR: 9.5000e-04
2023-12-20 21:19:41,817 - Epoch: 020, Train Loss: 3.0327, Train RMSE: 6.0875, Train MAPE: 0.0831, Valid Loss: 3.0049, Valid RMSE: 6.3035, Valid MAPE: 0.0884, Train Time: 38.7818s/epoch, Valid Time: 4.8902s, LR: 9.5000e-04
2023-12-20 21:20:24,848 - Epoch: 021, Train Loss: 3.0319, Train RMSE: 6.0902, Train MAPE: 0.0832, Valid Loss: 2.9241, Valid RMSE: 6.0887, Valid MAPE: 0.0828, Train Time: 38.5807s/epoch, Valid Time: 4.4498s, LR: 9.0250e-04
2023-12-20 21:20:24,860 - Val loss decrease from 2.9504 to 2.9241
2023-12-20 21:21:08,154 - Epoch: 022, Train Loss: 3.0139, Train RMSE: 6.0588, Train MAPE: 0.0826, Valid Loss: 2.9099, Valid RMSE: 6.0699, Valid MAPE: 0.0846, Train Time: 39.0470s/epoch, Valid Time: 4.2460s, LR: 9.0250e-04
2023-12-20 21:21:08,170 - Val loss decrease from 2.9241 to 2.9099
2023-12-20 21:21:53,162 - Epoch: 023, Train Loss: 3.0095, Train RMSE: 6.0501, Train MAPE: 0.0825, Valid Loss: 2.9064, Valid RMSE: 6.0366, Valid MAPE: 0.0828, Train Time: 40.1524s/epoch, Valid Time: 4.8395s, LR: 9.0250e-04
2023-12-20 21:21:53,177 - Val loss decrease from 2.9099 to 2.9064
2023-12-20 21:22:37,509 - Epoch: 024, Train Loss: 3.0029, Train RMSE: 6.0388, Train MAPE: 0.0821, Valid Loss: 2.9134, Valid RMSE: 6.0482, Valid MAPE: 0.0823, Train Time: 39.6622s/epoch, Valid Time: 4.6690s, LR: 9.0250e-04
2023-12-20 21:23:22,235 - Epoch: 025, Train Loss: 2.9979, Train RMSE: 6.0276, Train MAPE: 0.0820, Valid Loss: 2.9144, Valid RMSE: 6.1162, Valid MAPE: 0.0860, Train Time: 40.5772s/epoch, Valid Time: 4.1478s, LR: 9.0250e-04
2023-12-20 21:24:07,764 - Epoch: 026, Train Loss: 2.9948, Train RMSE: 6.0170, Train MAPE: 0.0819, Valid Loss: 2.9559, Valid RMSE: 6.1950, Valid MAPE: 0.0863, Train Time: 41.3260s/epoch, Valid Time: 4.2024s, LR: 9.0250e-04
2023-12-20 21:24:54,779 - Epoch: 027, Train Loss: 2.9938, Train RMSE: 6.0170, Train MAPE: 0.0817, Valid Loss: 2.9254, Valid RMSE: 6.1600, Valid MAPE: 0.0850, Train Time: 42.3554s/epoch, Valid Time: 4.6580s, LR: 9.0250e-04
2023-12-20 21:25:40,896 - Epoch: 028, Train Loss: 2.9842, Train RMSE: 5.9985, Train MAPE: 0.0815, Valid Loss: 2.9036, Valid RMSE: 6.0996, Valid MAPE: 0.0829, Train Time: 42.2094s/epoch, Valid Time: 3.9075s, LR: 9.0250e-04
2023-12-20 21:25:40,908 - Val loss decrease from 2.9064 to 2.9036
2023-12-20 21:26:27,107 - Epoch: 029, Train Loss: 2.9824, Train RMSE: 5.9990, Train MAPE: 0.0814, Valid Loss: 2.9592, Valid RMSE: 6.1057, Valid MAPE: 0.0799, Train Time: 42.2607s/epoch, Valid Time: 3.9377s, LR: 9.0250e-04
2023-12-20 21:27:14,380 - Epoch: 030, Train Loss: 2.9752, Train RMSE: 5.9840, Train MAPE: 0.0812, Valid Loss: 2.9248, Valid RMSE: 6.0184, Valid MAPE: 0.0815, Train Time: 42.6530s/epoch, Valid Time: 4.6191s, LR: 9.0250e-04
2023-12-20 21:28:01,768 - Epoch: 031, Train Loss: 2.9701, Train RMSE: 5.9733, Train MAPE: 0.0810, Valid Loss: 2.9219, Valid RMSE: 6.1770, Valid MAPE: 0.0824, Train Time: 42.1409s/epoch, Valid Time: 5.2470s, LR: 8.5737e-04
2023-12-20 21:28:47,673 - Epoch: 032, Train Loss: 2.9763, Train RMSE: 5.9819, Train MAPE: 0.0812, Valid Loss: 2.8937, Valid RMSE: 6.0301, Valid MAPE: 0.0814, Train Time: 41.3627s/epoch, Valid Time: 4.5417s, LR: 8.5737e-04
2023-12-20 21:28:47,684 - Val loss decrease from 2.9036 to 2.8937
2023-12-20 21:29:34,717 - Epoch: 033, Train Loss: 2.9632, Train RMSE: 5.9581, Train MAPE: 0.0808, Valid Loss: 2.8986, Valid RMSE: 6.0335, Valid MAPE: 0.0814, Train Time: 42.3238s/epoch, Valid Time: 4.7079s, LR: 8.5737e-04
2023-12-20 21:30:22,703 - Epoch: 034, Train Loss: 2.9600, Train RMSE: 5.9494, Train MAPE: 0.0806, Valid Loss: 2.8803, Valid RMSE: 6.0243, Valid MAPE: 0.0829, Train Time: 43.2312s/epoch, Valid Time: 4.7547s, LR: 8.5737e-04
2023-12-20 21:30:22,717 - Val loss decrease from 2.8937 to 2.8803
2023-12-20 21:31:09,518 - Epoch: 035, Train Loss: 2.9580, Train RMSE: 5.9503, Train MAPE: 0.0806, Valid Loss: 2.9137, Valid RMSE: 6.1450, Valid MAPE: 0.0851, Train Time: 42.5434s/epoch, Valid Time: 4.2567s, LR: 8.5737e-04
2023-12-20 21:31:56,567 - Epoch: 036, Train Loss: 2.9554, Train RMSE: 5.9419, Train MAPE: 0.0805, Valid Loss: 2.9356, Valid RMSE: 6.0970, Valid MAPE: 0.0806, Train Time: 42.5659s/epoch, Valid Time: 4.4831s, LR: 8.5737e-04
2023-12-20 21:32:43,585 - Epoch: 037, Train Loss: 2.9568, Train RMSE: 5.9464, Train MAPE: 0.0805, Valid Loss: 2.9221, Valid RMSE: 6.1970, Valid MAPE: 0.0865, Train Time: 42.4383s/epoch, Valid Time: 4.5789s, LR: 8.5737e-04
2023-12-20 21:33:27,476 - Epoch: 038, Train Loss: 2.9496, Train RMSE: 5.9303, Train MAPE: 0.0803, Valid Loss: 2.8937, Valid RMSE: 6.0469, Valid MAPE: 0.0814, Train Time: 39.2393s/epoch, Valid Time: 4.6501s, LR: 8.5737e-04
2023-12-20 21:34:08,930 - Epoch: 039, Train Loss: 2.9461, Train RMSE: 5.9238, Train MAPE: 0.0802, Valid Loss: 2.9269, Valid RMSE: 6.1263, Valid MAPE: 0.0822, Train Time: 37.9206s/epoch, Valid Time: 3.5320s, LR: 8.5737e-04
2023-12-20 21:34:48,101 - Epoch: 040, Train Loss: 2.9457, Train RMSE: 5.9214, Train MAPE: 0.0801, Valid Loss: 2.9215, Valid RMSE: 6.0718, Valid MAPE: 0.0801, Train Time: 35.7704s/epoch, Valid Time: 3.3994s, LR: 8.5737e-04
2023-12-20 21:35:23,920 - Epoch: 041, Train Loss: 2.9380, Train RMSE: 5.9094, Train MAPE: 0.0799, Valid Loss: 2.8737, Valid RMSE: 6.0220, Valid MAPE: 0.0822, Train Time: 32.5249s/epoch, Valid Time: 3.2938s, LR: 8.1451e-04
2023-12-20 21:35:23,934 - Val loss decrease from 2.8803 to 2.8737
2023-12-20 21:35:58,878 - Epoch: 042, Train Loss: 2.9344, Train RMSE: 5.9045, Train MAPE: 0.0798, Valid Loss: 2.8985, Valid RMSE: 6.0544, Valid MAPE: 0.0803, Train Time: 32.1853s/epoch, Valid Time: 2.7590s, LR: 8.1451e-04
2023-12-20 21:36:34,753 - Epoch: 043, Train Loss: 2.9368, Train RMSE: 5.9027, Train MAPE: 0.0798, Valid Loss: 2.8956, Valid RMSE: 6.0891, Valid MAPE: 0.0811, Train Time: 32.9619s/epoch, Valid Time: 2.9120s, LR: 8.1451e-04
2023-12-20 21:37:09,585 - Epoch: 044, Train Loss: 2.9344, Train RMSE: 5.9004, Train MAPE: 0.0798, Valid Loss: 2.8850, Valid RMSE: 6.0031, Valid MAPE: 0.0806, Train Time: 31.9901s/epoch, Valid Time: 2.8411s, LR: 8.1451e-04
2023-12-20 21:37:45,556 - Epoch: 045, Train Loss: 2.9341, Train RMSE: 5.8979, Train MAPE: 0.0798, Valid Loss: 2.8940, Valid RMSE: 6.1224, Valid MAPE: 0.0845, Train Time: 33.0867s/epoch, Valid Time: 2.8831s, LR: 8.1451e-04
2023-12-20 21:38:21,857 - Epoch: 046, Train Loss: 2.9311, Train RMSE: 5.8941, Train MAPE: 0.0796, Valid Loss: 2.9106, Valid RMSE: 6.0616, Valid MAPE: 0.0807, Train Time: 33.3086s/epoch, Valid Time: 2.9906s, LR: 8.1451e-04
2023-12-20 21:38:57,847 - Epoch: 047, Train Loss: 2.9246, Train RMSE: 5.8797, Train MAPE: 0.0794, Valid Loss: 2.9168, Valid RMSE: 6.1193, Valid MAPE: 0.0817, Train Time: 32.4543s/epoch, Valid Time: 3.5348s, LR: 8.1451e-04
2023-12-20 21:39:33,827 - Epoch: 048, Train Loss: 2.9245, Train RMSE: 5.8776, Train MAPE: 0.0795, Valid Loss: 2.8831, Valid RMSE: 6.0198, Valid MAPE: 0.0804, Train Time: 33.0534s/epoch, Valid Time: 2.9266s, LR: 8.1451e-04
2023-12-20 21:40:09,513 - Epoch: 049, Train Loss: 2.9275, Train RMSE: 5.8808, Train MAPE: 0.0794, Valid Loss: 2.9868, Valid RMSE: 6.3379, Valid MAPE: 0.0906, Train Time: 32.4636s/epoch, Valid Time: 3.2209s, LR: 8.1451e-04
2023-12-20 21:40:44,269 - Epoch: 050, Train Loss: 2.9246, Train RMSE: 5.8821, Train MAPE: 0.0794, Valid Loss: 2.9297, Valid RMSE: 6.0934, Valid MAPE: 0.0797, Train Time: 31.7560s/epoch, Valid Time: 2.9998s, LR: 8.1451e-04
2023-12-20 21:41:19,119 - Epoch: 051, Train Loss: 2.9187, Train RMSE: 5.8622, Train MAPE: 0.0791, Valid Loss: 2.9025, Valid RMSE: 6.0809, Valid MAPE: 0.0798, Train Time: 31.8951s/epoch, Valid Time: 2.9535s, LR: 7.7378e-04
2023-12-20 21:41:19,120 - Early stop at epoch 51, loss = 2.873724
2023-12-20 21:41:19,120 - best valid_loss:2.873724
2023-12-20 21:41:24,911 - Horizon 1, Test MAE: 2.3441, Test RMSE: 4.0888, Test MAPE: 0.0573
2023-12-20 21:41:24,920 - Horizon 2, Test MAE: 2.5966, Test RMSE: 4.8164, Test MAPE: 0.0658
2023-12-20 21:41:24,928 - Horizon 3, Test MAE: 2.7855, Test RMSE: 5.3495, Test MAPE: 0.0728
2023-12-20 21:41:24,936 - Horizon 4, Test MAE: 2.9359, Test RMSE: 5.7710, Test MAPE: 0.0787
2023-12-20 21:41:24,944 - Horizon 5, Test MAE: 3.0606, Test RMSE: 6.1075, Test MAPE: 0.0838
2023-12-20 21:41:24,952 - Horizon 6, Test MAE: 3.1656, Test RMSE: 6.3942, Test MAPE: 0.0881
2023-12-20 21:41:24,960 - Horizon 7, Test MAE: 3.2598, Test RMSE: 6.6312, Test MAPE: 0.0920
2023-12-20 21:41:24,968 - Horizon 8, Test MAE: 3.3440, Test RMSE: 6.8409, Test MAPE: 0.0955
2023-12-20 21:41:24,977 - Horizon 9, Test MAE: 3.4142, Test RMSE: 7.0163, Test MAPE: 0.0985
2023-12-20 21:41:24,985 - Horizon 10, Test MAE: 3.4766, Test RMSE: 7.1736, Test MAPE: 0.1010
2023-12-20 21:41:24,993 - Horizon 11, Test MAE: 3.5328, Test RMSE: 7.3046, Test MAPE: 0.1034
2023-12-20 21:41:25,001 - Horizon 12, Test MAE: 3.5902, Test RMSE: 7.4286, Test MAPE: 0.1057
2023-12-20 21:41:25,002 - Average Test MAE: 3.1255, Test RMSE: 6.2436, Test MAPE: 0.0869
2023-12-31 11:16:51,705 - Namespace(Ks=3, Kt=3, adapter=False, batch_size=128, block_num=2, clip_grad_value=5, dataset='METRLA', device='cuda:5', dropout=0.3, embed_dim=10, end_dim=512, frozen=False, gamma=0.95, horizon=6, input_dim=2, lrate=0.001, max_epochs=100, mode='train', model='stgcn', num_layers=1, output_dim=1, patience=10, pre_train='', save='test.pth', seed=9, seq_length=12, step_size=10, wdecay=0.0005, years='2012')
2023-12-31 11:16:51,706 - Adj path: /home/yuxuan/rwl/GWN-LoRA/data/metrla/metrla_rn_adj.npy
2023-12-31 11:16:52,818 - Data shape: (34272, 207, 3)
2023-12-31 11:16:53,423 - Sample num: 23974, Batch num: 187
2023-12-31 11:16:54,019 - Sample num: 3425, Batch num: 26
2023-12-31 11:16:54,705 - Sample num: 6850, Batch num: 53
2023-12-31 11:16:55,165 - The number of parameters: 245702
2023-12-31 11:16:55,165 - Start training!
2023-12-31 11:17:30,257 - Epoch: 001, Train Loss: 3.7994, Train RMSE: 7.0188, Train MAPE: 0.1053, Valid Loss: 2.9861, Valid RMSE: 6.0666, Valid MAPE: 0.0837, Train Time: 32.2294s/epoch, Valid Time: 2.8616s, LR: 1.0000e-03
2023-12-31 11:17:30,269 - Val loss decrease from inf to 2.9861
2023-12-31 11:18:03,100 - Epoch: 002, Train Loss: 3.1737, Train RMSE: 6.1214, Train MAPE: 0.0850, Valid Loss: 2.9582, Valid RMSE: 5.9013, Valid MAPE: 0.0836, Train Time: 30.0581s/epoch, Valid Time: 2.7717s, LR: 1.0000e-03
2023-12-31 11:18:03,111 - Val loss decrease from 2.9861 to 2.9582
2023-12-31 11:18:34,501 - Epoch: 003, Train Loss: 3.0662, Train RMSE: 5.9692, Train MAPE: 0.0816, Valid Loss: 2.8974, Valid RMSE: 5.8152, Valid MAPE: 0.0781, Train Time: 28.7428s/epoch, Valid Time: 2.6467s, LR: 1.0000e-03
2023-12-31 11:18:34,510 - Val loss decrease from 2.9582 to 2.8974
2023-12-31 11:19:07,068 - Epoch: 004, Train Loss: 3.0127, Train RMSE: 5.8750, Train MAPE: 0.0796, Valid Loss: 2.8065, Valid RMSE: 5.6989, Valid MAPE: 0.0757, Train Time: 29.7083s/epoch, Valid Time: 2.8494s, LR: 1.0000e-03
2023-12-31 11:19:07,078 - Val loss decrease from 2.8974 to 2.8065
2023-12-31 11:19:38,606 - Epoch: 005, Train Loss: 2.9763, Train RMSE: 5.8149, Train MAPE: 0.0788, Valid Loss: 2.8873, Valid RMSE: 5.7486, Valid MAPE: 0.0755, Train Time: 28.8642s/epoch, Valid Time: 2.6630s, LR: 1.0000e-03
2023-12-31 11:20:09,996 - Epoch: 006, Train Loss: 2.9408, Train RMSE: 5.7459, Train MAPE: 0.0776, Valid Loss: 2.7686, Valid RMSE: 5.5976, Valid MAPE: 0.0728, Train Time: 29.0402s/epoch, Valid Time: 2.3484s, LR: 1.0000e-03
2023-12-31 11:20:10,005 - Val loss decrease from 2.8065 to 2.7686
2023-12-31 11:20:41,816 - Epoch: 007, Train Loss: 2.9107, Train RMSE: 5.6916, Train MAPE: 0.0768, Valid Loss: 2.8195, Valid RMSE: 5.5937, Valid MAPE: 0.0747, Train Time: 29.2311s/epoch, Valid Time: 2.5797s, LR: 1.0000e-03
2023-12-31 11:21:14,749 - Epoch: 008, Train Loss: 2.8771, Train RMSE: 5.6201, Train MAPE: 0.0757, Valid Loss: 2.7720, Valid RMSE: 5.5189, Valid MAPE: 0.0739, Train Time: 29.9892s/epoch, Valid Time: 2.9432s, LR: 1.0000e-03
2023-12-31 11:21:47,025 - Epoch: 009, Train Loss: 2.8591, Train RMSE: 5.5842, Train MAPE: 0.0752, Valid Loss: 2.7856, Valid RMSE: 5.5286, Valid MAPE: 0.0736, Train Time: 29.6178s/epoch, Valid Time: 2.6572s, LR: 1.0000e-03
2023-12-31 11:22:18,709 - Epoch: 010, Train Loss: 2.8410, Train RMSE: 5.5442, Train MAPE: 0.0746, Valid Loss: 2.7132, Valid RMSE: 5.4734, Valid MAPE: 0.0743, Train Time: 29.0317s/epoch, Valid Time: 2.6519s, LR: 1.0000e-03
2023-12-31 11:22:18,718 - Val loss decrease from 2.7686 to 2.7132
2023-12-31 11:22:50,721 - Epoch: 011, Train Loss: 2.8247, Train RMSE: 5.5023, Train MAPE: 0.0739, Valid Loss: 2.6940, Valid RMSE: 5.3740, Valid MAPE: 0.0719, Train Time: 29.1186s/epoch, Valid Time: 2.8834s, LR: 9.5000e-04
2023-12-31 11:22:50,730 - Val loss decrease from 2.7132 to 2.6940
2023-12-31 11:23:22,331 - Epoch: 012, Train Loss: 2.8161, Train RMSE: 5.4791, Train MAPE: 0.0737, Valid Loss: 2.8100, Valid RMSE: 5.4793, Valid MAPE: 0.0739, Train Time: 29.3060s/epoch, Valid Time: 2.2949s, LR: 9.5000e-04
2023-12-31 11:23:52,961 - Epoch: 013, Train Loss: 2.8077, Train RMSE: 5.4574, Train MAPE: 0.0733, Valid Loss: 2.6959, Valid RMSE: 5.4136, Valid MAPE: 0.0746, Train Time: 28.1399s/epoch, Valid Time: 2.4892s, LR: 9.5000e-04
2023-12-31 11:24:24,441 - Epoch: 014, Train Loss: 2.7857, Train RMSE: 5.4213, Train MAPE: 0.0727, Valid Loss: 2.6659, Valid RMSE: 5.3320, Valid MAPE: 0.0705, Train Time: 28.8828s/epoch, Valid Time: 2.5966s, LR: 9.5000e-04
2023-12-31 11:24:24,451 - Val loss decrease from 2.6940 to 2.6659
2023-12-31 11:24:56,363 - Epoch: 015, Train Loss: 2.7755, Train RMSE: 5.3926, Train MAPE: 0.0723, Valid Loss: 2.6777, Valid RMSE: 5.3192, Valid MAPE: 0.0718, Train Time: 28.9380s/epoch, Valid Time: 2.9730s, LR: 9.5000e-04
2023-12-31 11:25:28,327 - Epoch: 016, Train Loss: 2.7709, Train RMSE: 5.3850, Train MAPE: 0.0722, Valid Loss: 2.7012, Valid RMSE: 5.3737, Valid MAPE: 0.0715, Train Time: 28.9729s/epoch, Valid Time: 2.9899s, LR: 9.5000e-04
2023-12-31 11:26:00,176 - Epoch: 017, Train Loss: 2.7597, Train RMSE: 5.3626, Train MAPE: 0.0718, Valid Loss: 2.6541, Valid RMSE: 5.3060, Valid MAPE: 0.0709, Train Time: 29.2110s/epoch, Valid Time: 2.6376s, LR: 9.5000e-04
2023-12-31 11:26:00,189 - Val loss decrease from 2.6659 to 2.6541
2023-12-31 11:26:32,489 - Epoch: 018, Train Loss: 2.7543, Train RMSE: 5.3467, Train MAPE: 0.0715, Valid Loss: 2.6569, Valid RMSE: 5.3327, Valid MAPE: 0.0716, Train Time: 29.3573s/epoch, Valid Time: 2.9421s, LR: 9.5000e-04
2023-12-31 11:27:03,302 - Epoch: 019, Train Loss: 2.7481, Train RMSE: 5.3394, Train MAPE: 0.0714, Valid Loss: 2.6813, Valid RMSE: 5.3638, Valid MAPE: 0.0690, Train Time: 28.5657s/epoch, Valid Time: 2.2461s, LR: 9.5000e-04
2023-12-31 11:27:34,966 - Epoch: 020, Train Loss: 2.7391, Train RMSE: 5.3230, Train MAPE: 0.0711, Valid Loss: 2.6260, Valid RMSE: 5.2563, Valid MAPE: 0.0697, Train Time: 29.4524s/epoch, Valid Time: 2.2104s, LR: 9.5000e-04
2023-12-31 11:27:34,977 - Val loss decrease from 2.6541 to 2.6260
2023-12-31 11:28:06,784 - Epoch: 021, Train Loss: 2.7349, Train RMSE: 5.3115, Train MAPE: 0.0710, Valid Loss: 2.6231, Valid RMSE: 5.2498, Valid MAPE: 0.0697, Train Time: 29.3024s/epoch, Valid Time: 2.5034s, LR: 9.0250e-04
2023-12-31 11:28:06,796 - Val loss decrease from 2.6260 to 2.6231
2023-12-31 11:28:38,326 - Epoch: 022, Train Loss: 2.7311, Train RMSE: 5.3019, Train MAPE: 0.0708, Valid Loss: 2.6520, Valid RMSE: 5.2650, Valid MAPE: 0.0693, Train Time: 29.3326s/epoch, Valid Time: 2.1959s, LR: 9.0250e-04
2023-12-31 11:29:10,070 - Epoch: 023, Train Loss: 2.7215, Train RMSE: 5.2897, Train MAPE: 0.0706, Valid Loss: 2.6416, Valid RMSE: 5.2653, Valid MAPE: 0.0691, Train Time: 29.3352s/epoch, Valid Time: 2.4075s, LR: 9.0250e-04
2023-12-31 11:29:41,772 - Epoch: 024, Train Loss: 2.7238, Train RMSE: 5.2820, Train MAPE: 0.0705, Valid Loss: 2.6645, Valid RMSE: 5.2943, Valid MAPE: 0.0707, Train Time: 29.1232s/epoch, Valid Time: 2.5784s, LR: 9.0250e-04
2023-12-31 11:30:14,692 - Epoch: 025, Train Loss: 2.7215, Train RMSE: 5.2809, Train MAPE: 0.0705, Valid Loss: 2.6491, Valid RMSE: 5.2230, Valid MAPE: 0.0698, Train Time: 29.9901s/epoch, Valid Time: 2.9289s, LR: 9.0250e-04
2023-12-31 11:30:46,935 - Epoch: 026, Train Loss: 2.7154, Train RMSE: 5.2726, Train MAPE: 0.0703, Valid Loss: 2.6940, Valid RMSE: 5.3100, Valid MAPE: 0.0696, Train Time: 29.4898s/epoch, Valid Time: 2.7525s, LR: 9.0250e-04
2023-12-31 11:31:19,077 - Epoch: 027, Train Loss: 2.7156, Train RMSE: 5.2716, Train MAPE: 0.0702, Valid Loss: 2.6042, Valid RMSE: 5.2039, Valid MAPE: 0.0692, Train Time: 29.0433s/epoch, Valid Time: 3.0974s, LR: 9.0250e-04
2023-12-31 11:31:19,093 - Val loss decrease from 2.6231 to 2.6042
2023-12-31 11:31:51,107 - Epoch: 028, Train Loss: 2.7037, Train RMSE: 5.2478, Train MAPE: 0.0700, Valid Loss: 2.6434, Valid RMSE: 5.2637, Valid MAPE: 0.0703, Train Time: 29.3755s/epoch, Valid Time: 2.6371s, LR: 9.0250e-04
2023-12-31 11:32:23,142 - Epoch: 029, Train Loss: 2.7059, Train RMSE: 5.2540, Train MAPE: 0.0700, Valid Loss: 2.6808, Valid RMSE: 5.2816, Valid MAPE: 0.0689, Train Time: 29.3946s/epoch, Valid Time: 2.6389s, LR: 9.0250e-04
2023-12-31 11:32:55,021 - Epoch: 030, Train Loss: 2.6985, Train RMSE: 5.2404, Train MAPE: 0.0698, Valid Loss: 2.6700, Valid RMSE: 5.3115, Valid MAPE: 0.0689, Train Time: 29.0696s/epoch, Valid Time: 2.8083s, LR: 9.0250e-04
2023-12-31 11:33:27,319 - Epoch: 031, Train Loss: 2.6953, Train RMSE: 5.2297, Train MAPE: 0.0696, Valid Loss: 2.6114, Valid RMSE: 5.2262, Valid MAPE: 0.0689, Train Time: 29.6624s/epoch, Valid Time: 2.6338s, LR: 8.5737e-04
2023-12-31 11:33:59,538 - Epoch: 032, Train Loss: 2.6925, Train RMSE: 5.2308, Train MAPE: 0.0697, Valid Loss: 2.6352, Valid RMSE: 5.2231, Valid MAPE: 0.0693, Train Time: 29.4869s/epoch, Valid Time: 2.7313s, LR: 8.5737e-04
2023-12-31 11:34:31,129 - Epoch: 033, Train Loss: 2.6866, Train RMSE: 5.2177, Train MAPE: 0.0694, Valid Loss: 2.6541, Valid RMSE: 5.2554, Valid MAPE: 0.0693, Train Time: 29.2207s/epoch, Valid Time: 2.3688s, LR: 8.5737e-04
2023-12-31 11:35:03,063 - Epoch: 034, Train Loss: 2.6835, Train RMSE: 5.2110, Train MAPE: 0.0693, Valid Loss: 2.6198, Valid RMSE: 5.2186, Valid MAPE: 0.0683, Train Time: 29.2200s/epoch, Valid Time: 2.7136s, LR: 8.5737e-04
2023-12-31 11:35:35,241 - Epoch: 035, Train Loss: 2.6877, Train RMSE: 5.2158, Train MAPE: 0.0694, Valid Loss: 2.5797, Valid RMSE: 5.1558, Valid MAPE: 0.0679, Train Time: 29.4906s/epoch, Valid Time: 2.6867s, LR: 8.5737e-04
2023-12-31 11:35:35,255 - Val loss decrease from 2.6042 to 2.5797
2023-12-31 11:36:07,619 - Epoch: 036, Train Loss: 2.6854, Train RMSE: 5.2128, Train MAPE: 0.0693, Valid Loss: 2.5914, Valid RMSE: 5.1930, Valid MAPE: 0.0689, Train Time: 29.7365s/epoch, Valid Time: 2.6258s, LR: 8.5737e-04
2023-12-31 11:36:39,367 - Epoch: 037, Train Loss: 2.6817, Train RMSE: 5.2048, Train MAPE: 0.0692, Valid Loss: 2.5908, Valid RMSE: 5.1846, Valid MAPE: 0.0695, Train Time: 29.2001s/epoch, Valid Time: 2.5464s, LR: 8.5737e-04
2023-12-31 11:37:10,730 - Epoch: 038, Train Loss: 2.6818, Train RMSE: 5.2068, Train MAPE: 0.0692, Valid Loss: 2.6290, Valid RMSE: 5.1948, Valid MAPE: 0.0692, Train Time: 28.6812s/epoch, Valid Time: 2.6809s, LR: 8.5737e-04
2023-12-31 11:37:42,876 - Epoch: 039, Train Loss: 2.6777, Train RMSE: 5.1965, Train MAPE: 0.0691, Valid Loss: 2.6459, Valid RMSE: 5.2169, Valid MAPE: 0.0685, Train Time: 29.2859s/epoch, Valid Time: 2.8597s, LR: 8.5737e-04
2023-12-31 11:38:15,356 - Epoch: 040, Train Loss: 2.6752, Train RMSE: 5.1921, Train MAPE: 0.0690, Valid Loss: 2.6108, Valid RMSE: 5.2015, Valid MAPE: 0.0698, Train Time: 29.5711s/epoch, Valid Time: 2.9079s, LR: 8.5737e-04
2023-12-31 11:38:47,221 - Epoch: 041, Train Loss: 2.6690, Train RMSE: 5.1802, Train MAPE: 0.0688, Valid Loss: 2.6166, Valid RMSE: 5.2123, Valid MAPE: 0.0693, Train Time: 29.0408s/epoch, Valid Time: 2.8236s, LR: 8.1451e-04
2023-12-31 11:39:19,068 - Epoch: 042, Train Loss: 2.6699, Train RMSE: 5.1802, Train MAPE: 0.0688, Valid Loss: 2.6042, Valid RMSE: 5.1748, Valid MAPE: 0.0680, Train Time: 29.2206s/epoch, Valid Time: 2.6255s, LR: 8.1451e-04
2023-12-31 11:39:51,309 - Epoch: 043, Train Loss: 2.6709, Train RMSE: 5.1814, Train MAPE: 0.0689, Valid Loss: 2.6108, Valid RMSE: 5.2753, Valid MAPE: 0.0706, Train Time: 29.5595s/epoch, Valid Time: 2.6806s, LR: 8.1451e-04
2023-12-31 11:40:23,675 - Epoch: 044, Train Loss: 2.6667, Train RMSE: 5.1739, Train MAPE: 0.0687, Valid Loss: 2.6464, Valid RMSE: 5.2023, Valid MAPE: 0.0687, Train Time: 29.5912s/epoch, Valid Time: 2.7739s, LR: 8.1451e-04
2023-12-31 11:40:55,163 - Epoch: 045, Train Loss: 2.6669, Train RMSE: 5.1704, Train MAPE: 0.0687, Valid Loss: 2.6251, Valid RMSE: 5.2136, Valid MAPE: 0.0701, Train Time: 28.7302s/epoch, Valid Time: 2.7564s, LR: 8.1451e-04
2023-12-31 11:40:55,163 - Early stop at epoch 45, loss = 2.579654
2023-12-31 11:40:55,163 - best valid_loss:2.579654
2023-12-31 11:41:00,744 - Horizon 1, Test MAE: 2.3245, Test RMSE: 4.0293, Test MAPE: 0.0559
2023-12-31 11:41:00,756 - Horizon 2, Test MAE: 2.5876, Test RMSE: 4.7982, Test MAPE: 0.0646
2023-12-31 11:41:00,767 - Horizon 3, Test MAE: 2.7762, Test RMSE: 5.3407, Test MAPE: 0.0715
2023-12-31 11:41:00,778 - Horizon 4, Test MAE: 2.9299, Test RMSE: 5.7679, Test MAPE: 0.0774
2023-12-31 11:41:00,864 - Horizon 5, Test MAE: 3.0670, Test RMSE: 6.1268, Test MAPE: 0.0825
2023-12-31 11:41:00,899 - Horizon 6, Test MAE: 3.1981, Test RMSE: 6.4577, Test MAPE: 0.0873
2023-12-31 11:41:00,900 - Average Test MAE: 2.8139, Test RMSE: 5.4201, Test MAPE: 0.0732
2023-12-31 12:25:41,164 - Namespace(Ks=3, Kt=3, adapter=False, batch_size=128, block_num=2, clip_grad_value=5, dataset='METRLA', device='cuda:5', dropout=0.3, embed_dim=10, end_dim=512, frozen=False, gamma=0.95, horizon=6, input_dim=2, lrate=0.001, max_epochs=100, mode='train', model='stgcn', num_layers=1, output_dim=1, patience=10, pre_train='', save='test.pth', seed=9, seq_length=12, step_size=10, wdecay=0.0005, years='2012')
2023-12-31 12:25:41,165 - Adj path: /home/yuxuan/rwl/GWN-LoRA/data/metrla/metrla_rn_adj.npy
2023-12-31 12:25:42,322 - Data shape: (34272, 207, 3)
2023-12-31 12:25:42,904 - Sample num: 23974, Batch num: 187
2023-12-31 12:25:43,546 - Sample num: 3425, Batch num: 26
2023-12-31 12:25:44,239 - Sample num: 6850, Batch num: 53
2023-12-31 12:25:44,695 - The number of parameters: 245702
2023-12-31 12:25:44,696 - Start training!
2023-12-31 12:26:18,474 - Epoch: 001, Train Loss: 3.7994, Train RMSE: 7.0188, Train MAPE: 0.1053, Valid Loss: 2.9861, Valid RMSE: 6.0666, Valid MAPE: 0.0837, Train Time: 31.1924s/epoch, Valid Time: 2.5852s, LR: 1.0000e-03
2023-12-31 12:26:18,485 - Val loss decrease from inf to 2.9861
2023-12-31 12:26:49,454 - Epoch: 002, Train Loss: 3.1737, Train RMSE: 6.1214, Train MAPE: 0.0850, Valid Loss: 2.9582, Valid RMSE: 5.9013, Valid MAPE: 0.0836, Train Time: 28.5558s/epoch, Valid Time: 2.4128s, LR: 1.0000e-03
2023-12-31 12:26:49,463 - Val loss decrease from 2.9861 to 2.9582
2023-12-31 12:27:20,998 - Epoch: 003, Train Loss: 3.0662, Train RMSE: 5.9692, Train MAPE: 0.0816, Valid Loss: 2.8974, Valid RMSE: 5.8152, Valid MAPE: 0.0781, Train Time: 28.9806s/epoch, Valid Time: 2.5536s, LR: 1.0000e-03
2023-12-31 12:27:21,013 - Val loss decrease from 2.9582 to 2.8974
2023-12-31 12:27:52,787 - Epoch: 004, Train Loss: 3.0127, Train RMSE: 5.8750, Train MAPE: 0.0796, Valid Loss: 2.8065, Valid RMSE: 5.6989, Valid MAPE: 0.0757, Train Time: 29.2184s/epoch, Valid Time: 2.5549s, LR: 1.0000e-03
2023-12-31 12:27:52,796 - Val loss decrease from 2.8974 to 2.8065
2023-12-31 12:28:23,950 - Epoch: 005, Train Loss: 2.9763, Train RMSE: 5.8149, Train MAPE: 0.0788, Valid Loss: 2.8873, Valid RMSE: 5.7486, Valid MAPE: 0.0755, Train Time: 28.7544s/epoch, Valid Time: 2.3988s, LR: 1.0000e-03
2023-12-31 12:28:55,592 - Epoch: 006, Train Loss: 2.9408, Train RMSE: 5.7459, Train MAPE: 0.0776, Valid Loss: 2.7686, Valid RMSE: 5.5976, Valid MAPE: 0.0728, Train Time: 29.0720s/epoch, Valid Time: 2.5695s, LR: 1.0000e-03
2023-12-31 12:28:55,604 - Val loss decrease from 2.8065 to 2.7686
2023-12-31 12:29:26,632 - Epoch: 007, Train Loss: 2.9107, Train RMSE: 5.6916, Train MAPE: 0.0768, Valid Loss: 2.8195, Valid RMSE: 5.5937, Valid MAPE: 0.0747, Train Time: 28.7337s/epoch, Valid Time: 2.2936s, LR: 1.0000e-03
2023-12-31 12:29:58,331 - Epoch: 008, Train Loss: 2.8771, Train RMSE: 5.6201, Train MAPE: 0.0757, Valid Loss: 2.7720, Valid RMSE: 5.5189, Valid MAPE: 0.0739, Train Time: 28.7942s/epoch, Valid Time: 2.9043s, LR: 1.0000e-03
2023-12-31 12:30:30,001 - Epoch: 009, Train Loss: 2.8591, Train RMSE: 5.5842, Train MAPE: 0.0752, Valid Loss: 2.7856, Valid RMSE: 5.5286, Valid MAPE: 0.0736, Train Time: 29.0401s/epoch, Valid Time: 2.6290s, LR: 1.0000e-03
2023-12-31 12:31:02,219 - Epoch: 010, Train Loss: 2.8410, Train RMSE: 5.5442, Train MAPE: 0.0746, Valid Loss: 2.7132, Valid RMSE: 5.4734, Valid MAPE: 0.0743, Train Time: 29.2646s/epoch, Valid Time: 2.9527s, LR: 1.0000e-03
2023-12-31 12:31:02,237 - Val loss decrease from 2.7686 to 2.7132
2023-12-31 12:31:34,364 - Epoch: 011, Train Loss: 2.8247, Train RMSE: 5.5023, Train MAPE: 0.0739, Valid Loss: 2.6940, Valid RMSE: 5.3740, Valid MAPE: 0.0719, Train Time: 29.2752s/epoch, Valid Time: 2.8507s, LR: 9.5000e-04
2023-12-31 12:31:34,383 - Val loss decrease from 2.7132 to 2.6940
2023-12-31 12:32:06,126 - Epoch: 012, Train Loss: 2.8161, Train RMSE: 5.4791, Train MAPE: 0.0737, Valid Loss: 2.8100, Valid RMSE: 5.4793, Valid MAPE: 0.0739, Train Time: 28.6420s/epoch, Valid Time: 3.1005s, LR: 9.5000e-04
2023-12-31 12:32:38,007 - Epoch: 013, Train Loss: 2.8077, Train RMSE: 5.4574, Train MAPE: 0.0733, Valid Loss: 2.6959, Valid RMSE: 5.4136, Valid MAPE: 0.0746, Train Time: 28.9027s/epoch, Valid Time: 2.9773s, LR: 9.5000e-04
2023-12-31 12:33:09,282 - Epoch: 014, Train Loss: 2.7857, Train RMSE: 5.4213, Train MAPE: 0.0727, Valid Loss: 2.6659, Valid RMSE: 5.3320, Valid MAPE: 0.0705, Train Time: 29.0095s/epoch, Valid Time: 2.2650s, LR: 9.5000e-04
2023-12-31 12:33:09,304 - Val loss decrease from 2.6940 to 2.6659
2023-12-31 12:33:41,650 - Epoch: 015, Train Loss: 2.7755, Train RMSE: 5.3926, Train MAPE: 0.0723, Valid Loss: 2.6777, Valid RMSE: 5.3192, Valid MAPE: 0.0718, Train Time: 29.3345s/epoch, Valid Time: 3.0115s, LR: 9.5000e-04
2023-12-31 12:34:13,861 - Epoch: 016, Train Loss: 2.7709, Train RMSE: 5.3850, Train MAPE: 0.0722, Valid Loss: 2.7012, Valid RMSE: 5.3737, Valid MAPE: 0.0715, Train Time: 29.1305s/epoch, Valid Time: 3.0798s, LR: 9.5000e-04
2023-12-31 12:34:45,858 - Epoch: 017, Train Loss: 2.7597, Train RMSE: 5.3626, Train MAPE: 0.0718, Valid Loss: 2.6541, Valid RMSE: 5.3060, Valid MAPE: 0.0709, Train Time: 29.1618s/epoch, Valid Time: 2.8346s, LR: 9.5000e-04
2023-12-31 12:34:45,868 - Val loss decrease from 2.6659 to 2.6541
2023-12-31 12:35:17,989 - Epoch: 018, Train Loss: 2.7543, Train RMSE: 5.3467, Train MAPE: 0.0715, Valid Loss: 2.6569, Valid RMSE: 5.3327, Valid MAPE: 0.0716, Train Time: 29.3472s/epoch, Valid Time: 2.7739s, LR: 9.5000e-04
2023-12-31 12:35:50,422 - Epoch: 019, Train Loss: 2.7481, Train RMSE: 5.3394, Train MAPE: 0.0714, Valid Loss: 2.6813, Valid RMSE: 5.3638, Valid MAPE: 0.0690, Train Time: 29.5522s/epoch, Valid Time: 2.8801s, LR: 9.5000e-04
2023-12-31 12:36:22,075 - Epoch: 020, Train Loss: 2.7391, Train RMSE: 5.3230, Train MAPE: 0.0711, Valid Loss: 2.6260, Valid RMSE: 5.2563, Valid MAPE: 0.0697, Train Time: 29.3737s/epoch, Valid Time: 2.2776s, LR: 9.5000e-04
2023-12-31 12:36:22,083 - Val loss decrease from 2.6541 to 2.6260
2023-12-31 12:36:53,856 - Epoch: 021, Train Loss: 2.7349, Train RMSE: 5.3115, Train MAPE: 0.0710, Valid Loss: 2.6231, Valid RMSE: 5.2498, Valid MAPE: 0.0697, Train Time: 29.4854s/epoch, Valid Time: 2.2864s, LR: 9.0250e-04
2023-12-31 12:36:53,868 - Val loss decrease from 2.6260 to 2.6231
2023-12-31 12:37:25,964 - Epoch: 022, Train Loss: 2.7311, Train RMSE: 5.3019, Train MAPE: 0.0708, Valid Loss: 2.6520, Valid RMSE: 5.2650, Valid MAPE: 0.0693, Train Time: 29.4950s/epoch, Valid Time: 2.5993s, LR: 9.0250e-04
2023-12-31 12:37:57,873 - Epoch: 023, Train Loss: 2.7215, Train RMSE: 5.2897, Train MAPE: 0.0706, Valid Loss: 2.6416, Valid RMSE: 5.2653, Valid MAPE: 0.0691, Train Time: 29.2847s/epoch, Valid Time: 2.6238s, LR: 9.0250e-04
2023-12-31 12:38:29,924 - Epoch: 024, Train Loss: 2.7238, Train RMSE: 5.2820, Train MAPE: 0.0705, Valid Loss: 2.6645, Valid RMSE: 5.2943, Valid MAPE: 0.0707, Train Time: 29.2892s/epoch, Valid Time: 2.7610s, LR: 9.0250e-04
2023-12-31 12:39:01,940 - Epoch: 025, Train Loss: 2.7215, Train RMSE: 5.2809, Train MAPE: 0.0705, Valid Loss: 2.6491, Valid RMSE: 5.2230, Valid MAPE: 0.0698, Train Time: 29.3384s/epoch, Valid Time: 2.6761s, LR: 9.0250e-04
2023-12-31 12:39:34,288 - Epoch: 026, Train Loss: 2.7154, Train RMSE: 5.2726, Train MAPE: 0.0703, Valid Loss: 2.6940, Valid RMSE: 5.3100, Valid MAPE: 0.0696, Train Time: 29.6296s/epoch, Valid Time: 2.7169s, LR: 9.0250e-04
2023-12-31 12:40:06,420 - Epoch: 027, Train Loss: 2.7156, Train RMSE: 5.2716, Train MAPE: 0.0702, Valid Loss: 2.6042, Valid RMSE: 5.2039, Valid MAPE: 0.0692, Train Time: 29.3214s/epoch, Valid Time: 2.8092s, LR: 9.0250e-04
2023-12-31 12:40:06,430 - Val loss decrease from 2.6231 to 2.6042
2023-12-31 12:40:38,103 - Epoch: 028, Train Loss: 2.7037, Train RMSE: 5.2478, Train MAPE: 0.0700, Valid Loss: 2.6434, Valid RMSE: 5.2637, Valid MAPE: 0.0703, Train Time: 29.2764s/epoch, Valid Time: 2.3946s, LR: 9.0250e-04
2023-12-31 12:41:10,039 - Epoch: 029, Train Loss: 2.7059, Train RMSE: 5.2540, Train MAPE: 0.0700, Valid Loss: 2.6808, Valid RMSE: 5.2816, Valid MAPE: 0.0689, Train Time: 28.8959s/epoch, Valid Time: 3.0392s, LR: 9.0250e-04
2023-12-31 12:41:41,883 - Epoch: 030, Train Loss: 2.6985, Train RMSE: 5.2404, Train MAPE: 0.0698, Valid Loss: 2.6700, Valid RMSE: 5.3115, Valid MAPE: 0.0689, Train Time: 29.3666s/epoch, Valid Time: 2.4751s, LR: 9.0250e-04
2023-12-31 12:42:13,352 - Epoch: 031, Train Loss: 2.6953, Train RMSE: 5.2297, Train MAPE: 0.0696, Valid Loss: 2.6114, Valid RMSE: 5.2262, Valid MAPE: 0.0689, Train Time: 28.8566s/epoch, Valid Time: 2.6101s, LR: 8.5737e-04
2023-12-31 12:42:45,622 - Epoch: 032, Train Loss: 2.6925, Train RMSE: 5.2308, Train MAPE: 0.0697, Valid Loss: 2.6352, Valid RMSE: 5.2231, Valid MAPE: 0.0693, Train Time: 29.1844s/epoch, Valid Time: 3.0850s, LR: 8.5737e-04
2023-12-31 12:43:17,743 - Epoch: 033, Train Loss: 2.6866, Train RMSE: 5.2177, Train MAPE: 0.0694, Valid Loss: 2.6541, Valid RMSE: 5.2554, Valid MAPE: 0.0693, Train Time: 29.0873s/epoch, Valid Time: 3.0315s, LR: 8.5737e-04
2023-12-31 12:43:49,413 - Epoch: 034, Train Loss: 2.6835, Train RMSE: 5.2110, Train MAPE: 0.0693, Valid Loss: 2.6198, Valid RMSE: 5.2186, Valid MAPE: 0.0683, Train Time: 29.0954s/epoch, Valid Time: 2.5739s, LR: 8.5737e-04
2023-12-31 12:44:21,181 - Epoch: 035, Train Loss: 2.6877, Train RMSE: 5.2158, Train MAPE: 0.0694, Valid Loss: 2.5797, Valid RMSE: 5.1558, Valid MAPE: 0.0679, Train Time: 28.9337s/epoch, Valid Time: 2.8326s, LR: 8.5737e-04
2023-12-31 12:44:21,190 - Val loss decrease from 2.6042 to 2.5797
2023-12-31 12:44:53,553 - Epoch: 036, Train Loss: 2.6854, Train RMSE: 5.2128, Train MAPE: 0.0693, Valid Loss: 2.5914, Valid RMSE: 5.1930, Valid MAPE: 0.0689, Train Time: 29.4211s/epoch, Valid Time: 2.9413s, LR: 8.5737e-04
2023-12-31 12:45:25,772 - Epoch: 037, Train Loss: 2.6817, Train RMSE: 5.2048, Train MAPE: 0.0692, Valid Loss: 2.5908, Valid RMSE: 5.1846, Valid MAPE: 0.0695, Train Time: 29.6437s/epoch, Valid Time: 2.5744s, LR: 8.5737e-04
2023-12-31 12:45:56,851 - Epoch: 038, Train Loss: 2.6818, Train RMSE: 5.2068, Train MAPE: 0.0692, Valid Loss: 2.6290, Valid RMSE: 5.1948, Valid MAPE: 0.0692, Train Time: 28.6766s/epoch, Valid Time: 2.4018s, LR: 8.5737e-04
2023-12-31 12:46:27,271 - Epoch: 039, Train Loss: 2.6777, Train RMSE: 5.1965, Train MAPE: 0.0691, Valid Loss: 2.6459, Valid RMSE: 5.2169, Valid MAPE: 0.0685, Train Time: 27.8898s/epoch, Valid Time: 2.5289s, LR: 8.5737e-04
2023-12-31 12:46:57,096 - Epoch: 040, Train Loss: 2.6752, Train RMSE: 5.1921, Train MAPE: 0.0690, Valid Loss: 2.6108, Valid RMSE: 5.2015, Valid MAPE: 0.0698, Train Time: 27.2445s/epoch, Valid Time: 2.5806s, LR: 8.5737e-04
2023-12-31 12:47:27,563 - Epoch: 041, Train Loss: 2.6690, Train RMSE: 5.1802, Train MAPE: 0.0688, Valid Loss: 2.6166, Valid RMSE: 5.2123, Valid MAPE: 0.0693, Train Time: 28.0068s/epoch, Valid Time: 2.4594s, LR: 8.1451e-04
2023-12-31 12:47:57,834 - Epoch: 042, Train Loss: 2.6699, Train RMSE: 5.1802, Train MAPE: 0.0688, Valid Loss: 2.6042, Valid RMSE: 5.1748, Valid MAPE: 0.0680, Train Time: 27.6541s/epoch, Valid Time: 2.6151s, LR: 8.1451e-04
2023-12-31 12:48:27,231 - Epoch: 043, Train Loss: 2.6709, Train RMSE: 5.1814, Train MAPE: 0.0689, Valid Loss: 2.6108, Valid RMSE: 5.2753, Valid MAPE: 0.0706, Train Time: 27.4634s/epoch, Valid Time: 1.9330s, LR: 8.1451e-04
2023-12-31 12:48:57,840 - Epoch: 044, Train Loss: 2.6667, Train RMSE: 5.1739, Train MAPE: 0.0687, Valid Loss: 2.6464, Valid RMSE: 5.2023, Valid MAPE: 0.0687, Train Time: 28.0000s/epoch, Valid Time: 2.6082s, LR: 8.1451e-04
2023-12-31 12:49:27,273 - Epoch: 045, Train Loss: 2.6669, Train RMSE: 5.1704, Train MAPE: 0.0687, Valid Loss: 2.6251, Valid RMSE: 5.2136, Valid MAPE: 0.0701, Train Time: 27.0619s/epoch, Valid Time: 2.3700s, LR: 8.1451e-04
2023-12-31 12:49:27,273 - Early stop at epoch 45, loss = 2.579654
2023-12-31 12:49:27,273 - best valid_loss:2.579654
2023-12-31 12:49:32,373 - Horizon 1, Test MAE: 2.3245, Test RMSE: 4.0293, Test MAPE: 0.0559
2023-12-31 12:49:32,384 - Horizon 2, Test MAE: 2.5876, Test RMSE: 4.7982, Test MAPE: 0.0646
2023-12-31 12:49:32,394 - Horizon 3, Test MAE: 2.7762, Test RMSE: 5.3407, Test MAPE: 0.0715
2023-12-31 12:49:32,405 - Horizon 4, Test MAE: 2.9299, Test RMSE: 5.7679, Test MAPE: 0.0774
2023-12-31 12:49:32,434 - Horizon 5, Test MAE: 3.0670, Test RMSE: 6.1268, Test MAPE: 0.0825
2023-12-31 12:49:32,445 - Horizon 6, Test MAE: 3.1981, Test RMSE: 6.4577, Test MAPE: 0.0873
2023-12-31 12:49:32,445 - Average Test MAE: 2.8139, Test RMSE: 5.4201, Test MAPE: 0.0732
2023-12-31 12:53:45,593 - Namespace(Ks=3, Kt=3, adapter=True, batch_size=128, block_num=2, clip_grad_value=5, dataset='METRLA', device='cuda:5', dropout=0.3, embed_dim=10, end_dim=512, frozen=False, gamma=0.95, horizon=6, input_dim=2, lrate=0.001, max_epochs=100, mode='train', model='stgcn', num_layers=1, output_dim=1, patience=10, pre_train='', save='test.pth', seed=9, seq_length=12, step_size=10, wdecay=0.0005, years='2012')
2023-12-31 12:53:45,594 - Adj path: /home/yuxuan/rwl/GWN-LoRA/data/metrla/metrla_rn_adj.npy
2023-12-31 12:53:46,722 - Data shape: (34272, 207, 3)
2023-12-31 12:53:47,274 - Sample num: 23974, Batch num: 187
2023-12-31 12:53:47,841 - Sample num: 3425, Batch num: 26
2023-12-31 12:53:48,453 - Sample num: 6850, Batch num: 53
2023-12-31 12:53:48,876 - The number of parameters: 245702
2023-12-31 12:53:48,880 - Start training!
2023-12-31 12:54:22,445 - Epoch: 001, Train Loss: 3.8493, Train RMSE: 7.0802, Train MAPE: 0.1044, Valid Loss: 3.0681, Valid RMSE: 6.2389, Valid MAPE: 0.0832, Train Time: 31.0363s/epoch, Valid Time: 2.5286s, LR: 1.0000e-03
2023-12-31 12:54:22,459 - Val loss decrease from inf to 3.0681
2023-12-31 12:54:53,718 - Epoch: 002, Train Loss: 3.2151, Train RMSE: 6.2592, Train MAPE: 0.0857, Valid Loss: 2.9271, Valid RMSE: 5.9892, Valid MAPE: 0.0797, Train Time: 28.6152s/epoch, Valid Time: 2.6428s, LR: 1.0000e-03
2023-12-31 12:54:53,732 - Val loss decrease from 3.0681 to 2.9271
2023-12-31 12:55:24,870 - Epoch: 003, Train Loss: 3.1047, Train RMSE: 6.0266, Train MAPE: 0.0826, Valid Loss: 2.9628, Valid RMSE: 5.8634, Valid MAPE: 0.0785, Train Time: 28.5662s/epoch, Valid Time: 2.5717s, LR: 1.0000e-03
2023-12-31 12:55:56,779 - Epoch: 004, Train Loss: 3.0195, Train RMSE: 5.8960, Train MAPE: 0.0798, Valid Loss: 2.8469, Valid RMSE: 5.7332, Valid MAPE: 0.0759, Train Time: 29.5040s/epoch, Valid Time: 2.4036s, LR: 1.0000e-03
2023-12-31 12:55:56,795 - Val loss decrease from 2.9271 to 2.8469
2023-12-31 12:56:26,849 - Epoch: 005, Train Loss: 2.9798, Train RMSE: 5.8224, Train MAPE: 0.0789, Valid Loss: 2.8028, Valid RMSE: 5.5773, Valid MAPE: 0.0755, Train Time: 27.7340s/epoch, Valid Time: 2.3193s, LR: 1.0000e-03
2023-12-31 12:56:26,862 - Val loss decrease from 2.8469 to 2.8028
2023-12-31 12:56:56,581 - Epoch: 006, Train Loss: 2.9282, Train RMSE: 5.7302, Train MAPE: 0.0773, Valid Loss: 2.7982, Valid RMSE: 5.6101, Valid MAPE: 0.0750, Train Time: 27.3814s/epoch, Valid Time: 2.3372s, LR: 1.0000e-03
2023-12-31 12:56:56,593 - Val loss decrease from 2.8028 to 2.7982
2023-12-31 12:57:25,818 - Epoch: 007, Train Loss: 2.9081, Train RMSE: 5.6751, Train MAPE: 0.0766, Valid Loss: 2.7924, Valid RMSE: 5.6010, Valid MAPE: 0.0735, Train Time: 26.8908s/epoch, Valid Time: 2.3332s, LR: 1.0000e-03
2023-12-31 12:57:25,830 - Val loss decrease from 2.7982 to 2.7924
2023-12-31 12:57:55,330 - Epoch: 008, Train Loss: 2.8710, Train RMSE: 5.6115, Train MAPE: 0.0754, Valid Loss: 2.7693, Valid RMSE: 5.5051, Valid MAPE: 0.0738, Train Time: 27.1699s/epoch, Valid Time: 2.3303s, LR: 1.0000e-03
2023-12-31 12:57:55,343 - Val loss decrease from 2.7924 to 2.7693
2023-12-31 12:58:25,057 - Epoch: 009, Train Loss: 2.8555, Train RMSE: 5.5735, Train MAPE: 0.0750, Valid Loss: 2.7451, Valid RMSE: 5.5028, Valid MAPE: 0.0724, Train Time: 27.3852s/epoch, Valid Time: 2.3290s, LR: 1.0000e-03
2023-12-31 12:58:25,070 - Val loss decrease from 2.7693 to 2.7451
2023-12-31 12:58:55,196 - Epoch: 010, Train Loss: 2.8390, Train RMSE: 5.5290, Train MAPE: 0.0743, Valid Loss: 2.7992, Valid RMSE: 5.4967, Valid MAPE: 0.0759, Train Time: 27.9018s/epoch, Valid Time: 2.2238s, LR: 1.0000e-03
2023-12-31 12:59:22,093 - Epoch: 011, Train Loss: 2.8204, Train RMSE: 5.4932, Train MAPE: 0.0738, Valid Loss: 2.6875, Valid RMSE: 5.3776, Valid MAPE: 0.0712, Train Time: 24.7397s/epoch, Valid Time: 2.1558s, LR: 9.5000e-04
2023-12-31 12:59:22,106 - Val loss decrease from 2.7451 to 2.6875
2023-12-31 12:59:49,864 - Epoch: 012, Train Loss: 2.8092, Train RMSE: 5.4592, Train MAPE: 0.0733, Valid Loss: 2.7332, Valid RMSE: 5.4271, Valid MAPE: 0.0717, Train Time: 25.6423s/epoch, Valid Time: 2.1160s, LR: 9.5000e-04
2023-12-31 13:00:17,674 - Epoch: 013, Train Loss: 2.7922, Train RMSE: 5.4373, Train MAPE: 0.0729, Valid Loss: 2.6867, Valid RMSE: 5.3412, Valid MAPE: 0.0717, Train Time: 25.7037s/epoch, Valid Time: 2.1053s, LR: 9.5000e-04
2023-12-31 13:00:17,686 - Val loss decrease from 2.6875 to 2.6867
2023-12-31 13:00:45,104 - Epoch: 014, Train Loss: 2.7799, Train RMSE: 5.4084, Train MAPE: 0.0724, Valid Loss: 2.6580, Valid RMSE: 5.3083, Valid MAPE: 0.0705, Train Time: 25.3612s/epoch, Valid Time: 2.0563s, LR: 9.5000e-04
2023-12-31 13:00:45,118 - Val loss decrease from 2.6867 to 2.6580
2023-12-31 13:01:12,528 - Epoch: 015, Train Loss: 2.7726, Train RMSE: 5.3903, Train MAPE: 0.0721, Valid Loss: 2.6523, Valid RMSE: 5.3071, Valid MAPE: 0.0701, Train Time: 25.1937s/epoch, Valid Time: 2.2160s, LR: 9.5000e-04
2023-12-31 13:01:12,539 - Val loss decrease from 2.6580 to 2.6523
2023-12-31 13:01:39,819 - Epoch: 016, Train Loss: 2.7597, Train RMSE: 5.3688, Train MAPE: 0.0718, Valid Loss: 2.7272, Valid RMSE: 5.4141, Valid MAPE: 0.0711, Train Time: 25.2273s/epoch, Valid Time: 2.0518s, LR: 9.5000e-04
2023-12-31 13:02:07,473 - Epoch: 017, Train Loss: 2.7534, Train RMSE: 5.3573, Train MAPE: 0.0716, Valid Loss: 2.6715, Valid RMSE: 5.3565, Valid MAPE: 0.0713, Train Time: 25.5724s/epoch, Valid Time: 2.0809s, LR: 9.5000e-04
2023-12-31 13:02:34,986 - Epoch: 018, Train Loss: 2.7461, Train RMSE: 5.3375, Train MAPE: 0.0712, Valid Loss: 2.6620, Valid RMSE: 5.3271, Valid MAPE: 0.0713, Train Time: 25.4236s/epoch, Valid Time: 2.0885s, LR: 9.5000e-04
2023-12-31 13:03:03,040 - Epoch: 019, Train Loss: 2.7416, Train RMSE: 5.3285, Train MAPE: 0.0711, Valid Loss: 2.6111, Valid RMSE: 5.2382, Valid MAPE: 0.0698, Train Time: 25.8176s/epoch, Valid Time: 2.2359s, LR: 9.5000e-04
2023-12-31 13:03:03,052 - Val loss decrease from 2.6523 to 2.6111
2023-12-31 13:03:31,283 - Epoch: 020, Train Loss: 2.7314, Train RMSE: 5.3135, Train MAPE: 0.0709, Valid Loss: 2.6178, Valid RMSE: 5.2629, Valid MAPE: 0.0697, Train Time: 26.1697s/epoch, Valid Time: 2.0614s, LR: 9.5000e-04
2023-12-31 13:03:58,947 - Epoch: 021, Train Loss: 2.7246, Train RMSE: 5.3011, Train MAPE: 0.0706, Valid Loss: 2.6050, Valid RMSE: 5.2412, Valid MAPE: 0.0702, Train Time: 25.4893s/epoch, Valid Time: 2.1735s, LR: 9.0250e-04
2023-12-31 13:03:58,959 - Val loss decrease from 2.6111 to 2.6050
2023-12-31 13:04:26,430 - Epoch: 022, Train Loss: 2.7187, Train RMSE: 5.2882, Train MAPE: 0.0704, Valid Loss: 2.6392, Valid RMSE: 5.2351, Valid MAPE: 0.0688, Train Time: 25.3556s/epoch, Valid Time: 2.1151s, LR: 9.0250e-04
2023-12-31 13:04:53,990 - Epoch: 023, Train Loss: 2.7141, Train RMSE: 5.2808, Train MAPE: 0.0703, Valid Loss: 2.6259, Valid RMSE: 5.2739, Valid MAPE: 0.0701, Train Time: 25.4817s/epoch, Valid Time: 2.0779s, LR: 9.0250e-04
2023-12-31 13:05:21,188 - Epoch: 024, Train Loss: 2.7088, Train RMSE: 5.2684, Train MAPE: 0.0701, Valid Loss: 2.6685, Valid RMSE: 5.3106, Valid MAPE: 0.0687, Train Time: 25.0160s/epoch, Valid Time: 2.1809s, LR: 9.0250e-04
2023-12-31 13:05:48,779 - Epoch: 025, Train Loss: 2.7042, Train RMSE: 5.2604, Train MAPE: 0.0699, Valid Loss: 2.6327, Valid RMSE: 5.2287, Valid MAPE: 0.0678, Train Time: 25.4245s/epoch, Valid Time: 2.1653s, LR: 9.0250e-04
2023-12-31 13:06:16,102 - Epoch: 026, Train Loss: 2.6985, Train RMSE: 5.2519, Train MAPE: 0.0698, Valid Loss: 2.6407, Valid RMSE: 5.2602, Valid MAPE: 0.0698, Train Time: 25.3548s/epoch, Valid Time: 1.9679s, LR: 9.0250e-04
2023-12-31 13:06:43,630 - Epoch: 027, Train Loss: 2.7002, Train RMSE: 5.2528, Train MAPE: 0.0698, Valid Loss: 2.5928, Valid RMSE: 5.1919, Valid MAPE: 0.0693, Train Time: 25.4896s/epoch, Valid Time: 2.0374s, LR: 9.0250e-04
2023-12-31 13:06:43,642 - Val loss decrease from 2.6050 to 2.5928
2023-12-31 13:07:10,760 - Epoch: 028, Train Loss: 2.6942, Train RMSE: 5.2380, Train MAPE: 0.0696, Valid Loss: 2.6048, Valid RMSE: 5.2186, Valid MAPE: 0.0685, Train Time: 25.0852s/epoch, Valid Time: 2.0323s, LR: 9.0250e-04
2023-12-31 13:07:38,246 - Epoch: 029, Train Loss: 2.6868, Train RMSE: 5.2253, Train MAPE: 0.0693, Valid Loss: 2.6339, Valid RMSE: 5.2652, Valid MAPE: 0.0689, Train Time: 25.3065s/epoch, Valid Time: 2.1784s, LR: 9.0250e-04
2023-12-31 13:08:06,187 - Epoch: 030, Train Loss: 2.6868, Train RMSE: 5.2234, Train MAPE: 0.0693, Valid Loss: 2.6362, Valid RMSE: 5.2607, Valid MAPE: 0.0689, Train Time: 25.8008s/epoch, Valid Time: 2.1401s, LR: 9.0250e-04
2023-12-31 13:08:33,597 - Epoch: 031, Train Loss: 2.6795, Train RMSE: 5.2119, Train MAPE: 0.0691, Valid Loss: 2.5854, Valid RMSE: 5.1868, Valid MAPE: 0.0671, Train Time: 25.4377s/epoch, Valid Time: 1.9715s, LR: 8.5737e-04
2023-12-31 13:08:33,610 - Val loss decrease from 2.5928 to 2.5854
2023-12-31 13:09:01,217 - Epoch: 032, Train Loss: 2.6784, Train RMSE: 5.2096, Train MAPE: 0.0691, Valid Loss: 2.6223, Valid RMSE: 5.2399, Valid MAPE: 0.0694, Train Time: 25.4664s/epoch, Valid Time: 2.1411s, LR: 8.5737e-04
2023-12-31 13:09:28,956 - Epoch: 033, Train Loss: 2.6722, Train RMSE: 5.1965, Train MAPE: 0.0689, Valid Loss: 2.6443, Valid RMSE: 5.2717, Valid MAPE: 0.0690, Train Time: 25.5964s/epoch, Valid Time: 2.1421s, LR: 8.5737e-04
2023-12-31 13:09:56,629 - Epoch: 034, Train Loss: 2.6756, Train RMSE: 5.2047, Train MAPE: 0.0690, Valid Loss: 2.5875, Valid RMSE: 5.1816, Valid MAPE: 0.0673, Train Time: 25.5356s/epoch, Valid Time: 2.1363s, LR: 8.5737e-04
2023-12-31 13:10:24,460 - Epoch: 035, Train Loss: 2.6698, Train RMSE: 5.1906, Train MAPE: 0.0688, Valid Loss: 2.6133, Valid RMSE: 5.2019, Valid MAPE: 0.0679, Train Time: 25.6577s/epoch, Valid Time: 2.1724s, LR: 8.5737e-04
2023-12-31 13:10:51,828 - Epoch: 036, Train Loss: 2.6731, Train RMSE: 5.1965, Train MAPE: 0.0689, Valid Loss: 2.5645, Valid RMSE: 5.1222, Valid MAPE: 0.0682, Train Time: 25.3032s/epoch, Valid Time: 2.0644s, LR: 8.5737e-04
2023-12-31 13:10:51,841 - Val loss decrease from 2.5854 to 2.5645
2023-12-31 13:11:19,713 - Epoch: 037, Train Loss: 2.6629, Train RMSE: 5.1773, Train MAPE: 0.0685, Valid Loss: 2.5733, Valid RMSE: 5.1881, Valid MAPE: 0.0680, Train Time: 25.7227s/epoch, Valid Time: 2.1489s, LR: 8.5737e-04
2023-12-31 13:11:47,049 - Epoch: 038, Train Loss: 2.6683, Train RMSE: 5.1882, Train MAPE: 0.0688, Valid Loss: 2.5857, Valid RMSE: 5.1692, Valid MAPE: 0.0682, Train Time: 25.2399s/epoch, Valid Time: 2.0956s, LR: 8.5737e-04
2023-12-31 13:12:14,829 - Epoch: 039, Train Loss: 2.6634, Train RMSE: 5.1778, Train MAPE: 0.0685, Valid Loss: 2.6003, Valid RMSE: 5.1911, Valid MAPE: 0.0676, Train Time: 25.5536s/epoch, Valid Time: 2.2249s, LR: 8.5737e-04
2023-12-31 13:12:42,628 - Epoch: 040, Train Loss: 2.6606, Train RMSE: 5.1684, Train MAPE: 0.0684, Valid Loss: 2.6086, Valid RMSE: 5.2182, Valid MAPE: 0.0680, Train Time: 25.6427s/epoch, Valid Time: 2.1562s, LR: 8.5737e-04
2023-12-31 13:13:10,234 - Epoch: 041, Train Loss: 2.6547, Train RMSE: 5.1581, Train MAPE: 0.0682, Valid Loss: 2.6060, Valid RMSE: 5.2545, Valid MAPE: 0.0698, Train Time: 25.3340s/epoch, Valid Time: 2.2715s, LR: 8.1451e-04
2023-12-31 13:13:38,469 - Epoch: 042, Train Loss: 2.6584, Train RMSE: 5.1633, Train MAPE: 0.0684, Valid Loss: 2.5950, Valid RMSE: 5.1972, Valid MAPE: 0.0685, Train Time: 26.0700s/epoch, Valid Time: 2.1636s, LR: 8.1451e-04
2023-12-31 13:14:06,104 - Epoch: 043, Train Loss: 2.6558, Train RMSE: 5.1574, Train MAPE: 0.0682, Valid Loss: 2.5921, Valid RMSE: 5.2483, Valid MAPE: 0.0700, Train Time: 25.4631s/epoch, Valid Time: 2.1709s, LR: 8.1451e-04
2023-12-31 13:14:34,100 - Epoch: 044, Train Loss: 2.6554, Train RMSE: 5.1619, Train MAPE: 0.0683, Valid Loss: 2.5904, Valid RMSE: 5.1699, Valid MAPE: 0.0678, Train Time: 25.7540s/epoch, Valid Time: 2.2412s, LR: 8.1451e-04
2023-12-31 13:15:01,721 - Epoch: 045, Train Loss: 2.6516, Train RMSE: 5.1471, Train MAPE: 0.0681, Valid Loss: 2.5859, Valid RMSE: 5.1847, Valid MAPE: 0.0689, Train Time: 25.5742s/epoch, Valid Time: 2.0458s, LR: 8.1451e-04
2023-12-31 13:15:29,223 - Epoch: 046, Train Loss: 2.6514, Train RMSE: 5.1494, Train MAPE: 0.0681, Valid Loss: 2.6074, Valid RMSE: 5.1679, Valid MAPE: 0.0677, Train Time: 25.3221s/epoch, Valid Time: 2.1796s, LR: 8.1451e-04
2023-12-31 13:15:29,223 - Early stop at epoch 46, loss = 2.564456
2023-12-31 13:15:29,223 - best valid_loss:2.564456
2023-12-31 13:15:33,547 - Horizon 1, Test MAE: 2.2869, Test RMSE: 3.9717, Test MAPE: 0.0554
2023-12-31 13:15:33,559 - Horizon 2, Test MAE: 2.5500, Test RMSE: 4.7191, Test MAPE: 0.0641
2023-12-31 13:15:33,571 - Horizon 3, Test MAE: 2.7410, Test RMSE: 5.2503, Test MAPE: 0.0712
2023-12-31 13:15:33,584 - Horizon 4, Test MAE: 2.9016, Test RMSE: 5.6798, Test MAPE: 0.0771
2023-12-31 13:15:33,596 - Horizon 5, Test MAE: 3.0407, Test RMSE: 6.0382, Test MAPE: 0.0823
2023-12-31 13:15:33,608 - Horizon 6, Test MAE: 3.1711, Test RMSE: 6.3641, Test MAPE: 0.0872
2023-12-31 13:15:33,608 - Average Test MAE: 2.7819, Test RMSE: 5.3372, Test MAPE: 0.0729
2024-01-03 20:21:02,794 - Namespace(Ks=3, Kt=3, adapter=False, batch_size=128, block_num=2, clip_grad_value=5, dataset='METRLA', device='cuda:5', dropout=0.3, embed_dim=10, end_dim=512, frozen=False, gamma=0.95, horizon=3, input_dim=2, lrate=0.001, max_epochs=100, mode='train', model='stgcn', num_layers=1, output_dim=1, patience=10, pre_train='', save='test.pth', seed=9, seq_length=12, step_size=10, wdecay=0.0005, years='2012')
2024-01-03 20:21:02,795 - Adj path: /home/yuxuan/rwl/GWN-LoRA/data/metrla/metrla_rn_adj.npy
2024-01-03 20:21:03,813 - Data shape: (34272, 207, 3)
2024-01-03 20:21:04,341 - Sample num: 23974, Batch num: 187
2024-01-03 20:21:04,880 - Sample num: 3425, Batch num: 26
2024-01-03 20:21:05,447 - Sample num: 6850, Batch num: 53
2024-01-03 20:21:05,883 - The number of parameters: 245315
2024-01-03 20:21:05,883 - Start training!
2024-01-03 20:21:39,579 - Epoch: 001, Train Loss: 3.4697, Train RMSE: 6.2541, Train MAPE: 0.0912, Valid Loss: 2.7799, Valid RMSE: 5.5230, Valid MAPE: 0.0693, Train Time: 30.9487s/epoch, Valid Time: 2.7466s, LR: 1.0000e-03
2024-01-03 20:21:39,591 - Val loss decrease from inf to 2.7799
2024-01-03 20:22:10,798 - Epoch: 002, Train Loss: 2.8259, Train RMSE: 5.3035, Train MAPE: 0.0718, Valid Loss: 2.5921, Valid RMSE: 5.0291, Valid MAPE: 0.0668, Train Time: 28.4097s/epoch, Valid Time: 2.7967s, LR: 1.0000e-03
2024-01-03 20:22:10,806 - Val loss decrease from 2.7799 to 2.5921
2024-01-03 20:22:42,827 - Epoch: 003, Train Loss: 2.7127, Train RMSE: 5.0788, Train MAPE: 0.0686, Valid Loss: 2.7816, Valid RMSE: 5.1449, Valid MAPE: 0.0679, Train Time: 29.1140s/epoch, Valid Time: 2.9061s, LR: 1.0000e-03
2024-01-03 20:23:13,975 - Epoch: 004, Train Loss: 2.6685, Train RMSE: 4.9957, Train MAPE: 0.0672, Valid Loss: 2.6589, Valid RMSE: 4.9969, Valid MAPE: 0.0656, Train Time: 28.7670s/epoch, Valid Time: 2.3804s, LR: 1.0000e-03
2024-01-03 20:23:45,072 - Epoch: 005, Train Loss: 2.6383, Train RMSE: 4.9383, Train MAPE: 0.0661, Valid Loss: 2.5834, Valid RMSE: 4.8836, Valid MAPE: 0.0634, Train Time: 28.3239s/epoch, Valid Time: 2.7723s, LR: 1.0000e-03
2024-01-03 20:23:45,083 - Val loss decrease from 2.5921 to 2.5834
2024-01-03 20:24:16,749 - Epoch: 006, Train Loss: 2.6129, Train RMSE: 4.8896, Train MAPE: 0.0653, Valid Loss: 2.5692, Valid RMSE: 4.8623, Valid MAPE: 0.0635, Train Time: 28.8445s/epoch, Valid Time: 2.8208s, LR: 1.0000e-03
2024-01-03 20:24:16,759 - Val loss decrease from 2.5834 to 2.5692
2024-01-03 20:24:47,565 - Epoch: 007, Train Loss: 2.5879, Train RMSE: 4.8318, Train MAPE: 0.0644, Valid Loss: 2.5968, Valid RMSE: 4.8318, Valid MAPE: 0.0650, Train Time: 28.5658s/epoch, Valid Time: 2.2395s, LR: 1.0000e-03
2024-01-03 20:25:20,003 - Epoch: 008, Train Loss: 2.5731, Train RMSE: 4.7954, Train MAPE: 0.0640, Valid Loss: 2.5657, Valid RMSE: 4.7753, Valid MAPE: 0.0641, Train Time: 29.6631s/epoch, Valid Time: 2.7744s, LR: 1.0000e-03
2024-01-03 20:25:20,013 - Val loss decrease from 2.5692 to 2.5657
2024-01-03 20:25:51,979 - Epoch: 009, Train Loss: 2.5607, Train RMSE: 4.7581, Train MAPE: 0.0636, Valid Loss: 2.4992, Valid RMSE: 4.7347, Valid MAPE: 0.0631, Train Time: 29.4739s/epoch, Valid Time: 2.4916s, LR: 1.0000e-03
2024-01-03 20:25:51,989 - Val loss decrease from 2.5657 to 2.4992
2024-01-03 20:26:23,709 - Epoch: 010, Train Loss: 2.5466, Train RMSE: 4.7328, Train MAPE: 0.0632, Valid Loss: 2.4840, Valid RMSE: 4.6860, Valid MAPE: 0.0624, Train Time: 29.1132s/epoch, Valid Time: 2.6060s, LR: 1.0000e-03
2024-01-03 20:26:23,718 - Val loss decrease from 2.4992 to 2.4840
2024-01-03 20:26:56,129 - Epoch: 011, Train Loss: 2.5313, Train RMSE: 4.7048, Train MAPE: 0.0627, Valid Loss: 2.4482, Valid RMSE: 4.6201, Valid MAPE: 0.0610, Train Time: 29.6585s/epoch, Valid Time: 2.7509s, LR: 9.5000e-04
2024-01-03 20:26:56,144 - Val loss decrease from 2.4840 to 2.4482
2024-01-03 20:27:28,217 - Epoch: 012, Train Loss: 2.5247, Train RMSE: 4.6849, Train MAPE: 0.0624, Valid Loss: 2.4499, Valid RMSE: 4.6575, Valid MAPE: 0.0608, Train Time: 29.1429s/epoch, Valid Time: 2.9292s, LR: 9.5000e-04
2024-01-03 20:28:01,305 - Epoch: 013, Train Loss: 2.5189, Train RMSE: 4.6675, Train MAPE: 0.0622, Valid Loss: 2.4512, Valid RMSE: 4.6135, Valid MAPE: 0.0605, Train Time: 30.1563s/epoch, Valid Time: 2.9300s, LR: 9.5000e-04
2024-01-03 20:28:33,681 - Epoch: 014, Train Loss: 2.5127, Train RMSE: 4.6566, Train MAPE: 0.0620, Valid Loss: 2.4323, Valid RMSE: 4.5947, Valid MAPE: 0.0609, Train Time: 29.8968s/epoch, Valid Time: 2.4782s, LR: 9.5000e-04
2024-01-03 20:28:33,697 - Val loss decrease from 2.4482 to 2.4323
2024-01-03 20:29:06,364 - Epoch: 015, Train Loss: 2.5006, Train RMSE: 4.6368, Train MAPE: 0.0616, Valid Loss: 2.4660, Valid RMSE: 4.6174, Valid MAPE: 0.0620, Train Time: 29.8704s/epoch, Valid Time: 2.7964s, LR: 9.5000e-04
2024-01-03 20:29:38,286 - Epoch: 016, Train Loss: 2.4940, Train RMSE: 4.6231, Train MAPE: 0.0614, Valid Loss: 2.4013, Valid RMSE: 4.5549, Valid MAPE: 0.0597, Train Time: 29.3460s/epoch, Valid Time: 2.5748s, LR: 9.5000e-04
2024-01-03 20:29:38,295 - Val loss decrease from 2.4323 to 2.4013
2024-01-03 20:30:10,507 - Epoch: 017, Train Loss: 2.4882, Train RMSE: 4.6096, Train MAPE: 0.0612, Valid Loss: 2.3758, Valid RMSE: 4.5121, Valid MAPE: 0.0595, Train Time: 29.5330s/epoch, Valid Time: 2.6784s, LR: 9.5000e-04
2024-01-03 20:30:10,517 - Val loss decrease from 2.4013 to 2.3758
2024-01-03 20:30:42,198 - Epoch: 018, Train Loss: 2.4893, Train RMSE: 4.6076, Train MAPE: 0.0612, Valid Loss: 2.4053, Valid RMSE: 4.5550, Valid MAPE: 0.0594, Train Time: 29.0699s/epoch, Valid Time: 2.6103s, LR: 9.5000e-04
2024-01-03 20:31:14,389 - Epoch: 019, Train Loss: 2.4827, Train RMSE: 4.5954, Train MAPE: 0.0610, Valid Loss: 2.3814, Valid RMSE: 4.5167, Valid MAPE: 0.0588, Train Time: 29.4028s/epoch, Valid Time: 2.7877s, LR: 9.5000e-04
2024-01-03 20:31:47,146 - Epoch: 020, Train Loss: 2.4784, Train RMSE: 4.5897, Train MAPE: 0.0609, Valid Loss: 2.3959, Valid RMSE: 4.5602, Valid MAPE: 0.0613, Train Time: 29.8415s/epoch, Valid Time: 2.9136s, LR: 9.5000e-04
2024-01-03 20:32:20,089 - Epoch: 021, Train Loss: 2.4696, Train RMSE: 4.5768, Train MAPE: 0.0607, Valid Loss: 2.4357, Valid RMSE: 4.5681, Valid MAPE: 0.0604, Train Time: 30.2305s/epoch, Valid Time: 2.7113s, LR: 9.0250e-04
2024-01-03 20:32:53,802 - Epoch: 022, Train Loss: 2.4667, Train RMSE: 4.5671, Train MAPE: 0.0605, Valid Loss: 2.3895, Valid RMSE: 4.5283, Valid MAPE: 0.0602, Train Time: 30.8312s/epoch, Valid Time: 2.8807s, LR: 9.0250e-04
2024-01-03 20:33:26,723 - Epoch: 023, Train Loss: 2.4641, Train RMSE: 4.5653, Train MAPE: 0.0604, Valid Loss: 2.3717, Valid RMSE: 4.5147, Valid MAPE: 0.0601, Train Time: 30.1010s/epoch, Valid Time: 2.8192s, LR: 9.0250e-04
2024-01-03 20:33:26,733 - Val loss decrease from 2.3758 to 2.3717
2024-01-03 20:33:59,479 - Epoch: 024, Train Loss: 2.4622, Train RMSE: 4.5598, Train MAPE: 0.0604, Valid Loss: 2.4164, Valid RMSE: 4.5740, Valid MAPE: 0.0597, Train Time: 29.9667s/epoch, Valid Time: 2.7786s, LR: 9.0250e-04
2024-01-03 20:34:31,515 - Epoch: 025, Train Loss: 2.4590, Train RMSE: 4.5520, Train MAPE: 0.0603, Valid Loss: 2.3817, Valid RMSE: 4.4973, Valid MAPE: 0.0590, Train Time: 29.5543s/epoch, Valid Time: 2.4807s, LR: 9.0250e-04
2024-01-03 20:35:03,035 - Epoch: 026, Train Loss: 2.4570, Train RMSE: 4.5484, Train MAPE: 0.0602, Valid Loss: 2.3494, Valid RMSE: 4.4749, Valid MAPE: 0.0594, Train Time: 28.9700s/epoch, Valid Time: 2.5493s, LR: 9.0250e-04
2024-01-03 20:35:03,048 - Val loss decrease from 2.3717 to 2.3494
2024-01-03 20:35:35,839 - Epoch: 027, Train Loss: 2.4584, Train RMSE: 4.5485, Train MAPE: 0.0603, Valid Loss: 2.4306, Valid RMSE: 4.5560, Valid MAPE: 0.0598, Train Time: 29.8845s/epoch, Valid Time: 2.9055s, LR: 9.0250e-04
2024-01-03 20:36:07,467 - Epoch: 028, Train Loss: 2.4520, Train RMSE: 4.5378, Train MAPE: 0.0601, Valid Loss: 2.3692, Valid RMSE: 4.5042, Valid MAPE: 0.0592, Train Time: 28.8787s/epoch, Valid Time: 2.7476s, LR: 9.0250e-04
2024-01-03 20:36:39,917 - Epoch: 029, Train Loss: 2.4517, Train RMSE: 4.5402, Train MAPE: 0.0600, Valid Loss: 2.4205, Valid RMSE: 4.5543, Valid MAPE: 0.0595, Train Time: 29.5841s/epoch, Valid Time: 2.8649s, LR: 9.0250e-04
2024-01-03 20:37:12,280 - Epoch: 030, Train Loss: 2.4529, Train RMSE: 4.5392, Train MAPE: 0.0601, Valid Loss: 2.4060, Valid RMSE: 4.5735, Valid MAPE: 0.0605, Train Time: 29.6169s/epoch, Valid Time: 2.7447s, LR: 9.0250e-04
2024-01-03 20:37:43,661 - Epoch: 031, Train Loss: 2.4456, Train RMSE: 4.5261, Train MAPE: 0.0598, Valid Loss: 2.3932, Valid RMSE: 4.5203, Valid MAPE: 0.0595, Train Time: 28.7695s/epoch, Valid Time: 2.6104s, LR: 8.5737e-04
2024-01-03 20:38:16,466 - Epoch: 032, Train Loss: 2.4457, Train RMSE: 4.5261, Train MAPE: 0.0599, Valid Loss: 2.3714, Valid RMSE: 4.5202, Valid MAPE: 0.0598, Train Time: 29.9610s/epoch, Valid Time: 2.8438s, LR: 8.5737e-04
2024-01-03 20:38:49,144 - Epoch: 033, Train Loss: 2.4416, Train RMSE: 4.5201, Train MAPE: 0.0597, Valid Loss: 2.3732, Valid RMSE: 4.4897, Valid MAPE: 0.0587, Train Time: 29.7537s/epoch, Valid Time: 2.9234s, LR: 8.5737e-04
2024-01-03 20:39:21,811 - Epoch: 034, Train Loss: 2.4425, Train RMSE: 4.5200, Train MAPE: 0.0598, Valid Loss: 2.3834, Valid RMSE: 4.5152, Valid MAPE: 0.0589, Train Time: 29.7680s/epoch, Valid Time: 2.8978s, LR: 8.5737e-04
2024-01-03 20:39:54,032 - Epoch: 035, Train Loss: 2.4407, Train RMSE: 4.5162, Train MAPE: 0.0597, Valid Loss: 2.4409, Valid RMSE: 4.5934, Valid MAPE: 0.0607, Train Time: 29.4448s/epoch, Valid Time: 2.7753s, LR: 8.5737e-04
2024-01-03 20:40:25,477 - Epoch: 036, Train Loss: 2.4381, Train RMSE: 4.5113, Train MAPE: 0.0596, Valid Loss: 2.3494, Valid RMSE: 4.4635, Valid MAPE: 0.0585, Train Time: 29.1826s/epoch, Valid Time: 2.2624s, LR: 8.5737e-04
2024-01-03 20:40:25,478 - Early stop at epoch 36, loss = 2.349378
2024-01-03 20:40:25,478 - best valid_loss:2.349378
2024-01-03 20:40:30,256 - Horizon 1, Test MAE: 2.2792, Test RMSE: 3.9709, Test MAPE: 0.0549
2024-01-03 20:40:30,267 - Horizon 2, Test MAE: 2.5665, Test RMSE: 4.7960, Test MAPE: 0.0649
2024-01-03 20:40:30,276 - Horizon 3, Test MAE: 2.7890, Test RMSE: 5.4175, Test MAPE: 0.0732
2024-01-03 20:40:30,277 - Average Test MAE: 2.5449, Test RMSE: 4.7281, Test MAPE: 0.0643
2024-01-03 21:15:55,187 - Namespace(Ks=3, Kt=3, adapter=True, batch_size=128, block_num=2, clip_grad_value=5, dataset='METRLA', device='cuda:5', dropout=0.3, embed_dim=10, end_dim=512, frozen=False, gamma=0.95, horizon=3, input_dim=2, lrate=0.001, max_epochs=100, mode='train', model='stgcn', num_layers=1, output_dim=1, patience=10, pre_train='', save='test.pth', seed=9, seq_length=12, step_size=10, wdecay=0.0005, years='2012')
2024-01-03 21:15:55,188 - Adj path: /home/yuxuan/rwl/GWN-LoRA/data/metrla/metrla_rn_adj.npy
2024-01-03 21:15:56,338 - Data shape: (34272, 207, 3)
2024-01-03 21:15:57,035 - Sample num: 23974, Batch num: 187
2024-01-03 21:15:57,638 - Sample num: 3425, Batch num: 26
2024-01-03 21:15:58,319 - Sample num: 6850, Batch num: 53
2024-01-03 21:15:58,851 - The number of parameters: 245315
2024-01-03 21:15:58,856 - Start training!
2024-01-03 21:16:34,475 - Epoch: 001, Train Loss: 3.5191, Train RMSE: 6.3234, Train MAPE: 0.0913, Valid Loss: 2.7339, Valid RMSE: 5.5281, Valid MAPE: 0.0685, Train Time: 32.9309s/epoch, Valid Time: 2.6872s, LR: 1.0000e-03
2024-01-03 21:16:34,490 - Val loss decrease from inf to 2.7339
2024-01-03 21:17:07,319 - Epoch: 002, Train Loss: 2.8823, Train RMSE: 5.4691, Train MAPE: 0.0727, Valid Loss: 2.7055, Valid RMSE: 5.2834, Valid MAPE: 0.0685, Train Time: 30.0881s/epoch, Valid Time: 2.7403s, LR: 1.0000e-03
2024-01-03 21:17:07,331 - Val loss decrease from 2.7339 to 2.7055
2024-01-03 21:17:39,989 - Epoch: 003, Train Loss: 2.7643, Train RMSE: 5.1895, Train MAPE: 0.0700, Valid Loss: 2.6516, Valid RMSE: 5.0618, Valid MAPE: 0.0665, Train Time: 30.0581s/epoch, Valid Time: 2.5994s, LR: 1.0000e-03
2024-01-03 21:17:40,010 - Val loss decrease from 2.7055 to 2.6516
2024-01-03 21:18:12,942 - Epoch: 004, Train Loss: 2.6954, Train RMSE: 5.0269, Train MAPE: 0.0679, Valid Loss: 2.6364, Valid RMSE: 4.9823, Valid MAPE: 0.0650, Train Time: 30.2210s/epoch, Valid Time: 2.7105s, LR: 1.0000e-03
2024-01-03 21:18:12,954 - Val loss decrease from 2.6516 to 2.6364
2024-01-03 21:18:45,754 - Epoch: 005, Train Loss: 2.6524, Train RMSE: 4.9487, Train MAPE: 0.0666, Valid Loss: 2.5242, Valid RMSE: 4.8291, Valid MAPE: 0.0635, Train Time: 29.8652s/epoch, Valid Time: 2.9341s, LR: 1.0000e-03
2024-01-03 21:18:45,769 - Val loss decrease from 2.6364 to 2.5242
2024-01-03 21:19:18,528 - Epoch: 006, Train Loss: 2.6251, Train RMSE: 4.8929, Train MAPE: 0.0658, Valid Loss: 2.6407, Valid RMSE: 4.9205, Valid MAPE: 0.0648, Train Time: 30.0065s/epoch, Valid Time: 2.7517s, LR: 1.0000e-03
2024-01-03 21:19:51,497 - Epoch: 007, Train Loss: 2.5951, Train RMSE: 4.8354, Train MAPE: 0.0647, Valid Loss: 2.4504, Valid RMSE: 4.7239, Valid MAPE: 0.0619, Train Time: 30.1791s/epoch, Valid Time: 2.7886s, LR: 1.0000e-03
2024-01-03 21:19:51,509 - Val loss decrease from 2.5242 to 2.4504
2024-01-03 21:20:24,379 - Epoch: 008, Train Loss: 2.5745, Train RMSE: 4.7918, Train MAPE: 0.0641, Valid Loss: 2.5885, Valid RMSE: 4.8233, Valid MAPE: 0.0644, Train Time: 30.0211s/epoch, Valid Time: 2.8480s, LR: 1.0000e-03
2024-01-03 21:20:58,487 - Epoch: 009, Train Loss: 2.5599, Train RMSE: 4.7538, Train MAPE: 0.0635, Valid Loss: 2.4501, Valid RMSE: 4.6694, Valid MAPE: 0.0618, Train Time: 31.1277s/epoch, Valid Time: 2.9800s, LR: 1.0000e-03
2024-01-03 21:20:58,499 - Val loss decrease from 2.4504 to 2.4501
2024-01-03 21:21:32,397 - Epoch: 010, Train Loss: 2.5490, Train RMSE: 4.7256, Train MAPE: 0.0631, Valid Loss: 2.5315, Valid RMSE: 4.7092, Valid MAPE: 0.0634, Train Time: 31.0284s/epoch, Valid Time: 2.8686s, LR: 1.0000e-03
2024-01-03 21:22:05,344 - Epoch: 011, Train Loss: 2.5362, Train RMSE: 4.7014, Train MAPE: 0.0627, Valid Loss: 2.4584, Valid RMSE: 4.6394, Valid MAPE: 0.0608, Train Time: 30.0420s/epoch, Valid Time: 2.9040s, LR: 9.5000e-04
2024-01-03 21:22:37,833 - Epoch: 012, Train Loss: 2.5266, Train RMSE: 4.6852, Train MAPE: 0.0624, Valid Loss: 2.4202, Valid RMSE: 4.6250, Valid MAPE: 0.0600, Train Time: 29.6399s/epoch, Valid Time: 2.8481s, LR: 9.5000e-04
2024-01-03 21:22:37,845 - Val loss decrease from 2.4501 to 2.4202
2024-01-03 21:23:11,282 - Epoch: 013, Train Loss: 2.5261, Train RMSE: 4.6703, Train MAPE: 0.0623, Valid Loss: 2.3966, Valid RMSE: 4.5538, Valid MAPE: 0.0603, Train Time: 30.6063s/epoch, Valid Time: 2.8302s, LR: 9.5000e-04
2024-01-03 21:23:11,296 - Val loss decrease from 2.4202 to 2.3966
2024-01-03 21:23:44,081 - Epoch: 014, Train Loss: 2.5102, Train RMSE: 4.6534, Train MAPE: 0.0619, Valid Loss: 2.3848, Valid RMSE: 4.5505, Valid MAPE: 0.0599, Train Time: 29.8776s/epoch, Valid Time: 2.9068s, LR: 9.5000e-04
2024-01-03 21:23:44,096 - Val loss decrease from 2.3966 to 2.3848
2024-01-03 21:24:17,965 - Epoch: 015, Train Loss: 2.5033, Train RMSE: 4.6403, Train MAPE: 0.0616, Valid Loss: 2.4223, Valid RMSE: 4.6003, Valid MAPE: 0.0610, Train Time: 30.8723s/epoch, Valid Time: 2.9972s, LR: 9.5000e-04
2024-01-03 21:24:50,763 - Epoch: 016, Train Loss: 2.4910, Train RMSE: 4.6217, Train MAPE: 0.0613, Valid Loss: 2.4045, Valid RMSE: 4.5830, Valid MAPE: 0.0607, Train Time: 29.8818s/epoch, Valid Time: 2.9147s, LR: 9.5000e-04
2024-01-03 21:25:24,276 - Epoch: 017, Train Loss: 2.4872, Train RMSE: 4.6113, Train MAPE: 0.0611, Valid Loss: 2.3782, Valid RMSE: 4.5231, Valid MAPE: 0.0592, Train Time: 30.6997s/epoch, Valid Time: 2.8125s, LR: 9.5000e-04
2024-01-03 21:25:24,292 - Val loss decrease from 2.3848 to 2.3782
2024-01-03 21:25:59,176 - Epoch: 018, Train Loss: 2.4842, Train RMSE: 4.6034, Train MAPE: 0.0610, Valid Loss: 2.4490, Valid RMSE: 4.5953, Valid MAPE: 0.0605, Train Time: 32.0491s/epoch, Valid Time: 2.8336s, LR: 9.5000e-04
2024-01-03 21:26:32,261 - Epoch: 019, Train Loss: 2.4804, Train RMSE: 4.5934, Train MAPE: 0.0609, Valid Loss: 2.3801, Valid RMSE: 4.5367, Valid MAPE: 0.0592, Train Time: 30.2974s/epoch, Valid Time: 2.7869s, LR: 9.5000e-04
2024-01-03 21:27:05,992 - Epoch: 020, Train Loss: 2.4773, Train RMSE: 4.5887, Train MAPE: 0.0608, Valid Loss: 2.4811, Valid RMSE: 4.6162, Valid MAPE: 0.0613, Train Time: 30.9062s/epoch, Valid Time: 2.8242s, LR: 9.5000e-04
2024-01-03 21:27:39,259 - Epoch: 021, Train Loss: 2.4735, Train RMSE: 4.5810, Train MAPE: 0.0606, Valid Loss: 2.3646, Valid RMSE: 4.5173, Valid MAPE: 0.0588, Train Time: 30.4895s/epoch, Valid Time: 2.7768s, LR: 9.0250e-04
2024-01-03 21:27:39,271 - Val loss decrease from 2.3782 to 2.3646
2024-01-03 21:28:13,169 - Epoch: 022, Train Loss: 2.4681, Train RMSE: 4.5756, Train MAPE: 0.0606, Valid Loss: 2.3571, Valid RMSE: 4.4894, Valid MAPE: 0.0593, Train Time: 31.1460s/epoch, Valid Time: 2.7509s, LR: 9.0250e-04
2024-01-03 21:28:13,188 - Val loss decrease from 2.3646 to 2.3571
2024-01-03 21:28:47,259 - Epoch: 023, Train Loss: 2.4610, Train RMSE: 4.5668, Train MAPE: 0.0604, Valid Loss: 2.3634, Valid RMSE: 4.5051, Valid MAPE: 0.0591, Train Time: 31.2350s/epoch, Valid Time: 2.8334s, LR: 9.0250e-04
2024-01-03 21:29:20,381 - Epoch: 024, Train Loss: 2.4576, Train RMSE: 4.5563, Train MAPE: 0.0602, Valid Loss: 2.4429, Valid RMSE: 4.6313, Valid MAPE: 0.0608, Train Time: 30.2688s/epoch, Valid Time: 2.8516s, LR: 9.0250e-04
2024-01-03 21:29:53,849 - Epoch: 025, Train Loss: 2.4555, Train RMSE: 4.5517, Train MAPE: 0.0601, Valid Loss: 2.3924, Valid RMSE: 4.5434, Valid MAPE: 0.0597, Train Time: 30.6421s/epoch, Valid Time: 2.8245s, LR: 9.0250e-04
2024-01-03 21:30:26,806 - Epoch: 026, Train Loss: 2.4511, Train RMSE: 4.5470, Train MAPE: 0.0600, Valid Loss: 2.3829, Valid RMSE: 4.5272, Valid MAPE: 0.0590, Train Time: 29.9834s/epoch, Valid Time: 2.9732s, LR: 9.0250e-04
2024-01-03 21:31:00,154 - Epoch: 027, Train Loss: 2.4568, Train RMSE: 4.5481, Train MAPE: 0.0601, Valid Loss: 2.3513, Valid RMSE: 4.4875, Valid MAPE: 0.0586, Train Time: 30.6339s/epoch, Valid Time: 2.7128s, LR: 9.0250e-04
2024-01-03 21:31:00,166 - Val loss decrease from 2.3571 to 2.3513
2024-01-03 21:31:32,663 - Epoch: 028, Train Loss: 2.4497, Train RMSE: 4.5391, Train MAPE: 0.0599, Valid Loss: 2.3619, Valid RMSE: 4.5057, Valid MAPE: 0.0594, Train Time: 29.6309s/epoch, Valid Time: 2.8651s, LR: 9.0250e-04
2024-01-03 21:32:05,998 - Epoch: 029, Train Loss: 2.4482, Train RMSE: 4.5364, Train MAPE: 0.0599, Valid Loss: 2.4358, Valid RMSE: 4.5828, Valid MAPE: 0.0598, Train Time: 30.6952s/epoch, Valid Time: 2.6387s, LR: 9.0250e-04
2024-01-03 21:32:39,216 - Epoch: 030, Train Loss: 2.4483, Train RMSE: 4.5311, Train MAPE: 0.0599, Valid Loss: 2.4396, Valid RMSE: 4.5818, Valid MAPE: 0.0603, Train Time: 30.5402s/epoch, Valid Time: 2.6775s, LR: 9.0250e-04
2024-01-03 21:33:13,883 - Epoch: 031, Train Loss: 2.4415, Train RMSE: 4.5187, Train MAPE: 0.0596, Valid Loss: 2.4237, Valid RMSE: 4.5540, Valid MAPE: 0.0599, Train Time: 31.6289s/epoch, Valid Time: 3.0371s, LR: 8.5737e-04
2024-01-03 21:33:46,360 - Epoch: 032, Train Loss: 2.4413, Train RMSE: 4.5192, Train MAPE: 0.0596, Valid Loss: 2.3603, Valid RMSE: 4.4620, Valid MAPE: 0.0580, Train Time: 29.9375s/epoch, Valid Time: 2.5391s, LR: 8.5737e-04
2024-01-03 21:34:17,278 - Epoch: 033, Train Loss: 2.4383, Train RMSE: 4.5149, Train MAPE: 0.0596, Valid Loss: 2.4103, Valid RMSE: 4.5395, Valid MAPE: 0.0594, Train Time: 28.3885s/epoch, Valid Time: 2.5285s, LR: 8.5737e-04
2024-01-03 21:34:48,781 - Epoch: 034, Train Loss: 2.4365, Train RMSE: 4.5143, Train MAPE: 0.0596, Valid Loss: 2.3912, Valid RMSE: 4.5390, Valid MAPE: 0.0592, Train Time: 28.8862s/epoch, Valid Time: 2.6160s, LR: 8.5737e-04
2024-01-03 21:35:19,621 - Epoch: 035, Train Loss: 2.4358, Train RMSE: 4.5100, Train MAPE: 0.0595, Valid Loss: 2.3812, Valid RMSE: 4.5084, Valid MAPE: 0.0592, Train Time: 28.2816s/epoch, Valid Time: 2.5582s, LR: 8.5737e-04
2024-01-03 21:35:51,539 - Epoch: 036, Train Loss: 2.4340, Train RMSE: 4.5085, Train MAPE: 0.0594, Valid Loss: 2.3719, Valid RMSE: 4.4963, Valid MAPE: 0.0589, Train Time: 29.3765s/epoch, Valid Time: 2.5401s, LR: 8.5737e-04
2024-01-03 21:36:22,185 - Epoch: 037, Train Loss: 2.4294, Train RMSE: 4.5014, Train MAPE: 0.0593, Valid Loss: 2.3411, Valid RMSE: 4.4797, Valid MAPE: 0.0585, Train Time: 28.1188s/epoch, Valid Time: 2.5268s, LR: 8.5737e-04
2024-01-03 21:36:22,197 - Val loss decrease from 2.3513 to 2.3411
2024-01-03 21:36:53,080 - Epoch: 038, Train Loss: 2.4307, Train RMSE: 4.5054, Train MAPE: 0.0593, Valid Loss: 2.3372, Valid RMSE: 4.4627, Valid MAPE: 0.0575, Train Time: 28.3589s/epoch, Valid Time: 2.5232s, LR: 8.5737e-04
2024-01-03 21:36:53,100 - Val loss decrease from 2.3411 to 2.3372
2024-01-03 21:37:23,625 - Epoch: 039, Train Loss: 2.4292, Train RMSE: 4.4928, Train MAPE: 0.0592, Valid Loss: 2.4041, Valid RMSE: 4.5584, Valid MAPE: 0.0592, Train Time: 28.1245s/epoch, Valid Time: 2.4004s, LR: 8.5737e-04
2024-01-03 21:37:54,489 - Epoch: 040, Train Loss: 2.4275, Train RMSE: 4.4926, Train MAPE: 0.0592, Valid Loss: 2.4077, Valid RMSE: 4.5699, Valid MAPE: 0.0594, Train Time: 28.3633s/epoch, Valid Time: 2.5000s, LR: 8.5737e-04
2024-01-03 21:38:25,320 - Epoch: 041, Train Loss: 2.4238, Train RMSE: 4.4853, Train MAPE: 0.0591, Valid Loss: 2.3670, Valid RMSE: 4.5166, Valid MAPE: 0.0590, Train Time: 28.2162s/epoch, Valid Time: 2.6136s, LR: 8.1451e-04
2024-01-03 21:38:56,794 - Epoch: 042, Train Loss: 2.4212, Train RMSE: 4.4826, Train MAPE: 0.0590, Valid Loss: 2.3884, Valid RMSE: 4.5119, Valid MAPE: 0.0586, Train Time: 28.9833s/epoch, Valid Time: 2.4903s, LR: 8.1451e-04
2024-01-03 21:39:28,244 - Epoch: 043, Train Loss: 2.4233, Train RMSE: 4.4849, Train MAPE: 0.0591, Valid Loss: 2.3640, Valid RMSE: 4.4877, Valid MAPE: 0.0593, Train Time: 29.1669s/epoch, Valid Time: 2.2816s, LR: 8.1451e-04
2024-01-03 21:39:57,994 - Epoch: 044, Train Loss: 2.4199, Train RMSE: 4.4810, Train MAPE: 0.0590, Valid Loss: 2.4106, Valid RMSE: 4.5481, Valid MAPE: 0.0589, Train Time: 27.5049s/epoch, Valid Time: 2.2433s, LR: 8.1451e-04
2024-01-03 21:40:27,677 - Epoch: 045, Train Loss: 2.4261, Train RMSE: 4.4906, Train MAPE: 0.0591, Valid Loss: 2.3366, Valid RMSE: 4.4293, Valid MAPE: 0.0586, Train Time: 27.3186s/epoch, Valid Time: 2.3629s, LR: 8.1451e-04
2024-01-03 21:40:27,689 - Val loss decrease from 2.3372 to 2.3366
2024-01-03 21:40:57,916 - Epoch: 046, Train Loss: 2.4162, Train RMSE: 4.4708, Train MAPE: 0.0588, Valid Loss: 2.3556, Valid RMSE: 4.4523, Valid MAPE: 0.0591, Train Time: 27.9712s/epoch, Valid Time: 2.2555s, LR: 8.1451e-04
2024-01-03 21:41:27,053 - Epoch: 047, Train Loss: 2.4149, Train RMSE: 4.4702, Train MAPE: 0.0588, Valid Loss: 2.3989, Valid RMSE: 4.5510, Valid MAPE: 0.0591, Train Time: 26.8116s/epoch, Valid Time: 2.3244s, LR: 8.1451e-04
2024-01-03 21:41:55,379 - Epoch: 048, Train Loss: 2.4152, Train RMSE: 4.4677, Train MAPE: 0.0588, Valid Loss: 2.3540, Valid RMSE: 4.4713, Valid MAPE: 0.0582, Train Time: 26.0791s/epoch, Valid Time: 2.2461s, LR: 8.1451e-04
2024-01-03 21:42:23,528 - Epoch: 049, Train Loss: 2.4177, Train RMSE: 4.4692, Train MAPE: 0.0588, Valid Loss: 2.3620, Valid RMSE: 4.4746, Valid MAPE: 0.0579, Train Time: 26.0182s/epoch, Valid Time: 2.1299s, LR: 8.1451e-04
2024-01-03 21:42:51,419 - Epoch: 050, Train Loss: 2.4143, Train RMSE: 4.4652, Train MAPE: 0.0588, Valid Loss: 2.3997, Valid RMSE: 4.5673, Valid MAPE: 0.0594, Train Time: 25.7944s/epoch, Valid Time: 2.0957s, LR: 8.1451e-04
2024-01-03 21:43:19,394 - Epoch: 051, Train Loss: 2.4110, Train RMSE: 4.4603, Train MAPE: 0.0587, Valid Loss: 2.3670, Valid RMSE: 4.4972, Valid MAPE: 0.0596, Train Time: 25.8114s/epoch, Valid Time: 2.1632s, LR: 7.7378e-04
2024-01-03 21:43:47,080 - Epoch: 052, Train Loss: 2.4104, Train RMSE: 4.4564, Train MAPE: 0.0586, Valid Loss: 2.3577, Valid RMSE: 4.4477, Valid MAPE: 0.0586, Train Time: 25.6201s/epoch, Valid Time: 2.0654s, LR: 7.7378e-04
2024-01-03 21:44:14,497 - Epoch: 053, Train Loss: 2.4120, Train RMSE: 4.4578, Train MAPE: 0.0586, Valid Loss: 2.3839, Valid RMSE: 4.5271, Valid MAPE: 0.0585, Train Time: 25.3700s/epoch, Valid Time: 2.0455s, LR: 7.7378e-04
2024-01-03 21:44:42,005 - Epoch: 054, Train Loss: 2.4081, Train RMSE: 4.4508, Train MAPE: 0.0585, Valid Loss: 2.3820, Valid RMSE: 4.5168, Valid MAPE: 0.0592, Train Time: 25.3991s/epoch, Valid Time: 2.1088s, LR: 7.7378e-04
2024-01-03 21:45:09,317 - Epoch: 055, Train Loss: 2.4054, Train RMSE: 4.4467, Train MAPE: 0.0584, Valid Loss: 2.3902, Valid RMSE: 4.5122, Valid MAPE: 0.0596, Train Time: 25.2885s/epoch, Valid Time: 2.0227s, LR: 7.7378e-04
2024-01-03 21:45:09,318 - Early stop at epoch 55, loss = 2.336602
2024-01-03 21:45:09,318 - best valid_loss:2.336602
2024-01-03 21:45:13,343 - Horizon 1, Test MAE: 2.2777, Test RMSE: 3.9522, Test MAPE: 0.0547
2024-01-03 21:45:13,353 - Horizon 2, Test MAE: 2.5588, Test RMSE: 4.7597, Test MAPE: 0.0640
2024-01-03 21:45:13,363 - Horizon 3, Test MAE: 2.7734, Test RMSE: 5.3616, Test MAPE: 0.0715
2024-01-03 21:45:13,363 - Average Test MAE: 2.5366, Test RMSE: 4.6912, Test MAPE: 0.0634
