2023-12-20 17:51:38,727 - Namespace(Ks=3, Kt=3, adapter=False, addition={'Kt': 3, 'Ks': 3, 'block_num': 2, 'step_size': 10, 'end_dim': 512, 'gamma': 0.95}, batch_size=128, block_num=2, clip_grad_value=5, dataset='METRLA', device='cuda:6', dropout=0.3, embed_dim=10, end_dim=512, frozen=False, gamma=0.95, horizon=12, input_dim=2, lrate=0.001, max_epochs=100, mode='train', model='stgcn', num_layers=1, output_dim=1, patience=10, pre_train='', save='stgcn_metrla_5', seed=5, seq_length=12, step_size=10, wdecay=0.0005, years='2012')
2023-12-20 17:51:38,728 - Adj path: /home/yuxuan/rwl/GWN-LoRA/data/metrla/metrla_rn_adj.npy
2023-12-20 17:51:39,852 - Data shape: (34272, 207, 3)
2023-12-20 17:51:40,432 - Sample num: 23974, Batch num: 187
2023-12-20 17:51:41,018 - Sample num: 3425, Batch num: 26
2023-12-20 17:51:41,557 - Sample num: 6850, Batch num: 53
2023-12-20 17:51:41,982 - The number of parameters: 246476
2023-12-20 17:51:41,982 - Start training!
2023-12-20 17:52:23,684 - Epoch: 001, Train Loss: 4.3583, Train RMSE: 8.1682, Train MAPE: 0.1261, Valid Loss: 3.5550, Valid RMSE: 7.2228, Valid MAPE: 0.1088, Train Time: 37.8960s/epoch, Valid Time: 3.8055s, LR: 1.0000e-03
2023-12-20 17:52:23,709 - Val loss decrease from inf to 3.5550
2023-12-20 17:53:03,747 - Epoch: 002, Train Loss: 3.6709, Train RMSE: 7.2754, Train MAPE: 0.1043, Valid Loss: 3.3932, Valid RMSE: 7.0694, Valid MAPE: 0.0991, Train Time: 35.6742s/epoch, Valid Time: 4.3633s, LR: 1.0000e-03
2023-12-20 17:53:03,756 - Val loss decrease from 3.5550 to 3.3932
2023-12-20 17:53:42,901 - Epoch: 003, Train Loss: 3.5578, Train RMSE: 7.1074, Train MAPE: 0.1008, Valid Loss: 3.3331, Valid RMSE: 6.9716, Valid MAPE: 0.0947, Train Time: 35.0004s/epoch, Valid Time: 4.1437s, LR: 1.0000e-03
2023-12-20 17:53:42,910 - Val loss decrease from 3.3932 to 3.3331
2023-12-20 17:54:23,544 - Epoch: 004, Train Loss: 3.4870, Train RMSE: 6.9741, Train MAPE: 0.0985, Valid Loss: 3.2743, Valid RMSE: 6.7997, Valid MAPE: 0.0980, Train Time: 36.8027s/epoch, Valid Time: 3.8311s, LR: 1.0000e-03
2023-12-20 17:54:23,554 - Val loss decrease from 3.3331 to 3.2743
2023-12-20 17:55:03,276 - Epoch: 005, Train Loss: 3.4243, Train RMSE: 6.8686, Train MAPE: 0.0965, Valid Loss: 3.2524, Valid RMSE: 6.7241, Valid MAPE: 0.0903, Train Time: 36.2463s/epoch, Valid Time: 3.4750s, LR: 1.0000e-03
2023-12-20 17:55:03,285 - Val loss decrease from 3.2743 to 3.2524
2023-12-20 17:55:43,340 - Epoch: 006, Train Loss: 3.3563, Train RMSE: 6.7476, Train MAPE: 0.0947, Valid Loss: 3.1205, Valid RMSE: 6.4191, Valid MAPE: 0.0910, Train Time: 36.7213s/epoch, Valid Time: 3.3338s, LR: 1.0000e-03
2023-12-20 17:55:43,349 - Val loss decrease from 3.2524 to 3.1205
2023-12-20 17:56:24,690 - Epoch: 007, Train Loss: 3.3124, Train RMSE: 6.6452, Train MAPE: 0.0932, Valid Loss: 3.0914, Valid RMSE: 6.4350, Valid MAPE: 0.0892, Train Time: 37.3802s/epoch, Valid Time: 3.9610s, LR: 1.0000e-03
2023-12-20 17:56:24,713 - Val loss decrease from 3.1205 to 3.0914
2023-12-20 17:57:06,288 - Epoch: 008, Train Loss: 3.2557, Train RMSE: 6.5224, Train MAPE: 0.0912, Valid Loss: 3.0578, Valid RMSE: 6.2997, Valid MAPE: 0.0880, Train Time: 37.1612s/epoch, Valid Time: 4.4133s, LR: 1.0000e-03
2023-12-20 17:57:06,305 - Val loss decrease from 3.0914 to 3.0578
2023-12-20 17:57:45,878 - Epoch: 009, Train Loss: 3.2270, Train RMSE: 6.4541, Train MAPE: 0.0902, Valid Loss: 3.0617, Valid RMSE: 6.3850, Valid MAPE: 0.0867, Train Time: 35.8553s/epoch, Valid Time: 3.7169s, LR: 1.0000e-03
2023-12-20 17:58:26,440 - Epoch: 010, Train Loss: 3.1862, Train RMSE: 6.3817, Train MAPE: 0.0888, Valid Loss: 3.0325, Valid RMSE: 6.3035, Valid MAPE: 0.0888, Train Time: 36.2556s/epoch, Valid Time: 4.3056s, LR: 1.0000e-03
2023-12-20 17:58:26,453 - Val loss decrease from 3.0578 to 3.0325
2023-12-20 17:59:06,711 - Epoch: 011, Train Loss: 3.1608, Train RMSE: 6.3276, Train MAPE: 0.0879, Valid Loss: 3.0386, Valid RMSE: 6.2936, Valid MAPE: 0.0854, Train Time: 36.2635s/epoch, Valid Time: 3.9934s, LR: 9.5000e-04
2023-12-20 17:59:49,167 - Epoch: 012, Train Loss: 3.1351, Train RMSE: 6.2749, Train MAPE: 0.0869, Valid Loss: 2.9863, Valid RMSE: 6.1552, Valid MAPE: 0.0847, Train Time: 38.0653s/epoch, Valid Time: 4.3889s, LR: 9.5000e-04
2023-12-20 17:59:49,175 - Val loss decrease from 3.0325 to 2.9863
2023-12-20 18:00:28,932 - Epoch: 013, Train Loss: 3.1175, Train RMSE: 6.2440, Train MAPE: 0.0864, Valid Loss: 3.0044, Valid RMSE: 6.2677, Valid MAPE: 0.0884, Train Time: 36.0962s/epoch, Valid Time: 3.6597s, LR: 9.5000e-04
2023-12-20 18:01:09,108 - Epoch: 014, Train Loss: 3.0937, Train RMSE: 6.1994, Train MAPE: 0.0856, Valid Loss: 2.9592, Valid RMSE: 6.1660, Valid MAPE: 0.0852, Train Time: 36.1360s/epoch, Valid Time: 4.0382s, LR: 9.5000e-04
2023-12-20 18:01:09,151 - Val loss decrease from 2.9863 to 2.9592
2023-12-20 18:01:50,068 - Epoch: 015, Train Loss: 3.0830, Train RMSE: 6.1848, Train MAPE: 0.0852, Valid Loss: 2.9790, Valid RMSE: 6.1997, Valid MAPE: 0.0833, Train Time: 36.6305s/epoch, Valid Time: 4.2861s, LR: 9.5000e-04
2023-12-20 18:02:31,068 - Epoch: 016, Train Loss: 3.0703, Train RMSE: 6.1643, Train MAPE: 0.0848, Valid Loss: 2.9530, Valid RMSE: 6.1431, Valid MAPE: 0.0862, Train Time: 37.0239s/epoch, Valid Time: 3.9751s, LR: 9.5000e-04
2023-12-20 18:02:31,082 - Val loss decrease from 2.9592 to 2.9530
2023-12-20 18:03:10,499 - Epoch: 017, Train Loss: 3.0595, Train RMSE: 6.1366, Train MAPE: 0.0843, Valid Loss: 2.9704, Valid RMSE: 6.2117, Valid MAPE: 0.0878, Train Time: 36.0895s/epoch, Valid Time: 3.3273s, LR: 9.5000e-04
2023-12-20 18:03:51,424 - Epoch: 018, Train Loss: 3.0500, Train RMSE: 6.1283, Train MAPE: 0.0841, Valid Loss: 2.9563, Valid RMSE: 6.1805, Valid MAPE: 0.0851, Train Time: 36.8444s/epoch, Valid Time: 4.0787s, LR: 9.5000e-04
2023-12-20 18:04:30,916 - Epoch: 019, Train Loss: 3.0409, Train RMSE: 6.1105, Train MAPE: 0.0837, Valid Loss: 2.9536, Valid RMSE: 6.1361, Valid MAPE: 0.0830, Train Time: 36.1949s/epoch, Valid Time: 3.2967s, LR: 9.5000e-04
2023-12-20 18:05:10,928 - Epoch: 020, Train Loss: 3.0307, Train RMSE: 6.0943, Train MAPE: 0.0834, Valid Loss: 2.9607, Valid RMSE: 6.1607, Valid MAPE: 0.0834, Train Time: 36.4291s/epoch, Valid Time: 3.5814s, LR: 9.5000e-04
2023-12-20 18:05:51,740 - Epoch: 021, Train Loss: 3.0237, Train RMSE: 6.0770, Train MAPE: 0.0830, Valid Loss: 2.9261, Valid RMSE: 6.1057, Valid MAPE: 0.0843, Train Time: 36.5079s/epoch, Valid Time: 4.3025s, LR: 9.0250e-04
2023-12-20 18:05:51,748 - Val loss decrease from 2.9530 to 2.9261
2023-12-20 18:06:32,260 - Epoch: 022, Train Loss: 3.0191, Train RMSE: 6.0691, Train MAPE: 0.0829, Valid Loss: 2.9297, Valid RMSE: 6.0942, Valid MAPE: 0.0838, Train Time: 36.6669s/epoch, Valid Time: 3.8448s, LR: 9.0250e-04
2023-12-20 18:07:13,491 - Epoch: 023, Train Loss: 3.0126, Train RMSE: 6.0583, Train MAPE: 0.0827, Valid Loss: 3.0136, Valid RMSE: 6.1827, Valid MAPE: 0.0834, Train Time: 36.8743s/epoch, Valid Time: 4.3555s, LR: 9.0250e-04
2023-12-20 18:07:53,203 - Epoch: 024, Train Loss: 3.0068, Train RMSE: 6.0425, Train MAPE: 0.0825, Valid Loss: 2.9447, Valid RMSE: 6.1442, Valid MAPE: 0.0830, Train Time: 35.6733s/epoch, Valid Time: 4.0375s, LR: 9.0250e-04
2023-12-20 18:08:32,294 - Epoch: 025, Train Loss: 2.9998, Train RMSE: 6.0321, Train MAPE: 0.0822, Valid Loss: 2.9310, Valid RMSE: 6.1027, Valid MAPE: 0.0823, Train Time: 35.3283s/epoch, Valid Time: 3.7606s, LR: 9.0250e-04
2023-12-20 18:09:12,424 - Epoch: 026, Train Loss: 3.0006, Train RMSE: 6.0330, Train MAPE: 0.0822, Valid Loss: 2.9524, Valid RMSE: 6.0990, Valid MAPE: 0.0819, Train Time: 36.2518s/epoch, Valid Time: 3.8770s, LR: 9.0250e-04
2023-12-20 18:09:52,749 - Epoch: 027, Train Loss: 2.9961, Train RMSE: 6.0191, Train MAPE: 0.0820, Valid Loss: 2.9742, Valid RMSE: 6.1559, Valid MAPE: 0.0851, Train Time: 36.1868s/epoch, Valid Time: 4.1368s, LR: 9.0250e-04
2023-12-20 18:10:32,751 - Epoch: 028, Train Loss: 2.9927, Train RMSE: 6.0186, Train MAPE: 0.0819, Valid Loss: 2.9434, Valid RMSE: 6.0989, Valid MAPE: 0.0813, Train Time: 36.3672s/epoch, Valid Time: 3.6335s, LR: 9.0250e-04
2023-12-20 18:11:12,418 - Epoch: 029, Train Loss: 2.9876, Train RMSE: 6.0077, Train MAPE: 0.0818, Valid Loss: 2.9343, Valid RMSE: 6.0777, Valid MAPE: 0.0820, Train Time: 35.4508s/epoch, Valid Time: 4.2162s, LR: 9.0250e-04
2023-12-20 18:11:55,288 - Epoch: 030, Train Loss: 2.9805, Train RMSE: 5.9949, Train MAPE: 0.0814, Valid Loss: 2.9269, Valid RMSE: 6.0554, Valid MAPE: 0.0829, Train Time: 38.7435s/epoch, Valid Time: 4.1253s, LR: 9.0250e-04
2023-12-20 18:12:36,487 - Epoch: 031, Train Loss: 2.9704, Train RMSE: 5.9781, Train MAPE: 0.0811, Valid Loss: 2.9019, Valid RMSE: 6.0199, Valid MAPE: 0.0812, Train Time: 37.1680s/epoch, Valid Time: 4.0298s, LR: 8.5737e-04
2023-12-20 18:12:36,509 - Val loss decrease from 2.9261 to 2.9019
2023-12-20 18:13:16,101 - Epoch: 032, Train Loss: 2.9722, Train RMSE: 5.9754, Train MAPE: 0.0812, Valid Loss: 2.9332, Valid RMSE: 6.0935, Valid MAPE: 0.0829, Train Time: 35.7792s/epoch, Valid Time: 3.8123s, LR: 8.5737e-04
2023-12-20 18:13:56,989 - Epoch: 033, Train Loss: 2.9687, Train RMSE: 5.9737, Train MAPE: 0.0810, Valid Loss: 3.0752, Valid RMSE: 6.2981, Valid MAPE: 0.0832, Train Time: 37.0632s/epoch, Valid Time: 3.8244s, LR: 8.5737e-04
2023-12-20 18:14:39,115 - Epoch: 034, Train Loss: 2.9665, Train RMSE: 5.9640, Train MAPE: 0.0810, Valid Loss: 2.9379, Valid RMSE: 6.1613, Valid MAPE: 0.0834, Train Time: 37.7472s/epoch, Valid Time: 4.3777s, LR: 8.5737e-04
2023-12-20 18:15:20,400 - Epoch: 035, Train Loss: 2.9645, Train RMSE: 5.9636, Train MAPE: 0.0809, Valid Loss: 2.9537, Valid RMSE: 6.1516, Valid MAPE: 0.0810, Train Time: 36.8547s/epoch, Valid Time: 4.4293s, LR: 8.5737e-04
2023-12-20 18:16:00,594 - Epoch: 036, Train Loss: 2.9647, Train RMSE: 5.9617, Train MAPE: 0.0809, Valid Loss: 2.9674, Valid RMSE: 6.1795, Valid MAPE: 0.0824, Train Time: 36.2254s/epoch, Valid Time: 3.9675s, LR: 8.5737e-04
2023-12-20 18:16:40,345 - Epoch: 037, Train Loss: 2.9610, Train RMSE: 5.9528, Train MAPE: 0.0807, Valid Loss: 2.9008, Valid RMSE: 6.0970, Valid MAPE: 0.0821, Train Time: 36.0127s/epoch, Valid Time: 3.7372s, LR: 8.5737e-04
2023-12-20 18:16:40,360 - Val loss decrease from 2.9019 to 2.9008
2023-12-20 18:17:20,289 - Epoch: 038, Train Loss: 2.9592, Train RMSE: 5.9483, Train MAPE: 0.0806, Valid Loss: 2.9769, Valid RMSE: 6.1604, Valid MAPE: 0.0844, Train Time: 36.4230s/epoch, Valid Time: 3.5051s, LR: 8.5737e-04
2023-12-20 18:17:59,962 - Epoch: 039, Train Loss: 2.9594, Train RMSE: 5.9525, Train MAPE: 0.0806, Valid Loss: 2.9075, Valid RMSE: 6.1334, Valid MAPE: 0.0837, Train Time: 35.8298s/epoch, Valid Time: 3.8426s, LR: 8.5737e-04
2023-12-20 18:18:37,074 - Epoch: 040, Train Loss: 2.9530, Train RMSE: 5.9346, Train MAPE: 0.0803, Valid Loss: 2.9410, Valid RMSE: 6.2500, Valid MAPE: 0.0869, Train Time: 33.2203s/epoch, Valid Time: 3.8910s, LR: 8.5737e-04
2023-12-20 18:19:11,936 - Epoch: 041, Train Loss: 2.9540, Train RMSE: 5.9417, Train MAPE: 0.0805, Valid Loss: 2.9487, Valid RMSE: 6.1542, Valid MAPE: 0.0817, Train Time: 31.4139s/epoch, Valid Time: 3.4476s, LR: 8.1451e-04
2023-12-20 18:19:48,828 - Epoch: 042, Train Loss: 2.9490, Train RMSE: 5.9221, Train MAPE: 0.0802, Valid Loss: 2.9466, Valid RMSE: 6.1224, Valid MAPE: 0.0815, Train Time: 33.6643s/epoch, Valid Time: 3.2270s, LR: 8.1451e-04
2023-12-20 18:20:24,352 - Epoch: 043, Train Loss: 2.9482, Train RMSE: 5.9242, Train MAPE: 0.0803, Valid Loss: 2.9504, Valid RMSE: 6.1626, Valid MAPE: 0.0826, Train Time: 32.5745s/epoch, Valid Time: 2.9489s, LR: 8.1451e-04
2023-12-20 18:21:02,276 - Epoch: 044, Train Loss: 2.9433, Train RMSE: 5.9190, Train MAPE: 0.0801, Valid Loss: 2.9166, Valid RMSE: 6.1496, Valid MAPE: 0.0842, Train Time: 34.8648s/epoch, Valid Time: 3.0580s, LR: 8.1451e-04
2023-12-20 18:21:40,004 - Epoch: 045, Train Loss: 2.9412, Train RMSE: 5.9133, Train MAPE: 0.0800, Valid Loss: 2.9620, Valid RMSE: 6.1665, Valid MAPE: 0.0816, Train Time: 34.1161s/epoch, Valid Time: 3.6109s, LR: 8.1451e-04
2023-12-20 18:22:15,377 - Epoch: 046, Train Loss: 2.9402, Train RMSE: 5.9098, Train MAPE: 0.0799, Valid Loss: 2.9481, Valid RMSE: 6.1555, Valid MAPE: 0.0820, Train Time: 32.6134s/epoch, Valid Time: 2.7586s, LR: 8.1451e-04
2023-12-20 18:22:49,537 - Epoch: 047, Train Loss: 2.9406, Train RMSE: 5.9131, Train MAPE: 0.0801, Valid Loss: 2.9293, Valid RMSE: 6.1355, Valid MAPE: 0.0832, Train Time: 31.3440s/epoch, Valid Time: 2.8158s, LR: 8.1451e-04
2023-12-20 18:22:49,538 - Early stop at epoch 47, loss = 2.900752
2023-12-20 18:22:49,538 - best valid_loss:2.900752
2023-12-20 18:22:55,579 - Horizon 1, Test MAE: 2.3577, Test RMSE: 4.1334, Test MAPE: 0.0583
2023-12-20 18:22:55,608 - Horizon 2, Test MAE: 2.6053, Test RMSE: 4.8406, Test MAPE: 0.0664
2023-12-20 18:22:55,618 - Horizon 3, Test MAE: 2.7937, Test RMSE: 5.3702, Test MAPE: 0.0730
2023-12-20 18:22:55,627 - Horizon 4, Test MAE: 2.9443, Test RMSE: 5.7899, Test MAPE: 0.0787
2023-12-20 18:22:55,643 - Horizon 5, Test MAE: 3.0684, Test RMSE: 6.1282, Test MAPE: 0.0833
2023-12-20 18:22:55,652 - Horizon 6, Test MAE: 3.1723, Test RMSE: 6.4037, Test MAPE: 0.0873
2023-12-20 18:22:55,662 - Horizon 7, Test MAE: 3.2666, Test RMSE: 6.6511, Test MAPE: 0.0908
2023-12-20 18:22:55,674 - Horizon 8, Test MAE: 3.3474, Test RMSE: 6.8574, Test MAPE: 0.0940
2023-12-20 18:22:55,695 - Horizon 9, Test MAE: 3.4191, Test RMSE: 7.0375, Test MAPE: 0.0968
2023-12-20 18:22:55,704 - Horizon 10, Test MAE: 3.4860, Test RMSE: 7.2007, Test MAPE: 0.0994
2023-12-20 18:22:55,712 - Horizon 11, Test MAE: 3.5505, Test RMSE: 7.3510, Test MAPE: 0.1019
2023-12-20 18:22:55,720 - Horizon 12, Test MAE: 3.6212, Test RMSE: 7.5029, Test MAPE: 0.1044
2023-12-20 18:22:55,720 - Average Test MAE: 3.1361, Test RMSE: 6.2722, Test MAPE: 0.0862
2023-12-20 21:04:47,596 - Namespace(Ks=3, Kt=3, adapter=True, addition={'Kt': 3, 'Ks': 3, 'block_num': 2, 'step_size': 10, 'end_dim': 512, 'gamma': 0.95}, batch_size=128, block_num=2, clip_grad_value=5, dataset='METRLA', device='cuda:6', dropout=0.3, embed_dim=10, end_dim=512, frozen=False, gamma=0.95, horizon=12, input_dim=2, lrate=0.001, max_epochs=100, mode='train', model='stgcn', num_layers=1, output_dim=1, patience=10, pre_train='', save='stgcn_adapter_metrla_5', seed=5, seq_length=12, step_size=10, wdecay=0.0005, years='2012')
2023-12-20 21:04:47,597 - Adj path: /home/yuxuan/rwl/GWN-LoRA/data/metrla/metrla_rn_adj.npy
2023-12-20 21:04:48,560 - Data shape: (34272, 207, 3)
2023-12-20 21:04:49,139 - Sample num: 23974, Batch num: 187
2023-12-20 21:04:49,943 - Sample num: 3425, Batch num: 26
2023-12-20 21:04:50,556 - Sample num: 6850, Batch num: 53
2023-12-20 21:04:51,056 - The number of parameters: 246476
2023-12-20 21:04:51,083 - Start training!
2023-12-20 21:05:35,869 - Epoch: 001, Train Loss: 4.2742, Train RMSE: 8.0334, Train MAPE: 0.1216, Valid Loss: 3.4693, Valid RMSE: 7.1821, Valid MAPE: 0.1021, Train Time: 40.6336s/epoch, Valid Time: 4.1517s, LR: 1.0000e-03
2023-12-20 21:05:35,904 - Val loss decrease from inf to 3.4693
2023-12-20 21:06:18,649 - Epoch: 002, Train Loss: 3.6489, Train RMSE: 7.2436, Train MAPE: 0.1032, Valid Loss: 3.3546, Valid RMSE: 6.9712, Valid MAPE: 0.0981, Train Time: 38.5226s/epoch, Valid Time: 4.2214s, LR: 1.0000e-03
2023-12-20 21:06:18,665 - Val loss decrease from 3.4693 to 3.3546
2023-12-20 21:07:03,348 - Epoch: 003, Train Loss: 3.5573, Train RMSE: 7.1108, Train MAPE: 0.1004, Valid Loss: 3.3403, Valid RMSE: 6.9076, Valid MAPE: 0.0954, Train Time: 39.9828s/epoch, Valid Time: 4.6995s, LR: 1.0000e-03
2023-12-20 21:07:03,407 - Val loss decrease from 3.3546 to 3.3403
2023-12-20 21:07:46,496 - Epoch: 004, Train Loss: 3.5055, Train RMSE: 7.0065, Train MAPE: 0.0987, Valid Loss: 3.2682, Valid RMSE: 6.7918, Valid MAPE: 0.0930, Train Time: 38.9582s/epoch, Valid Time: 4.1300s, LR: 1.0000e-03
2023-12-20 21:07:46,518 - Val loss decrease from 3.3403 to 3.2682
2023-12-20 21:08:28,973 - Epoch: 005, Train Loss: 3.4342, Train RMSE: 6.9057, Train MAPE: 0.0968, Valid Loss: 3.2816, Valid RMSE: 6.8161, Valid MAPE: 0.0907, Train Time: 38.7550s/epoch, Valid Time: 3.7000s, LR: 1.0000e-03
2023-12-20 21:09:12,040 - Epoch: 006, Train Loss: 3.3727, Train RMSE: 6.7836, Train MAPE: 0.0950, Valid Loss: 3.1596, Valid RMSE: 6.5071, Valid MAPE: 0.0945, Train Time: 39.2113s/epoch, Valid Time: 3.8544s, LR: 1.0000e-03
2023-12-20 21:09:12,054 - Val loss decrease from 3.2682 to 3.1596
2023-12-20 21:09:54,656 - Epoch: 007, Train Loss: 3.3250, Train RMSE: 6.6719, Train MAPE: 0.0933, Valid Loss: 3.0957, Valid RMSE: 6.4123, Valid MAPE: 0.0890, Train Time: 38.4350s/epoch, Valid Time: 4.1668s, LR: 1.0000e-03
2023-12-20 21:09:54,688 - Val loss decrease from 3.1596 to 3.0957
2023-12-20 21:10:36,993 - Epoch: 008, Train Loss: 3.2627, Train RMSE: 6.5423, Train MAPE: 0.0913, Valid Loss: 3.1100, Valid RMSE: 6.4635, Valid MAPE: 0.0863, Train Time: 38.0014s/epoch, Valid Time: 4.3026s, LR: 1.0000e-03
2023-12-20 21:11:20,900 - Epoch: 009, Train Loss: 3.2289, Train RMSE: 6.4659, Train MAPE: 0.0902, Valid Loss: 3.0420, Valid RMSE: 6.2690, Valid MAPE: 0.0871, Train Time: 39.2654s/epoch, Valid Time: 4.6413s, LR: 1.0000e-03
2023-12-20 21:11:20,917 - Val loss decrease from 3.0957 to 3.0420
2023-12-20 21:12:02,193 - Epoch: 010, Train Loss: 3.1799, Train RMSE: 6.3660, Train MAPE: 0.0885, Valid Loss: 3.0375, Valid RMSE: 6.2618, Valid MAPE: 0.0900, Train Time: 37.4660s/epoch, Valid Time: 3.8069s, LR: 1.0000e-03
2023-12-20 21:12:02,224 - Val loss decrease from 3.0420 to 3.0375
2023-12-20 21:12:45,950 - Epoch: 011, Train Loss: 3.1523, Train RMSE: 6.3061, Train MAPE: 0.0874, Valid Loss: 3.0782, Valid RMSE: 6.3300, Valid MAPE: 0.0837, Train Time: 39.2711s/epoch, Valid Time: 4.4541s, LR: 9.5000e-04
2023-12-20 21:13:29,699 - Epoch: 012, Train Loss: 3.1239, Train RMSE: 6.2546, Train MAPE: 0.0864, Valid Loss: 2.9651, Valid RMSE: 6.1454, Valid MAPE: 0.0850, Train Time: 39.1823s/epoch, Valid Time: 4.5656s, LR: 9.5000e-04
2023-12-20 21:13:29,719 - Val loss decrease from 3.0375 to 2.9651
2023-12-20 21:14:12,802 - Epoch: 013, Train Loss: 3.0953, Train RMSE: 6.2059, Train MAPE: 0.0856, Valid Loss: 2.9571, Valid RMSE: 6.1827, Valid MAPE: 0.0864, Train Time: 38.9812s/epoch, Valid Time: 4.1009s, LR: 9.5000e-04
2023-12-20 21:14:12,847 - Val loss decrease from 2.9651 to 2.9571
2023-12-20 21:14:55,408 - Epoch: 014, Train Loss: 3.0782, Train RMSE: 6.1718, Train MAPE: 0.0848, Valid Loss: 2.9825, Valid RMSE: 6.2262, Valid MAPE: 0.0869, Train Time: 38.6418s/epoch, Valid Time: 3.9180s, LR: 9.5000e-04
2023-12-20 21:15:38,446 - Epoch: 015, Train Loss: 3.0682, Train RMSE: 6.1633, Train MAPE: 0.0846, Valid Loss: 2.9669, Valid RMSE: 6.1674, Valid MAPE: 0.0864, Train Time: 38.4178s/epoch, Valid Time: 4.6191s, LR: 9.5000e-04
2023-12-20 21:16:21,669 - Epoch: 016, Train Loss: 3.0609, Train RMSE: 6.1446, Train MAPE: 0.0842, Valid Loss: 2.9573, Valid RMSE: 6.1558, Valid MAPE: 0.0853, Train Time: 38.5939s/epoch, Valid Time: 4.6284s, LR: 9.5000e-04
2023-12-20 21:17:05,352 - Epoch: 017, Train Loss: 3.0446, Train RMSE: 6.1153, Train MAPE: 0.0837, Valid Loss: 2.9595, Valid RMSE: 6.1895, Valid MAPE: 0.0868, Train Time: 39.4563s/epoch, Valid Time: 4.2262s, LR: 9.5000e-04
2023-12-20 21:17:49,559 - Epoch: 018, Train Loss: 3.0378, Train RMSE: 6.1057, Train MAPE: 0.0834, Valid Loss: 3.0082, Valid RMSE: 6.2463, Valid MAPE: 0.0849, Train Time: 40.6748s/epoch, Valid Time: 3.5305s, LR: 9.5000e-04
2023-12-20 21:18:33,787 - Epoch: 019, Train Loss: 3.0352, Train RMSE: 6.1012, Train MAPE: 0.0833, Valid Loss: 2.9509, Valid RMSE: 6.1713, Valid MAPE: 0.0828, Train Time: 39.7593s/epoch, Valid Time: 4.4675s, LR: 9.5000e-04
2023-12-20 21:18:33,832 - Val loss decrease from 2.9571 to 2.9509
2023-12-20 21:19:16,780 - Epoch: 020, Train Loss: 3.0231, Train RMSE: 6.0834, Train MAPE: 0.0830, Valid Loss: 2.9777, Valid RMSE: 6.2059, Valid MAPE: 0.0823, Train Time: 38.8893s/epoch, Valid Time: 4.0577s, LR: 9.5000e-04
2023-12-20 21:20:00,121 - Epoch: 021, Train Loss: 3.0147, Train RMSE: 6.0678, Train MAPE: 0.0826, Valid Loss: 2.9314, Valid RMSE: 6.1712, Valid MAPE: 0.0855, Train Time: 39.5303s/epoch, Valid Time: 3.8099s, LR: 9.0250e-04
2023-12-20 21:20:00,162 - Val loss decrease from 2.9509 to 2.9314
2023-12-20 21:20:43,060 - Epoch: 022, Train Loss: 3.0116, Train RMSE: 6.0597, Train MAPE: 0.0825, Valid Loss: 2.9240, Valid RMSE: 6.1372, Valid MAPE: 0.0858, Train Time: 39.0548s/epoch, Valid Time: 3.8428s, LR: 9.0250e-04
2023-12-20 21:20:43,078 - Val loss decrease from 2.9314 to 2.9240
2023-12-20 21:21:27,088 - Epoch: 023, Train Loss: 2.9984, Train RMSE: 6.0371, Train MAPE: 0.0820, Valid Loss: 2.9424, Valid RMSE: 6.1696, Valid MAPE: 0.0827, Train Time: 40.3393s/epoch, Valid Time: 3.6690s, LR: 9.0250e-04
2023-12-20 21:22:11,749 - Epoch: 024, Train Loss: 2.9959, Train RMSE: 6.0267, Train MAPE: 0.0819, Valid Loss: 2.9180, Valid RMSE: 6.1786, Valid MAPE: 0.0841, Train Time: 40.3784s/epoch, Valid Time: 4.2687s, LR: 9.0250e-04
2023-12-20 21:22:11,776 - Val loss decrease from 2.9240 to 2.9180
2023-12-20 21:22:56,737 - Epoch: 025, Train Loss: 2.9910, Train RMSE: 6.0207, Train MAPE: 0.0819, Valid Loss: 2.9264, Valid RMSE: 6.0996, Valid MAPE: 0.0828, Train Time: 40.4337s/epoch, Valid Time: 4.5265s, LR: 9.0250e-04
2023-12-20 21:23:42,682 - Epoch: 026, Train Loss: 2.9901, Train RMSE: 6.0194, Train MAPE: 0.0818, Valid Loss: 2.9421, Valid RMSE: 6.1840, Valid MAPE: 0.0818, Train Time: 41.0341s/epoch, Valid Time: 4.9100s, LR: 9.0250e-04
2023-12-20 21:24:27,571 - Epoch: 027, Train Loss: 2.9870, Train RMSE: 6.0063, Train MAPE: 0.0816, Valid Loss: 2.9317, Valid RMSE: 6.2050, Valid MAPE: 0.0860, Train Time: 40.3981s/epoch, Valid Time: 4.4909s, LR: 9.0250e-04
2023-12-20 21:25:14,997 - Epoch: 028, Train Loss: 2.9815, Train RMSE: 6.0031, Train MAPE: 0.0815, Valid Loss: 2.9131, Valid RMSE: 6.0970, Valid MAPE: 0.0822, Train Time: 42.5467s/epoch, Valid Time: 4.8778s, LR: 9.0250e-04
2023-12-20 21:25:15,015 - Val loss decrease from 2.9180 to 2.9131
2023-12-20 21:26:01,023 - Epoch: 029, Train Loss: 2.9808, Train RMSE: 6.0010, Train MAPE: 0.0814, Valid Loss: 2.9144, Valid RMSE: 6.0950, Valid MAPE: 0.0827, Train Time: 41.7739s/epoch, Valid Time: 4.2329s, LR: 9.0250e-04
2023-12-20 21:26:47,906 - Epoch: 030, Train Loss: 2.9768, Train RMSE: 5.9849, Train MAPE: 0.0812, Valid Loss: 2.9100, Valid RMSE: 6.1054, Valid MAPE: 0.0844, Train Time: 41.6611s/epoch, Valid Time: 5.2210s, LR: 9.0250e-04
2023-12-20 21:26:47,934 - Val loss decrease from 2.9131 to 2.9100
2023-12-20 21:27:34,492 - Epoch: 031, Train Loss: 2.9664, Train RMSE: 5.9750, Train MAPE: 0.0809, Valid Loss: 2.9251, Valid RMSE: 6.1315, Valid MAPE: 0.0824, Train Time: 42.0626s/epoch, Valid Time: 4.4940s, LR: 8.5737e-04
2023-12-20 21:28:21,502 - Epoch: 032, Train Loss: 2.9637, Train RMSE: 5.9651, Train MAPE: 0.0809, Valid Loss: 2.9190, Valid RMSE: 6.1251, Valid MAPE: 0.0830, Train Time: 42.3781s/epoch, Valid Time: 4.6315s, LR: 8.5737e-04
2023-12-20 21:29:08,700 - Epoch: 033, Train Loss: 2.9625, Train RMSE: 5.9647, Train MAPE: 0.0808, Valid Loss: 2.9316, Valid RMSE: 6.2054, Valid MAPE: 0.0856, Train Time: 41.8890s/epoch, Valid Time: 5.3082s, LR: 8.5737e-04
2023-12-20 21:29:55,593 - Epoch: 034, Train Loss: 2.9539, Train RMSE: 5.9464, Train MAPE: 0.0805, Valid Loss: 2.9295, Valid RMSE: 6.1690, Valid MAPE: 0.0832, Train Time: 42.8866s/epoch, Valid Time: 4.0053s, LR: 8.5737e-04
2023-12-20 21:30:42,947 - Epoch: 035, Train Loss: 2.9584, Train RMSE: 5.9532, Train MAPE: 0.0806, Valid Loss: 2.9468, Valid RMSE: 6.1326, Valid MAPE: 0.0823, Train Time: 43.0239s/epoch, Valid Time: 4.3294s, LR: 8.5737e-04
2023-12-20 21:31:29,543 - Epoch: 036, Train Loss: 2.9497, Train RMSE: 5.9396, Train MAPE: 0.0803, Valid Loss: 2.9202, Valid RMSE: 6.1759, Valid MAPE: 0.0835, Train Time: 42.2036s/epoch, Valid Time: 4.3909s, LR: 8.5737e-04
2023-12-20 21:32:16,115 - Epoch: 037, Train Loss: 2.9491, Train RMSE: 5.9345, Train MAPE: 0.0802, Valid Loss: 2.9310, Valid RMSE: 6.2480, Valid MAPE: 0.0854, Train Time: 42.0315s/epoch, Valid Time: 4.5392s, LR: 8.5737e-04
2023-12-20 21:33:01,880 - Epoch: 038, Train Loss: 2.9457, Train RMSE: 5.9319, Train MAPE: 0.0803, Valid Loss: 2.9366, Valid RMSE: 6.1526, Valid MAPE: 0.0834, Train Time: 41.4141s/epoch, Valid Time: 4.3503s, LR: 8.5737e-04
2023-12-20 21:33:44,087 - Epoch: 039, Train Loss: 2.9410, Train RMSE: 5.9185, Train MAPE: 0.0800, Valid Loss: 2.9448, Valid RMSE: 6.2089, Valid MAPE: 0.0834, Train Time: 38.0594s/epoch, Valid Time: 4.1467s, LR: 8.5737e-04
2023-12-20 21:34:25,223 - Epoch: 040, Train Loss: 2.9420, Train RMSE: 5.9223, Train MAPE: 0.0801, Valid Loss: 2.9129, Valid RMSE: 6.1735, Valid MAPE: 0.0847, Train Time: 37.4315s/epoch, Valid Time: 3.6843s, LR: 8.5737e-04
2023-12-20 21:34:25,223 - Early stop at epoch 40, loss = 2.910049
2023-12-20 21:34:25,224 - best valid_loss:2.910049
2023-12-20 21:34:31,656 - Horizon 1, Test MAE: 2.3709, Test RMSE: 4.1779, Test MAPE: 0.0595
2023-12-20 21:34:31,666 - Horizon 2, Test MAE: 2.6232, Test RMSE: 4.9055, Test MAPE: 0.0681
2023-12-20 21:34:31,689 - Horizon 3, Test MAE: 2.8069, Test RMSE: 5.4303, Test MAPE: 0.0750
2023-12-20 21:34:31,698 - Horizon 4, Test MAE: 2.9559, Test RMSE: 5.8410, Test MAPE: 0.0808
2023-12-20 21:34:31,707 - Horizon 5, Test MAE: 3.0776, Test RMSE: 6.1686, Test MAPE: 0.0857
2023-12-20 21:34:31,716 - Horizon 6, Test MAE: 3.1799, Test RMSE: 6.4352, Test MAPE: 0.0898
2023-12-20 21:34:31,724 - Horizon 7, Test MAE: 3.2678, Test RMSE: 6.6604, Test MAPE: 0.0934
2023-12-20 21:34:31,732 - Horizon 8, Test MAE: 3.3486, Test RMSE: 6.8593, Test MAPE: 0.0967
2023-12-20 21:34:31,746 - Horizon 9, Test MAE: 3.4182, Test RMSE: 7.0296, Test MAPE: 0.0996
2023-12-20 21:34:31,756 - Horizon 10, Test MAE: 3.4862, Test RMSE: 7.1912, Test MAPE: 0.1022
2023-12-20 21:34:31,766 - Horizon 11, Test MAE: 3.5523, Test RMSE: 7.3383, Test MAPE: 0.1048
2023-12-20 21:34:31,875 - Horizon 12, Test MAE: 3.6213, Test RMSE: 7.4855, Test MAPE: 0.1074
2023-12-20 21:34:31,880 - Average Test MAE: 3.1424, Test RMSE: 6.2936, Test MAPE: 0.0886
2023-12-31 11:16:41,326 - Namespace(Ks=3, Kt=3, adapter=False, batch_size=128, block_num=2, clip_grad_value=5, dataset='METRLA', device='cuda:6', dropout=0.3, embed_dim=10, end_dim=512, frozen=False, gamma=0.95, horizon=6, input_dim=2, lrate=0.001, max_epochs=100, mode='train', model='stgcn', num_layers=1, output_dim=1, patience=10, pre_train='', save='test.pth', seed=5, seq_length=12, step_size=10, wdecay=0.0005, years='2012')
2023-12-31 11:16:41,327 - Adj path: /home/yuxuan/rwl/GWN-LoRA/data/metrla/metrla_rn_adj.npy
2023-12-31 11:16:42,377 - Data shape: (34272, 207, 3)
2023-12-31 11:16:42,915 - Sample num: 23974, Batch num: 187
2023-12-31 11:16:43,430 - Sample num: 3425, Batch num: 26
2023-12-31 11:16:43,943 - Sample num: 6850, Batch num: 53
2023-12-31 11:16:44,310 - The number of parameters: 245702
2023-12-31 11:16:44,310 - Start training!
2023-12-31 11:17:17,024 - Epoch: 001, Train Loss: 3.7956, Train RMSE: 7.0224, Train MAPE: 0.1030, Valid Loss: 2.9952, Valid RMSE: 6.1463, Valid MAPE: 0.0807, Train Time: 30.0098s/epoch, Valid Time: 2.7036s, LR: 1.0000e-03
2023-12-31 11:17:17,035 - Val loss decrease from inf to 2.9952
2023-12-31 11:17:48,572 - Epoch: 002, Train Loss: 3.1344, Train RMSE: 6.1054, Train MAPE: 0.0835, Valid Loss: 2.9250, Valid RMSE: 5.9585, Valid MAPE: 0.0796, Train Time: 28.7283s/epoch, Valid Time: 2.8081s, LR: 1.0000e-03
2023-12-31 11:17:48,585 - Val loss decrease from 2.9952 to 2.9250
2023-12-31 11:18:19,895 - Epoch: 003, Train Loss: 3.0479, Train RMSE: 5.9511, Train MAPE: 0.0808, Valid Loss: 2.8707, Valid RMSE: 5.8466, Valid MAPE: 0.0753, Train Time: 28.5456s/epoch, Valid Time: 2.7635s, LR: 1.0000e-03
2023-12-31 11:18:19,915 - Val loss decrease from 2.9250 to 2.8707
2023-12-31 11:18:51,751 - Epoch: 004, Train Loss: 2.9970, Train RMSE: 5.8672, Train MAPE: 0.0790, Valid Loss: 2.8506, Valid RMSE: 5.7611, Valid MAPE: 0.0766, Train Time: 29.2785s/epoch, Valid Time: 2.5567s, LR: 1.0000e-03
2023-12-31 11:18:51,765 - Val loss decrease from 2.8707 to 2.8506
2023-12-31 11:19:23,123 - Epoch: 005, Train Loss: 2.9591, Train RMSE: 5.8098, Train MAPE: 0.0780, Valid Loss: 2.8574, Valid RMSE: 5.7588, Valid MAPE: 0.0765, Train Time: 28.7919s/epoch, Valid Time: 2.5662s, LR: 1.0000e-03
2023-12-31 11:19:54,348 - Epoch: 006, Train Loss: 2.9303, Train RMSE: 5.7588, Train MAPE: 0.0771, Valid Loss: 2.7599, Valid RMSE: 5.5903, Valid MAPE: 0.0756, Train Time: 28.6788s/epoch, Valid Time: 2.5449s, LR: 1.0000e-03
2023-12-31 11:19:54,361 - Val loss decrease from 2.8506 to 2.7599
2023-12-31 11:20:25,177 - Epoch: 007, Train Loss: 2.9003, Train RMSE: 5.6965, Train MAPE: 0.0763, Valid Loss: 2.7567, Valid RMSE: 5.6255, Valid MAPE: 0.0735, Train Time: 28.0717s/epoch, Valid Time: 2.7429s, LR: 1.0000e-03
2023-12-31 11:20:25,187 - Val loss decrease from 2.7599 to 2.7567
2023-12-31 11:20:57,411 - Epoch: 008, Train Loss: 2.8803, Train RMSE: 5.6490, Train MAPE: 0.0756, Valid Loss: 2.7720, Valid RMSE: 5.5646, Valid MAPE: 0.0733, Train Time: 29.6882s/epoch, Valid Time: 2.5344s, LR: 1.0000e-03
2023-12-31 11:21:28,724 - Epoch: 009, Train Loss: 2.8549, Train RMSE: 5.5921, Train MAPE: 0.0749, Valid Loss: 2.8210, Valid RMSE: 5.5753, Valid MAPE: 0.0737, Train Time: 28.7867s/epoch, Valid Time: 2.5248s, LR: 1.0000e-03
2023-12-31 11:22:00,405 - Epoch: 010, Train Loss: 2.8340, Train RMSE: 5.5420, Train MAPE: 0.0743, Valid Loss: 2.7016, Valid RMSE: 5.4371, Valid MAPE: 0.0721, Train Time: 29.2295s/epoch, Valid Time: 2.4512s, LR: 1.0000e-03
2023-12-31 11:22:00,416 - Val loss decrease from 2.7567 to 2.7016
2023-12-31 11:22:32,105 - Epoch: 011, Train Loss: 2.8125, Train RMSE: 5.4978, Train MAPE: 0.0736, Valid Loss: 2.7349, Valid RMSE: 5.4679, Valid MAPE: 0.0725, Train Time: 29.1928s/epoch, Valid Time: 2.4958s, LR: 9.5000e-04
2023-12-31 11:23:03,561 - Epoch: 012, Train Loss: 2.7993, Train RMSE: 5.4653, Train MAPE: 0.0732, Valid Loss: 2.7058, Valid RMSE: 5.4086, Valid MAPE: 0.0710, Train Time: 28.8705s/epoch, Valid Time: 2.5842s, LR: 9.5000e-04
2023-12-31 11:23:35,795 - Epoch: 013, Train Loss: 2.7883, Train RMSE: 5.4322, Train MAPE: 0.0727, Valid Loss: 2.6502, Valid RMSE: 5.3495, Valid MAPE: 0.0713, Train Time: 29.6777s/epoch, Valid Time: 2.5560s, LR: 9.5000e-04
2023-12-31 11:23:35,809 - Val loss decrease from 2.7016 to 2.6502
2023-12-31 11:24:07,299 - Epoch: 014, Train Loss: 2.7695, Train RMSE: 5.3981, Train MAPE: 0.0721, Valid Loss: 2.6991, Valid RMSE: 5.3966, Valid MAPE: 0.0707, Train Time: 29.0016s/epoch, Valid Time: 2.4875s, LR: 9.5000e-04
2023-12-31 11:24:39,425 - Epoch: 015, Train Loss: 2.7617, Train RMSE: 5.3884, Train MAPE: 0.0720, Valid Loss: 2.6471, Valid RMSE: 5.3203, Valid MAPE: 0.0720, Train Time: 29.3832s/epoch, Valid Time: 2.7418s, LR: 9.5000e-04
2023-12-31 11:24:39,435 - Val loss decrease from 2.6502 to 2.6471
2023-12-31 11:25:11,229 - Epoch: 016, Train Loss: 2.7560, Train RMSE: 5.3693, Train MAPE: 0.0717, Valid Loss: 2.6250, Valid RMSE: 5.2222, Valid MAPE: 0.0702, Train Time: 29.2095s/epoch, Valid Time: 2.5840s, LR: 9.5000e-04
2023-12-31 11:25:11,238 - Val loss decrease from 2.6471 to 2.6250
2023-12-31 11:25:42,599 - Epoch: 017, Train Loss: 2.7495, Train RMSE: 5.3513, Train MAPE: 0.0714, Valid Loss: 2.6296, Valid RMSE: 5.2919, Valid MAPE: 0.0703, Train Time: 28.7989s/epoch, Valid Time: 2.5606s, LR: 9.5000e-04
2023-12-31 11:26:14,253 - Epoch: 018, Train Loss: 2.7376, Train RMSE: 5.3382, Train MAPE: 0.0711, Valid Loss: 2.6318, Valid RMSE: 5.2995, Valid MAPE: 0.0704, Train Time: 29.2224s/epoch, Valid Time: 2.4311s, LR: 9.5000e-04
2023-12-31 11:26:45,525 - Epoch: 019, Train Loss: 2.7359, Train RMSE: 5.3269, Train MAPE: 0.0710, Valid Loss: 2.6740, Valid RMSE: 5.3336, Valid MAPE: 0.0696, Train Time: 28.4734s/epoch, Valid Time: 2.7977s, LR: 9.5000e-04
2023-12-31 11:27:17,107 - Epoch: 020, Train Loss: 2.7289, Train RMSE: 5.3172, Train MAPE: 0.0709, Valid Loss: 2.6247, Valid RMSE: 5.2946, Valid MAPE: 0.0703, Train Time: 29.0876s/epoch, Valid Time: 2.4930s, LR: 9.5000e-04
2023-12-31 11:27:17,121 - Val loss decrease from 2.6250 to 2.6247
2023-12-31 11:27:48,803 - Epoch: 021, Train Loss: 2.7252, Train RMSE: 5.3071, Train MAPE: 0.0707, Valid Loss: 2.6723, Valid RMSE: 5.3334, Valid MAPE: 0.0717, Train Time: 29.0379s/epoch, Valid Time: 2.6430s, LR: 9.0250e-04
2023-12-31 11:28:20,766 - Epoch: 022, Train Loss: 2.7200, Train RMSE: 5.3033, Train MAPE: 0.0705, Valid Loss: 2.6637, Valid RMSE: 5.3309, Valid MAPE: 0.0703, Train Time: 29.1952s/epoch, Valid Time: 2.7676s, LR: 9.0250e-04
2023-12-31 11:28:51,989 - Epoch: 023, Train Loss: 2.7135, Train RMSE: 5.2858, Train MAPE: 0.0703, Valid Loss: 2.6583, Valid RMSE: 5.2826, Valid MAPE: 0.0710, Train Time: 28.6773s/epoch, Valid Time: 2.5449s, LR: 9.0250e-04
2023-12-31 11:29:23,708 - Epoch: 024, Train Loss: 2.7082, Train RMSE: 5.2733, Train MAPE: 0.0701, Valid Loss: 2.6306, Valid RMSE: 5.2960, Valid MAPE: 0.0692, Train Time: 28.9971s/epoch, Valid Time: 2.7186s, LR: 9.0250e-04
2023-12-31 11:29:55,595 - Epoch: 025, Train Loss: 2.7055, Train RMSE: 5.2754, Train MAPE: 0.0701, Valid Loss: 2.6840, Valid RMSE: 5.3131, Valid MAPE: 0.0695, Train Time: 29.0467s/epoch, Valid Time: 2.8384s, LR: 9.0250e-04
2023-12-31 11:30:24,990 - Epoch: 026, Train Loss: 2.7048, Train RMSE: 5.2728, Train MAPE: 0.0700, Valid Loss: 2.6156, Valid RMSE: 5.2524, Valid MAPE: 0.0688, Train Time: 26.6940s/epoch, Valid Time: 2.6997s, LR: 9.0250e-04
2023-12-31 11:30:25,002 - Val loss decrease from 2.6247 to 2.6156
2023-12-31 11:30:56,746 - Epoch: 027, Train Loss: 2.7010, Train RMSE: 5.2655, Train MAPE: 0.0698, Valid Loss: 2.6262, Valid RMSE: 5.2856, Valid MAPE: 0.0695, Train Time: 29.0724s/epoch, Valid Time: 2.6706s, LR: 9.0250e-04
2023-12-31 11:31:27,960 - Epoch: 028, Train Loss: 2.6973, Train RMSE: 5.2526, Train MAPE: 0.0698, Valid Loss: 2.6524, Valid RMSE: 5.3101, Valid MAPE: 0.0687, Train Time: 28.7292s/epoch, Valid Time: 2.4840s, LR: 9.0250e-04
2023-12-31 11:31:59,319 - Epoch: 029, Train Loss: 2.7007, Train RMSE: 5.2561, Train MAPE: 0.0698, Valid Loss: 2.6548, Valid RMSE: 5.3155, Valid MAPE: 0.0685, Train Time: 28.5306s/epoch, Valid Time: 2.8282s, LR: 9.0250e-04
2023-12-31 11:32:29,131 - Epoch: 030, Train Loss: 2.6930, Train RMSE: 5.2484, Train MAPE: 0.0696, Valid Loss: 2.6336, Valid RMSE: 5.2441, Valid MAPE: 0.0692, Train Time: 27.0341s/epoch, Valid Time: 2.7769s, LR: 9.0250e-04
2023-12-31 11:33:01,278 - Epoch: 031, Train Loss: 2.6889, Train RMSE: 5.2412, Train MAPE: 0.0695, Valid Loss: 2.6185, Valid RMSE: 5.2401, Valid MAPE: 0.0695, Train Time: 29.4848s/epoch, Valid Time: 2.6612s, LR: 8.5737e-04
2023-12-31 11:33:33,542 - Epoch: 032, Train Loss: 2.6881, Train RMSE: 5.2354, Train MAPE: 0.0694, Valid Loss: 2.6507, Valid RMSE: 5.2770, Valid MAPE: 0.0693, Train Time: 29.4592s/epoch, Valid Time: 2.8040s, LR: 8.5737e-04
2023-12-31 11:34:05,994 - Epoch: 033, Train Loss: 2.6847, Train RMSE: 5.2318, Train MAPE: 0.0693, Valid Loss: 2.6169, Valid RMSE: 5.2678, Valid MAPE: 0.0698, Train Time: 29.6344s/epoch, Valid Time: 2.8169s, LR: 8.5737e-04
2023-12-31 11:34:37,384 - Epoch: 034, Train Loss: 2.6834, Train RMSE: 5.2288, Train MAPE: 0.0693, Valid Loss: 2.6069, Valid RMSE: 5.2697, Valid MAPE: 0.0697, Train Time: 28.7211s/epoch, Valid Time: 2.6677s, LR: 8.5737e-04
2023-12-31 11:34:37,398 - Val loss decrease from 2.6156 to 2.6069
2023-12-31 11:35:09,346 - Epoch: 035, Train Loss: 2.6829, Train RMSE: 5.2273, Train MAPE: 0.0693, Valid Loss: 2.6186, Valid RMSE: 5.2416, Valid MAPE: 0.0683, Train Time: 29.1486s/epoch, Valid Time: 2.7980s, LR: 8.5737e-04
2023-12-31 11:35:41,114 - Epoch: 036, Train Loss: 2.6804, Train RMSE: 5.2217, Train MAPE: 0.0692, Valid Loss: 2.5980, Valid RMSE: 5.2391, Valid MAPE: 0.0699, Train Time: 29.2519s/epoch, Valid Time: 2.5150s, LR: 8.5737e-04
2023-12-31 11:35:41,130 - Val loss decrease from 2.6069 to 2.5980
2023-12-31 11:36:12,830 - Epoch: 037, Train Loss: 2.6782, Train RMSE: 5.2178, Train MAPE: 0.0691, Valid Loss: 2.5817, Valid RMSE: 5.2086, Valid MAPE: 0.0693, Train Time: 29.1476s/epoch, Valid Time: 2.5517s, LR: 8.5737e-04
2023-12-31 11:36:12,846 - Val loss decrease from 2.5980 to 2.5817
2023-12-31 11:36:44,260 - Epoch: 038, Train Loss: 2.6769, Train RMSE: 5.2112, Train MAPE: 0.0690, Valid Loss: 2.6676, Valid RMSE: 5.3021, Valid MAPE: 0.0695, Train Time: 28.8744s/epoch, Valid Time: 2.5393s, LR: 8.5737e-04
2023-12-31 11:37:15,818 - Epoch: 039, Train Loss: 2.6770, Train RMSE: 5.2140, Train MAPE: 0.0690, Valid Loss: 2.6406, Valid RMSE: 5.2845, Valid MAPE: 0.0700, Train Time: 29.0805s/epoch, Valid Time: 2.4764s, LR: 8.5737e-04
2023-12-31 11:37:46,614 - Epoch: 040, Train Loss: 2.6711, Train RMSE: 5.2026, Train MAPE: 0.0689, Valid Loss: 2.5827, Valid RMSE: 5.2258, Valid MAPE: 0.0694, Train Time: 28.3239s/epoch, Valid Time: 2.4708s, LR: 8.5737e-04
2023-12-31 11:38:18,100 - Epoch: 041, Train Loss: 2.6687, Train RMSE: 5.1970, Train MAPE: 0.0688, Valid Loss: 2.6535, Valid RMSE: 5.2814, Valid MAPE: 0.0708, Train Time: 28.9654s/epoch, Valid Time: 2.5196s, LR: 8.1451e-04
2023-12-31 11:38:49,738 - Epoch: 042, Train Loss: 2.6709, Train RMSE: 5.1917, Train MAPE: 0.0688, Valid Loss: 2.6590, Valid RMSE: 5.2847, Valid MAPE: 0.0696, Train Time: 29.0483s/epoch, Valid Time: 2.5874s, LR: 8.1451e-04
2023-12-31 11:39:21,979 - Epoch: 043, Train Loss: 2.6681, Train RMSE: 5.1917, Train MAPE: 0.0688, Valid Loss: 2.6227, Valid RMSE: 5.2742, Valid MAPE: 0.0689, Train Time: 29.5138s/epoch, Valid Time: 2.7265s, LR: 8.1451e-04
2023-12-31 11:39:53,906 - Epoch: 044, Train Loss: 2.6661, Train RMSE: 5.1888, Train MAPE: 0.0687, Valid Loss: 2.6092, Valid RMSE: 5.2660, Valid MAPE: 0.0703, Train Time: 29.4653s/epoch, Valid Time: 2.4607s, LR: 8.1451e-04
2023-12-31 11:40:25,302 - Epoch: 045, Train Loss: 2.6640, Train RMSE: 5.1845, Train MAPE: 0.0686, Valid Loss: 2.6459, Valid RMSE: 5.2857, Valid MAPE: 0.0700, Train Time: 28.7939s/epoch, Valid Time: 2.6015s, LR: 8.1451e-04
2023-12-31 11:40:57,138 - Epoch: 046, Train Loss: 2.6650, Train RMSE: 5.1798, Train MAPE: 0.0685, Valid Loss: 2.6053, Valid RMSE: 5.2441, Valid MAPE: 0.0692, Train Time: 29.0704s/epoch, Valid Time: 2.7641s, LR: 8.1451e-04
2023-12-31 11:41:26,896 - Epoch: 047, Train Loss: 2.6650, Train RMSE: 5.1815, Train MAPE: 0.0686, Valid Loss: 2.6517, Valid RMSE: 5.2878, Valid MAPE: 0.0697, Train Time: 27.4763s/epoch, Valid Time: 2.2810s, LR: 8.1451e-04
2023-12-31 11:41:26,896 - Early stop at epoch 47, loss = 2.581737
2023-12-31 11:41:26,896 - best valid_loss:2.581737
2023-12-31 11:41:32,029 - Horizon 1, Test MAE: 2.3139, Test RMSE: 4.0476, Test MAPE: 0.0558
2023-12-31 11:41:32,041 - Horizon 2, Test MAE: 2.5796, Test RMSE: 4.8142, Test MAPE: 0.0648
2023-12-31 11:41:32,054 - Horizon 3, Test MAE: 2.7693, Test RMSE: 5.3570, Test MAPE: 0.0720
2023-12-31 11:41:32,072 - Horizon 4, Test MAE: 2.9245, Test RMSE: 5.7908, Test MAPE: 0.0783
2023-12-31 11:41:32,103 - Horizon 5, Test MAE: 3.0581, Test RMSE: 6.1404, Test MAPE: 0.0836
2023-12-31 11:41:32,113 - Horizon 6, Test MAE: 3.1812, Test RMSE: 6.4453, Test MAPE: 0.0887
2023-12-31 11:41:32,114 - Average Test MAE: 2.8044, Test RMSE: 5.4326, Test MAPE: 0.0739
2023-12-31 12:25:29,642 - Namespace(Ks=3, Kt=3, adapter=True, batch_size=128, block_num=2, clip_grad_value=5, dataset='METRLA', device='cuda:6', dropout=0.3, embed_dim=10, end_dim=512, frozen=False, gamma=0.95, horizon=6, input_dim=2, lrate=0.001, max_epochs=100, mode='train', model='stgcn', num_layers=1, output_dim=1, patience=10, pre_train='', save='test.pth', seed=5, seq_length=12, step_size=10, wdecay=0.0005, years='2012')
2023-12-31 12:25:29,644 - Adj path: /home/yuxuan/rwl/GWN-LoRA/data/metrla/metrla_rn_adj.npy
2023-12-31 12:25:30,838 - Data shape: (34272, 207, 3)
2023-12-31 12:25:31,393 - Sample num: 23974, Batch num: 187
2023-12-31 12:25:31,941 - Sample num: 3425, Batch num: 26
2023-12-31 12:25:32,552 - Sample num: 6850, Batch num: 53
2023-12-31 12:25:32,951 - The number of parameters: 245702
2023-12-31 12:25:32,957 - Start training!
2023-12-31 12:26:07,305 - Epoch: 001, Train Loss: 3.7557, Train RMSE: 6.9576, Train MAPE: 0.1013, Valid Loss: 3.0718, Valid RMSE: 6.2689, Valid MAPE: 0.0802, Train Time: 31.6169s/epoch, Valid Time: 2.7310s, LR: 1.0000e-03
2023-12-31 12:26:07,341 - Val loss decrease from inf to 3.0718
2023-12-31 12:26:39,608 - Epoch: 002, Train Loss: 3.1688, Train RMSE: 6.1883, Train MAPE: 0.0841, Valid Loss: 2.9734, Valid RMSE: 6.0741, Valid MAPE: 0.0785, Train Time: 29.7724s/epoch, Valid Time: 2.4942s, LR: 1.0000e-03
2023-12-31 12:26:39,621 - Val loss decrease from 3.0718 to 2.9734
2023-12-31 12:27:12,282 - Epoch: 003, Train Loss: 3.0708, Train RMSE: 5.9831, Train MAPE: 0.0813, Valid Loss: 2.9718, Valid RMSE: 5.8554, Valid MAPE: 0.0804, Train Time: 29.8349s/epoch, Valid Time: 2.8254s, LR: 1.0000e-03
2023-12-31 12:27:12,294 - Val loss decrease from 2.9734 to 2.9718
2023-12-31 12:27:44,312 - Epoch: 004, Train Loss: 3.0149, Train RMSE: 5.8843, Train MAPE: 0.0798, Valid Loss: 2.8403, Valid RMSE: 5.6914, Valid MAPE: 0.0779, Train Time: 29.5303s/epoch, Valid Time: 2.4875s, LR: 1.0000e-03
2023-12-31 12:27:44,324 - Val loss decrease from 2.9718 to 2.8403
2023-12-31 12:28:17,029 - Epoch: 005, Train Loss: 2.9690, Train RMSE: 5.8148, Train MAPE: 0.0784, Valid Loss: 2.7989, Valid RMSE: 5.6678, Valid MAPE: 0.0743, Train Time: 30.0290s/epoch, Valid Time: 2.6759s, LR: 1.0000e-03
2023-12-31 12:28:17,043 - Val loss decrease from 2.8403 to 2.7989
2023-12-31 12:28:50,282 - Epoch: 006, Train Loss: 2.9359, Train RMSE: 5.7521, Train MAPE: 0.0774, Valid Loss: 2.7669, Valid RMSE: 5.5522, Valid MAPE: 0.0761, Train Time: 30.5072s/epoch, Valid Time: 2.7315s, LR: 1.0000e-03
2023-12-31 12:28:50,298 - Val loss decrease from 2.7989 to 2.7669
2023-12-31 12:29:23,074 - Epoch: 007, Train Loss: 2.9087, Train RMSE: 5.6984, Train MAPE: 0.0768, Valid Loss: 2.7463, Valid RMSE: 5.5996, Valid MAPE: 0.0727, Train Time: 30.0477s/epoch, Valid Time: 2.7284s, LR: 1.0000e-03
2023-12-31 12:29:23,092 - Val loss decrease from 2.7669 to 2.7463
2023-12-31 12:29:55,618 - Epoch: 008, Train Loss: 2.8768, Train RMSE: 5.6384, Train MAPE: 0.0757, Valid Loss: 2.7566, Valid RMSE: 5.5504, Valid MAPE: 0.0726, Train Time: 30.1644s/epoch, Valid Time: 2.3612s, LR: 1.0000e-03
2023-12-31 12:30:28,168 - Epoch: 009, Train Loss: 2.8566, Train RMSE: 5.5922, Train MAPE: 0.0750, Valid Loss: 2.7273, Valid RMSE: 5.5053, Valid MAPE: 0.0716, Train Time: 29.5787s/epoch, Valid Time: 2.9706s, LR: 1.0000e-03
2023-12-31 12:30:28,181 - Val loss decrease from 2.7463 to 2.7273
2023-12-31 12:31:01,071 - Epoch: 010, Train Loss: 2.8334, Train RMSE: 5.5440, Train MAPE: 0.0742, Valid Loss: 2.6837, Valid RMSE: 5.4279, Valid MAPE: 0.0727, Train Time: 30.1805s/epoch, Valid Time: 2.7074s, LR: 1.0000e-03
2023-12-31 12:31:01,086 - Val loss decrease from 2.7273 to 2.6837
2023-12-31 12:31:33,172 - Epoch: 011, Train Loss: 2.8163, Train RMSE: 5.5098, Train MAPE: 0.0737, Valid Loss: 2.6691, Valid RMSE: 5.4017, Valid MAPE: 0.0727, Train Time: 29.1759s/epoch, Valid Time: 2.9087s, LR: 9.5000e-04
2023-12-31 12:31:33,183 - Val loss decrease from 2.6837 to 2.6691
2023-12-31 12:32:04,996 - Epoch: 012, Train Loss: 2.7999, Train RMSE: 5.4701, Train MAPE: 0.0732, Valid Loss: 2.6777, Valid RMSE: 5.3662, Valid MAPE: 0.0711, Train Time: 29.1258s/epoch, Valid Time: 2.6858s, LR: 9.5000e-04
2023-12-31 12:32:38,223 - Epoch: 013, Train Loss: 2.7863, Train RMSE: 5.4424, Train MAPE: 0.0728, Valid Loss: 2.6527, Valid RMSE: 5.3457, Valid MAPE: 0.0725, Train Time: 30.2020s/epoch, Valid Time: 3.0246s, LR: 9.5000e-04
2023-12-31 12:32:38,235 - Val loss decrease from 2.6691 to 2.6527
2023-12-31 12:33:12,479 - Epoch: 014, Train Loss: 2.7751, Train RMSE: 5.4117, Train MAPE: 0.0722, Valid Loss: 2.7031, Valid RMSE: 5.4134, Valid MAPE: 0.0701, Train Time: 31.4271s/epoch, Valid Time: 2.8153s, LR: 9.5000e-04
2023-12-31 12:33:45,854 - Epoch: 015, Train Loss: 2.7650, Train RMSE: 5.3991, Train MAPE: 0.0720, Valid Loss: 2.6550, Valid RMSE: 5.3182, Valid MAPE: 0.0704, Train Time: 30.5091s/epoch, Valid Time: 2.8658s, LR: 9.5000e-04
2023-12-31 12:34:18,972 - Epoch: 016, Train Loss: 2.7638, Train RMSE: 5.3912, Train MAPE: 0.0719, Valid Loss: 2.6196, Valid RMSE: 5.2165, Valid MAPE: 0.0704, Train Time: 30.4171s/epoch, Valid Time: 2.6991s, LR: 9.5000e-04
2023-12-31 12:34:18,986 - Val loss decrease from 2.6527 to 2.6196
2023-12-31 12:34:52,557 - Epoch: 017, Train Loss: 2.7508, Train RMSE: 5.3637, Train MAPE: 0.0715, Valid Loss: 2.6249, Valid RMSE: 5.3060, Valid MAPE: 0.0705, Train Time: 30.8448s/epoch, Valid Time: 2.7260s, LR: 9.5000e-04
2023-12-31 12:35:26,201 - Epoch: 018, Train Loss: 2.7432, Train RMSE: 5.3509, Train MAPE: 0.0713, Valid Loss: 2.6461, Valid RMSE: 5.3012, Valid MAPE: 0.0697, Train Time: 30.7743s/epoch, Valid Time: 2.8693s, LR: 9.5000e-04
2023-12-31 12:35:59,262 - Epoch: 019, Train Loss: 2.7408, Train RMSE: 5.3411, Train MAPE: 0.0712, Valid Loss: 2.6448, Valid RMSE: 5.3047, Valid MAPE: 0.0704, Train Time: 30.2033s/epoch, Valid Time: 2.8559s, LR: 9.5000e-04
2023-12-31 12:36:33,640 - Epoch: 020, Train Loss: 2.7283, Train RMSE: 5.3201, Train MAPE: 0.0708, Valid Loss: 2.6404, Valid RMSE: 5.3236, Valid MAPE: 0.0693, Train Time: 31.1447s/epoch, Valid Time: 3.2323s, LR: 9.5000e-04
2023-12-31 12:37:07,896 - Epoch: 021, Train Loss: 2.7267, Train RMSE: 5.3163, Train MAPE: 0.0707, Valid Loss: 2.6168, Valid RMSE: 5.2606, Valid MAPE: 0.0699, Train Time: 31.1372s/epoch, Valid Time: 3.1177s, LR: 9.0250e-04
2023-12-31 12:37:07,908 - Val loss decrease from 2.6196 to 2.6168
2023-12-31 12:37:41,801 - Epoch: 022, Train Loss: 2.7229, Train RMSE: 5.3114, Train MAPE: 0.0706, Valid Loss: 2.6051, Valid RMSE: 5.2359, Valid MAPE: 0.0694, Train Time: 30.9978s/epoch, Valid Time: 2.8949s, LR: 9.0250e-04
2023-12-31 12:37:41,815 - Val loss decrease from 2.6168 to 2.6051
2023-12-31 12:38:15,649 - Epoch: 023, Train Loss: 2.7137, Train RMSE: 5.2922, Train MAPE: 0.0703, Valid Loss: 2.6351, Valid RMSE: 5.2890, Valid MAPE: 0.0694, Train Time: 30.8358s/epoch, Valid Time: 2.9976s, LR: 9.0250e-04
2023-12-31 12:38:49,662 - Epoch: 024, Train Loss: 2.7089, Train RMSE: 5.2808, Train MAPE: 0.0701, Valid Loss: 2.6412, Valid RMSE: 5.3069, Valid MAPE: 0.0691, Train Time: 31.2466s/epoch, Valid Time: 2.7646s, LR: 9.0250e-04
2023-12-31 12:39:23,502 - Epoch: 025, Train Loss: 2.7062, Train RMSE: 5.2784, Train MAPE: 0.0700, Valid Loss: 2.6515, Valid RMSE: 5.2689, Valid MAPE: 0.0694, Train Time: 30.9628s/epoch, Valid Time: 2.8766s, LR: 9.0250e-04
2023-12-31 12:39:58,216 - Epoch: 026, Train Loss: 2.7030, Train RMSE: 5.2725, Train MAPE: 0.0700, Valid Loss: 2.6594, Valid RMSE: 5.3285, Valid MAPE: 0.0697, Train Time: 31.6515s/epoch, Valid Time: 3.0615s, LR: 9.0250e-04
2023-12-31 12:40:30,703 - Epoch: 027, Train Loss: 2.7041, Train RMSE: 5.2691, Train MAPE: 0.0699, Valid Loss: 2.6279, Valid RMSE: 5.2837, Valid MAPE: 0.0688, Train Time: 29.9066s/epoch, Valid Time: 2.5793s, LR: 9.0250e-04
2023-12-31 12:41:03,877 - Epoch: 028, Train Loss: 2.6958, Train RMSE: 5.2552, Train MAPE: 0.0697, Valid Loss: 2.6224, Valid RMSE: 5.2629, Valid MAPE: 0.0682, Train Time: 30.3433s/epoch, Valid Time: 2.8275s, LR: 9.0250e-04
2023-12-31 12:41:37,369 - Epoch: 029, Train Loss: 2.6942, Train RMSE: 5.2541, Train MAPE: 0.0696, Valid Loss: 2.6060, Valid RMSE: 5.2806, Valid MAPE: 0.0692, Train Time: 30.3906s/epoch, Valid Time: 3.1007s, LR: 9.0250e-04
2023-12-31 12:42:11,335 - Epoch: 030, Train Loss: 2.6979, Train RMSE: 5.2558, Train MAPE: 0.0697, Valid Loss: 2.6103, Valid RMSE: 5.2359, Valid MAPE: 0.0686, Train Time: 30.9941s/epoch, Valid Time: 2.9704s, LR: 9.0250e-04
2023-12-31 12:42:45,215 - Epoch: 031, Train Loss: 2.6884, Train RMSE: 5.2449, Train MAPE: 0.0695, Valid Loss: 2.5987, Valid RMSE: 5.2047, Valid MAPE: 0.0689, Train Time: 30.9250s/epoch, Valid Time: 2.9533s, LR: 8.5737e-04
2023-12-31 12:42:45,236 - Val loss decrease from 2.6051 to 2.5987
2023-12-31 12:43:19,096 - Epoch: 032, Train Loss: 2.6869, Train RMSE: 5.2365, Train MAPE: 0.0694, Valid Loss: 2.6216, Valid RMSE: 5.2757, Valid MAPE: 0.0698, Train Time: 30.7714s/epoch, Valid Time: 3.0875s, LR: 8.5737e-04
2023-12-31 12:43:52,184 - Epoch: 033, Train Loss: 2.6833, Train RMSE: 5.2264, Train MAPE: 0.0692, Valid Loss: 2.6091, Valid RMSE: 5.2514, Valid MAPE: 0.0692, Train Time: 30.3059s/epoch, Valid Time: 2.7806s, LR: 8.5737e-04
2023-12-31 12:44:25,634 - Epoch: 034, Train Loss: 2.6801, Train RMSE: 5.2245, Train MAPE: 0.0692, Valid Loss: 2.6010, Valid RMSE: 5.2566, Valid MAPE: 0.0688, Train Time: 30.7004s/epoch, Valid Time: 2.7490s, LR: 8.5737e-04
2023-12-31 12:44:58,780 - Epoch: 035, Train Loss: 2.6787, Train RMSE: 5.2200, Train MAPE: 0.0691, Valid Loss: 2.6065, Valid RMSE: 5.2629, Valid MAPE: 0.0692, Train Time: 30.2018s/epoch, Valid Time: 2.9428s, LR: 8.5737e-04
2023-12-31 12:45:32,610 - Epoch: 036, Train Loss: 2.6767, Train RMSE: 5.2179, Train MAPE: 0.0691, Valid Loss: 2.5971, Valid RMSE: 5.2336, Valid MAPE: 0.0698, Train Time: 31.0235s/epoch, Valid Time: 2.8053s, LR: 8.5737e-04
2023-12-31 12:45:32,623 - Val loss decrease from 2.5987 to 2.5971
2023-12-31 12:46:04,377 - Epoch: 037, Train Loss: 2.6781, Train RMSE: 5.2171, Train MAPE: 0.0691, Valid Loss: 2.5921, Valid RMSE: 5.2485, Valid MAPE: 0.0693, Train Time: 29.2301s/epoch, Valid Time: 2.5225s, LR: 8.5737e-04
2023-12-31 12:46:04,393 - Val loss decrease from 2.5971 to 2.5921
2023-12-31 12:46:35,522 - Epoch: 038, Train Loss: 2.6744, Train RMSE: 5.2131, Train MAPE: 0.0690, Valid Loss: 2.6649, Valid RMSE: 5.3039, Valid MAPE: 0.0694, Train Time: 28.5059s/epoch, Valid Time: 2.6223s, LR: 8.5737e-04
2023-12-31 12:47:06,810 - Epoch: 039, Train Loss: 2.6725, Train RMSE: 5.2083, Train MAPE: 0.0689, Valid Loss: 2.6185, Valid RMSE: 5.2838, Valid MAPE: 0.0697, Train Time: 28.8316s/epoch, Valid Time: 2.4563s, LR: 8.5737e-04
2023-12-31 12:47:37,964 - Epoch: 040, Train Loss: 2.6706, Train RMSE: 5.2039, Train MAPE: 0.0689, Valid Loss: 2.5936, Valid RMSE: 5.2731, Valid MAPE: 0.0715, Train Time: 28.6679s/epoch, Valid Time: 2.4845s, LR: 8.5737e-04
2023-12-31 12:48:09,198 - Epoch: 041, Train Loss: 2.6667, Train RMSE: 5.1947, Train MAPE: 0.0687, Valid Loss: 2.6406, Valid RMSE: 5.2669, Valid MAPE: 0.0702, Train Time: 28.6022s/epoch, Valid Time: 2.6313s, LR: 8.1451e-04
2023-12-31 12:48:40,606 - Epoch: 042, Train Loss: 2.6676, Train RMSE: 5.1974, Train MAPE: 0.0688, Valid Loss: 2.6047, Valid RMSE: 5.2489, Valid MAPE: 0.0688, Train Time: 28.8534s/epoch, Valid Time: 2.5543s, LR: 8.1451e-04
2023-12-31 12:49:11,789 - Epoch: 043, Train Loss: 2.6628, Train RMSE: 5.1842, Train MAPE: 0.0686, Valid Loss: 2.5795, Valid RMSE: 5.2208, Valid MAPE: 0.0679, Train Time: 28.7276s/epoch, Valid Time: 2.4543s, LR: 8.1451e-04
2023-12-31 12:49:11,803 - Val loss decrease from 2.5921 to 2.5795
2023-12-31 12:49:42,727 - Epoch: 044, Train Loss: 2.6624, Train RMSE: 5.1861, Train MAPE: 0.0686, Valid Loss: 2.5936, Valid RMSE: 5.2531, Valid MAPE: 0.0698, Train Time: 28.6159s/epoch, Valid Time: 2.3076s, LR: 8.1451e-04
2023-12-31 12:50:12,067 - Epoch: 045, Train Loss: 2.6599, Train RMSE: 5.1830, Train MAPE: 0.0685, Valid Loss: 2.5992, Valid RMSE: 5.2526, Valid MAPE: 0.0691, Train Time: 27.0141s/epoch, Valid Time: 2.3256s, LR: 8.1451e-04
2023-12-31 12:50:41,957 - Epoch: 046, Train Loss: 2.6608, Train RMSE: 5.1823, Train MAPE: 0.0685, Valid Loss: 2.6352, Valid RMSE: 5.2943, Valid MAPE: 0.0692, Train Time: 27.6406s/epoch, Valid Time: 2.2486s, LR: 8.1451e-04
2023-12-31 12:51:12,807 - Epoch: 047, Train Loss: 2.6600, Train RMSE: 5.1780, Train MAPE: 0.0685, Valid Loss: 2.6309, Valid RMSE: 5.2704, Valid MAPE: 0.0693, Train Time: 28.5048s/epoch, Valid Time: 2.3432s, LR: 8.1451e-04
2023-12-31 12:51:42,543 - Epoch: 048, Train Loss: 2.6588, Train RMSE: 5.1793, Train MAPE: 0.0684, Valid Loss: 2.6036, Valid RMSE: 5.2427, Valid MAPE: 0.0687, Train Time: 27.4650s/epoch, Valid Time: 2.2690s, LR: 8.1451e-04
2023-12-31 12:52:12,207 - Epoch: 049, Train Loss: 2.6556, Train RMSE: 5.1694, Train MAPE: 0.0683, Valid Loss: 2.5922, Valid RMSE: 5.2675, Valid MAPE: 0.0705, Train Time: 27.3810s/epoch, Valid Time: 2.2823s, LR: 8.1451e-04
2023-12-31 12:52:41,642 - Epoch: 050, Train Loss: 2.6547, Train RMSE: 5.1677, Train MAPE: 0.0683, Valid Loss: 2.5971, Valid RMSE: 5.2359, Valid MAPE: 0.0679, Train Time: 27.2551s/epoch, Valid Time: 2.1793s, LR: 8.1451e-04
2023-12-31 12:53:11,223 - Epoch: 051, Train Loss: 2.6552, Train RMSE: 5.1659, Train MAPE: 0.0683, Valid Loss: 2.5977, Valid RMSE: 5.2782, Valid MAPE: 0.0693, Train Time: 27.2489s/epoch, Valid Time: 2.3310s, LR: 7.7378e-04
2023-12-31 12:53:41,028 - Epoch: 052, Train Loss: 2.6488, Train RMSE: 5.1532, Train MAPE: 0.0681, Valid Loss: 2.5719, Valid RMSE: 5.2104, Valid MAPE: 0.0683, Train Time: 27.5293s/epoch, Valid Time: 2.2753s, LR: 7.7378e-04
2023-12-31 12:53:41,041 - Val loss decrease from 2.5795 to 2.5719
2023-12-31 12:54:11,128 - Epoch: 053, Train Loss: 2.6546, Train RMSE: 5.1694, Train MAPE: 0.0684, Valid Loss: 2.5910, Valid RMSE: 5.2344, Valid MAPE: 0.0687, Train Time: 27.8475s/epoch, Valid Time: 2.2390s, LR: 7.7378e-04
2023-12-31 12:54:42,316 - Epoch: 054, Train Loss: 2.6543, Train RMSE: 5.1632, Train MAPE: 0.0683, Valid Loss: 2.5902, Valid RMSE: 5.2378, Valid MAPE: 0.0688, Train Time: 28.6527s/epoch, Valid Time: 2.5346s, LR: 7.7378e-04
2023-12-31 12:55:13,785 - Epoch: 055, Train Loss: 2.6483, Train RMSE: 5.1501, Train MAPE: 0.0681, Valid Loss: 2.5802, Valid RMSE: 5.1813, Valid MAPE: 0.0687, Train Time: 28.9533s/epoch, Valid Time: 2.5147s, LR: 7.7378e-04
2023-12-31 12:55:45,170 - Epoch: 056, Train Loss: 2.6472, Train RMSE: 5.1481, Train MAPE: 0.0681, Valid Loss: 2.5841, Valid RMSE: 5.2245, Valid MAPE: 0.0684, Train Time: 28.9355s/epoch, Valid Time: 2.4488s, LR: 7.7378e-04
2023-12-31 12:56:14,667 - Epoch: 057, Train Loss: 2.6496, Train RMSE: 5.1533, Train MAPE: 0.0681, Valid Loss: 2.5999, Valid RMSE: 5.2220, Valid MAPE: 0.0681, Train Time: 27.3167s/epoch, Valid Time: 2.1794s, LR: 7.7378e-04
2023-12-31 12:56:43,903 - Epoch: 058, Train Loss: 2.6461, Train RMSE: 5.1445, Train MAPE: 0.0680, Valid Loss: 2.6020, Valid RMSE: 5.2383, Valid MAPE: 0.0678, Train Time: 26.8392s/epoch, Valid Time: 2.3959s, LR: 7.7378e-04
2023-12-31 12:57:13,405 - Epoch: 059, Train Loss: 2.6433, Train RMSE: 5.1430, Train MAPE: 0.0679, Valid Loss: 2.6018, Valid RMSE: 5.2391, Valid MAPE: 0.0679, Train Time: 27.0104s/epoch, Valid Time: 2.4907s, LR: 7.7378e-04
2023-12-31 12:57:43,378 - Epoch: 060, Train Loss: 2.6454, Train RMSE: 5.1465, Train MAPE: 0.0680, Valid Loss: 2.5800, Valid RMSE: 5.2034, Valid MAPE: 0.0687, Train Time: 27.4618s/epoch, Valid Time: 2.5102s, LR: 7.7378e-04
2023-12-31 12:58:13,468 - Epoch: 061, Train Loss: 2.6430, Train RMSE: 5.1391, Train MAPE: 0.0679, Valid Loss: 2.6039, Valid RMSE: 5.2140, Valid MAPE: 0.0676, Train Time: 27.7726s/epoch, Valid Time: 2.3167s, LR: 7.3509e-04
2023-12-31 12:58:43,035 - Epoch: 062, Train Loss: 2.6411, Train RMSE: 5.1368, Train MAPE: 0.0678, Valid Loss: 2.6214, Valid RMSE: 5.2705, Valid MAPE: 0.0686, Train Time: 27.4341s/epoch, Valid Time: 2.1328s, LR: 7.3509e-04
2023-12-31 12:58:43,036 - Early stop at epoch 62, loss = 2.571880
2023-12-31 12:58:43,036 - best valid_loss:2.571880
2023-12-31 12:58:47,612 - Horizon 1, Test MAE: 2.3130, Test RMSE: 4.0689, Test MAPE: 0.0556
2023-12-31 12:58:47,624 - Horizon 2, Test MAE: 2.5696, Test RMSE: 4.8187, Test MAPE: 0.0644
2023-12-31 12:58:47,636 - Horizon 3, Test MAE: 2.7662, Test RMSE: 5.3733, Test MAPE: 0.0716
2023-12-31 12:58:47,646 - Horizon 4, Test MAE: 2.9234, Test RMSE: 5.8098, Test MAPE: 0.0777
2023-12-31 12:58:47,657 - Horizon 5, Test MAE: 3.0548, Test RMSE: 6.1645, Test MAPE: 0.0830
2023-12-31 12:58:47,665 - Horizon 6, Test MAE: 3.1779, Test RMSE: 6.4792, Test MAPE: 0.0876
2023-12-31 12:58:47,666 - Average Test MAE: 2.8008, Test RMSE: 5.4524, Test MAPE: 0.0733
2024-01-03 20:20:56,084 - Namespace(Ks=3, Kt=3, adapter=False, batch_size=128, block_num=2, clip_grad_value=5, dataset='METRLA', device='cuda:6', dropout=0.3, embed_dim=10, end_dim=512, frozen=False, gamma=0.95, horizon=3, input_dim=2, lrate=0.001, max_epochs=100, mode='train', model='stgcn', num_layers=1, output_dim=1, patience=10, pre_train='', save='test.pth', seed=5, seq_length=12, step_size=10, wdecay=0.0005, years='2012')
2024-01-03 20:20:56,085 - Adj path: /home/yuxuan/rwl/GWN-LoRA/data/metrla/metrla_rn_adj.npy
2024-01-03 20:20:57,181 - Data shape: (34272, 207, 3)
2024-01-03 20:20:57,765 - Sample num: 23974, Batch num: 187
2024-01-03 20:20:58,315 - Sample num: 3425, Batch num: 26
2024-01-03 20:20:58,862 - Sample num: 6850, Batch num: 53
2024-01-03 20:20:59,386 - The number of parameters: 245315
2024-01-03 20:20:59,386 - Start training!
2024-01-03 20:21:34,061 - Epoch: 001, Train Loss: 3.3551, Train RMSE: 6.1125, Train MAPE: 0.0875, Valid Loss: 2.7328, Valid RMSE: 5.3156, Valid MAPE: 0.0747, Train Time: 31.8679s/epoch, Valid Time: 2.8066s, LR: 1.0000e-03
2024-01-03 20:21:34,073 - Val loss decrease from inf to 2.7328
2024-01-03 20:22:06,256 - Epoch: 002, Train Loss: 2.8234, Train RMSE: 5.3113, Train MAPE: 0.0715, Valid Loss: 2.5783, Valid RMSE: 5.0665, Valid MAPE: 0.0668, Train Time: 29.4698s/epoch, Valid Time: 2.7124s, LR: 1.0000e-03
2024-01-03 20:22:06,265 - Val loss decrease from 2.7328 to 2.5783
2024-01-03 20:22:39,076 - Epoch: 003, Train Loss: 2.7407, Train RMSE: 5.1510, Train MAPE: 0.0692, Valid Loss: 2.5904, Valid RMSE: 5.0734, Valid MAPE: 0.0653, Train Time: 30.0204s/epoch, Valid Time: 2.7900s, LR: 1.0000e-03
2024-01-03 20:23:11,841 - Epoch: 004, Train Loss: 2.6863, Train RMSE: 5.0168, Train MAPE: 0.0676, Valid Loss: 2.6507, Valid RMSE: 4.9804, Valid MAPE: 0.0657, Train Time: 29.8716s/epoch, Valid Time: 2.8926s, LR: 1.0000e-03
2024-01-03 20:23:44,578 - Epoch: 005, Train Loss: 2.6670, Train RMSE: 4.9629, Train MAPE: 0.0668, Valid Loss: 2.6542, Valid RMSE: 4.9234, Valid MAPE: 0.0683, Train Time: 29.7541s/epoch, Valid Time: 2.9811s, LR: 1.0000e-03
2024-01-03 20:24:17,783 - Epoch: 006, Train Loss: 2.6212, Train RMSE: 4.8975, Train MAPE: 0.0656, Valid Loss: 2.4726, Valid RMSE: 4.7523, Valid MAPE: 0.0644, Train Time: 30.1096s/epoch, Valid Time: 3.0931s, LR: 1.0000e-03
2024-01-03 20:24:17,797 - Val loss decrease from 2.5783 to 2.4726
2024-01-03 20:24:50,360 - Epoch: 007, Train Loss: 2.6043, Train RMSE: 4.8566, Train MAPE: 0.0650, Valid Loss: 2.5489, Valid RMSE: 4.8466, Valid MAPE: 0.0641, Train Time: 29.6676s/epoch, Valid Time: 2.8953s, LR: 1.0000e-03
2024-01-03 20:25:23,457 - Epoch: 008, Train Loss: 2.5826, Train RMSE: 4.8126, Train MAPE: 0.0644, Valid Loss: 2.6330, Valid RMSE: 4.8856, Valid MAPE: 0.0658, Train Time: 30.1248s/epoch, Valid Time: 2.9707s, LR: 1.0000e-03
2024-01-03 20:25:55,771 - Epoch: 009, Train Loss: 2.5642, Train RMSE: 4.7751, Train MAPE: 0.0638, Valid Loss: 2.5737, Valid RMSE: 4.8263, Valid MAPE: 0.0638, Train Time: 29.5609s/epoch, Valid Time: 2.7515s, LR: 1.0000e-03
2024-01-03 20:26:28,562 - Epoch: 010, Train Loss: 2.5576, Train RMSE: 4.7567, Train MAPE: 0.0635, Valid Loss: 2.4451, Valid RMSE: 4.6762, Valid MAPE: 0.0613, Train Time: 29.9193s/epoch, Valid Time: 2.8716s, LR: 1.0000e-03
2024-01-03 20:26:28,572 - Val loss decrease from 2.4726 to 2.4451
2024-01-03 20:27:01,703 - Epoch: 011, Train Loss: 2.5386, Train RMSE: 4.7292, Train MAPE: 0.0630, Valid Loss: 2.4458, Valid RMSE: 4.6542, Valid MAPE: 0.0613, Train Time: 30.2214s/epoch, Valid Time: 2.9088s, LR: 9.5000e-04
2024-01-03 20:27:34,488 - Epoch: 012, Train Loss: 2.5281, Train RMSE: 4.7020, Train MAPE: 0.0626, Valid Loss: 2.4333, Valid RMSE: 4.6269, Valid MAPE: 0.0620, Train Time: 29.7359s/epoch, Valid Time: 3.0479s, LR: 9.5000e-04
2024-01-03 20:27:34,498 - Val loss decrease from 2.4451 to 2.4333
2024-01-03 20:28:07,335 - Epoch: 013, Train Loss: 2.5199, Train RMSE: 4.6850, Train MAPE: 0.0623, Valid Loss: 2.4280, Valid RMSE: 4.6426, Valid MAPE: 0.0604, Train Time: 29.9727s/epoch, Valid Time: 2.8638s, LR: 9.5000e-04
2024-01-03 20:28:07,344 - Val loss decrease from 2.4333 to 2.4280
2024-01-03 20:28:39,996 - Epoch: 014, Train Loss: 2.5105, Train RMSE: 4.6677, Train MAPE: 0.0620, Valid Loss: 2.4539, Valid RMSE: 4.6575, Valid MAPE: 0.0607, Train Time: 29.7477s/epoch, Valid Time: 2.9035s, LR: 9.5000e-04
2024-01-03 20:29:12,862 - Epoch: 015, Train Loss: 2.5121, Train RMSE: 4.6586, Train MAPE: 0.0619, Valid Loss: 2.4420, Valid RMSE: 4.6235, Valid MAPE: 0.0610, Train Time: 29.8044s/epoch, Valid Time: 3.0609s, LR: 9.5000e-04
2024-01-03 20:29:45,668 - Epoch: 016, Train Loss: 2.5031, Train RMSE: 4.6503, Train MAPE: 0.0618, Valid Loss: 2.4287, Valid RMSE: 4.5780, Valid MAPE: 0.0602, Train Time: 29.9097s/epoch, Valid Time: 2.8955s, LR: 9.5000e-04
2024-01-03 20:30:18,077 - Epoch: 017, Train Loss: 2.5044, Train RMSE: 4.6408, Train MAPE: 0.0617, Valid Loss: 2.5017, Valid RMSE: 4.6857, Valid MAPE: 0.0624, Train Time: 29.5648s/epoch, Valid Time: 2.8432s, LR: 9.5000e-04
2024-01-03 20:30:51,404 - Epoch: 018, Train Loss: 2.4932, Train RMSE: 4.6264, Train MAPE: 0.0614, Valid Loss: 2.4326, Valid RMSE: 4.6199, Valid MAPE: 0.0608, Train Time: 30.4881s/epoch, Valid Time: 2.8377s, LR: 9.5000e-04
2024-01-03 20:31:24,181 - Epoch: 019, Train Loss: 2.4906, Train RMSE: 4.6210, Train MAPE: 0.0614, Valid Loss: 2.3991, Valid RMSE: 4.5818, Valid MAPE: 0.0601, Train Time: 29.9649s/epoch, Valid Time: 2.8098s, LR: 9.5000e-04
2024-01-03 20:31:24,193 - Val loss decrease from 2.4280 to 2.3991
2024-01-03 20:31:57,074 - Epoch: 020, Train Loss: 2.4823, Train RMSE: 4.6100, Train MAPE: 0.0611, Valid Loss: 2.4707, Valid RMSE: 4.6820, Valid MAPE: 0.0620, Train Time: 29.8537s/epoch, Valid Time: 3.0262s, LR: 9.5000e-04
2024-01-03 20:32:30,460 - Epoch: 021, Train Loss: 2.4827, Train RMSE: 4.6118, Train MAPE: 0.0611, Valid Loss: 2.3969, Valid RMSE: 4.5984, Valid MAPE: 0.0613, Train Time: 30.3708s/epoch, Valid Time: 3.0143s, LR: 9.0250e-04
2024-01-03 20:32:30,469 - Val loss decrease from 2.3991 to 2.3969
2024-01-03 20:33:03,595 - Epoch: 022, Train Loss: 2.4783, Train RMSE: 4.6010, Train MAPE: 0.0610, Valid Loss: 2.4269, Valid RMSE: 4.6010, Valid MAPE: 0.0600, Train Time: 30.2987s/epoch, Valid Time: 2.8265s, LR: 9.0250e-04
2024-01-03 20:33:36,169 - Epoch: 023, Train Loss: 2.4752, Train RMSE: 4.5906, Train MAPE: 0.0608, Valid Loss: 2.3736, Valid RMSE: 4.5314, Valid MAPE: 0.0596, Train Time: 29.8031s/epoch, Valid Time: 2.7699s, LR: 9.0250e-04
2024-01-03 20:33:36,179 - Val loss decrease from 2.3969 to 2.3736
2024-01-03 20:34:08,845 - Epoch: 024, Train Loss: 2.4689, Train RMSE: 4.5813, Train MAPE: 0.0606, Valid Loss: 2.4079, Valid RMSE: 4.5515, Valid MAPE: 0.0598, Train Time: 29.8256s/epoch, Valid Time: 2.8400s, LR: 9.0250e-04
2024-01-03 20:34:41,360 - Epoch: 025, Train Loss: 2.4665, Train RMSE: 4.5773, Train MAPE: 0.0606, Valid Loss: 2.4331, Valid RMSE: 4.5905, Valid MAPE: 0.0598, Train Time: 29.6704s/epoch, Valid Time: 2.8439s, LR: 9.0250e-04
2024-01-03 20:35:13,849 - Epoch: 026, Train Loss: 2.4667, Train RMSE: 4.5769, Train MAPE: 0.0606, Valid Loss: 2.4300, Valid RMSE: 4.6111, Valid MAPE: 0.0607, Train Time: 29.7130s/epoch, Valid Time: 2.7749s, LR: 9.0250e-04
2024-01-03 20:35:46,693 - Epoch: 027, Train Loss: 2.4594, Train RMSE: 4.5635, Train MAPE: 0.0604, Valid Loss: 2.4183, Valid RMSE: 4.5869, Valid MAPE: 0.0606, Train Time: 29.9743s/epoch, Valid Time: 2.8692s, LR: 9.0250e-04
2024-01-03 20:36:19,377 - Epoch: 028, Train Loss: 2.4593, Train RMSE: 4.5626, Train MAPE: 0.0603, Valid Loss: 2.3469, Valid RMSE: 4.4753, Valid MAPE: 0.0586, Train Time: 29.8054s/epoch, Valid Time: 2.8776s, LR: 9.0250e-04
2024-01-03 20:36:19,393 - Val loss decrease from 2.3736 to 2.3469
2024-01-03 20:36:52,707 - Epoch: 029, Train Loss: 2.4562, Train RMSE: 4.5552, Train MAPE: 0.0602, Valid Loss: 2.3698, Valid RMSE: 4.5458, Valid MAPE: 0.0597, Train Time: 30.3124s/epoch, Valid Time: 3.0011s, LR: 9.0250e-04
2024-01-03 20:37:25,851 - Epoch: 030, Train Loss: 2.4547, Train RMSE: 4.5541, Train MAPE: 0.0601, Valid Loss: 2.4044, Valid RMSE: 4.5635, Valid MAPE: 0.0595, Train Time: 30.2556s/epoch, Valid Time: 2.8875s, LR: 9.0250e-04
2024-01-03 20:37:58,589 - Epoch: 031, Train Loss: 2.4510, Train RMSE: 4.5470, Train MAPE: 0.0601, Valid Loss: 2.3600, Valid RMSE: 4.5047, Valid MAPE: 0.0589, Train Time: 29.8518s/epoch, Valid Time: 2.8847s, LR: 8.5737e-04
2024-01-03 20:38:31,417 - Epoch: 032, Train Loss: 2.4501, Train RMSE: 4.5397, Train MAPE: 0.0600, Valid Loss: 2.5597, Valid RMSE: 4.6930, Valid MAPE: 0.0634, Train Time: 29.8259s/epoch, Valid Time: 3.0018s, LR: 8.5737e-04
2024-01-03 20:39:04,544 - Epoch: 033, Train Loss: 2.4512, Train RMSE: 4.5395, Train MAPE: 0.0600, Valid Loss: 2.3763, Valid RMSE: 4.5356, Valid MAPE: 0.0593, Train Time: 30.2217s/epoch, Valid Time: 2.9035s, LR: 8.5737e-04
2024-01-03 20:39:37,724 - Epoch: 034, Train Loss: 2.4469, Train RMSE: 4.5347, Train MAPE: 0.0599, Valid Loss: 2.3765, Valid RMSE: 4.5257, Valid MAPE: 0.0594, Train Time: 30.2892s/epoch, Valid Time: 2.8899s, LR: 8.5737e-04
2024-01-03 20:40:10,841 - Epoch: 035, Train Loss: 2.4436, Train RMSE: 4.5290, Train MAPE: 0.0598, Valid Loss: 2.3718, Valid RMSE: 4.5146, Valid MAPE: 0.0593, Train Time: 30.3105s/epoch, Valid Time: 2.8064s, LR: 8.5737e-04
2024-01-03 20:40:41,875 - Epoch: 036, Train Loss: 2.4444, Train RMSE: 4.5307, Train MAPE: 0.0598, Valid Loss: 2.4225, Valid RMSE: 4.5745, Valid MAPE: 0.0605, Train Time: 28.7127s/epoch, Valid Time: 2.3198s, LR: 8.5737e-04
2024-01-03 20:41:11,004 - Epoch: 037, Train Loss: 2.4390, Train RMSE: 4.5219, Train MAPE: 0.0597, Valid Loss: 2.3729, Valid RMSE: 4.5265, Valid MAPE: 0.0596, Train Time: 26.7864s/epoch, Valid Time: 2.3420s, LR: 8.5737e-04
2024-01-03 20:41:39,725 - Epoch: 038, Train Loss: 2.4416, Train RMSE: 4.5252, Train MAPE: 0.0597, Valid Loss: 2.3688, Valid RMSE: 4.4934, Valid MAPE: 0.0587, Train Time: 26.4402s/epoch, Valid Time: 2.2804s, LR: 8.5737e-04
2024-01-03 20:41:39,726 - Early stop at epoch 38, loss = 2.346914
2024-01-03 20:41:39,726 - best valid_loss:2.346914
2024-01-03 20:41:44,416 - Horizon 1, Test MAE: 2.2786, Test RMSE: 3.9726, Test MAPE: 0.0546
2024-01-03 20:41:44,429 - Horizon 2, Test MAE: 2.5724, Test RMSE: 4.8008, Test MAPE: 0.0644
2024-01-03 20:41:44,439 - Horizon 3, Test MAE: 2.8028, Test RMSE: 5.4353, Test MAPE: 0.0723
2024-01-03 20:41:44,439 - Average Test MAE: 2.5513, Test RMSE: 4.7362, Test MAPE: 0.0638
2024-01-03 21:15:47,387 - Namespace(Ks=3, Kt=3, adapter=True, batch_size=128, block_num=2, clip_grad_value=5, dataset='METRLA', device='cuda:6', dropout=0.3, embed_dim=10, end_dim=512, frozen=False, gamma=0.95, horizon=3, input_dim=2, lrate=0.001, max_epochs=100, mode='train', model='stgcn', num_layers=1, output_dim=1, patience=10, pre_train='', save='test.pth', seed=5, seq_length=12, step_size=10, wdecay=0.0005, years='2012')
2024-01-03 21:15:47,388 - Adj path: /home/yuxuan/rwl/GWN-LoRA/data/metrla/metrla_rn_adj.npy
2024-01-03 21:15:48,420 - Data shape: (34272, 207, 3)
2024-01-03 21:15:48,982 - Sample num: 23974, Batch num: 187
2024-01-03 21:15:49,474 - Sample num: 3425, Batch num: 26
2024-01-03 21:15:49,968 - Sample num: 6850, Batch num: 53
2024-01-03 21:15:50,358 - The number of parameters: 245315
2024-01-03 21:15:50,362 - Start training!
2024-01-03 21:16:23,630 - Epoch: 001, Train Loss: 3.4145, Train RMSE: 6.1545, Train MAPE: 0.0894, Valid Loss: 2.6697, Valid RMSE: 5.3115, Valid MAPE: 0.0672, Train Time: 31.0758s/epoch, Valid Time: 2.1923s, LR: 1.0000e-03
2024-01-03 21:16:23,647 - Val loss decrease from inf to 2.6697
2024-01-03 21:16:55,601 - Epoch: 002, Train Loss: 2.8508, Train RMSE: 5.3429, Train MAPE: 0.0721, Valid Loss: 2.6994, Valid RMSE: 5.2673, Valid MAPE: 0.0670, Train Time: 29.4046s/epoch, Valid Time: 2.5494s, LR: 1.0000e-03
2024-01-03 21:17:28,447 - Epoch: 003, Train Loss: 2.7719, Train RMSE: 5.1533, Train MAPE: 0.0701, Valid Loss: 2.5933, Valid RMSE: 5.0072, Valid MAPE: 0.0652, Train Time: 30.1589s/epoch, Valid Time: 2.6861s, LR: 1.0000e-03
2024-01-03 21:17:28,463 - Val loss decrease from 2.6697 to 2.5933
2024-01-03 21:18:01,375 - Epoch: 004, Train Loss: 2.6914, Train RMSE: 5.0251, Train MAPE: 0.0679, Valid Loss: 2.5174, Valid RMSE: 4.9020, Valid MAPE: 0.0642, Train Time: 30.1033s/epoch, Valid Time: 2.8078s, LR: 1.0000e-03
2024-01-03 21:18:01,389 - Val loss decrease from 2.5933 to 2.5174
2024-01-03 21:18:34,409 - Epoch: 005, Train Loss: 2.6737, Train RMSE: 4.9759, Train MAPE: 0.0673, Valid Loss: 2.5543, Valid RMSE: 4.8895, Valid MAPE: 0.0657, Train Time: 30.2736s/epoch, Valid Time: 2.7459s, LR: 1.0000e-03
2024-01-03 21:19:06,904 - Epoch: 006, Train Loss: 2.6354, Train RMSE: 4.9187, Train MAPE: 0.0661, Valid Loss: 2.5266, Valid RMSE: 4.8400, Valid MAPE: 0.0645, Train Time: 29.6781s/epoch, Valid Time: 2.8157s, LR: 1.0000e-03
2024-01-03 21:19:39,800 - Epoch: 007, Train Loss: 2.6093, Train RMSE: 4.8680, Train MAPE: 0.0652, Valid Loss: 2.5258, Valid RMSE: 4.8666, Valid MAPE: 0.0637, Train Time: 30.1978s/epoch, Valid Time: 2.6969s, LR: 1.0000e-03
2024-01-03 21:20:13,696 - Epoch: 008, Train Loss: 2.5858, Train RMSE: 4.8266, Train MAPE: 0.0645, Valid Loss: 2.5700, Valid RMSE: 4.8082, Valid MAPE: 0.0640, Train Time: 30.9998s/epoch, Valid Time: 2.8955s, LR: 1.0000e-03
2024-01-03 21:20:46,254 - Epoch: 009, Train Loss: 2.5643, Train RMSE: 4.7790, Train MAPE: 0.0637, Valid Loss: 2.4713, Valid RMSE: 4.6988, Valid MAPE: 0.0616, Train Time: 29.7882s/epoch, Valid Time: 2.7689s, LR: 1.0000e-03
2024-01-03 21:20:46,268 - Val loss decrease from 2.5174 to 2.4713
2024-01-03 21:21:19,277 - Epoch: 010, Train Loss: 2.5476, Train RMSE: 4.7454, Train MAPE: 0.0631, Valid Loss: 2.4951, Valid RMSE: 4.7145, Valid MAPE: 0.0632, Train Time: 30.2715s/epoch, Valid Time: 2.7369s, LR: 1.0000e-03
2024-01-03 21:21:52,642 - Epoch: 011, Train Loss: 2.5351, Train RMSE: 4.7240, Train MAPE: 0.0629, Valid Loss: 2.4834, Valid RMSE: 4.7052, Valid MAPE: 0.0620, Train Time: 30.5200s/epoch, Valid Time: 2.8436s, LR: 9.5000e-04
2024-01-03 21:22:25,925 - Epoch: 012, Train Loss: 2.5244, Train RMSE: 4.7000, Train MAPE: 0.0624, Valid Loss: 2.4324, Valid RMSE: 4.6244, Valid MAPE: 0.0611, Train Time: 30.4520s/epoch, Valid Time: 2.8306s, LR: 9.5000e-04
2024-01-03 21:22:25,943 - Val loss decrease from 2.4713 to 2.4324
2024-01-03 21:22:58,362 - Epoch: 013, Train Loss: 2.5237, Train RMSE: 4.6899, Train MAPE: 0.0624, Valid Loss: 2.4139, Valid RMSE: 4.6328, Valid MAPE: 0.0604, Train Time: 29.7099s/epoch, Valid Time: 2.7076s, LR: 9.5000e-04
2024-01-03 21:22:58,380 - Val loss decrease from 2.4324 to 2.4139
2024-01-03 21:23:31,242 - Epoch: 014, Train Loss: 2.5123, Train RMSE: 4.6758, Train MAPE: 0.0620, Valid Loss: 2.4405, Valid RMSE: 4.6537, Valid MAPE: 0.0601, Train Time: 30.0963s/epoch, Valid Time: 2.7645s, LR: 9.5000e-04
2024-01-03 21:24:04,070 - Epoch: 015, Train Loss: 2.5050, Train RMSE: 4.6632, Train MAPE: 0.0618, Valid Loss: 2.4307, Valid RMSE: 4.6140, Valid MAPE: 0.0606, Train Time: 29.8726s/epoch, Valid Time: 2.9536s, LR: 9.5000e-04
2024-01-03 21:24:36,675 - Epoch: 016, Train Loss: 2.5003, Train RMSE: 4.6514, Train MAPE: 0.0616, Valid Loss: 2.3726, Valid RMSE: 4.5159, Valid MAPE: 0.0591, Train Time: 29.8568s/epoch, Valid Time: 2.7469s, LR: 9.5000e-04
2024-01-03 21:24:36,688 - Val loss decrease from 2.4139 to 2.3726
2024-01-03 21:25:08,805 - Epoch: 017, Train Loss: 2.4992, Train RMSE: 4.6414, Train MAPE: 0.0615, Valid Loss: 2.3718, Valid RMSE: 4.5288, Valid MAPE: 0.0605, Train Time: 29.4444s/epoch, Valid Time: 2.6726s, LR: 9.5000e-04
2024-01-03 21:25:08,818 - Val loss decrease from 2.3726 to 2.3718
2024-01-03 21:25:41,043 - Epoch: 018, Train Loss: 2.4927, Train RMSE: 4.6318, Train MAPE: 0.0614, Valid Loss: 2.3859, Valid RMSE: 4.5653, Valid MAPE: 0.0598, Train Time: 29.5419s/epoch, Valid Time: 2.6824s, LR: 9.5000e-04
2024-01-03 21:26:13,987 - Epoch: 019, Train Loss: 2.4851, Train RMSE: 4.6181, Train MAPE: 0.0611, Valid Loss: 2.4649, Valid RMSE: 4.6437, Valid MAPE: 0.0604, Train Time: 29.9686s/epoch, Valid Time: 2.9748s, LR: 9.5000e-04
2024-01-03 21:26:46,437 - Epoch: 020, Train Loss: 2.4825, Train RMSE: 4.6135, Train MAPE: 0.0610, Valid Loss: 2.4146, Valid RMSE: 4.6109, Valid MAPE: 0.0610, Train Time: 29.7737s/epoch, Valid Time: 2.6747s, LR: 9.5000e-04
2024-01-03 21:27:19,100 - Epoch: 021, Train Loss: 2.4778, Train RMSE: 4.6012, Train MAPE: 0.0609, Valid Loss: 2.3974, Valid RMSE: 4.5846, Valid MAPE: 0.0607, Train Time: 29.8025s/epoch, Valid Time: 2.8591s, LR: 9.0250e-04
2024-01-03 21:27:51,540 - Epoch: 022, Train Loss: 2.4725, Train RMSE: 4.5900, Train MAPE: 0.0607, Valid Loss: 2.3884, Valid RMSE: 4.5398, Valid MAPE: 0.0591, Train Time: 29.7613s/epoch, Valid Time: 2.6781s, LR: 9.0250e-04
2024-01-03 21:28:23,838 - Epoch: 023, Train Loss: 2.4692, Train RMSE: 4.5803, Train MAPE: 0.0606, Valid Loss: 2.3646, Valid RMSE: 4.5014, Valid MAPE: 0.0590, Train Time: 29.6734s/epoch, Valid Time: 2.6236s, LR: 9.0250e-04
2024-01-03 21:28:23,856 - Val loss decrease from 2.3718 to 2.3646
2024-01-03 21:28:56,264 - Epoch: 024, Train Loss: 2.4671, Train RMSE: 4.5809, Train MAPE: 0.0606, Valid Loss: 2.3560, Valid RMSE: 4.4989, Valid MAPE: 0.0582, Train Time: 29.7643s/epoch, Valid Time: 2.6429s, LR: 9.0250e-04
2024-01-03 21:28:56,279 - Val loss decrease from 2.3646 to 2.3560
2024-01-03 21:29:28,577 - Epoch: 025, Train Loss: 2.4603, Train RMSE: 4.5681, Train MAPE: 0.0604, Valid Loss: 2.4087, Valid RMSE: 4.5658, Valid MAPE: 0.0593, Train Time: 29.6041s/epoch, Valid Time: 2.6906s, LR: 9.0250e-04
2024-01-03 21:30:01,517 - Epoch: 026, Train Loss: 2.4586, Train RMSE: 4.5617, Train MAPE: 0.0603, Valid Loss: 2.3989, Valid RMSE: 4.5443, Valid MAPE: 0.0595, Train Time: 30.1676s/epoch, Valid Time: 2.7720s, LR: 9.0250e-04
2024-01-03 21:30:33,880 - Epoch: 027, Train Loss: 2.4574, Train RMSE: 4.5529, Train MAPE: 0.0602, Valid Loss: 2.3515, Valid RMSE: 4.4966, Valid MAPE: 0.0589, Train Time: 29.7184s/epoch, Valid Time: 2.6440s, LR: 9.0250e-04
2024-01-03 21:30:33,893 - Val loss decrease from 2.3560 to 2.3515
2024-01-03 21:31:05,917 - Epoch: 028, Train Loss: 2.4569, Train RMSE: 4.5563, Train MAPE: 0.0602, Valid Loss: 2.4152, Valid RMSE: 4.5774, Valid MAPE: 0.0599, Train Time: 29.3229s/epoch, Valid Time: 2.7004s, LR: 9.0250e-04
2024-01-03 21:31:37,660 - Epoch: 029, Train Loss: 2.4522, Train RMSE: 4.5492, Train MAPE: 0.0601, Valid Loss: 2.3458, Valid RMSE: 4.4795, Valid MAPE: 0.0588, Train Time: 29.1964s/epoch, Valid Time: 2.5454s, LR: 9.0250e-04
2024-01-03 21:31:37,675 - Val loss decrease from 2.3515 to 2.3458
2024-01-03 21:32:09,641 - Epoch: 030, Train Loss: 2.4497, Train RMSE: 4.5459, Train MAPE: 0.0600, Valid Loss: 2.3770, Valid RMSE: 4.4924, Valid MAPE: 0.0591, Train Time: 29.3527s/epoch, Valid Time: 2.6122s, LR: 9.0250e-04
2024-01-03 21:32:41,476 - Epoch: 031, Train Loss: 2.4468, Train RMSE: 4.5404, Train MAPE: 0.0599, Valid Loss: 2.3511, Valid RMSE: 4.4571, Valid MAPE: 0.0585, Train Time: 29.0679s/epoch, Valid Time: 2.7669s, LR: 8.5737e-04
2024-01-03 21:33:13,600 - Epoch: 032, Train Loss: 2.4495, Train RMSE: 4.5398, Train MAPE: 0.0600, Valid Loss: 2.4519, Valid RMSE: 4.6122, Valid MAPE: 0.0610, Train Time: 29.3167s/epoch, Valid Time: 2.8056s, LR: 8.5737e-04
2024-01-03 21:33:45,489 - Epoch: 033, Train Loss: 2.4433, Train RMSE: 4.5341, Train MAPE: 0.0598, Valid Loss: 2.3466, Valid RMSE: 4.4591, Valid MAPE: 0.0584, Train Time: 29.4056s/epoch, Valid Time: 2.4825s, LR: 8.5737e-04
2024-01-03 21:34:15,822 - Epoch: 034, Train Loss: 2.4422, Train RMSE: 4.5264, Train MAPE: 0.0597, Valid Loss: 2.3593, Valid RMSE: 4.4620, Valid MAPE: 0.0575, Train Time: 27.7564s/epoch, Valid Time: 2.5765s, LR: 8.5737e-04
2024-01-03 21:34:46,301 - Epoch: 035, Train Loss: 2.4386, Train RMSE: 4.5211, Train MAPE: 0.0596, Valid Loss: 2.3914, Valid RMSE: 4.5073, Valid MAPE: 0.0585, Train Time: 28.0871s/epoch, Valid Time: 2.3915s, LR: 8.5737e-04
2024-01-03 21:35:17,322 - Epoch: 036, Train Loss: 2.4392, Train RMSE: 4.5235, Train MAPE: 0.0596, Valid Loss: 2.3593, Valid RMSE: 4.4484, Valid MAPE: 0.0586, Train Time: 28.6144s/epoch, Valid Time: 2.4059s, LR: 8.5737e-04
2024-01-03 21:35:47,411 - Epoch: 037, Train Loss: 2.4368, Train RMSE: 4.5186, Train MAPE: 0.0596, Valid Loss: 2.3208, Valid RMSE: 4.4132, Valid MAPE: 0.0578, Train Time: 27.6083s/epoch, Valid Time: 2.4792s, LR: 8.5737e-04
2024-01-03 21:35:47,425 - Val loss decrease from 2.3458 to 2.3208
2024-01-03 21:36:17,519 - Epoch: 038, Train Loss: 2.4369, Train RMSE: 4.5212, Train MAPE: 0.0596, Valid Loss: 2.3652, Valid RMSE: 4.4916, Valid MAPE: 0.0582, Train Time: 27.8755s/epoch, Valid Time: 2.2178s, LR: 8.5737e-04
2024-01-03 21:36:47,916 - Epoch: 039, Train Loss: 2.4362, Train RMSE: 4.5149, Train MAPE: 0.0595, Valid Loss: 2.3750, Valid RMSE: 4.5016, Valid MAPE: 0.0593, Train Time: 28.0584s/epoch, Valid Time: 2.3383s, LR: 8.5737e-04
2024-01-03 21:37:18,677 - Epoch: 040, Train Loss: 2.4399, Train RMSE: 4.5143, Train MAPE: 0.0596, Valid Loss: 2.3463, Valid RMSE: 4.4800, Valid MAPE: 0.0589, Train Time: 28.2261s/epoch, Valid Time: 2.5341s, LR: 8.5737e-04
2024-01-03 21:37:48,895 - Epoch: 041, Train Loss: 2.4298, Train RMSE: 4.5063, Train MAPE: 0.0594, Valid Loss: 2.3581, Valid RMSE: 4.4697, Valid MAPE: 0.0588, Train Time: 27.6427s/epoch, Valid Time: 2.5745s, LR: 8.1451e-04
2024-01-03 21:38:18,840 - Epoch: 042, Train Loss: 2.4278, Train RMSE: 4.5005, Train MAPE: 0.0593, Valid Loss: 2.3307, Valid RMSE: 4.4428, Valid MAPE: 0.0586, Train Time: 27.4604s/epoch, Valid Time: 2.4837s, LR: 8.1451e-04
2024-01-03 21:38:49,173 - Epoch: 043, Train Loss: 2.4296, Train RMSE: 4.5000, Train MAPE: 0.0593, Valid Loss: 2.3685, Valid RMSE: 4.4924, Valid MAPE: 0.0581, Train Time: 27.8996s/epoch, Valid Time: 2.4326s, LR: 8.1451e-04
2024-01-03 21:39:19,425 - Epoch: 044, Train Loss: 2.4266, Train RMSE: 4.4978, Train MAPE: 0.0592, Valid Loss: 2.3300, Valid RMSE: 4.4283, Valid MAPE: 0.0577, Train Time: 28.0468s/epoch, Valid Time: 2.2045s, LR: 8.1451e-04
2024-01-03 21:39:48,720 - Epoch: 045, Train Loss: 2.4257, Train RMSE: 4.4935, Train MAPE: 0.0591, Valid Loss: 2.3395, Valid RMSE: 4.4581, Valid MAPE: 0.0579, Train Time: 26.9709s/epoch, Valid Time: 2.3230s, LR: 8.1451e-04
2024-01-03 21:40:17,554 - Epoch: 046, Train Loss: 2.4242, Train RMSE: 4.4905, Train MAPE: 0.0591, Valid Loss: 2.3555, Valid RMSE: 4.4698, Valid MAPE: 0.0589, Train Time: 26.5108s/epoch, Valid Time: 2.3229s, LR: 8.1451e-04
2024-01-03 21:40:46,636 - Epoch: 047, Train Loss: 2.4233, Train RMSE: 4.4911, Train MAPE: 0.0592, Valid Loss: 2.3427, Valid RMSE: 4.4111, Valid MAPE: 0.0578, Train Time: 26.7962s/epoch, Valid Time: 2.2844s, LR: 8.1451e-04
2024-01-03 21:40:46,636 - Early stop at epoch 47, loss = 2.320771
2024-01-03 21:40:46,636 - best valid_loss:2.320771
2024-01-03 21:40:51,280 - Horizon 1, Test MAE: 2.2579, Test RMSE: 3.9364, Test MAPE: 0.0538
2024-01-03 21:40:51,297 - Horizon 2, Test MAE: 2.5379, Test RMSE: 4.7353, Test MAPE: 0.0634
2024-01-03 21:40:51,308 - Horizon 3, Test MAE: 2.7525, Test RMSE: 5.3339, Test MAPE: 0.0714
2024-01-03 21:40:51,308 - Average Test MAE: 2.5161, Test RMSE: 4.6685, Test MAPE: 0.0628
