2024-03-01 15:57:22,947 - Namespace(Ks=3, Kt=3, adapter=False, adj_type='doubletransition', batch_size=32, block_num=2, clip_grad_value=5, dataset='AirTiny', device='cpu', dropout=0.3, embed_dim=10, end_dim=512, frozen=False, gamma=0.95, horizon=12, input_dim=3, lagcn=False, last_dropout=0.3, last_lr=0.001, last_pool_type='mean', last_weight_decay=0.0001, linear=False, lrate=0.001, max_epochs=200, mode='train', model='stgcn', nor_adj=False, num_lablocks=1, num_nalls=4, output_dim=1, patience=10, pre_train='', save='test.pth', seed=1, seq_length=12, step_size=10, wdecay=0.0005, years='2015-2018')
2024-03-01 15:57:23,013 - Adj path: C:\Users\lenovo\Documents\GitHub\LAST/data/AirTiny/airtiny_rn_adj.npy
2024-03-01 17:05:11,175 - Namespace(Ks=3, Kt=3, adapter=False, adj_type='doubletransition', batch_size=32, block_num=2, clip_grad_value=5, dataset='AirTiny', device='cpu', dropout=0.3, embed_dim=10, end_dim=512, frozen=False, gamma=0.95, horizon=12, input_dim=3, lagcn=False, last_dropout=0.3, last_lr=0.001, last_pool_type='mean', last_weight_decay=0.0001, linear=False, lrate=0.001, max_epochs=200, mode='train', model='stgcn', nor_adj=False, num_lablocks=1, num_nalls=4, output_dim=1, patience=10, pre_train='', save='test.pth', seed=1, seq_length=12, step_size=10, wdecay=0.0005, years='2015-2018')
2024-03-01 17:05:11,180 - Adj path: C:\Users\lenovo\Documents\GitHub\LAST/data/AirTiny/airtiny_rn_adj.npy
2024-03-01 17:05:42,500 - Namespace(Ks=3, Kt=3, adapter=False, adj_type='doubletransition', batch_size=32, block_num=2, clip_grad_value=5, dataset='AirTiny', device='cpu', dropout=0.3, embed_dim=10, end_dim=512, frozen=False, gamma=0.95, horizon=12, input_dim=3, lagcn=False, last_dropout=0.3, last_lr=0.001, last_pool_type='mean', last_weight_decay=0.0001, linear=False, lrate=0.001, max_epochs=200, mode='train', model='stgcn', nor_adj=False, num_lablocks=1, num_nalls=4, output_dim=1, patience=10, pre_train='', save='test.pth', seed=1, seq_length=12, step_size=10, wdecay=0.0005, years='2015-2018')
2024-03-01 17:05:42,504 - Adj path: C:\Users\lenovo\Documents\GitHub\LAST/data/AirTiny/airtiny_rn_adj.npy
2024-03-01 17:06:43,651 - Namespace(Ks=3, Kt=3, adapter=False, adj_type='doubletransition', batch_size=32, block_num=2, clip_grad_value=5, dataset='AirTiny', device='cpu', dropout=0.3, embed_dim=10, end_dim=512, frozen=False, gamma=0.95, horizon=12, input_dim=3, lagcn=False, last_dropout=0.3, last_lr=0.001, last_pool_type='mean', last_weight_decay=0.0001, linear=False, lrate=0.001, max_epochs=200, mode='train', model='stgcn', nor_adj=False, num_lablocks=1, num_nalls=4, output_dim=1, patience=10, pre_train='', save='test.pth', seed=1, seq_length=12, step_size=10, wdecay=0.0005, years='2015to2018')
2024-03-01 17:06:43,654 - Adj path: C:\Users\lenovo\Documents\GitHub\LAST/data/AirTiny/airtiny_rn_adj.npy
2024-03-01 17:07:54,808 - Namespace(Ks=3, Kt=3, adapter=False, adj_type='doubletransition', batch_size=32, block_num=2, clip_grad_value=5, dataset='AirTiny', device='cpu', dropout=0.3, embed_dim=10, end_dim=512, frozen=False, gamma=0.95, horizon=12, input_dim=3, lagcn=False, last_dropout=0.3, last_lr=0.001, last_pool_type='mean', last_weight_decay=0.0001, linear=False, lrate=0.001, max_epochs=200, mode='train', model='stgcn', nor_adj=False, num_lablocks=1, num_nalls=4, output_dim=1, patience=10, pre_train='', save='test.pth', seed=1, seq_length=12, step_size=10, wdecay=0.0005, years='2015to2018')
2024-03-01 17:07:54,811 - Adj path: C:\Users\lenovo\Documents\GitHub\LAST/data/AirTiny/airtiny_rn_adj.npy
2024-03-01 17:09:45,885 - Namespace(Ks=3, Kt=3, adapter=False, adj_type='doubletransition', batch_size=32, block_num=2, clip_grad_value=5, dataset='AirTiny', device='cpu', dropout=0.3, embed_dim=10, end_dim=512, frozen=False, gamma=0.95, horizon=12, input_dim=3, lagcn=False, last_dropout=0.3, last_lr=0.001, last_pool_type='mean', last_weight_decay=0.0001, linear=False, lrate=0.001, max_epochs=200, mode='train', model='stgcn', nor_adj=False, num_lablocks=1, num_nalls=4, output_dim=1, patience=10, pre_train='', save='test.pth', seed=1, seq_length=12, step_size=10, wdecay=0.0005, years='2015to2018')
2024-03-01 17:09:45,888 - Adj path: C:\Users\lenovo\Documents\GitHub\LAST/data/AirTiny/airtiny_rn_adj.npy
2024-03-01 17:10:32,641 - Namespace(Ks=3, Kt=3, adapter=False, adj_type='doubletransition', batch_size=32, block_num=2, clip_grad_value=5, dataset='AirTiny', device='cpu', dropout=0.3, embed_dim=10, end_dim=512, frozen=False, gamma=0.95, horizon=12, input_dim=3, lagcn=False, last_dropout=0.3, last_lr=0.001, last_pool_type='mean', last_weight_decay=0.0001, linear=False, lrate=0.001, max_epochs=200, mode='train', model='stgcn', nor_adj=False, num_lablocks=1, num_nalls=4, output_dim=1, patience=10, pre_train='', save='test.pth', seed=1, seq_length=12, step_size=10, wdecay=0.0005, years='2015to2018')
2024-03-01 17:10:32,645 - Adj path: C:\Users\lenovo\Documents\GitHub\LAST/data/AirTiny/airtiny_rn_adj.npy
2024-03-01 17:10:50,588 - Namespace(Ks=3, Kt=3, adapter=False, adj_type='doubletransition', batch_size=32, block_num=2, clip_grad_value=5, dataset='AirTiny', device='cpu', dropout=0.3, embed_dim=10, end_dim=512, frozen=False, gamma=0.95, horizon=12, input_dim=3, lagcn=False, last_dropout=0.3, last_lr=0.001, last_pool_type='mean', last_weight_decay=0.0001, linear=False, lrate=0.001, max_epochs=200, mode='train', model='stgcn', nor_adj=False, num_lablocks=1, num_nalls=4, output_dim=1, patience=10, pre_train='', save='test.pth', seed=1, seq_length=12, step_size=10, wdecay=0.0005, years='2015to2018')
2024-03-01 17:10:50,591 - Adj path: C:\Users\lenovo\Documents\GitHub\LAST/data/AirTiny/airtiny_rn_adj.npy
2024-03-01 17:12:00,674 - Namespace(Ks=3, Kt=3, adapter=False, adj_type='doubletransition', batch_size=32, block_num=2, clip_grad_value=5, dataset='AirTiny', device='cpu', dropout=0.3, embed_dim=10, end_dim=512, frozen=False, gamma=0.95, horizon=12, input_dim=3, lagcn=False, last_dropout=0.3, last_lr=0.001, last_pool_type='mean', last_weight_decay=0.0001, linear=False, lrate=0.001, max_epochs=200, mode='train', model='stgcn', nor_adj=False, num_lablocks=1, num_nalls=4, output_dim=1, patience=10, pre_train='', save='test.pth', seed=1, seq_length=12, step_size=10, wdecay=0.0005, years='2015to2018')
2024-03-01 17:12:00,677 - Adj path: C:\Users\lenovo\Documents\GitHub\LAST/data/AirTiny/airtiny_rn_adj.npy
2024-03-01 17:12:02,079 - The number of parameters: 696460
2024-03-01 17:12:02,080 - Start training!
2024-03-01 17:12:17,723 - Namespace(Ks=3, Kt=3, adapter=False, adj_type='doubletransition', batch_size=32, block_num=2, clip_grad_value=5, dataset='AirTiny', device='cpu', dropout=0.3, embed_dim=10, end_dim=512, frozen=False, gamma=0.95, horizon=12, input_dim=3, lagcn=False, last_dropout=0.3, last_lr=0.001, last_pool_type='mean', last_weight_decay=0.0001, linear=False, lrate=0.001, max_epochs=200, mode='train', model='stgcn', nor_adj=False, num_lablocks=1, num_nalls=4, output_dim=1, patience=10, pre_train='', save='test.pth', seed=1, seq_length=12, step_size=10, wdecay=0.0005, years='2015to2018')
2024-03-01 17:12:17,727 - Adj path: C:\Users\lenovo\Documents\GitHub\LAST/data/AirTiny/airtiny_rn_adj.npy
2024-03-01 17:12:18,606 - The number of parameters: 696460
2024-03-01 17:12:18,606 - Start training!
2024-03-01 17:12:36,150 - Namespace(Ks=3, Kt=3, adapter=False, adj_type='doubletransition', batch_size=32, block_num=2, clip_grad_value=5, dataset='AirTiny', device='cpu', dropout=0.3, embed_dim=10, end_dim=512, frozen=False, gamma=0.95, horizon=12, input_dim=3, lagcn=False, last_dropout=0.3, last_lr=0.001, last_pool_type='mean', last_weight_decay=0.0001, linear=False, lrate=0.001, max_epochs=200, mode='train', model='stgcn', nor_adj=False, num_lablocks=1, num_nalls=4, output_dim=1, patience=10, pre_train='', save='test.pth', seed=1, seq_length=12, step_size=10, wdecay=0.0005, years='2015to2018')
2024-03-01 17:12:36,153 - Adj path: C:\Users\lenovo\Documents\GitHub\LAST/data/AirTiny/airtiny_rn_adj.npy
2024-03-01 17:12:37,047 - The number of parameters: 696460
2024-03-01 17:12:37,048 - Start training!
2024-03-01 17:13:39,115 - Namespace(Ks=3, Kt=3, adapter=False, adj_type='doubletransition', batch_size=32, block_num=2, clip_grad_value=5, dataset='AirTiny', device='cpu', dropout=0.3, embed_dim=10, end_dim=512, frozen=False, gamma=0.95, horizon=12, input_dim=3, lagcn=False, last_dropout=0.3, last_lr=0.001, last_pool_type='mean', last_weight_decay=0.0001, linear=False, lrate=0.001, max_epochs=200, mode='train', model='stgcn', nor_adj=False, num_lablocks=1, num_nalls=4, output_dim=1, patience=10, pre_train='', save='test.pth', seed=1, seq_length=12, step_size=10, wdecay=0.0005, years='2015to2018')
2024-03-01 17:13:39,119 - Adj path: C:\Users\lenovo\Documents\GitHub\LAST/data/AirTiny/airtiny_rn_adj.npy
2024-03-01 17:13:40,042 - The number of parameters: 696460
2024-03-01 17:13:40,043 - Start training!
2024-03-01 17:15:02,249 - Namespace(Ks=3, Kt=3, adapter=False, adj_type='doubletransition', batch_size=32, block_num=2, clip_grad_value=5, dataset='AirTiny', device='cpu', dropout=0.3, embed_dim=10, end_dim=512, frozen=False, gamma=0.95, horizon=12, input_dim=3, lagcn=False, last_dropout=0.3, last_lr=0.001, last_pool_type='mean', last_weight_decay=0.0001, linear=False, lrate=0.001, max_epochs=200, mode='train', model='stgcn', nor_adj=False, num_lablocks=1, num_nalls=4, output_dim=1, patience=10, pre_train='', save='test.pth', seed=1, seq_length=12, step_size=10, wdecay=0.0005, years='2015to2018')
2024-03-01 17:15:02,252 - Adj path: C:\Users\lenovo\Documents\GitHub\LAST/data/AirTiny/airtiny_rn_adj.npy
2024-03-01 17:15:03,143 - The number of parameters: 696460
2024-03-01 17:15:03,143 - Start training!
