2024-01-14 16:56:19,784 - Namespace(adapter=False, batch_size=64, clip_grad_value=5, dataset='PEMS07', device='cuda:1', dropout=0.3, embed_dim=10, end_dim=512, frozen=False, hid_dim=64, horizon=12, init_dim=32, input_dim=2, layer=2, lrate=0.001, max_epochs=100, mode='train', model='lstm', num_layers=1, output_dim=1, patience=10, pre_train='', save='test.pth', seed=3, seq_length=12, wdecay=0.0005, years='2017')
2024-01-14 16:56:19,785 - Adj path: /home/yuxuan/rwl/LAST/data/pems07/pems07_rn_adj.npy
2024-01-14 16:56:22,968 - Data shape: (28224, 883, 3)
2024-01-14 16:56:25,833 - Sample num: 16921, Batch num: 264
2024-01-14 16:56:28,550 - Sample num: 5640, Batch num: 88
2024-01-14 16:56:31,160 - Sample num: 5640, Batch num: 88
2024-01-14 16:56:31,960 - The number of parameters: 97900
2024-01-14 16:56:31,960 - Start training!
2024-01-14 16:57:42,946 - Epoch: 001, Train Loss: 41.3056, Train RMSE: 59.1559, Train MAPE: 0.3108, Valid Loss: 28.7053, Valid RMSE: 44.5419, Valid MAPE: 0.1359, Train Time: 54.4474s/epoch, Valid Time: 16.5376s, LR: 1.0000e-03
2024-01-14 16:57:42,955 - Val loss decrease from inf to 28.7053
2024-01-14 16:58:52,182 - Epoch: 002, Train Loss: 30.7694, Train RMSE: 46.5105, Train MAPE: 0.1654, Valid Loss: 29.0656, Valid RMSE: 44.1425, Valid MAPE: 0.1417, Train Time: 51.1379s/epoch, Valid Time: 18.0887s, LR: 1.0000e-03
2024-01-14 17:00:02,018 - Epoch: 003, Train Loss: 30.0584, Train RMSE: 45.6430, Train MAPE: 0.1552, Valid Loss: 27.7268, Valid RMSE: 42.6575, Valid MAPE: 0.1278, Train Time: 51.7352s/epoch, Valid Time: 18.1001s, LR: 1.0000e-03
2024-01-14 17:00:02,024 - Val loss decrease from 28.7053 to 27.7268
2024-01-14 17:01:12,544 - Epoch: 004, Train Loss: 29.5999, Train RMSE: 44.9284, Train MAPE: 0.1524, Valid Loss: 28.6737, Valid RMSE: 42.5209, Valid MAPE: 0.1749, Train Time: 51.5349s/epoch, Valid Time: 18.9843s, LR: 1.0000e-03
2024-01-14 17:02:21,731 - Epoch: 005, Train Loss: 29.0147, Train RMSE: 44.2266, Train MAPE: 0.1442, Valid Loss: 27.0617, Valid RMSE: 41.7889, Valid MAPE: 0.1405, Train Time: 50.7248s/epoch, Valid Time: 18.4611s, LR: 1.0000e-03
2024-01-14 17:02:21,737 - Val loss decrease from 27.7268 to 27.0617
2024-01-14 17:03:30,997 - Epoch: 006, Train Loss: 28.8019, Train RMSE: 43.8675, Train MAPE: 0.1453, Valid Loss: 27.0619, Valid RMSE: 41.5563, Valid MAPE: 0.1232, Train Time: 52.5810s/epoch, Valid Time: 16.6789s, LR: 1.0000e-03
2024-01-14 17:04:39,548 - Epoch: 007, Train Loss: 28.5571, Train RMSE: 43.5895, Train MAPE: 0.1420, Valid Loss: 26.8818, Valid RMSE: 41.5578, Valid MAPE: 0.1393, Train Time: 51.5747s/epoch, Valid Time: 16.9756s, LR: 1.0000e-03
2024-01-14 17:04:39,552 - Val loss decrease from 27.0617 to 26.8818
2024-01-14 17:05:47,135 - Epoch: 008, Train Loss: 28.2438, Train RMSE: 43.2648, Train MAPE: 0.1374, Valid Loss: 26.3110, Valid RMSE: 40.8157, Valid MAPE: 0.1185, Train Time: 51.4030s/epoch, Valid Time: 16.1789s, LR: 1.0000e-03
2024-01-14 17:05:47,141 - Val loss decrease from 26.8818 to 26.3110
2024-01-14 17:06:56,565 - Epoch: 009, Train Loss: 28.0419, Train RMSE: 43.0383, Train MAPE: 0.1356, Valid Loss: 26.2298, Valid RMSE: 40.8596, Valid MAPE: 0.1156, Train Time: 51.3308s/epoch, Valid Time: 18.0931s, LR: 1.0000e-03
2024-01-14 17:06:56,571 - Val loss decrease from 26.3110 to 26.2298
2024-01-14 17:08:03,627 - Epoch: 010, Train Loss: 28.0404, Train RMSE: 43.0141, Train MAPE: 0.1359, Valid Loss: 26.7646, Valid RMSE: 41.1312, Valid MAPE: 0.1253, Train Time: 51.2504s/epoch, Valid Time: 15.8049s, LR: 1.0000e-03
2024-01-14 17:09:12,180 - Epoch: 011, Train Loss: 27.8716, Train RMSE: 42.8649, Train MAPE: 0.1340, Valid Loss: 26.0134, Valid RMSE: 40.6335, Valid MAPE: 0.1230, Train Time: 53.3650s/epoch, Valid Time: 15.1871s, LR: 1.0000e-03
2024-01-14 17:09:12,186 - Val loss decrease from 26.2298 to 26.0134
2024-01-14 17:10:21,620 - Epoch: 012, Train Loss: 27.7103, Train RMSE: 42.6895, Train MAPE: 0.1332, Valid Loss: 26.1861, Valid RMSE: 40.7454, Valid MAPE: 0.1226, Train Time: 52.9319s/epoch, Valid Time: 16.5015s, LR: 1.0000e-03
2024-01-14 17:11:24,830 - Epoch: 013, Train Loss: 27.5869, Train RMSE: 42.6132, Train MAPE: 0.1306, Valid Loss: 27.1560, Valid RMSE: 40.8396, Valid MAPE: 0.1567, Train Time: 48.0517s/epoch, Valid Time: 15.1573s, LR: 1.0000e-03
2024-01-14 17:12:33,778 - Epoch: 014, Train Loss: 27.5449, Train RMSE: 42.5269, Train MAPE: 0.1315, Valid Loss: 26.3908, Valid RMSE: 40.9764, Valid MAPE: 0.1203, Train Time: 52.6233s/epoch, Valid Time: 16.3240s, LR: 1.0000e-03
2024-01-14 17:13:41,583 - Epoch: 015, Train Loss: 27.4781, Train RMSE: 42.4734, Train MAPE: 0.1304, Valid Loss: 25.9250, Valid RMSE: 40.4249, Valid MAPE: 0.1240, Train Time: 52.7587s/epoch, Valid Time: 15.0459s, LR: 1.0000e-03
2024-01-14 17:13:41,589 - Val loss decrease from 26.0134 to 25.9250
2024-01-14 17:14:52,393 - Epoch: 016, Train Loss: 27.4182, Train RMSE: 42.4133, Train MAPE: 0.1300, Valid Loss: 25.7751, Valid RMSE: 40.3200, Valid MAPE: 0.1151, Train Time: 51.6731s/epoch, Valid Time: 19.1302s, LR: 1.0000e-03
2024-01-14 17:14:52,398 - Val loss decrease from 25.9250 to 25.7751
2024-01-14 17:15:59,278 - Epoch: 017, Train Loss: 27.3143, Train RMSE: 42.2983, Train MAPE: 0.1289, Valid Loss: 26.0341, Valid RMSE: 40.6446, Valid MAPE: 0.1197, Train Time: 50.8156s/epoch, Valid Time: 16.0631s, LR: 1.0000e-03
2024-01-14 17:17:08,539 - Epoch: 018, Train Loss: 27.2370, Train RMSE: 42.2269, Train MAPE: 0.1282, Valid Loss: 25.4985, Valid RMSE: 40.1012, Valid MAPE: 0.1120, Train Time: 53.1037s/epoch, Valid Time: 16.1567s, LR: 1.0000e-03
2024-01-14 17:17:08,545 - Val loss decrease from 25.7751 to 25.4985
2024-01-14 17:18:19,288 - Epoch: 019, Train Loss: 27.2094, Train RMSE: 42.1743, Train MAPE: 0.1290, Valid Loss: 25.9814, Valid RMSE: 40.2713, Valid MAPE: 0.1253, Train Time: 54.9573s/epoch, Valid Time: 15.7857s, LR: 1.0000e-03
2024-01-14 17:19:26,361 - Epoch: 020, Train Loss: 27.2341, Train RMSE: 42.1691, Train MAPE: 0.1297, Valid Loss: 25.7135, Valid RMSE: 40.1783, Valid MAPE: 0.1137, Train Time: 48.4241s/epoch, Valid Time: 18.6477s, LR: 1.0000e-03
2024-01-14 17:20:33,779 - Epoch: 021, Train Loss: 27.1473, Train RMSE: 42.1127, Train MAPE: 0.1281, Valid Loss: 25.6677, Valid RMSE: 40.1178, Valid MAPE: 0.1203, Train Time: 50.5237s/epoch, Valid Time: 16.8935s, LR: 1.0000e-03
2024-01-14 17:21:41,680 - Epoch: 022, Train Loss: 26.9991, Train RMSE: 41.9730, Train MAPE: 0.1263, Valid Loss: 25.5705, Valid RMSE: 40.1253, Valid MAPE: 0.1252, Train Time: 51.4156s/epoch, Valid Time: 16.4845s, LR: 1.0000e-03
2024-01-14 17:22:51,832 - Epoch: 023, Train Loss: 26.9511, Train RMSE: 41.9380, Train MAPE: 0.1247, Valid Loss: 25.7690, Valid RMSE: 40.3183, Valid MAPE: 0.1120, Train Time: 52.3392s/epoch, Valid Time: 17.8122s, LR: 1.0000e-03
2024-01-14 17:24:00,779 - Epoch: 024, Train Loss: 26.9251, Train RMSE: 41.9012, Train MAPE: 0.1250, Valid Loss: 25.9103, Valid RMSE: 40.0746, Valid MAPE: 0.1453, Train Time: 49.4189s/epoch, Valid Time: 19.5270s, LR: 1.0000e-03
2024-01-14 17:25:09,071 - Epoch: 025, Train Loss: 26.8638, Train RMSE: 41.8437, Train MAPE: 0.1242, Valid Loss: 25.4597, Valid RMSE: 39.8827, Valid MAPE: 0.1129, Train Time: 51.1791s/epoch, Valid Time: 17.1121s, LR: 1.0000e-03
2024-01-14 17:25:09,077 - Val loss decrease from 25.4985 to 25.4597
2024-01-14 17:26:18,052 - Epoch: 026, Train Loss: 26.8640, Train RMSE: 41.8363, Train MAPE: 0.1250, Valid Loss: 25.3773, Valid RMSE: 39.8861, Valid MAPE: 0.1122, Train Time: 51.8861s/epoch, Valid Time: 17.0879s, LR: 1.0000e-03
2024-01-14 17:26:18,058 - Val loss decrease from 25.4597 to 25.3773
2024-01-14 17:27:31,074 - Epoch: 027, Train Loss: 26.7931, Train RMSE: 41.7707, Train MAPE: 0.1236, Valid Loss: 25.4660, Valid RMSE: 39.9731, Valid MAPE: 0.1125, Train Time: 55.1434s/epoch, Valid Time: 17.8718s, LR: 1.0000e-03
2024-01-14 17:28:38,619 - Epoch: 028, Train Loss: 26.7592, Train RMSE: 41.7169, Train MAPE: 0.1244, Valid Loss: 25.8490, Valid RMSE: 40.2348, Valid MAPE: 0.1193, Train Time: 50.0170s/epoch, Valid Time: 17.5279s, LR: 1.0000e-03
2024-01-14 17:29:44,301 - Epoch: 029, Train Loss: 26.7319, Train RMSE: 41.7007, Train MAPE: 0.1242, Valid Loss: 25.3655, Valid RMSE: 39.7578, Valid MAPE: 0.1182, Train Time: 48.1369s/epoch, Valid Time: 17.5435s, LR: 1.0000e-03
2024-01-14 17:29:44,306 - Val loss decrease from 25.3773 to 25.3655
2024-01-14 17:30:54,745 - Epoch: 030, Train Loss: 26.6884, Train RMSE: 41.6652, Train MAPE: 0.1239, Valid Loss: 25.3686, Valid RMSE: 39.9122, Valid MAPE: 0.1126, Train Time: 53.4526s/epoch, Valid Time: 16.9863s, LR: 1.0000e-03
2024-01-14 17:32:03,961 - Epoch: 031, Train Loss: 26.6219, Train RMSE: 41.5793, Train MAPE: 0.1234, Valid Loss: 25.3564, Valid RMSE: 39.8122, Valid MAPE: 0.1141, Train Time: 52.9369s/epoch, Valid Time: 16.2781s, LR: 1.0000e-03
2024-01-14 17:32:03,967 - Val loss decrease from 25.3655 to 25.3564
2024-01-14 17:33:13,939 - Epoch: 032, Train Loss: 26.6159, Train RMSE: 41.5901, Train MAPE: 0.1223, Valid Loss: 25.4023, Valid RMSE: 39.8037, Valid MAPE: 0.1149, Train Time: 52.4227s/epoch, Valid Time: 17.5490s, LR: 1.0000e-03
2024-01-14 17:34:22,918 - Epoch: 033, Train Loss: 26.6020, Train RMSE: 41.5521, Train MAPE: 0.1236, Valid Loss: 25.2989, Valid RMSE: 39.7468, Valid MAPE: 0.1114, Train Time: 52.9164s/epoch, Valid Time: 16.0611s, LR: 1.0000e-03
2024-01-14 17:34:22,924 - Val loss decrease from 25.3564 to 25.2989
2024-01-14 17:35:32,793 - Epoch: 034, Train Loss: 26.5565, Train RMSE: 41.5200, Train MAPE: 0.1223, Valid Loss: 25.0991, Valid RMSE: 39.4841, Valid MAPE: 0.1207, Train Time: 53.5212s/epoch, Valid Time: 16.3473s, LR: 1.0000e-03
2024-01-14 17:35:32,798 - Val loss decrease from 25.2989 to 25.0991
2024-01-14 17:36:41,270 - Epoch: 035, Train Loss: 26.5356, Train RMSE: 41.4990, Train MAPE: 0.1223, Valid Loss: 25.0549, Valid RMSE: 39.5223, Valid MAPE: 0.1135, Train Time: 52.5047s/epoch, Valid Time: 15.9664s, LR: 1.0000e-03
2024-01-14 17:36:41,275 - Val loss decrease from 25.0991 to 25.0549
2024-01-14 17:37:51,159 - Epoch: 036, Train Loss: 26.4810, Train RMSE: 41.4649, Train MAPE: 0.1210, Valid Loss: 25.1021, Valid RMSE: 39.6190, Valid MAPE: 0.1114, Train Time: 52.4677s/epoch, Valid Time: 17.4155s, LR: 1.0000e-03
2024-01-14 17:39:01,917 - Epoch: 037, Train Loss: 26.4600, Train RMSE: 41.4172, Train MAPE: 0.1220, Valid Loss: 25.0966, Valid RMSE: 39.6484, Valid MAPE: 0.1132, Train Time: 50.7225s/epoch, Valid Time: 20.0348s, LR: 1.0000e-03
2024-01-14 17:40:07,028 - Epoch: 038, Train Loss: 26.4275, Train RMSE: 41.3986, Train MAPE: 0.1207, Valid Loss: 25.0261, Valid RMSE: 39.6242, Valid MAPE: 0.1106, Train Time: 49.7985s/epoch, Valid Time: 15.3109s, LR: 1.0000e-03
2024-01-14 17:40:07,036 - Val loss decrease from 25.0549 to 25.0261
2024-01-14 17:41:16,789 - Epoch: 039, Train Loss: 26.4140, Train RMSE: 41.3721, Train MAPE: 0.1214, Valid Loss: 24.9364, Valid RMSE: 39.4478, Valid MAPE: 0.1092, Train Time: 52.7828s/epoch, Valid Time: 16.9698s, LR: 1.0000e-03
2024-01-14 17:41:16,795 - Val loss decrease from 25.0261 to 24.9364
2024-01-14 17:42:24,506 - Epoch: 040, Train Loss: 26.3854, Train RMSE: 41.3433, Train MAPE: 0.1217, Valid Loss: 25.6904, Valid RMSE: 39.9215, Valid MAPE: 0.1262, Train Time: 52.5597s/epoch, Valid Time: 15.1511s, LR: 1.0000e-03
2024-01-14 17:43:33,533 - Epoch: 041, Train Loss: 26.3731, Train RMSE: 41.3384, Train MAPE: 0.1212, Valid Loss: 25.1105, Valid RMSE: 39.5043, Valid MAPE: 0.1136, Train Time: 50.9508s/epoch, Valid Time: 18.0750s, LR: 1.0000e-03
2024-01-14 17:44:41,517 - Epoch: 042, Train Loss: 26.3681, Train RMSE: 41.3169, Train MAPE: 0.1218, Valid Loss: 25.1360, Valid RMSE: 39.6638, Valid MAPE: 0.1118, Train Time: 52.0333s/epoch, Valid Time: 15.9502s, LR: 1.0000e-03
2024-01-14 17:45:51,093 - Epoch: 043, Train Loss: 26.2809, Train RMSE: 41.2516, Train MAPE: 0.1196, Valid Loss: 24.8046, Valid RMSE: 39.3376, Valid MAPE: 0.1091, Train Time: 52.1165s/epoch, Valid Time: 17.4584s, LR: 1.0000e-03
2024-01-14 17:45:51,098 - Val loss decrease from 24.9364 to 24.8046
2024-01-14 17:46:58,481 - Epoch: 044, Train Loss: 26.2367, Train RMSE: 41.2049, Train MAPE: 0.1201, Valid Loss: 25.1983, Valid RMSE: 39.4182, Valid MAPE: 0.1246, Train Time: 51.2778s/epoch, Valid Time: 16.1042s, LR: 1.0000e-03
2024-01-14 17:48:08,400 - Epoch: 045, Train Loss: 26.2811, Train RMSE: 41.2307, Train MAPE: 0.1210, Valid Loss: 24.9295, Valid RMSE: 39.5112, Valid MAPE: 0.1105, Train Time: 52.6041s/epoch, Valid Time: 17.3137s, LR: 1.0000e-03
2024-01-14 17:49:17,395 - Epoch: 046, Train Loss: 26.1778, Train RMSE: 41.1444, Train MAPE: 0.1199, Valid Loss: 25.0045, Valid RMSE: 39.4624, Valid MAPE: 0.1125, Train Time: 53.7942s/epoch, Valid Time: 15.2000s, LR: 1.0000e-03
2024-01-14 17:50:23,861 - Epoch: 047, Train Loss: 26.1763, Train RMSE: 41.1518, Train MAPE: 0.1194, Valid Loss: 24.9096, Valid RMSE: 39.3865, Valid MAPE: 0.1214, Train Time: 51.9542s/epoch, Valid Time: 14.5108s, LR: 1.0000e-03
2024-01-14 17:51:33,325 - Epoch: 048, Train Loss: 26.1505, Train RMSE: 41.1315, Train MAPE: 0.1189, Valid Loss: 24.9669, Valid RMSE: 39.4281, Valid MAPE: 0.1082, Train Time: 52.9207s/epoch, Valid Time: 16.5421s, LR: 1.0000e-03
2024-01-14 17:52:42,383 - Epoch: 049, Train Loss: 26.1313, Train RMSE: 41.1084, Train MAPE: 0.1193, Valid Loss: 24.8251, Valid RMSE: 39.3667, Valid MAPE: 0.1090, Train Time: 51.8935s/epoch, Valid Time: 17.1635s, LR: 1.0000e-03
2024-01-14 17:53:50,261 - Epoch: 050, Train Loss: 26.1484, Train RMSE: 41.1162, Train MAPE: 0.1192, Valid Loss: 24.7438, Valid RMSE: 39.1755, Valid MAPE: 0.1128, Train Time: 51.3682s/epoch, Valid Time: 16.5088s, LR: 1.0000e-03
2024-01-14 17:53:50,268 - Val loss decrease from 24.8046 to 24.7438
2024-01-14 17:54:59,959 - Epoch: 051, Train Loss: 26.1279, Train RMSE: 41.0932, Train MAPE: 0.1192, Valid Loss: 24.6821, Valid RMSE: 39.1661, Valid MAPE: 0.1111, Train Time: 53.7900s/epoch, Valid Time: 15.9005s, LR: 1.0000e-03
2024-01-14 17:54:59,967 - Val loss decrease from 24.7438 to 24.6821
2024-01-14 17:56:07,982 - Epoch: 052, Train Loss: 26.0823, Train RMSE: 41.0592, Train MAPE: 0.1188, Valid Loss: 24.8755, Valid RMSE: 39.2404, Valid MAPE: 0.1103, Train Time: 53.0798s/epoch, Valid Time: 14.9345s, LR: 1.0000e-03
2024-01-14 17:57:18,155 - Epoch: 053, Train Loss: 26.0307, Train RMSE: 41.0099, Train MAPE: 0.1182, Valid Loss: 24.9019, Valid RMSE: 39.3511, Valid MAPE: 0.1184, Train Time: 51.8169s/epoch, Valid Time: 18.3548s, LR: 1.0000e-03
2024-01-14 17:58:25,045 - Epoch: 054, Train Loss: 26.0437, Train RMSE: 41.0080, Train MAPE: 0.1191, Valid Loss: 24.9598, Valid RMSE: 39.5383, Valid MAPE: 0.1143, Train Time: 49.7121s/epoch, Valid Time: 17.1769s, LR: 1.0000e-03
2024-01-14 17:59:36,169 - Epoch: 055, Train Loss: 26.0332, Train RMSE: 41.0153, Train MAPE: 0.1181, Valid Loss: 24.8378, Valid RMSE: 39.4746, Valid MAPE: 0.1117, Train Time: 52.7276s/epoch, Valid Time: 18.3950s, LR: 1.0000e-03
2024-01-14 18:00:46,119 - Epoch: 056, Train Loss: 25.9930, Train RMSE: 40.9785, Train MAPE: 0.1181, Valid Loss: 24.8106, Valid RMSE: 39.3017, Valid MAPE: 0.1223, Train Time: 52.0960s/epoch, Valid Time: 17.8526s, LR: 1.0000e-03
2024-01-14 18:01:55,906 - Epoch: 057, Train Loss: 25.9950, Train RMSE: 40.9687, Train MAPE: 0.1187, Valid Loss: 24.8836, Valid RMSE: 39.2264, Valid MAPE: 0.1141, Train Time: 51.9374s/epoch, Valid Time: 17.8484s, LR: 1.0000e-03
2024-01-14 18:03:01,222 - Epoch: 058, Train Loss: 25.9891, Train RMSE: 40.9702, Train MAPE: 0.1179, Valid Loss: 24.7962, Valid RMSE: 39.2425, Valid MAPE: 0.1252, Train Time: 48.4949s/epoch, Valid Time: 16.8203s, LR: 1.0000e-03
2024-01-14 18:04:06,562 - Epoch: 059, Train Loss: 25.9339, Train RMSE: 40.9057, Train MAPE: 0.1184, Valid Loss: 24.6273, Valid RMSE: 39.1210, Valid MAPE: 0.1096, Train Time: 49.6302s/epoch, Valid Time: 15.7100s, LR: 1.0000e-03
2024-01-14 18:04:06,566 - Val loss decrease from 24.6821 to 24.6273
2024-01-14 18:05:12,795 - Epoch: 060, Train Loss: 26.0136, Train RMSE: 40.9607, Train MAPE: 0.1196, Valid Loss: 24.6308, Valid RMSE: 38.9990, Valid MAPE: 0.1272, Train Time: 50.8999s/epoch, Valid Time: 15.3282s, LR: 1.0000e-03
2024-01-14 18:06:22,595 - Epoch: 061, Train Loss: 25.9426, Train RMSE: 40.9148, Train MAPE: 0.1186, Valid Loss: 24.6355, Valid RMSE: 39.1859, Valid MAPE: 0.1134, Train Time: 51.2775s/epoch, Valid Time: 18.5210s, LR: 1.0000e-03
2024-01-14 18:07:26,576 - Epoch: 062, Train Loss: 25.9294, Train RMSE: 40.8969, Train MAPE: 0.1188, Valid Loss: 24.4358, Valid RMSE: 38.9574, Valid MAPE: 0.1083, Train Time: 48.4848s/epoch, Valid Time: 15.4953s, LR: 1.0000e-03
2024-01-14 18:07:26,582 - Val loss decrease from 24.6273 to 24.4358
2024-01-14 18:08:34,118 - Epoch: 063, Train Loss: 25.8694, Train RMSE: 40.8697, Train MAPE: 0.1166, Valid Loss: 24.5350, Valid RMSE: 39.1433, Valid MAPE: 0.1072, Train Time: 52.8585s/epoch, Valid Time: 14.6770s, LR: 1.0000e-03
2024-01-14 18:09:43,671 - Epoch: 064, Train Loss: 25.8937, Train RMSE: 40.8827, Train MAPE: 0.1182, Valid Loss: 24.5193, Valid RMSE: 38.9490, Valid MAPE: 0.1142, Train Time: 51.7543s/epoch, Valid Time: 17.7975s, LR: 1.0000e-03
2024-01-14 18:10:51,142 - Epoch: 065, Train Loss: 25.8591, Train RMSE: 40.8565, Train MAPE: 0.1173, Valid Loss: 24.8135, Valid RMSE: 39.2124, Valid MAPE: 0.1237, Train Time: 49.9950s/epoch, Valid Time: 17.4756s, LR: 1.0000e-03
2024-01-14 18:12:02,678 - Epoch: 066, Train Loss: 25.8249, Train RMSE: 40.8120, Train MAPE: 0.1175, Valid Loss: 24.7356, Valid RMSE: 39.3045, Valid MAPE: 0.1120, Train Time: 55.5481s/epoch, Valid Time: 15.9870s, LR: 1.0000e-03
2024-01-14 18:13:07,025 - Epoch: 067, Train Loss: 25.8518, Train RMSE: 40.8308, Train MAPE: 0.1178, Valid Loss: 24.4118, Valid RMSE: 39.0354, Valid MAPE: 0.1073, Train Time: 50.3877s/epoch, Valid Time: 13.9590s, LR: 1.0000e-03
2024-01-14 18:13:07,031 - Val loss decrease from 24.4358 to 24.4118
2024-01-14 18:14:15,224 - Epoch: 068, Train Loss: 25.8194, Train RMSE: 40.8164, Train MAPE: 0.1171, Valid Loss: 24.4742, Valid RMSE: 39.0811, Valid MAPE: 0.1105, Train Time: 50.4133s/epoch, Valid Time: 17.7791s, LR: 1.0000e-03
2024-01-14 18:15:16,487 - Epoch: 069, Train Loss: 25.8283, Train RMSE: 40.8010, Train MAPE: 0.1180, Valid Loss: 24.5300, Valid RMSE: 39.0985, Valid MAPE: 0.1154, Train Time: 46.6339s/epoch, Valid Time: 14.6286s, LR: 1.0000e-03
2024-01-14 18:16:20,805 - Epoch: 070, Train Loss: 25.7932, Train RMSE: 40.7780, Train MAPE: 0.1168, Valid Loss: 24.6318, Valid RMSE: 39.1710, Valid MAPE: 0.1113, Train Time: 49.5674s/epoch, Valid Time: 14.7498s, LR: 1.0000e-03
2024-01-14 18:17:24,990 - Epoch: 071, Train Loss: 25.7536, Train RMSE: 40.7313, Train MAPE: 0.1169, Valid Loss: 24.3461, Valid RMSE: 38.9712, Valid MAPE: 0.1067, Train Time: 50.0274s/epoch, Valid Time: 14.1569s, LR: 1.0000e-03
2024-01-14 18:17:24,995 - Val loss decrease from 24.4118 to 24.3461
2024-01-14 18:18:28,639 - Epoch: 072, Train Loss: 25.7494, Train RMSE: 40.7389, Train MAPE: 0.1173, Valid Loss: 24.5507, Valid RMSE: 39.0851, Valid MAPE: 0.1094, Train Time: 48.4629s/epoch, Valid Time: 15.1804s, LR: 1.0000e-03
2024-01-14 18:19:32,500 - Epoch: 073, Train Loss: 25.7677, Train RMSE: 40.7510, Train MAPE: 0.1174, Valid Loss: 24.4830, Valid RMSE: 39.0077, Valid MAPE: 0.1073, Train Time: 48.5066s/epoch, Valid Time: 15.3537s, LR: 1.0000e-03
2024-01-14 18:20:36,900 - Epoch: 074, Train Loss: 25.7651, Train RMSE: 40.7448, Train MAPE: 0.1170, Valid Loss: 24.5129, Valid RMSE: 39.1322, Valid MAPE: 0.1092, Train Time: 50.3637s/epoch, Valid Time: 14.0352s, LR: 1.0000e-03
2024-01-14 18:21:41,965 - Epoch: 075, Train Loss: 25.6927, Train RMSE: 40.7004, Train MAPE: 0.1165, Valid Loss: 24.3507, Valid RMSE: 38.9001, Valid MAPE: 0.1098, Train Time: 49.0801s/epoch, Valid Time: 15.9840s, LR: 1.0000e-03
2024-01-14 18:22:44,846 - Epoch: 076, Train Loss: 25.6914, Train RMSE: 40.6804, Train MAPE: 0.1169, Valid Loss: 24.2962, Valid RMSE: 39.0476, Valid MAPE: 0.1059, Train Time: 49.9378s/epoch, Valid Time: 12.9432s, LR: 1.0000e-03
2024-01-14 18:22:44,851 - Val loss decrease from 24.3461 to 24.2962
2024-01-14 18:23:51,754 - Epoch: 077, Train Loss: 25.7019, Train RMSE: 40.7088, Train MAPE: 0.1162, Valid Loss: 24.3275, Valid RMSE: 38.8972, Valid MAPE: 0.1076, Train Time: 50.4462s/epoch, Valid Time: 16.4557s, LR: 1.0000e-03
2024-01-14 18:24:56,269 - Epoch: 078, Train Loss: 25.6660, Train RMSE: 40.6711, Train MAPE: 0.1164, Valid Loss: 24.3055, Valid RMSE: 38.9446, Valid MAPE: 0.1125, Train Time: 49.2419s/epoch, Valid Time: 15.2726s, LR: 1.0000e-03
2024-01-14 18:26:01,069 - Epoch: 079, Train Loss: 25.6503, Train RMSE: 40.6484, Train MAPE: 0.1167, Valid Loss: 24.3330, Valid RMSE: 38.9818, Valid MAPE: 0.1082, Train Time: 50.5648s/epoch, Valid Time: 14.2341s, LR: 1.0000e-03
2024-01-14 18:27:07,366 - Epoch: 080, Train Loss: 25.6713, Train RMSE: 40.6708, Train MAPE: 0.1162, Valid Loss: 24.3294, Valid RMSE: 38.9468, Valid MAPE: 0.1086, Train Time: 50.6276s/epoch, Valid Time: 15.6686s, LR: 1.0000e-03
2024-01-14 18:28:13,100 - Epoch: 081, Train Loss: 25.6325, Train RMSE: 40.6332, Train MAPE: 0.1159, Valid Loss: 24.6006, Valid RMSE: 39.1250, Valid MAPE: 0.1150, Train Time: 47.1044s/epoch, Valid Time: 18.6288s, LR: 1.0000e-03
2024-01-14 18:29:15,227 - Epoch: 082, Train Loss: 25.6126, Train RMSE: 40.6259, Train MAPE: 0.1154, Valid Loss: 24.2256, Valid RMSE: 38.8672, Valid MAPE: 0.1056, Train Time: 46.5672s/epoch, Valid Time: 15.5598s, LR: 1.0000e-03
2024-01-14 18:29:15,233 - Val loss decrease from 24.2962 to 24.2256
2024-01-14 18:30:20,761 - Epoch: 083, Train Loss: 25.6298, Train RMSE: 40.6299, Train MAPE: 0.1166, Valid Loss: 24.4309, Valid RMSE: 38.9478, Valid MAPE: 0.1167, Train Time: 49.9802s/epoch, Valid Time: 15.5468s, LR: 1.0000e-03
2024-01-14 18:31:25,390 - Epoch: 084, Train Loss: 25.5852, Train RMSE: 40.6049, Train MAPE: 0.1155, Valid Loss: 24.3804, Valid RMSE: 38.9518, Valid MAPE: 0.1190, Train Time: 49.1640s/epoch, Valid Time: 15.4634s, LR: 1.0000e-03
2024-01-14 18:32:31,569 - Epoch: 085, Train Loss: 25.5904, Train RMSE: 40.5932, Train MAPE: 0.1157, Valid Loss: 24.4385, Valid RMSE: 39.0908, Valid MAPE: 0.1085, Train Time: 47.5451s/epoch, Valid Time: 18.6328s, LR: 1.0000e-03
2024-01-14 18:33:32,892 - Epoch: 086, Train Loss: 25.5620, Train RMSE: 40.5825, Train MAPE: 0.1156, Valid Loss: 24.6388, Valid RMSE: 39.3309, Valid MAPE: 0.1107, Train Time: 47.8057s/epoch, Valid Time: 13.5166s, LR: 1.0000e-03
2024-01-14 18:34:40,644 - Epoch: 087, Train Loss: 25.5954, Train RMSE: 40.6099, Train MAPE: 0.1163, Valid Loss: 24.3414, Valid RMSE: 38.8341, Valid MAPE: 0.1197, Train Time: 51.3851s/epoch, Valid Time: 16.3649s, LR: 1.0000e-03
2024-01-14 18:35:43,391 - Epoch: 088, Train Loss: 25.5594, Train RMSE: 40.5777, Train MAPE: 0.1154, Valid Loss: 24.1775, Valid RMSE: 38.8092, Valid MAPE: 0.1119, Train Time: 47.4979s/epoch, Valid Time: 15.2493s, LR: 1.0000e-03
2024-01-14 18:35:43,397 - Val loss decrease from 24.2256 to 24.1775
2024-01-14 18:36:46,832 - Epoch: 089, Train Loss: 25.5599, Train RMSE: 40.5859, Train MAPE: 0.1153, Valid Loss: 24.6538, Valid RMSE: 39.1389, Valid MAPE: 0.1086, Train Time: 48.0875s/epoch, Valid Time: 15.3469s, LR: 1.0000e-03
2024-01-14 18:37:50,026 - Epoch: 090, Train Loss: 25.5604, Train RMSE: 40.5825, Train MAPE: 0.1153, Valid Loss: 24.3363, Valid RMSE: 38.9116, Valid MAPE: 0.1080, Train Time: 48.7168s/epoch, Valid Time: 14.4768s, LR: 1.0000e-03
2024-01-14 18:38:50,586 - Epoch: 091, Train Loss: 25.5772, Train RMSE: 40.5784, Train MAPE: 0.1163, Valid Loss: 24.2806, Valid RMSE: 38.9695, Valid MAPE: 0.1072, Train Time: 45.1582s/epoch, Valid Time: 15.4003s, LR: 1.0000e-03
2024-01-14 18:39:51,729 - Epoch: 092, Train Loss: 25.5387, Train RMSE: 40.5594, Train MAPE: 0.1156, Valid Loss: 24.1508, Valid RMSE: 38.8663, Valid MAPE: 0.1072, Train Time: 47.3935s/epoch, Valid Time: 13.7487s, LR: 1.0000e-03
2024-01-14 18:39:51,735 - Val loss decrease from 24.1775 to 24.1508
2024-01-14 18:40:52,437 - Epoch: 093, Train Loss: 25.5200, Train RMSE: 40.5493, Train MAPE: 0.1150, Valid Loss: 24.3766, Valid RMSE: 39.0371, Valid MAPE: 0.1077, Train Time: 46.2804s/epoch, Valid Time: 14.4214s, LR: 1.0000e-03
2024-01-14 18:41:54,116 - Epoch: 094, Train Loss: 25.5240, Train RMSE: 40.5432, Train MAPE: 0.1154, Valid Loss: 24.1945, Valid RMSE: 38.8347, Valid MAPE: 0.1108, Train Time: 48.7999s/epoch, Valid Time: 12.8788s, LR: 1.0000e-03
2024-01-14 18:42:55,056 - Epoch: 095, Train Loss: 25.5084, Train RMSE: 40.5362, Train MAPE: 0.1150, Valid Loss: 24.2986, Valid RMSE: 38.8495, Valid MAPE: 0.1099, Train Time: 44.8859s/epoch, Valid Time: 16.0530s, LR: 1.0000e-03
2024-01-14 18:43:56,581 - Epoch: 096, Train Loss: 25.5060, Train RMSE: 40.5120, Train MAPE: 0.1154, Valid Loss: 24.2097, Valid RMSE: 38.8311, Valid MAPE: 0.1064, Train Time: 46.5355s/epoch, Valid Time: 14.9884s, LR: 1.0000e-03
2024-01-14 18:44:59,770 - Epoch: 097, Train Loss: 25.5343, Train RMSE: 40.5557, Train MAPE: 0.1152, Valid Loss: 24.2246, Valid RMSE: 38.8809, Valid MAPE: 0.1068, Train Time: 48.8373s/epoch, Valid Time: 14.3510s, LR: 1.0000e-03
2024-01-14 18:46:02,566 - Epoch: 098, Train Loss: 25.5023, Train RMSE: 40.5242, Train MAPE: 0.1149, Valid Loss: 24.3771, Valid RMSE: 39.0643, Valid MAPE: 0.1098, Train Time: 48.9975s/epoch, Valid Time: 13.7973s, LR: 1.0000e-03
2024-01-14 18:47:04,421 - Epoch: 099, Train Loss: 25.4827, Train RMSE: 40.5134, Train MAPE: 0.1147, Valid Loss: 24.2737, Valid RMSE: 38.8598, Valid MAPE: 0.1090, Train Time: 45.9403s/epoch, Valid Time: 15.9141s, LR: 1.0000e-03
2024-01-14 18:48:03,557 - Epoch: 100, Train Loss: 25.4976, Train RMSE: 40.5136, Train MAPE: 0.1154, Valid Loss: 24.2441, Valid RMSE: 39.0293, Valid MAPE: 0.1070, Train Time: 45.0159s/epoch, Valid Time: 14.1194s, LR: 1.0000e-03
2024-01-14 18:48:03,558 - best valid_loss:24.150753
2024-01-14 18:48:17,493 - Horizon 1, Test MAE: 18.0667, Test RMSE: 28.6516, Test MAPE: 0.0769
2024-01-14 18:48:18,273 - Horizon 2, Test MAE: 19.8526, Test RMSE: 31.5968, Test MAPE: 0.0840
2024-01-14 18:48:19,010 - Horizon 3, Test MAE: 21.2023, Test RMSE: 33.7225, Test MAPE: 0.0895
2024-01-14 18:48:19,623 - Horizon 4, Test MAE: 22.2749, Test RMSE: 35.4301, Test MAPE: 0.0935
2024-01-14 18:48:20,294 - Horizon 5, Test MAE: 23.2443, Test RMSE: 36.9895, Test MAPE: 0.0978
2024-01-14 18:48:20,996 - Horizon 6, Test MAE: 24.2391, Test RMSE: 38.4877, Test MAPE: 0.1030
2024-01-14 18:48:21,582 - Horizon 7, Test MAE: 25.2520, Test RMSE: 39.9506, Test MAPE: 0.1066
2024-01-14 18:48:22,162 - Horizon 8, Test MAE: 26.1947, Test RMSE: 41.3009, Test MAPE: 0.1104
2024-01-14 18:48:22,725 - Horizon 9, Test MAE: 27.0776, Test RMSE: 42.5797, Test MAPE: 0.1151
2024-01-14 18:48:23,374 - Horizon 10, Test MAE: 27.9729, Test RMSE: 43.8375, Test MAPE: 0.1219
2024-01-14 18:48:23,991 - Horizon 11, Test MAE: 28.9645, Test RMSE: 45.2689, Test MAPE: 0.1275
2024-01-14 18:48:24,588 - Horizon 12, Test MAE: 30.1612, Test RMSE: 46.8585, Test MAPE: 0.1356
2024-01-14 18:48:24,589 - Average Test MAE: 24.5419, Test RMSE: 38.7228, Test MAPE: 0.1052
2024-01-14 22:39:21,607 - Namespace(adapter=True, batch_size=64, clip_grad_value=5, dataset='PEMS07', device='cuda:1', dropout=0.3, embed_dim=10, end_dim=512, frozen=False, hid_dim=64, horizon=12, init_dim=32, input_dim=2, layer=2, lrate=0.001, max_epochs=100, mode='train', model='lstm', num_layers=1, output_dim=1, patience=10, pre_train='', save='test.pth', seed=3, seq_length=12, wdecay=0.0005, years='2017')
2024-01-14 22:39:21,608 - Adj path: /home/yuxuan/rwl/LAST/data/pems07/pems07_rn_adj.npy
2024-01-14 22:39:23,944 - Data shape: (28224, 883, 3)
2024-01-14 22:39:25,589 - Sample num: 16921, Batch num: 264
2024-01-14 22:39:27,162 - Sample num: 5640, Batch num: 88
2024-01-14 22:39:28,810 - Sample num: 5640, Batch num: 88
2024-01-14 22:39:29,199 - The number of parameters: 97900
2024-01-14 22:39:29,204 - Start training!
2024-01-14 22:40:09,848 - Epoch: 001, Train Loss: 40.0079, Train RMSE: 57.4503, Train MAPE: 0.2929, Valid Loss: 29.2673, Valid RMSE: 44.5617, Valid MAPE: 0.1472, Train Time: 33.3692s/epoch, Valid Time: 7.2738s, LR: 1.0000e-03
2024-01-14 22:40:09,861 - Val loss decrease from inf to 29.2673
2024-01-14 22:40:49,598 - Epoch: 002, Train Loss: 30.6092, Train RMSE: 46.3508, Train MAPE: 0.1599, Valid Loss: 28.2124, Valid RMSE: 43.3315, Valid MAPE: 0.1451, Train Time: 32.4753s/epoch, Valid Time: 7.2622s, LR: 1.0000e-03
2024-01-14 22:40:49,614 - Val loss decrease from 29.2673 to 28.2124
2024-01-14 22:41:29,802 - Epoch: 003, Train Loss: 30.1025, Train RMSE: 45.6455, Train MAPE: 0.1559, Valid Loss: 27.8843, Valid RMSE: 42.5674, Valid MAPE: 0.1388, Train Time: 32.8535s/epoch, Valid Time: 7.3349s, LR: 1.0000e-03
2024-01-14 22:41:29,812 - Val loss decrease from 28.2124 to 27.8843
2024-01-14 22:42:09,691 - Epoch: 004, Train Loss: 29.4464, Train RMSE: 44.7604, Train MAPE: 0.1506, Valid Loss: 27.8018, Valid RMSE: 42.4579, Valid MAPE: 0.1300, Train Time: 32.6103s/epoch, Valid Time: 7.2676s, LR: 1.0000e-03
2024-01-14 22:42:09,698 - Val loss decrease from 27.8843 to 27.8018
2024-01-14 22:42:50,019 - Epoch: 005, Train Loss: 29.0778, Train RMSE: 44.2253, Train MAPE: 0.1472, Valid Loss: 27.3286, Valid RMSE: 42.1644, Valid MAPE: 0.1225, Train Time: 33.0223s/epoch, Valid Time: 7.2980s, LR: 1.0000e-03
2024-01-14 22:42:50,028 - Val loss decrease from 27.8018 to 27.3286
2024-01-14 22:43:30,447 - Epoch: 006, Train Loss: 28.7463, Train RMSE: 43.8393, Train MAPE: 0.1437, Valid Loss: 27.0454, Valid RMSE: 41.6189, Valid MAPE: 0.1257, Train Time: 32.7216s/epoch, Valid Time: 7.6974s, LR: 1.0000e-03
2024-01-14 22:43:30,456 - Val loss decrease from 27.3286 to 27.0454
2024-01-14 22:44:11,185 - Epoch: 007, Train Loss: 28.4882, Train RMSE: 43.5474, Train MAPE: 0.1400, Valid Loss: 27.4082, Valid RMSE: 41.3001, Valid MAPE: 0.1725, Train Time: 32.6353s/epoch, Valid Time: 8.0941s, LR: 1.0000e-03
2024-01-14 22:44:52,498 - Epoch: 008, Train Loss: 28.3412, Train RMSE: 43.3464, Train MAPE: 0.1398, Valid Loss: 26.5674, Valid RMSE: 41.0104, Valid MAPE: 0.1239, Train Time: 33.0520s/epoch, Valid Time: 8.2600s, LR: 1.0000e-03
2024-01-14 22:44:52,509 - Val loss decrease from 27.0454 to 26.5674
2024-01-14 22:45:34,273 - Epoch: 009, Train Loss: 28.1751, Train RMSE: 43.1648, Train MAPE: 0.1376, Valid Loss: 26.5231, Valid RMSE: 41.3123, Valid MAPE: 0.1180, Train Time: 33.7737s/epoch, Valid Time: 7.9905s, LR: 1.0000e-03
2024-01-14 22:45:34,281 - Val loss decrease from 26.5674 to 26.5231
2024-01-14 22:46:15,358 - Epoch: 010, Train Loss: 28.1494, Train RMSE: 43.1404, Train MAPE: 0.1363, Valid Loss: 26.5559, Valid RMSE: 41.0829, Valid MAPE: 0.1182, Train Time: 33.0648s/epoch, Valid Time: 8.0129s, LR: 1.0000e-03
2024-01-14 22:46:56,015 - Epoch: 011, Train Loss: 27.9437, Train RMSE: 42.9334, Train MAPE: 0.1346, Valid Loss: 26.2436, Valid RMSE: 40.7591, Valid MAPE: 0.1334, Train Time: 33.1152s/epoch, Valid Time: 7.5409s, LR: 1.0000e-03
2024-01-14 22:46:56,024 - Val loss decrease from 26.5231 to 26.2436
2024-01-14 22:47:36,603 - Epoch: 012, Train Loss: 27.8278, Train RMSE: 42.8115, Train MAPE: 0.1342, Valid Loss: 26.6222, Valid RMSE: 41.0940, Valid MAPE: 0.1278, Train Time: 33.2529s/epoch, Valid Time: 7.3256s, LR: 1.0000e-03
2024-01-14 22:48:18,173 - Epoch: 013, Train Loss: 27.7233, Train RMSE: 42.6977, Train MAPE: 0.1332, Valid Loss: 26.3863, Valid RMSE: 41.0650, Valid MAPE: 0.1186, Train Time: 33.9088s/epoch, Valid Time: 7.6610s, LR: 1.0000e-03
2024-01-14 22:48:58,658 - Epoch: 014, Train Loss: 27.5614, Train RMSE: 42.5717, Train MAPE: 0.1297, Valid Loss: 25.9149, Valid RMSE: 40.3780, Valid MAPE: 0.1149, Train Time: 33.1594s/epoch, Valid Time: 7.3250s, LR: 1.0000e-03
2024-01-14 22:48:58,669 - Val loss decrease from 26.2436 to 25.9149
2024-01-14 22:49:39,725 - Epoch: 015, Train Loss: 27.4785, Train RMSE: 42.4903, Train MAPE: 0.1299, Valid Loss: 25.8631, Valid RMSE: 40.4292, Valid MAPE: 0.1197, Train Time: 33.4639s/epoch, Valid Time: 7.5919s, LR: 1.0000e-03
2024-01-14 22:49:39,738 - Val loss decrease from 25.9149 to 25.8631
2024-01-14 22:50:20,730 - Epoch: 016, Train Loss: 27.4678, Train RMSE: 42.4576, Train MAPE: 0.1312, Valid Loss: 25.9442, Valid RMSE: 40.4604, Valid MAPE: 0.1153, Train Time: 33.1878s/epoch, Valid Time: 7.8035s, LR: 1.0000e-03
2024-01-14 22:51:02,222 - Epoch: 017, Train Loss: 27.3273, Train RMSE: 42.3112, Train MAPE: 0.1288, Valid Loss: 25.8546, Valid RMSE: 40.2061, Valid MAPE: 0.1390, Train Time: 33.4469s/epoch, Valid Time: 8.0448s, LR: 1.0000e-03
2024-01-14 22:51:02,241 - Val loss decrease from 25.8631 to 25.8546
2024-01-14 22:51:43,883 - Epoch: 018, Train Loss: 27.2769, Train RMSE: 42.2493, Train MAPE: 0.1293, Valid Loss: 25.7980, Valid RMSE: 40.2941, Valid MAPE: 0.1201, Train Time: 33.8141s/epoch, Valid Time: 7.8275s, LR: 1.0000e-03
2024-01-14 22:51:43,893 - Val loss decrease from 25.8546 to 25.7980
2024-01-14 22:52:24,481 - Epoch: 019, Train Loss: 27.2409, Train RMSE: 42.1973, Train MAPE: 0.1299, Valid Loss: 25.8895, Valid RMSE: 40.3016, Valid MAPE: 0.1229, Train Time: 33.1427s/epoch, Valid Time: 7.4448s, LR: 1.0000e-03
2024-01-14 22:53:05,192 - Epoch: 020, Train Loss: 27.1711, Train RMSE: 42.1356, Train MAPE: 0.1279, Valid Loss: 25.5613, Valid RMSE: 40.0304, Valid MAPE: 0.1117, Train Time: 33.0948s/epoch, Valid Time: 7.6154s, LR: 1.0000e-03
2024-01-14 22:53:05,202 - Val loss decrease from 25.7980 to 25.5613
2024-01-14 22:53:46,735 - Epoch: 021, Train Loss: 27.1136, Train RMSE: 42.0749, Train MAPE: 0.1276, Valid Loss: 25.9338, Valid RMSE: 40.2370, Valid MAPE: 0.1267, Train Time: 33.1548s/epoch, Valid Time: 8.3773s, LR: 1.0000e-03
2024-01-14 22:54:28,051 - Epoch: 022, Train Loss: 27.0522, Train RMSE: 42.0044, Train MAPE: 0.1274, Valid Loss: 25.3874, Valid RMSE: 39.9115, Valid MAPE: 0.1203, Train Time: 33.9612s/epoch, Valid Time: 7.3540s, LR: 1.0000e-03
2024-01-14 22:54:28,058 - Val loss decrease from 25.5613 to 25.3874
2024-01-14 22:55:07,712 - Epoch: 023, Train Loss: 26.9963, Train RMSE: 41.9391, Train MAPE: 0.1269, Valid Loss: 25.6804, Valid RMSE: 40.1155, Valid MAPE: 0.1138, Train Time: 32.3488s/epoch, Valid Time: 7.3046s, LR: 1.0000e-03
2024-01-14 22:55:47,669 - Epoch: 024, Train Loss: 26.9651, Train RMSE: 41.9087, Train MAPE: 0.1264, Valid Loss: 26.1202, Valid RMSE: 40.0934, Valid MAPE: 0.1487, Train Time: 32.6025s/epoch, Valid Time: 7.3533s, LR: 1.0000e-03
2024-01-14 22:56:28,195 - Epoch: 025, Train Loss: 26.9426, Train RMSE: 41.8930, Train MAPE: 0.1255, Valid Loss: 25.6706, Valid RMSE: 40.1259, Valid MAPE: 0.1131, Train Time: 33.1633s/epoch, Valid Time: 7.3616s, LR: 1.0000e-03
2024-01-14 22:57:07,749 - Epoch: 026, Train Loss: 26.9488, Train RMSE: 41.8846, Train MAPE: 0.1267, Valid Loss: 25.3262, Valid RMSE: 39.8074, Valid MAPE: 0.1162, Train Time: 32.3208s/epoch, Valid Time: 7.2328s, LR: 1.0000e-03
2024-01-14 22:57:07,758 - Val loss decrease from 25.3874 to 25.3262
2024-01-14 22:57:47,809 - Epoch: 027, Train Loss: 26.8518, Train RMSE: 41.7894, Train MAPE: 0.1257, Valid Loss: 25.4827, Valid RMSE: 39.7858, Valid MAPE: 0.1397, Train Time: 32.3661s/epoch, Valid Time: 7.6838s, LR: 1.0000e-03
2024-01-14 22:58:27,946 - Epoch: 028, Train Loss: 26.8517, Train RMSE: 41.7662, Train MAPE: 0.1266, Valid Loss: 25.2773, Valid RMSE: 39.7448, Valid MAPE: 0.1132, Train Time: 33.0834s/epoch, Valid Time: 7.0535s, LR: 1.0000e-03
2024-01-14 22:58:27,963 - Val loss decrease from 25.3262 to 25.2773
2024-01-14 22:59:07,614 - Epoch: 029, Train Loss: 26.8001, Train RMSE: 41.7442, Train MAPE: 0.1247, Valid Loss: 25.4257, Valid RMSE: 39.8222, Valid MAPE: 0.1196, Train Time: 32.2034s/epoch, Valid Time: 7.4471s, LR: 1.0000e-03
2024-01-14 22:59:47,857 - Epoch: 030, Train Loss: 26.7177, Train RMSE: 41.6500, Train MAPE: 0.1250, Valid Loss: 25.4056, Valid RMSE: 39.9170, Valid MAPE: 0.1122, Train Time: 32.1925s/epoch, Valid Time: 8.0501s, LR: 1.0000e-03
2024-01-14 23:00:29,270 - Epoch: 031, Train Loss: 26.7138, Train RMSE: 41.6506, Train MAPE: 0.1238, Valid Loss: 25.1897, Valid RMSE: 39.6088, Valid MAPE: 0.1127, Train Time: 33.2352s/epoch, Valid Time: 8.1773s, LR: 1.0000e-03
2024-01-14 23:00:29,280 - Val loss decrease from 25.2773 to 25.1897
2024-01-14 23:01:09,867 - Epoch: 032, Train Loss: 26.7065, Train RMSE: 41.6296, Train MAPE: 0.1243, Valid Loss: 25.1901, Valid RMSE: 39.5855, Valid MAPE: 0.1235, Train Time: 32.6509s/epoch, Valid Time: 7.9355s, LR: 1.0000e-03
2024-01-14 23:01:50,843 - Epoch: 033, Train Loss: 26.5924, Train RMSE: 41.5275, Train MAPE: 0.1237, Valid Loss: 25.4574, Valid RMSE: 39.9355, Valid MAPE: 0.1126, Train Time: 33.0050s/epoch, Valid Time: 7.9701s, LR: 1.0000e-03
2024-01-14 23:02:32,448 - Epoch: 034, Train Loss: 26.5775, Train RMSE: 41.5160, Train MAPE: 0.1230, Valid Loss: 25.4355, Valid RMSE: 39.5985, Valid MAPE: 0.1344, Train Time: 32.9685s/epoch, Valid Time: 8.6365s, LR: 1.0000e-03
2024-01-14 23:03:14,669 - Epoch: 035, Train Loss: 26.5287, Train RMSE: 41.4609, Train MAPE: 0.1226, Valid Loss: 25.3375, Valid RMSE: 39.8104, Valid MAPE: 0.1128, Train Time: 34.2188s/epoch, Valid Time: 8.0010s, LR: 1.0000e-03
2024-01-14 23:03:55,482 - Epoch: 036, Train Loss: 26.5212, Train RMSE: 41.4527, Train MAPE: 0.1227, Valid Loss: 25.0615, Valid RMSE: 39.5504, Valid MAPE: 0.1112, Train Time: 32.6012s/epoch, Valid Time: 8.2110s, LR: 1.0000e-03
2024-01-14 23:03:55,495 - Val loss decrease from 25.1897 to 25.0615
2024-01-14 23:04:36,263 - Epoch: 037, Train Loss: 26.4704, Train RMSE: 41.3968, Train MAPE: 0.1226, Valid Loss: 25.2012, Valid RMSE: 39.5179, Valid MAPE: 0.1232, Train Time: 33.0296s/epoch, Valid Time: 7.7379s, LR: 1.0000e-03
2024-01-14 23:05:17,077 - Epoch: 038, Train Loss: 26.4442, Train RMSE: 41.3884, Train MAPE: 0.1216, Valid Loss: 25.0361, Valid RMSE: 39.5186, Valid MAPE: 0.1109, Train Time: 32.7142s/epoch, Valid Time: 8.0999s, LR: 1.0000e-03
2024-01-14 23:05:17,092 - Val loss decrease from 25.0615 to 25.0361
2024-01-14 23:05:59,371 - Epoch: 039, Train Loss: 26.4648, Train RMSE: 41.3854, Train MAPE: 0.1226, Valid Loss: 25.2354, Valid RMSE: 39.6362, Valid MAPE: 0.1150, Train Time: 34.2253s/epoch, Valid Time: 8.0525s, LR: 1.0000e-03
2024-01-14 23:06:40,907 - Epoch: 040, Train Loss: 26.4698, Train RMSE: 41.3987, Train MAPE: 0.1230, Valid Loss: 25.1862, Valid RMSE: 39.5251, Valid MAPE: 0.1160, Train Time: 32.9376s/epoch, Valid Time: 8.5984s, LR: 1.0000e-03
2024-01-14 23:07:22,112 - Epoch: 041, Train Loss: 26.3772, Train RMSE: 41.3152, Train MAPE: 0.1219, Valid Loss: 24.9193, Valid RMSE: 39.4663, Valid MAPE: 0.1116, Train Time: 32.7521s/epoch, Valid Time: 8.4521s, LR: 1.0000e-03
2024-01-14 23:07:22,125 - Val loss decrease from 25.0361 to 24.9193
2024-01-14 23:08:03,246 - Epoch: 042, Train Loss: 26.3834, Train RMSE: 41.3148, Train MAPE: 0.1223, Valid Loss: 25.1458, Valid RMSE: 39.6078, Valid MAPE: 0.1141, Train Time: 32.9154s/epoch, Valid Time: 8.2052s, LR: 1.0000e-03
2024-01-14 23:08:44,751 - Epoch: 043, Train Loss: 26.2499, Train RMSE: 41.2016, Train MAPE: 0.1202, Valid Loss: 24.7853, Valid RMSE: 39.2732, Valid MAPE: 0.1092, Train Time: 33.1651s/epoch, Valid Time: 8.3398s, LR: 1.0000e-03
2024-01-14 23:08:44,772 - Val loss decrease from 24.9193 to 24.7853
2024-01-14 23:09:26,245 - Epoch: 044, Train Loss: 26.2779, Train RMSE: 41.2266, Train MAPE: 0.1208, Valid Loss: 25.0089, Valid RMSE: 39.3460, Valid MAPE: 0.1160, Train Time: 33.2547s/epoch, Valid Time: 8.2183s, LR: 1.0000e-03
2024-01-14 23:10:07,565 - Epoch: 045, Train Loss: 26.3085, Train RMSE: 41.2274, Train MAPE: 0.1225, Valid Loss: 25.1650, Valid RMSE: 39.5667, Valid MAPE: 0.1273, Train Time: 32.9210s/epoch, Valid Time: 8.3977s, LR: 1.0000e-03
2024-01-14 23:10:48,222 - Epoch: 046, Train Loss: 26.2178, Train RMSE: 41.1744, Train MAPE: 0.1204, Valid Loss: 24.9574, Valid RMSE: 39.4152, Valid MAPE: 0.1128, Train Time: 32.9115s/epoch, Valid Time: 7.7456s, LR: 1.0000e-03
2024-01-14 23:11:29,251 - Epoch: 047, Train Loss: 26.2250, Train RMSE: 41.1791, Train MAPE: 0.1204, Valid Loss: 24.9298, Valid RMSE: 39.4244, Valid MAPE: 0.1186, Train Time: 33.5695s/epoch, Valid Time: 7.4591s, LR: 1.0000e-03
2024-01-14 23:12:10,555 - Epoch: 048, Train Loss: 26.1974, Train RMSE: 41.1482, Train MAPE: 0.1202, Valid Loss: 24.8096, Valid RMSE: 39.3254, Valid MAPE: 0.1078, Train Time: 33.4382s/epoch, Valid Time: 7.8644s, LR: 1.0000e-03
2024-01-14 23:12:51,951 - Epoch: 049, Train Loss: 26.1714, Train RMSE: 41.1071, Train MAPE: 0.1207, Valid Loss: 24.7813, Valid RMSE: 39.3202, Valid MAPE: 0.1112, Train Time: 33.6828s/epoch, Valid Time: 7.7125s, LR: 1.0000e-03
2024-01-14 23:12:51,963 - Val loss decrease from 24.7853 to 24.7813
2024-01-14 23:13:32,962 - Epoch: 050, Train Loss: 26.1707, Train RMSE: 41.1116, Train MAPE: 0.1197, Valid Loss: 24.7031, Valid RMSE: 39.1915, Valid MAPE: 0.1145, Train Time: 33.2980s/epoch, Valid Time: 7.7005s, LR: 1.0000e-03
2024-01-14 23:13:32,973 - Val loss decrease from 24.7813 to 24.7031
2024-01-14 23:14:13,495 - Epoch: 051, Train Loss: 26.1654, Train RMSE: 41.1049, Train MAPE: 0.1205, Valid Loss: 25.2051, Valid RMSE: 39.4463, Valid MAPE: 0.1191, Train Time: 32.7245s/epoch, Valid Time: 7.7977s, LR: 1.0000e-03
2024-01-14 23:14:54,120 - Epoch: 052, Train Loss: 26.1453, Train RMSE: 41.0971, Train MAPE: 0.1200, Valid Loss: 24.8696, Valid RMSE: 39.2717, Valid MAPE: 0.1092, Train Time: 32.2810s/epoch, Valid Time: 8.3437s, LR: 1.0000e-03
2024-01-14 23:15:34,680 - Epoch: 053, Train Loss: 26.1026, Train RMSE: 41.0498, Train MAPE: 0.1200, Valid Loss: 25.0795, Valid RMSE: 39.2645, Valid MAPE: 0.1290, Train Time: 32.4768s/epoch, Valid Time: 8.0825s, LR: 1.0000e-03
2024-01-14 23:16:16,037 - Epoch: 054, Train Loss: 26.0723, Train RMSE: 41.0188, Train MAPE: 0.1201, Valid Loss: 25.0899, Valid RMSE: 39.4346, Valid MAPE: 0.1274, Train Time: 33.0778s/epoch, Valid Time: 8.2788s, LR: 1.0000e-03
2024-01-14 23:16:57,305 - Epoch: 055, Train Loss: 26.0779, Train RMSE: 41.0294, Train MAPE: 0.1196, Valid Loss: 24.9442, Valid RMSE: 39.5182, Valid MAPE: 0.1127, Train Time: 33.4665s/epoch, Valid Time: 7.8000s, LR: 1.0000e-03
2024-01-14 23:17:37,872 - Epoch: 056, Train Loss: 26.0527, Train RMSE: 40.9996, Train MAPE: 0.1197, Valid Loss: 24.8235, Valid RMSE: 39.2658, Valid MAPE: 0.1280, Train Time: 33.1127s/epoch, Valid Time: 7.4546s, LR: 1.0000e-03
2024-01-14 23:18:18,349 - Epoch: 057, Train Loss: 26.0620, Train RMSE: 41.0158, Train MAPE: 0.1198, Valid Loss: 25.1205, Valid RMSE: 39.5644, Valid MAPE: 0.1158, Train Time: 33.0173s/epoch, Valid Time: 7.4582s, LR: 1.0000e-03
2024-01-14 23:18:59,524 - Epoch: 058, Train Loss: 26.0138, Train RMSE: 40.9864, Train MAPE: 0.1185, Valid Loss: 24.7004, Valid RMSE: 39.2617, Valid MAPE: 0.1137, Train Time: 33.2087s/epoch, Valid Time: 7.9657s, LR: 1.0000e-03
2024-01-14 23:18:59,533 - Val loss decrease from 24.7031 to 24.7004
2024-01-14 23:19:40,951 - Epoch: 059, Train Loss: 25.9881, Train RMSE: 40.9442, Train MAPE: 0.1191, Valid Loss: 24.9824, Valid RMSE: 39.3554, Valid MAPE: 0.1121, Train Time: 33.9271s/epoch, Valid Time: 7.4900s, LR: 1.0000e-03
2024-01-14 23:20:21,711 - Epoch: 060, Train Loss: 25.9849, Train RMSE: 40.9255, Train MAPE: 0.1201, Valid Loss: 24.5775, Valid RMSE: 39.1068, Valid MAPE: 0.1080, Train Time: 33.2685s/epoch, Valid Time: 7.4910s, LR: 1.0000e-03
2024-01-14 23:20:21,720 - Val loss decrease from 24.7004 to 24.5775
2024-01-14 23:21:02,779 - Epoch: 061, Train Loss: 25.9865, Train RMSE: 40.9384, Train MAPE: 0.1196, Valid Loss: 24.4923, Valid RMSE: 39.0096, Valid MAPE: 0.1099, Train Time: 33.0989s/epoch, Valid Time: 7.9597s, LR: 1.0000e-03
2024-01-14 23:21:02,796 - Val loss decrease from 24.5775 to 24.4923
2024-01-14 23:21:43,278 - Epoch: 062, Train Loss: 25.9388, Train RMSE: 40.8956, Train MAPE: 0.1190, Valid Loss: 24.3571, Valid RMSE: 38.9634, Valid MAPE: 0.1082, Train Time: 32.5708s/epoch, Valid Time: 7.9109s, LR: 1.0000e-03
2024-01-14 23:21:43,286 - Val loss decrease from 24.4923 to 24.3571
2024-01-14 23:22:23,992 - Epoch: 063, Train Loss: 25.9104, Train RMSE: 40.8833, Train MAPE: 0.1178, Valid Loss: 24.7705, Valid RMSE: 39.4469, Valid MAPE: 0.1170, Train Time: 32.9098s/epoch, Valid Time: 7.7958s, LR: 1.0000e-03
2024-01-14 23:23:03,858 - Epoch: 064, Train Loss: 25.8863, Train RMSE: 40.8683, Train MAPE: 0.1182, Valid Loss: 24.5116, Valid RMSE: 39.0033, Valid MAPE: 0.1071, Train Time: 32.6961s/epoch, Valid Time: 7.1692s, LR: 1.0000e-03
2024-01-14 23:23:43,900 - Epoch: 065, Train Loss: 25.8752, Train RMSE: 40.8491, Train MAPE: 0.1184, Valid Loss: 24.6915, Valid RMSE: 39.2433, Valid MAPE: 0.1144, Train Time: 32.5942s/epoch, Valid Time: 7.4475s, LR: 1.0000e-03
2024-01-14 23:24:23,427 - Epoch: 066, Train Loss: 25.8641, Train RMSE: 40.8327, Train MAPE: 0.1178, Valid Loss: 24.6348, Valid RMSE: 39.3006, Valid MAPE: 0.1087, Train Time: 32.4612s/epoch, Valid Time: 7.0645s, LR: 1.0000e-03
2024-01-14 23:25:04,315 - Epoch: 067, Train Loss: 25.8495, Train RMSE: 40.8305, Train MAPE: 0.1177, Valid Loss: 24.4282, Valid RMSE: 38.9587, Valid MAPE: 0.1082, Train Time: 33.4039s/epoch, Valid Time: 7.4833s, LR: 1.0000e-03
2024-01-14 23:25:44,161 - Epoch: 068, Train Loss: 25.8451, Train RMSE: 40.8194, Train MAPE: 0.1179, Valid Loss: 24.4749, Valid RMSE: 39.1361, Valid MAPE: 0.1092, Train Time: 32.7651s/epoch, Valid Time: 7.0810s, LR: 1.0000e-03
2024-01-14 23:26:23,812 - Epoch: 069, Train Loss: 25.8162, Train RMSE: 40.7905, Train MAPE: 0.1181, Valid Loss: 24.6305, Valid RMSE: 39.2370, Valid MAPE: 0.1196, Train Time: 32.4656s/epoch, Valid Time: 7.1846s, LR: 1.0000e-03
2024-01-14 23:27:03,761 - Epoch: 070, Train Loss: 25.7953, Train RMSE: 40.7712, Train MAPE: 0.1173, Valid Loss: 24.7354, Valid RMSE: 39.1898, Valid MAPE: 0.1110, Train Time: 32.8002s/epoch, Valid Time: 7.1474s, LR: 1.0000e-03
2024-01-14 23:27:44,237 - Epoch: 071, Train Loss: 25.8040, Train RMSE: 40.7627, Train MAPE: 0.1180, Valid Loss: 24.4613, Valid RMSE: 39.0777, Valid MAPE: 0.1125, Train Time: 32.8284s/epoch, Valid Time: 7.6474s, LR: 1.0000e-03
2024-01-14 23:28:24,061 - Epoch: 072, Train Loss: 25.8064, Train RMSE: 40.7645, Train MAPE: 0.1186, Valid Loss: 24.4953, Valid RMSE: 39.0145, Valid MAPE: 0.1075, Train Time: 32.0951s/epoch, Valid Time: 7.7279s, LR: 1.0000e-03
2024-01-14 23:28:24,061 - Early stop at epoch 72, loss = 24.357119
2024-01-14 23:28:24,062 - best valid_loss:24.357119
2024-01-14 23:28:29,592 - Horizon 1, Test MAE: 18.1323, Test RMSE: 28.7024, Test MAPE: 0.0790
2024-01-14 23:28:29,642 - Horizon 2, Test MAE: 19.9948, Test RMSE: 31.7129, Test MAPE: 0.0865
2024-01-14 23:28:29,688 - Horizon 3, Test MAE: 21.4207, Test RMSE: 33.8738, Test MAPE: 0.0926
2024-01-14 23:28:29,736 - Horizon 4, Test MAE: 22.5052, Test RMSE: 35.5721, Test MAPE: 0.0961
2024-01-14 23:28:29,782 - Horizon 5, Test MAE: 23.4417, Test RMSE: 37.0753, Test MAPE: 0.0993
2024-01-14 23:28:29,832 - Horizon 6, Test MAE: 24.4069, Test RMSE: 38.5607, Test MAPE: 0.1036
2024-01-14 23:28:29,875 - Horizon 7, Test MAE: 25.4435, Test RMSE: 40.0579, Test MAPE: 0.1088
2024-01-14 23:28:29,927 - Horizon 8, Test MAE: 26.3947, Test RMSE: 41.4184, Test MAPE: 0.1132
2024-01-14 23:28:29,970 - Horizon 9, Test MAE: 27.3061, Test RMSE: 42.7423, Test MAPE: 0.1164
2024-01-14 23:28:30,013 - Horizon 10, Test MAE: 28.1967, Test RMSE: 44.0093, Test MAPE: 0.1204
2024-01-14 23:28:30,057 - Horizon 11, Test MAE: 29.2036, Test RMSE: 45.4077, Test MAPE: 0.1250
2024-01-14 23:28:30,102 - Horizon 12, Test MAE: 30.4199, Test RMSE: 47.0321, Test MAPE: 0.1309
2024-01-14 23:28:30,102 - Average Test MAE: 24.7388, Test RMSE: 38.8471, Test MAPE: 0.1060
