2024-03-08 21:29:26,947 - Namespace(adapter=True, adj_type='doubletransition', batch_size=64, clip_grad_value=5, dataset='PEMS04', device='cpu', dropout=0.3, embed_dim=10, end_dim=512, frozen=False, hid_dim=64, horizon=12, init_dim=32, input_dim=3, lagcn=False, last_dropout=0.3, last_lr=0.001, last_pool_type='mean', last_weight_decay=0.0001, layer=2, linear=False, lrate=0.001, max_epochs=200, mode='train', model='lstm', nor_adj=False, num_lablocks=1, num_nalls=4, output_dim=1, patience=10, pre_train='', save='test.pth', seed=1, seq_length=12, wdecay=0.0005, years='2018')
2024-03-08 21:29:26,990 - Adj path: C:\Users\lenovo\Documents\GitHub\LAST/data/pems04/pems04_rn_adj.npy
2024-03-08 21:30:00,794 - Namespace(adapter=True, adj_type='doubletransition', batch_size=64, clip_grad_value=5, dataset='PEMS04', device='cpu', dropout=0.3, embed_dim=10, end_dim=512, frozen=False, hid_dim=64, horizon=12, init_dim=32, input_dim=3, lagcn=False, last_dropout=0.3, last_lr=0.001, last_pool_type='mean', last_weight_decay=0.0001, layer=2, linear=False, lrate=0.001, max_epochs=200, mode='train', model='lstm', nor_adj=False, num_lablocks=1, num_nalls=4, output_dim=1, patience=10, pre_train='', save='test.pth', seed=1, seq_length=12, wdecay=0.0005, years='2018')
2024-03-08 21:30:00,797 - Adj path: C:\Users\lenovo\Documents\GitHub\LAST/data/pems04/pems04_rn_adj.npy
2024-03-08 21:30:01,367 - Data shape: (16992, 307, 3)
2024-03-08 21:30:01,682 - Sample num: 10181, Batch num: 159
2024-03-08 21:30:01,982 - Sample num: 3394, Batch num: 53
2024-03-08 21:30:02,278 - Sample num: 3394, Batch num: 53
2024-03-08 21:33:16,861 - Namespace(adapter=True, adj_type='doubletransition', batch_size=64, clip_grad_value=5, dataset='PEMS04', device='cpu', dropout=0.3, embed_dim=10, end_dim=512, frozen=False, hid_dim=64, horizon=12, init_dim=32, input_dim=3, lagcn=False, last_dropout=0.3, last_lr=0.001, last_pool_type='mean', last_weight_decay=0.0001, layer=2, linear=False, lrate=0.001, max_epochs=200, mode='train', model='lstm', nor_adj=False, num_lablocks=1, num_nalls=4, output_dim=1, patience=10, pre_train='', save='test.pth', seed=1, seq_length=12, wdecay=0.0005, years='2018')
2024-03-08 21:33:16,864 - Adj path: C:\Users\lenovo\Documents\GitHub\LAST/data/pems04/pems04_rn_adj.npy
2024-03-08 21:33:17,164 - Data shape: (16992, 307, 3)
2024-03-08 21:33:17,451 - Sample num: 10181, Batch num: 159
2024-03-08 21:33:17,757 - Sample num: 3394, Batch num: 53
2024-03-08 21:33:18,059 - Sample num: 3394, Batch num: 53
2024-03-08 21:33:35,234 - Namespace(adapter=True, adj_type='doubletransition', batch_size=64, clip_grad_value=5, dataset='PEMS04', device='cpu', dropout=0.3, embed_dim=10, end_dim=512, frozen=False, hid_dim=64, horizon=12, init_dim=32, input_dim=3, lagcn=False, last_dropout=0.3, last_lr=0.001, last_pool_type='mean', last_weight_decay=0.0001, layer=2, linear=False, lrate=0.001, max_epochs=200, mode='train', model='lstm', nor_adj=False, num_lablocks=1, num_nalls=4, output_dim=1, patience=10, pre_train='', save='test.pth', seed=1, seq_length=12, wdecay=0.0005, years='2018')
2024-03-08 21:33:35,236 - Adj path: C:\Users\lenovo\Documents\GitHub\LAST/data/pems04/pems04_rn_adj.npy
2024-03-08 21:33:35,518 - Data shape: (16992, 307, 3)
2024-03-08 21:33:35,817 - Sample num: 10181, Batch num: 159
2024-03-08 21:33:36,116 - Sample num: 3394, Batch num: 53
2024-03-08 21:33:36,406 - Sample num: 3394, Batch num: 53
2024-03-08 21:35:15,259 - Namespace(adapter=True, adj_type='doubletransition', batch_size=64, clip_grad_value=5, dataset='PEMS04', device='cpu', dropout=0.3, embed_dim=10, end_dim=512, frozen=False, hid_dim=64, horizon=12, init_dim=32, input_dim=3, lagcn=False, last_dropout=0.3, last_lr=0.001, last_pool_type='mean', last_weight_decay=0.0001, layer=2, linear=False, lrate=0.001, max_epochs=200, mode='train', model='lstm', nor_adj=False, num_lablocks=1, num_nalls=4, output_dim=1, patience=10, pre_train='', save='test.pth', seed=1, seq_length=12, wdecay=0.0005, years='2018')
2024-03-08 21:35:15,262 - Adj path: C:\Users\lenovo\Documents\GitHub\LAST/data/pems04/pems04_rn_adj.npy
2024-03-08 21:35:15,553 - Data shape: (16992, 307, 3)
2024-03-08 21:35:15,833 - Sample num: 10181, Batch num: 159
2024-03-08 21:35:16,120 - Sample num: 3394, Batch num: 53
2024-03-08 21:35:16,409 - Sample num: 3394, Batch num: 53
2024-03-08 21:37:28,001 - Namespace(adapter=True, adj_type='doubletransition', batch_size=64, clip_grad_value=5, dataset='PEMS04', device='cpu', dropout=0.3, embed_dim=10, end_dim=512, frozen=False, hid_dim=64, horizon=12, init_dim=32, input_dim=3, lagcn=False, last_dropout=0.3, last_lr=0.001, last_pool_type='mean', last_weight_decay=0.0001, layer=2, linear=False, lrate=0.001, max_epochs=200, mode='train', model='lstm', nor_adj=False, num_lablocks=1, num_nalls=4, output_dim=1, patience=10, pre_train='', save='test.pth', seed=1, seq_length=12, wdecay=0.0005, years='2018')
2024-03-08 21:37:28,004 - Adj path: C:\Users\lenovo\Documents\GitHub\LAST/data/pems04/pems04_rn_adj.npy
2024-03-08 21:37:28,314 - Data shape: (16992, 307, 3)
2024-03-08 21:37:28,593 - Sample num: 10181, Batch num: 159
2024-03-08 21:37:28,883 - Sample num: 3394, Batch num: 53
2024-03-08 21:37:29,169 - Sample num: 3394, Batch num: 53
2024-03-08 21:40:41,037 - Namespace(adapter=True, adj_type='doubletransition', batch_size=64, clip_grad_value=5, dataset='PEMS04', device='cpu', dropout=0.3, embed_dim=10, end_dim=512, frozen=False, hid_dim=64, horizon=12, init_dim=32, input_dim=3, lagcn=False, last_dropout=0.3, last_lr=0.001, last_pool_type='mean', last_weight_decay=0.0001, layer=2, linear=False, lrate=0.001, max_epochs=200, mode='train', model='lstm', nor_adj=False, num_lablocks=1, num_nalls=4, output_dim=1, patience=10, pre_train='', save='test.pth', seed=1, seq_length=12, wdecay=0.0005, years='2018')
2024-03-08 21:40:41,040 - Adj path: C:\Users\lenovo\Documents\GitHub\LAST/data/pems04/pems04_rn_adj.npy
2024-03-08 21:40:41,328 - Data shape: (16992, 307, 3)
2024-03-08 21:40:41,603 - Sample num: 10181, Batch num: 159
2024-03-08 21:40:41,880 - Sample num: 3394, Batch num: 53
2024-03-08 21:40:42,154 - Sample num: 3394, Batch num: 53
2024-03-08 21:44:42,350 - Namespace(adapter=True, adj_type='doubletransition', batch_size=64, clip_grad_value=5, dataset='PEMS04', device='cpu', dropout=0.3, embed_dim=10, end_dim=512, frozen=False, hid_dim=64, horizon=12, init_dim=32, input_dim=3, lagcn=False, last_dropout=0.3, last_lr=0.001, last_pool_type='mean', last_weight_decay=0.0001, layer=2, linear=False, lrate=0.001, max_epochs=200, mode='train', model='lstm', nor_adj=False, num_lablocks=1, num_nalls=4, output_dim=1, patience=10, pre_train='', save='test.pth', seed=1, seq_length=12, wdecay=0.0005, years='2018')
2024-03-08 21:44:42,372 - Adj path: C:\Users\lenovo\Documents\GitHub\LAST/data/pems04/pems04_rn_adj.npy
2024-03-08 21:44:42,695 - Data shape: (16992, 307, 3)
2024-03-08 21:44:43,014 - Sample num: 10181, Batch num: 159
2024-03-08 21:44:43,321 - Sample num: 3394, Batch num: 53
2024-03-08 21:44:43,615 - Sample num: 3394, Batch num: 53
2024-03-08 21:45:49,698 - Namespace(adapter=True, adj_type='doubletransition', batch_size=64, clip_grad_value=5, dataset='PEMS04', device='cpu', dropout=0.3, embed_dim=10, end_dim=512, frozen=False, hid_dim=64, horizon=12, init_dim=32, input_dim=3, lagcn=False, last_dropout=0.3, last_lr=0.001, last_pool_type='mean', last_weight_decay=0.0001, layer=2, linear=False, lrate=0.001, max_epochs=200, mode='train', model='lstm', nor_adj=False, num_lablocks=1, num_nalls=4, output_dim=1, patience=10, pre_train='', save='test.pth', seed=1, seq_length=12, wdecay=0.0005, years='2018')
2024-03-08 21:45:49,700 - Adj path: C:\Users\lenovo\Documents\GitHub\LAST/data/pems04/pems04_rn_adj.npy
2024-03-08 21:45:49,991 - Data shape: (16992, 307, 3)
2024-03-08 21:45:50,302 - Sample num: 10181, Batch num: 159
2024-03-08 21:45:50,609 - Sample num: 3394, Batch num: 53
2024-03-08 21:45:50,904 - Sample num: 3394, Batch num: 53
2024-03-08 21:46:11,396 - Namespace(adapter=True, adj_type='doubletransition', batch_size=64, clip_grad_value=5, dataset='PEMS04', device='cpu', dropout=0.3, embed_dim=10, end_dim=512, frozen=False, hid_dim=64, horizon=12, init_dim=32, input_dim=3, lagcn=False, last_dropout=0.3, last_lr=0.001, last_pool_type='mean', last_weight_decay=0.0001, layer=2, linear=False, lrate=0.001, max_epochs=200, mode='train', model='lstm', nor_adj=False, num_lablocks=1, num_nalls=4, output_dim=1, patience=10, pre_train='', save='test.pth', seed=1, seq_length=12, wdecay=0.0005, years='2018')
2024-03-08 21:46:11,400 - Adj path: C:\Users\lenovo\Documents\GitHub\LAST/data/pems04/pems04_rn_adj.npy
2024-03-08 21:46:11,696 - Data shape: (16992, 307, 3)
2024-03-08 21:46:11,976 - Sample num: 10181, Batch num: 159
2024-03-08 21:46:12,281 - Sample num: 3394, Batch num: 53
2024-03-08 21:46:12,558 - Sample num: 3394, Batch num: 53
2024-03-08 21:46:30,987 - Namespace(adapter=True, adj_type='doubletransition', batch_size=64, clip_grad_value=5, dataset='PEMS04', device='cpu', dropout=0.3, embed_dim=10, end_dim=512, frozen=False, hid_dim=64, horizon=12, init_dim=32, input_dim=3, lagcn=False, last_dropout=0.3, last_lr=0.001, last_pool_type='mean', last_weight_decay=0.0001, layer=2, linear=False, lrate=0.001, max_epochs=200, mode='train', model='lstm', nor_adj=False, num_lablocks=1, num_nalls=4, output_dim=1, patience=10, pre_train='', save='test.pth', seed=1, seq_length=12, wdecay=0.0005, years='2018')
2024-03-08 21:46:30,990 - Adj path: C:\Users\lenovo\Documents\GitHub\LAST/data/pems04/pems04_rn_adj.npy
2024-03-08 21:46:31,280 - Data shape: (16992, 307, 3)
2024-03-08 21:46:31,558 - Sample num: 10181, Batch num: 159
2024-03-08 21:46:31,850 - Sample num: 3394, Batch num: 53
2024-03-08 21:46:32,138 - Sample num: 3394, Batch num: 53
2024-03-08 21:46:32,200 - The number of parameters: 39564
2024-03-08 21:46:32,302 - Start training!
2024-03-08 21:47:37,606 - Namespace(adapter=True, adj_type='doubletransition', batch_size=64, clip_grad_value=5, dataset='PEMS04', device='cpu', dropout=0.3, embed_dim=10, end_dim=512, frozen=False, hid_dim=64, horizon=12, init_dim=32, input_dim=3, lagcn=False, last_dropout=0.3, last_lr=0.001, last_pool_type='mean', last_weight_decay=0.0001, layer=2, linear=False, lrate=0.001, max_epochs=200, mode='train', model='lstm', nor_adj=False, num_lablocks=1, num_nalls=4, output_dim=1, patience=10, pre_train='', save='test.pth', seed=1, seq_length=12, wdecay=0.0005, years='2018')
2024-03-08 21:47:37,608 - Adj path: C:\Users\lenovo\Documents\GitHub\LAST/data/pems04/pems04_rn_adj.npy
2024-03-08 21:47:37,913 - Data shape: (16992, 307, 3)
2024-03-08 21:47:38,193 - Sample num: 10181, Batch num: 159
2024-03-08 21:47:38,470 - Sample num: 3394, Batch num: 53
2024-03-08 21:47:38,764 - Sample num: 3394, Batch num: 53
2024-03-08 21:47:38,767 - The number of parameters: 39564
2024-03-08 21:47:38,770 - Start training!
2024-03-08 21:48:35,507 - Namespace(adapter=True, adj_type='doubletransition', batch_size=64, clip_grad_value=5, dataset='PEMS04', device='cpu', dropout=0.3, embed_dim=10, end_dim=512, frozen=False, hid_dim=64, horizon=12, init_dim=32, input_dim=3, lagcn=False, last_dropout=0.3, last_lr=0.001, last_pool_type='mean', last_weight_decay=0.0001, layer=2, linear=False, lrate=0.001, max_epochs=200, mode='train', model='lstm', nor_adj=False, num_lablocks=1, num_nalls=4, output_dim=1, patience=10, pre_train='', save='test.pth', seed=1, seq_length=12, wdecay=0.0005, years='2018')
2024-03-08 21:48:35,510 - Adj path: C:\Users\lenovo\Documents\GitHub\LAST/data/pems04/pems04_rn_adj.npy
2024-03-08 21:48:35,801 - Data shape: (16992, 307, 3)
2024-03-08 21:48:36,085 - Sample num: 10181, Batch num: 159
2024-03-08 21:48:36,373 - Sample num: 3394, Batch num: 53
2024-03-08 21:48:36,655 - Sample num: 3394, Batch num: 53
2024-03-08 21:48:36,658 - The number of parameters: 39564
2024-03-08 21:48:36,660 - Start training!
2024-03-08 21:50:49,031 - Namespace(adapter=True, adj_type='doubletransition', batch_size=64, clip_grad_value=5, dataset='PEMS04', device='cpu', dropout=0.3, embed_dim=10, end_dim=512, frozen=False, hid_dim=64, horizon=12, init_dim=32, input_dim=3, lagcn=False, last_dropout=0.3, last_lr=0.001, last_pool_type='mean', last_weight_decay=0.0001, layer=2, linear=False, lrate=0.001, max_epochs=200, mode='train', model='lstm', nor_adj=False, num_lablocks=1, num_nalls=4, output_dim=1, patience=10, pre_train='', save='test.pth', seed=1, seq_length=12, wdecay=0.0005, years='2018')
2024-03-08 21:50:49,034 - Adj path: C:\Users\lenovo\Documents\GitHub\LAST/data/pems04/pems04_rn_adj.npy
2024-03-08 21:50:49,323 - Data shape: (16992, 307, 3)
2024-03-08 21:50:49,602 - Sample num: 10181, Batch num: 159
2024-03-08 21:50:49,884 - Sample num: 3394, Batch num: 53
2024-03-08 21:50:50,162 - Sample num: 3394, Batch num: 53
2024-03-08 21:50:50,165 - The number of parameters: 39564
2024-03-08 21:50:50,168 - Start training!
